[0.831s] Invoking command in '/home/admin/Documents/ROS2/C2_3/src/python_src/demo_python_pkg': PYTHONPATH=/home/admin/Documents/ROS2/C2_3/build/demo_python_pkg/prefix_override:/usr/lib/python3/dist-packages/colcon_core/task/python/colcon_distutils_commands:/home/admin/Documents/ROS2/C2_3/install/demo_python_pkg/lib/python3.10/site-packages:${PYTHONPATH} /usr/bin/python3 -W ignore:setup.py install is deprecated -W ignore:easy_install command is deprecated setup.py egg_info --egg-base ../../../build/demo_python_pkg build --build-base /home/admin/Documents/ROS2/C2_3/build/demo_python_pkg/build install --record /home/admin/Documents/ROS2/C2_3/build/demo_python_pkg/install.log --single-version-externally-managed install_data
[1.570s] running egg_info
[1.571s] writing ../../../build/demo_python_pkg/demo_python_pkg.egg-info/PKG-INFO
[1.571s] writing dependency_links to ../../../build/demo_python_pkg/demo_python_pkg.egg-info/dependency_links.txt
[1.571s] writing entry points to ../../../build/demo_python_pkg/demo_python_pkg.egg-info/entry_points.txt
[1.573s] writing requirements to ../../../build/demo_python_pkg/demo_python_pkg.egg-info/requires.txt
[1.573s] writing top-level names to ../../../build/demo_python_pkg/demo_python_pkg.egg-info/top_level.txt
[1.575s] reading manifest file '../../../build/demo_python_pkg/demo_python_pkg.egg-info/SOURCES.txt'
[1.575s] adding license file 'LICENSE'
[1.576s] writing manifest file '../../../build/demo_python_pkg/demo_python_pkg.egg-info/SOURCES.txt'
[1.577s] running build
[1.577s] running build_py
[1.577s] running install
[1.578s] running install_lib
[1.580s] running install_data
[1.580s] running install_egg_info
[1.583s] removing '/home/admin/Documents/ROS2/C2_3/install/demo_python_pkg/lib/python3.10/site-packages/demo_python_pkg-0.0.0-py3.10.egg-info' (and everything under it)
[1.612s] Copying ../../../build/demo_python_pkg/demo_python_pkg.egg-info to /home/admin/Documents/ROS2/C2_3/install/demo_python_pkg/lib/python3.10/site-packages/demo_python_pkg-0.0.0-py3.10.egg-info
[1.613s] running install_scripts
[1.648s] Installing learn_thread script to /home/admin/Documents/ROS2/C2_3/install/demo_python_pkg/lib/demo_python_pkg
[1.650s] Installing person_node script to /home/admin/Documents/ROS2/C2_3/install/demo_python_pkg/lib/demo_python_pkg
[1.650s] Installing python_node script to /home/admin/Documents/ROS2/C2_3/install/demo_python_pkg/lib/demo_python_pkg
[1.650s] Installing writer_node script to /home/admin/Documents/ROS2/C2_3/install/demo_python_pkg/lib/demo_python_pkg
[1.650s] writing list of installed files to '/home/admin/Documents/ROS2/C2_3/build/demo_python_pkg/install.log'
[1.705s] Invoked command in '/home/admin/Documents/ROS2/C2_3/src/python_src/demo_python_pkg' returned '0': PYTHONPATH=/home/admin/Documents/ROS2/C2_3/build/demo_python_pkg/prefix_override:/usr/lib/python3/dist-packages/colcon_core/task/python/colcon_distutils_commands:/home/admin/Documents/ROS2/C2_3/install/demo_python_pkg/lib/python3.10/site-packages:${PYTHONPATH} /usr/bin/python3 -W ignore:setup.py install is deprecated -W ignore:easy_install command is deprecated setup.py egg_info --egg-base ../../../build/demo_python_pkg build --build-base /home/admin/Documents/ROS2/C2_3/build/demo_python_pkg/build install --record /home/admin/Documents/ROS2/C2_3/build/demo_python_pkg/install.log --single-version-externally-managed install_data
