[0.909s] Invoking command in '/home/admin/Documents/ROS2/C3_4/src/status_publisher': PYTHONPATH=/home/admin/Documents/ROS2/C3_4/build/status_publisher/prefix_override:/usr/lib/python3/dist-packages/colcon_core/task/python/colcon_distutils_commands:/home/admin/Documents/ROS2/C3_4/install/status_publisher/lib/python3.10/site-packages:${PYTHONPATH} /usr/bin/python3 -W ignore:setup.py install is deprecated -W ignore:easy_install command is deprecated setup.py egg_info --egg-base ../../build/status_publisher build --build-base /home/admin/Documents/ROS2/C3_4/build/status_publisher/build install --record /home/admin/Documents/ROS2/C3_4/build/status_publisher/install.log --single-version-externally-managed install_data
[1.218s] running egg_info
[1.219s] writing ../../build/status_publisher/status_publisher.egg-info/PKG-INFO
[1.220s] writing dependency_links to ../../build/status_publisher/status_publisher.egg-info/dependency_links.txt
[1.220s] writing entry points to ../../build/status_publisher/status_publisher.egg-info/entry_points.txt
[1.220s] writing requirements to ../../build/status_publisher/status_publisher.egg-info/requires.txt
[1.220s] writing top-level names to ../../build/status_publisher/status_publisher.egg-info/top_level.txt
[1.229s] reading manifest file '../../build/status_publisher/status_publisher.egg-info/SOURCES.txt'
[1.230s] adding license file 'LICENSE'
[1.231s] writing manifest file '../../build/status_publisher/status_publisher.egg-info/SOURCES.txt'
[1.232s] running build
[1.232s] running build_py
[1.232s] running install
[1.232s] running install_lib
[1.234s] running install_data
[1.234s] running install_egg_info
[1.240s] removing '/home/admin/Documents/ROS2/C3_4/install/status_publisher/lib/python3.10/site-packages/status_publisher-0.0.0-py3.10.egg-info' (and everything under it)
[1.240s] Copying ../../build/status_publisher/status_publisher.egg-info to /home/admin/Documents/ROS2/C3_4/install/status_publisher/lib/python3.10/site-packages/status_publisher-0.0.0-py3.10.egg-info
[1.242s] running install_scripts
[1.270s] Installing sys_status_pub script to /home/admin/Documents/ROS2/C3_4/install/status_publisher/lib/status_publisher
[1.271s] writing list of installed files to '/home/admin/Documents/ROS2/C3_4/build/status_publisher/install.log'
[1.298s] Invoked command in '/home/admin/Documents/ROS2/C3_4/src/status_publisher' returned '0': PYTHONPATH=/home/admin/Documents/ROS2/C3_4/build/status_publisher/prefix_override:/usr/lib/python3/dist-packages/colcon_core/task/python/colcon_distutils_commands:/home/admin/Documents/ROS2/C3_4/install/status_publisher/lib/python3.10/site-packages:${PYTHONPATH} /usr/bin/python3 -W ignore:setup.py install is deprecated -W ignore:easy_install command is deprecated setup.py egg_info --egg-base ../../build/status_publisher build --build-base /home/admin/Documents/ROS2/C3_4/build/status_publisher/build install --record /home/admin/Documents/ROS2/C3_4/build/status_publisher/install.log --single-version-externally-managed install_data
