[0.015s] Invoking command in '/home/admin/Documents/ROS2/C2_3/build/demo_cpp': CMAKE_PREFIX_PATH=/opt/ros/humble /usr/bin/cmake --build /home/admin/Documents/ROS2/C2_3/build/demo_cpp -- -j8 -l8
[0.045s] -- Found ament_cmake: 1.3.11 (/opt/ros/humble/share/ament_cmake/cmake)
[0.186s] -- Found rclcpp: 16.0.11 (/opt/ros/humble/share/rclcpp/cmake)
[0.235s] -- Found rosidl_generator_c: 3.1.6 (/opt/ros/humble/share/rosidl_generator_c/cmake)
[0.239s] -- Found rosidl_adapter: 3.1.6 (/opt/ros/humble/share/rosidl_adapter/cmake)
[0.250s] -- Found rosidl_generator_cpp: 3.1.6 (/opt/ros/humble/share/rosidl_generator_cpp/cmake)
[0.263s] -- Using all available rosidl_typesupport_c: rosidl_typesupport_fastrtps_c;rosidl_typesupport_introspection_c
[0.276s] -- Using all available rosidl_typesupport_cpp: rosidl_typesupport_fastrtps_cpp;rosidl_typesupport_introspection_cpp
[0.315s] -- Found rmw_implementation_cmake: 6.1.2 (/opt/ros/humble/share/rmw_implementation_cmake/cmake)
[0.317s] -- Found rmw_fastrtps_cpp: 6.2.7 (/opt/ros/humble/share/rmw_fastrtps_cpp/cmake)
[0.492s] -- Using RMW implementation 'rmw_fastrtps_cpp' as default
[0.555s] -- Found ament_lint_auto: 0.12.11 (/opt/ros/humble/share/ament_lint_auto/cmake)
[0.645s] -- Added test 'cppcheck' to perform static code analysis on C / C++ code
[0.645s] -- Configured cppcheck include dirs: /home/admin/Documents/ROS2/C2_3/src/demo_cpp/include
[0.645s] -- Configured cppcheck exclude dirs and/or files: 
[0.647s] -- Added test 'flake8' to check Python code syntax and style conventions
[0.650s] -- Added test 'lint_cmake' to check CMake code style
[0.652s] -- Added test 'pep257' to check Python code against some of the docstring style conventions in PEP 257
[0.664s] -- Added test 'uncrustify' to check C / C++ code style
[0.664s] -- Configured uncrustify additional arguments: 
[0.666s] -- Added test 'xmllint' to check XML markup files
[0.667s] -- Configuring done
[0.692s] -- Generating done
[0.702s] -- Build files have been written to: /home/admin/Documents/ROS2/C2_3/build/demo_cpp
[0.741s] [35m[1mConsolidate compiler generated dependencies of target learn_shared_ptr[0m
[0.741s] [35m[1mConsolidate compiler generated dependencies of target learn_lamda[0m
[0.741s] [35m[1mConsolidate compiler generated dependencies of target cpp_node[0m
[0.754s] [35m[1mConsolidate compiler generated dependencies of target person_node[0m
[0.755s] [35m[1mConsolidate compiler generated dependencies of target learn_function[0m
[0.755s] [35m[1mConsolidate compiler generated dependencies of target learn_auto[0m
[0.762s] [  7%] [32mBuilding CXX object CMakeFiles/learn_shared_ptr.dir/src/learn_shared_ptr.cpp.o[0m
[0.770s] [ 14%] [32mBuilding CXX object CMakeFiles/learn_lamda.dir/src/learn_lamda.cpp.o[0m
[0.777s] [ 21%] [32mBuilding CXX object CMakeFiles/cpp_node.dir/src/cpp_node.cpp.o[0m
[0.780s] [ 28%] [32mBuilding CXX object CMakeFiles/learn_function.dir/src/learn_function.cpp.o[0m
[0.781s] [ 35%] [32mBuilding CXX object CMakeFiles/learn_thread.dir/src/learn_thread.cpp.o[0m
[0.794s] [ 42%] [32mBuilding CXX object CMakeFiles/person_node.dir/src/person_node.cpp.o[0m
[0.807s] [ 50%] [32mBuilding CXX object CMakeFiles/learn_auto.dir/src/learn_auto.cpp.o[0m
[1.462s] [ 57%] [32m[1mLinking CXX executable learn_auto[0m
[1.549s] [ 64%] [32m[1mLinking CXX executable learn_shared_ptr[0m
[1.564s] [ 71%] [32m[1mLinking CXX executable learn_lamda[0m
[1.680s] [ 71%] Built target learn_auto
[1.680s] [ 78%] [32m[1mLinking CXX executable learn_function[0m
[1.712s] [ 78%] Built target learn_lamda
[1.750s] [ 78%] Built target learn_shared_ptr
[1.809s] [ 78%] Built target learn_function
[4.604s] [ 85%] [32m[1mLinking CXX executable cpp_node[0m
[4.686s] [ 92%] [32m[1mLinking CXX executable person_node[0m
[4.737s] [ 92%] Built target cpp_node
[4.809s] [ 92%] Built target person_node
[7.247s] [100%] [32m[1mLinking CXX executable learn_thread[0m
[7.476s] [100%] Built target learn_thread
[7.487s] Invoked command in '/home/admin/Documents/ROS2/C2_3/build/demo_cpp' returned '0': CMAKE_PREFIX_PATH=/opt/ros/humble /usr/bin/cmake --build /home/admin/Documents/ROS2/C2_3/build/demo_cpp -- -j8 -l8
[7.497s] Invoking command in '/home/admin/Documents/ROS2/C2_3/build/demo_cpp': CMAKE_PREFIX_PATH=/opt/ros/humble /usr/bin/cmake --install /home/admin/Documents/ROS2/C2_3/build/demo_cpp
[7.503s] -- Install configuration: ""
[7.504s] -- Installing: /home/admin/Documents/ROS2/C2_3/install/demo_cpp/lib/demo_cpp/cpp_node
[7.504s] -- Set runtime path of "/home/admin/Documents/ROS2/C2_3/install/demo_cpp/lib/demo_cpp/cpp_node" to ""
[7.504s] -- Installing: /home/admin/Documents/ROS2/C2_3/install/demo_cpp/lib/demo_cpp/person_node
[7.505s] -- Set runtime path of "/home/admin/Documents/ROS2/C2_3/install/demo_cpp/lib/demo_cpp/person_node" to ""
[7.505s] -- Installing: /home/admin/Documents/ROS2/C2_3/install/demo_cpp/lib/demo_cpp/learn_auto
[7.506s] -- Installing: /home/admin/Documents/ROS2/C2_3/install/demo_cpp/lib/demo_cpp/learn_shared_ptr
[7.506s] -- Installing: /home/admin/Documents/ROS2/C2_3/install/demo_cpp/lib/demo_cpp/learn_lamda
[7.506s] -- Installing: /home/admin/Documents/ROS2/C2_3/install/demo_cpp/lib/demo_cpp/learn_function
[7.507s] -- Installing: /home/admin/Documents/ROS2/C2_3/install/demo_cpp/lib/demo_cpp/learn_thread
[7.509s] -- Up-to-date: /home/admin/Documents/ROS2/C2_3/install/demo_cpp/share/ament_index/resource_index/package_run_dependencies/demo_cpp
[7.509s] -- Installing: /home/admin/Documents/ROS2/C2_3/install/demo_cpp/share/ament_index/resource_index/parent_prefix_path/demo_cpp
[7.510s] -- Up-to-date: /home/admin/Documents/ROS2/C2_3/install/demo_cpp/share/demo_cpp/environment/ament_prefix_path.sh
[7.510s] -- Installing: /home/admin/Documents/ROS2/C2_3/install/demo_cpp/share/demo_cpp/environment/ament_prefix_path.dsv
[7.510s] -- Up-to-date: /home/admin/Documents/ROS2/C2_3/install/demo_cpp/share/demo_cpp/environment/path.sh
[7.510s] -- Installing: /home/admin/Documents/ROS2/C2_3/install/demo_cpp/share/demo_cpp/environment/path.dsv
[7.510s] -- Up-to-date: /home/admin/Documents/ROS2/C2_3/install/demo_cpp/share/demo_cpp/local_setup.bash
[7.511s] -- Up-to-date: /home/admin/Documents/ROS2/C2_3/install/demo_cpp/share/demo_cpp/local_setup.sh
[7.511s] -- Up-to-date: /home/admin/Documents/ROS2/C2_3/install/demo_cpp/share/demo_cpp/local_setup.zsh
[7.511s] -- Installing: /home/admin/Documents/ROS2/C2_3/install/demo_cpp/share/demo_cpp/local_setup.dsv
[7.511s] -- Installing: /home/admin/Documents/ROS2/C2_3/install/demo_cpp/share/demo_cpp/package.dsv
[7.511s] -- Up-to-date: /home/admin/Documents/ROS2/C2_3/install/demo_cpp/share/ament_index/resource_index/packages/demo_cpp
[7.511s] -- Up-to-date: /home/admin/Documents/ROS2/C2_3/install/demo_cpp/share/demo_cpp/cmake/demo_cppConfig.cmake
[7.511s] -- Up-to-date: /home/admin/Documents/ROS2/C2_3/install/demo_cpp/share/demo_cpp/cmake/demo_cppConfig-version.cmake
[7.511s] -- Up-to-date: /home/admin/Documents/ROS2/C2_3/install/demo_cpp/share/demo_cpp/package.xml
[7.514s] Invoked command in '/home/admin/Documents/ROS2/C2_3/build/demo_cpp' returned '0': CMAKE_PREFIX_PATH=/opt/ros/humble /usr/bin/cmake --install /home/admin/Documents/ROS2/C2_3/build/demo_cpp
