[0.013s] Invoking command in '/home/admin/Documents/ROS2/C4.1/build/demo_cpp_service': CMAKE_PREFIX_PATH=${CMAKE_PREFIX_PATH}:/home/admin/Documents/ROS2/C4.1/install/demo_python_service:/opt/ros/humble /usr/bin/cmake --build /home/admin/Documents/ROS2/C4.1/build/demo_cpp_service -- -j8 -l8
[0.351s] Invoked command in '/home/admin/Documents/ROS2/C4.1/build/demo_cpp_service' returned '0': CMAKE_PREFIX_PATH=${CMAKE_PREFIX_PATH}:/home/admin/Documents/ROS2/C4.1/install/demo_python_service:/opt/ros/humble /usr/bin/cmake --build /home/admin/Documents/ROS2/C4.1/build/demo_cpp_service -- -j8 -l8
[0.353s] Invoking command in '/home/admin/Documents/ROS2/C4.1/build/demo_cpp_service': CMAKE_PREFIX_PATH=${CMAKE_PREFIX_PATH}:/home/admin/Documents/ROS2/C4.1/install/demo_python_service:/opt/ros/humble /usr/bin/cmake --install /home/admin/Documents/ROS2/C4.1/build/demo_cpp_service
[0.363s] -- Install configuration: ""
[0.363s] -- Up-to-date: /home/admin/Documents/ROS2/C4.1/install/demo_cpp_service/share/ament_index/resource_index/package_run_dependencies/demo_cpp_service
[0.363s] -- Up-to-date: /home/admin/Documents/ROS2/C4.1/install/demo_cpp_service/share/ament_index/resource_index/parent_prefix_path/demo_cpp_service
[0.363s] -- Up-to-date: /home/admin/Documents/ROS2/C4.1/install/demo_cpp_service/share/demo_cpp_service/environment/ament_prefix_path.sh
[0.364s] -- Up-to-date: /home/admin/Documents/ROS2/C4.1/install/demo_cpp_service/share/demo_cpp_service/environment/ament_prefix_path.dsv
[0.364s] -- Up-to-date: /home/admin/Documents/ROS2/C4.1/install/demo_cpp_service/share/demo_cpp_service/environment/path.sh
[0.364s] -- Up-to-date: /home/admin/Documents/ROS2/C4.1/install/demo_cpp_service/share/demo_cpp_service/environment/path.dsv
[0.364s] -- Up-to-date: /home/admin/Documents/ROS2/C4.1/install/demo_cpp_service/share/demo_cpp_service/local_setup.bash
[0.364s] -- Up-to-date: /home/admin/Documents/ROS2/C4.1/install/demo_cpp_service/share/demo_cpp_service/local_setup.sh
[0.364s] -- Up-to-date: /home/admin/Documents/ROS2/C4.1/install/demo_cpp_service/share/demo_cpp_service/local_setup.zsh
[0.364s] -- Up-to-date: /home/admin/Documents/ROS2/C4.1/install/demo_cpp_service/share/demo_cpp_service/local_setup.dsv
[0.364s] -- Up-to-date: /home/admin/Documents/ROS2/C4.1/install/demo_cpp_service/share/demo_cpp_service/package.dsv
[0.365s] -- Up-to-date: /home/admin/Documents/ROS2/C4.1/install/demo_cpp_service/share/ament_index/resource_index/packages/demo_cpp_service
[0.365s] -- Up-to-date: /home/admin/Documents/ROS2/C4.1/install/demo_cpp_service/share/demo_cpp_service/cmake/demo_cpp_serviceConfig.cmake
[0.365s] -- Up-to-date: /home/admin/Documents/ROS2/C4.1/install/demo_cpp_service/share/demo_cpp_service/cmake/demo_cpp_serviceConfig-version.cmake
[0.366s] -- Up-to-date: /home/admin/Documents/ROS2/C4.1/install/demo_cpp_service/share/demo_cpp_service/package.xml
[0.367s] Invoked command in '/home/admin/Documents/ROS2/C4.1/build/demo_cpp_service' returned '0': CMAKE_PREFIX_PATH=${CMAKE_PREFIX_PATH}:/home/admin/Documents/ROS2/C4.1/install/demo_python_service:/opt/ros/humble /usr/bin/cmake --install /home/admin/Documents/ROS2/C4.1/build/demo_cpp_service
