[0.016s] Invoking command in '/home/admin/Documents/ROS2/C2_3/build/demo_cpp': CMAKE_PREFIX_PATH=${CMAKE_PREFIX_PATH}:/home/admin/Documents/ROS2/C2_3/install/demo_python_pkg:/opt/ros/humble /usr/bin/cmake --build /home/admin/Documents/ROS2/C2_3/build/demo_cpp -- -j8 -l8
[0.077s] [35m[1mConsolidate compiler generated dependencies of target learn_auto[0m
[0.087s] [ 33%] Built target cpp_node
[0.091s] [ 66%] Built target person_node
[0.091s] [100%] Built target learn_auto
[0.336s] Invoked command in '/home/admin/Documents/ROS2/C2_3/build/demo_cpp' returned '0': CMAKE_PREFIX_PATH=${CMAKE_PREFIX_PATH}:/home/admin/Documents/ROS2/C2_3/install/demo_python_pkg:/opt/ros/humble /usr/bin/cmake --build /home/admin/Documents/ROS2/C2_3/build/demo_cpp -- -j8 -l8
[0.346s] Invoking command in '/home/admin/Documents/ROS2/C2_3/build/demo_cpp': CMAKE_PREFIX_PATH=${CMAKE_PREFIX_PATH}:/home/admin/Documents/ROS2/C2_3/install/demo_python_pkg:/opt/ros/humble /usr/bin/cmake --install /home/admin/Documents/ROS2/C2_3/build/demo_cpp
[0.353s] -- Install configuration: ""
[0.354s] -- Up-to-date: /home/admin/Documents/ROS2/C2_3/install/demo_cpp/lib/demo_cpp/cpp_node
[0.354s] -- Up-to-date: /home/admin/Documents/ROS2/C2_3/install/demo_cpp/lib/demo_cpp/person_node
[0.354s] -- Up-to-date: /home/admin/Documents/ROS2/C2_3/install/demo_cpp/share/ament_index/resource_index/package_run_dependencies/demo_cpp
[0.355s] -- Up-to-date: /home/admin/Documents/ROS2/C2_3/install/demo_cpp/share/ament_index/resource_index/parent_prefix_path/demo_cpp
[0.355s] -- Up-to-date: /home/admin/Documents/ROS2/C2_3/install/demo_cpp/share/demo_cpp/environment/ament_prefix_path.sh
[0.355s] -- Up-to-date: /home/admin/Documents/ROS2/C2_3/install/demo_cpp/share/demo_cpp/environment/ament_prefix_path.dsv
[0.355s] -- Up-to-date: /home/admin/Documents/ROS2/C2_3/install/demo_cpp/share/demo_cpp/environment/path.sh
[0.355s] -- Up-to-date: /home/admin/Documents/ROS2/C2_3/install/demo_cpp/share/demo_cpp/environment/path.dsv
[0.355s] -- Up-to-date: /home/admin/Documents/ROS2/C2_3/install/demo_cpp/share/demo_cpp/local_setup.bash
[0.356s] -- Up-to-date: /home/admin/Documents/ROS2/C2_3/install/demo_cpp/share/demo_cpp/local_setup.sh
[0.356s] -- Up-to-date: /home/admin/Documents/ROS2/C2_3/install/demo_cpp/share/demo_cpp/local_setup.zsh
[0.356s] -- Up-to-date: /home/admin/Documents/ROS2/C2_3/install/demo_cpp/share/demo_cpp/local_setup.dsv
[0.356s] -- Installing: /home/admin/Documents/ROS2/C2_3/install/demo_cpp/share/demo_cpp/package.dsv
[0.356s] -- Up-to-date: /home/admin/Documents/ROS2/C2_3/install/demo_cpp/share/ament_index/resource_index/packages/demo_cpp
[0.356s] -- Up-to-date: /home/admin/Documents/ROS2/C2_3/install/demo_cpp/share/demo_cpp/cmake/demo_cppConfig.cmake
[0.356s] -- Up-to-date: /home/admin/Documents/ROS2/C2_3/install/demo_cpp/share/demo_cpp/cmake/demo_cppConfig-version.cmake
[0.356s] -- Up-to-date: /home/admin/Documents/ROS2/C2_3/install/demo_cpp/share/demo_cpp/package.xml
[0.357s] Invoked command in '/home/admin/Documents/ROS2/C2_3/build/demo_cpp' returned '0': CMAKE_PREFIX_PATH=${CMAKE_PREFIX_PATH}:/home/admin/Documents/ROS2/C2_3/install/demo_python_pkg:/opt/ros/humble /usr/bin/cmake --install /home/admin/Documents/ROS2/C2_3/build/demo_cpp
