[0.751s] Invoking command in '/home/admin/Documents/ROS2/C2_3/src/python_src/demo_python_pkg': PYTHONPATH=/home/admin/Documents/ROS2/C2_3/build/demo_python_pkg/prefix_override:/usr/lib/python3/dist-packages/colcon_core/task/python/colcon_distutils_commands:/home/admin/Documents/ROS2/C2_3/install/demo_python_pkg/lib/python3.10/site-packages:${PYTHONPATH} /usr/bin/python3 -W ignore:setup.py install is deprecated -W ignore:easy_install command is deprecated setup.py egg_info --egg-base ../../../build/demo_python_pkg build --build-base /home/admin/Documents/ROS2/C2_3/build/demo_python_pkg/build install --record /home/admin/Documents/ROS2/C2_3/build/demo_python_pkg/install.log --single-version-externally-managed install_data
[1.016s] running egg_info
[1.017s] writing ../../../build/demo_python_pkg/demo_python_pkg.egg-info/PKG-INFO
[1.018s] writing dependency_links to ../../../build/demo_python_pkg/demo_python_pkg.egg-info/dependency_links.txt
[1.018s] writing entry points to ../../../build/demo_python_pkg/demo_python_pkg.egg-info/entry_points.txt
[1.018s] writing requirements to ../../../build/demo_python_pkg/demo_python_pkg.egg-info/requires.txt
[1.018s] writing top-level names to ../../../build/demo_python_pkg/demo_python_pkg.egg-info/top_level.txt
[1.021s] reading manifest file '../../../build/demo_python_pkg/demo_python_pkg.egg-info/SOURCES.txt'
[1.021s] adding license file 'LICENSE'
[1.022s] writing manifest file '../../../build/demo_python_pkg/demo_python_pkg.egg-info/SOURCES.txt'
[1.022s] running build
[1.023s] running build_py
[1.023s] copying demo_python_pkg/person_node.py -> /home/admin/Documents/ROS2/C2_3/build/demo_python_pkg/build/lib/demo_python_pkg
[1.023s] running install
[1.023s] running install_lib
[1.024s] copying /home/admin/Documents/ROS2/C2_3/build/demo_python_pkg/build/lib/demo_python_pkg/person_node.py -> /home/admin/Documents/ROS2/C2_3/install/demo_python_pkg/lib/python3.10/site-packages/demo_python_pkg
[1.025s] byte-compiling /home/admin/Documents/ROS2/C2_3/install/demo_python_pkg/lib/python3.10/site-packages/demo_python_pkg/person_node.py to person_node.cpython-310.pyc
[1.025s] running install_data
[1.025s] running install_egg_info
[1.027s] removing '/home/admin/Documents/ROS2/C2_3/install/demo_python_pkg/lib/python3.10/site-packages/demo_python_pkg-0.0.0-py3.10.egg-info' (and everything under it)
[1.027s] Copying ../../../build/demo_python_pkg/demo_python_pkg.egg-info to /home/admin/Documents/ROS2/C2_3/install/demo_python_pkg/lib/python3.10/site-packages/demo_python_pkg-0.0.0-py3.10.egg-info
[1.028s] running install_scripts
[1.051s] Installing person_node script to /home/admin/Documents/ROS2/C2_3/install/demo_python_pkg/lib/demo_python_pkg
[1.051s] Installing python_node script to /home/admin/Documents/ROS2/C2_3/install/demo_python_pkg/lib/demo_python_pkg
[1.051s] writing list of installed files to '/home/admin/Documents/ROS2/C2_3/build/demo_python_pkg/install.log'
[1.075s] Invoked command in '/home/admin/Documents/ROS2/C2_3/src/python_src/demo_python_pkg' returned '0': PYTHONPATH=/home/admin/Documents/ROS2/C2_3/build/demo_python_pkg/prefix_override:/usr/lib/python3/dist-packages/colcon_core/task/python/colcon_distutils_commands:/home/admin/Documents/ROS2/C2_3/install/demo_python_pkg/lib/python3.10/site-packages:${PYTHONPATH} /usr/bin/python3 -W ignore:setup.py install is deprecated -W ignore:easy_install command is deprecated setup.py egg_info --egg-base ../../../build/demo_python_pkg build --build-base /home/admin/Documents/ROS2/C2_3/build/demo_python_pkg/build install --record /home/admin/Documents/ROS2/C2_3/build/demo_python_pkg/install.log --single-version-externally-managed install_data
