[0.012s] Invoking command in '/home/admin/Documents/ROS2/C4.1/build/chapt4_interfaces': CMAKE_PREFIX_PATH=${CMAKE_PREFIX_PATH}:/home/admin/Documents/ROS2/C4.1/install/demo_python_service:/opt/ros/humble /usr/bin/cmake --build /home/admin/Documents/ROS2/C4.1/build/chapt4_interfaces -- -j8 -l8
[0.095s] [  3%] Built target chapt4_interfaces__cpp
[0.116s] [  3%] Built target ament_cmake_python_copy_chapt4_interfaces
[0.134s] [ 12%] Built target chapt4_interfaces__rosidl_generator_c
[0.137s] [ 22%] Built target chapt4_interfaces__rosidl_typesupport_introspection_cpp
[0.138s] [ 32%] Built target chapt4_interfaces__rosidl_typesupport_fastrtps_cpp
[0.140s] [ 41%] Built target chapt4_interfaces__rosidl_typesupport_cpp
[0.166s] [ 51%] Built target chapt4_interfaces__rosidl_typesupport_fastrtps_c
[0.167s] [ 61%] Built target chapt4_interfaces__rosidl_typesupport_introspection_c
[0.170s] [ 70%] Built target chapt4_interfaces__rosidl_typesupport_c
[0.189s] [ 70%] Built target chapt4_interfaces
[0.210s] [ 74%] Built target chapt4_interfaces__py
[0.235s] [ 80%] Built target chapt4_interfaces__rosidl_generator_py
[0.260s] [ 87%] Built target chapt4_interfaces__rosidl_typesupport_fastrtps_c__pyext
[0.262s] [ 93%] Built target chapt4_interfaces__rosidl_typesupport_introspection_c__pyext
[0.264s] [100%] Built target chapt4_interfaces__rosidl_typesupport_c__pyext
[0.434s] running egg_info
[0.434s] writing chapt4_interfaces.egg-info/PKG-INFO
[0.435s] writing dependency_links to chapt4_interfaces.egg-info/dependency_links.txt
[0.435s] writing top-level names to chapt4_interfaces.egg-info/top_level.txt
[0.438s] reading manifest file 'chapt4_interfaces.egg-info/SOURCES.txt'
[0.439s] writing manifest file 'chapt4_interfaces.egg-info/SOURCES.txt'
[0.469s] [100%] Built target ament_cmake_python_build_chapt4_interfaces_egg
[0.483s] Invoked command in '/home/admin/Documents/ROS2/C4.1/build/chapt4_interfaces' returned '0': CMAKE_PREFIX_PATH=${CMAKE_PREFIX_PATH}:/home/admin/Documents/ROS2/C4.1/install/demo_python_service:/opt/ros/humble /usr/bin/cmake --build /home/admin/Documents/ROS2/C4.1/build/chapt4_interfaces -- -j8 -l8
[0.493s] Invoking command in '/home/admin/Documents/ROS2/C4.1/build/chapt4_interfaces': CMAKE_PREFIX_PATH=${CMAKE_PREFIX_PATH}:/home/admin/Documents/ROS2/C4.1/install/demo_python_service:/opt/ros/humble /usr/bin/cmake --install /home/admin/Documents/ROS2/C4.1/build/chapt4_interfaces
[0.500s] -- Install configuration: ""
[0.501s] -- Up-to-date: /home/admin/Documents/ROS2/C4.1/install/chapt4_interfaces/share/ament_index/resource_index/rosidl_interfaces/chapt4_interfaces
[0.501s] -- Up-to-date: /home/admin/Documents/ROS2/C4.1/install/chapt4_interfaces/include/chapt4_interfaces/chapt4_interfaces
[0.501s] -- Up-to-date: /home/admin/Documents/ROS2/C4.1/install/chapt4_interfaces/include/chapt4_interfaces/chapt4_interfaces/srv
[0.501s] -- Up-to-date: /home/admin/Documents/ROS2/C4.1/install/chapt4_interfaces/include/chapt4_interfaces/chapt4_interfaces/srv/face_detector.h
[0.501s] -- Up-to-date: /home/admin/Documents/ROS2/C4.1/install/chapt4_interfaces/include/chapt4_interfaces/chapt4_interfaces/srv/detail
[0.501s] -- Up-to-date: /home/admin/Documents/ROS2/C4.1/install/chapt4_interfaces/include/chapt4_interfaces/chapt4_interfaces/srv/detail/face_detector__type_support.h
[0.501s] -- Up-to-date: /home/admin/Documents/ROS2/C4.1/install/chapt4_interfaces/include/chapt4_interfaces/chapt4_interfaces/srv/detail/face_detector__struct.h
[0.501s] -- Up-to-date: /home/admin/Documents/ROS2/C4.1/install/chapt4_interfaces/include/chapt4_interfaces/chapt4_interfaces/srv/detail/face_detector__functions.h
[0.501s] -- Up-to-date: /home/admin/Documents/ROS2/C4.1/install/chapt4_interfaces/include/chapt4_interfaces/chapt4_interfaces/srv/detail/face_detector__functions.c
[0.501s] -- Up-to-date: /home/admin/Documents/ROS2/C4.1/install/chapt4_interfaces/include/chapt4_interfaces/chapt4_interfaces/msg
[0.502s] -- Up-to-date: /home/admin/Documents/ROS2/C4.1/install/chapt4_interfaces/include/chapt4_interfaces/chapt4_interfaces/msg/rosidl_generator_c__visibility_control.h
[0.502s] -- Up-to-date: /home/admin/Documents/ROS2/C4.1/install/chapt4_interfaces/share/chapt4_interfaces/environment/library_path.sh
[0.502s] -- Up-to-date: /home/admin/Documents/ROS2/C4.1/install/chapt4_interfaces/share/chapt4_interfaces/environment/library_path.dsv
[0.502s] -- Up-to-date: /home/admin/Documents/ROS2/C4.1/install/chapt4_interfaces/lib/libchapt4_interfaces__rosidl_generator_c.so
[0.502s] -- Up-to-date: /home/admin/Documents/ROS2/C4.1/install/chapt4_interfaces/include/chapt4_interfaces/chapt4_interfaces
[0.502s] -- Up-to-date: /home/admin/Documents/ROS2/C4.1/install/chapt4_interfaces/include/chapt4_interfaces/chapt4_interfaces/srv
[0.502s] -- Up-to-date: /home/admin/Documents/ROS2/C4.1/install/chapt4_interfaces/include/chapt4_interfaces/chapt4_interfaces/srv/detail
[0.502s] -- Up-to-date: /home/admin/Documents/ROS2/C4.1/install/chapt4_interfaces/include/chapt4_interfaces/chapt4_interfaces/srv/detail/face_detector__rosidl_typesupport_fastrtps_c.h
[0.502s] -- Up-to-date: /home/admin/Documents/ROS2/C4.1/install/chapt4_interfaces/include/chapt4_interfaces/chapt4_interfaces/msg
[0.503s] -- Up-to-date: /home/admin/Documents/ROS2/C4.1/install/chapt4_interfaces/include/chapt4_interfaces/chapt4_interfaces/msg/rosidl_typesupport_fastrtps_c__visibility_control.h
[0.503s] -- Up-to-date: /home/admin/Documents/ROS2/C4.1/install/chapt4_interfaces/lib/libchapt4_interfaces__rosidl_typesupport_fastrtps_c.so
[0.503s] -- Up-to-date: /home/admin/Documents/ROS2/C4.1/install/chapt4_interfaces/include/chapt4_interfaces/chapt4_interfaces
[0.503s] -- Up-to-date: /home/admin/Documents/ROS2/C4.1/install/chapt4_interfaces/include/chapt4_interfaces/chapt4_interfaces/srv
[0.503s] -- Up-to-date: /home/admin/Documents/ROS2/C4.1/install/chapt4_interfaces/include/chapt4_interfaces/chapt4_interfaces/srv/face_detector.hpp
[0.503s] -- Up-to-date: /home/admin/Documents/ROS2/C4.1/install/chapt4_interfaces/include/chapt4_interfaces/chapt4_interfaces/srv/detail
[0.503s] -- Up-to-date: /home/admin/Documents/ROS2/C4.1/install/chapt4_interfaces/include/chapt4_interfaces/chapt4_interfaces/srv/detail/face_detector__struct.hpp
[0.503s] -- Up-to-date: /home/admin/Documents/ROS2/C4.1/install/chapt4_interfaces/include/chapt4_interfaces/chapt4_interfaces/srv/detail/face_detector__type_support.hpp
[0.504s] -- Up-to-date: /home/admin/Documents/ROS2/C4.1/install/chapt4_interfaces/include/chapt4_interfaces/chapt4_interfaces/srv/detail/face_detector__builder.hpp
[0.504s] -- Up-to-date: /home/admin/Documents/ROS2/C4.1/install/chapt4_interfaces/include/chapt4_interfaces/chapt4_interfaces/srv/detail/face_detector__traits.hpp
[0.504s] -- Up-to-date: /home/admin/Documents/ROS2/C4.1/install/chapt4_interfaces/include/chapt4_interfaces/chapt4_interfaces/msg
[0.504s] -- Up-to-date: /home/admin/Documents/ROS2/C4.1/install/chapt4_interfaces/include/chapt4_interfaces/chapt4_interfaces/msg/rosidl_generator_cpp__visibility_control.hpp
[0.504s] -- Up-to-date: /home/admin/Documents/ROS2/C4.1/install/chapt4_interfaces/include/chapt4_interfaces/chapt4_interfaces
[0.504s] -- Up-to-date: /home/admin/Documents/ROS2/C4.1/install/chapt4_interfaces/include/chapt4_interfaces/chapt4_interfaces/srv
[0.504s] -- Up-to-date: /home/admin/Documents/ROS2/C4.1/install/chapt4_interfaces/include/chapt4_interfaces/chapt4_interfaces/srv/detail
[0.504s] -- Up-to-date: /home/admin/Documents/ROS2/C4.1/install/chapt4_interfaces/include/chapt4_interfaces/chapt4_interfaces/srv/detail/face_detector__rosidl_typesupport_fastrtps_cpp.hpp
[0.505s] -- Up-to-date: /home/admin/Documents/ROS2/C4.1/install/chapt4_interfaces/include/chapt4_interfaces/chapt4_interfaces/srv/detail/dds_fastrtps
[0.505s] -- Up-to-date: /home/admin/Documents/ROS2/C4.1/install/chapt4_interfaces/include/chapt4_interfaces/chapt4_interfaces/msg
[0.505s] -- Up-to-date: /home/admin/Documents/ROS2/C4.1/install/chapt4_interfaces/include/chapt4_interfaces/chapt4_interfaces/msg/rosidl_typesupport_fastrtps_cpp__visibility_control.h
[0.505s] -- Up-to-date: /home/admin/Documents/ROS2/C4.1/install/chapt4_interfaces/lib/libchapt4_interfaces__rosidl_typesupport_fastrtps_cpp.so
[0.505s] -- Up-to-date: /home/admin/Documents/ROS2/C4.1/install/chapt4_interfaces/include/chapt4_interfaces/chapt4_interfaces
[0.505s] -- Up-to-date: /home/admin/Documents/ROS2/C4.1/install/chapt4_interfaces/include/chapt4_interfaces/chapt4_interfaces/srv
[0.505s] -- Up-to-date: /home/admin/Documents/ROS2/C4.1/install/chapt4_interfaces/include/chapt4_interfaces/chapt4_interfaces/srv/detail
[0.506s] -- Up-to-date: /home/admin/Documents/ROS2/C4.1/install/chapt4_interfaces/include/chapt4_interfaces/chapt4_interfaces/srv/detail/face_detector__rosidl_typesupport_introspection_c.h
[0.506s] -- Up-to-date: /home/admin/Documents/ROS2/C4.1/install/chapt4_interfaces/include/chapt4_interfaces/chapt4_interfaces/srv/detail/face_detector__type_support.c
[0.506s] -- Up-to-date: /home/admin/Documents/ROS2/C4.1/install/chapt4_interfaces/include/chapt4_interfaces/chapt4_interfaces/msg
[0.506s] -- Up-to-date: /home/admin/Documents/ROS2/C4.1/install/chapt4_interfaces/include/chapt4_interfaces/chapt4_interfaces/msg/rosidl_typesupport_introspection_c__visibility_control.h
[0.506s] -- Up-to-date: /home/admin/Documents/ROS2/C4.1/install/chapt4_interfaces/lib/libchapt4_interfaces__rosidl_typesupport_introspection_c.so
[0.506s] -- Up-to-date: /home/admin/Documents/ROS2/C4.1/install/chapt4_interfaces/lib/libchapt4_interfaces__rosidl_typesupport_c.so
[0.507s] -- Up-to-date: /home/admin/Documents/ROS2/C4.1/install/chapt4_interfaces/include/chapt4_interfaces/chapt4_interfaces
[0.507s] -- Up-to-date: /home/admin/Documents/ROS2/C4.1/install/chapt4_interfaces/include/chapt4_interfaces/chapt4_interfaces/srv
[0.507s] -- Up-to-date: /home/admin/Documents/ROS2/C4.1/install/chapt4_interfaces/include/chapt4_interfaces/chapt4_interfaces/srv/detail
[0.507s] -- Up-to-date: /home/admin/Documents/ROS2/C4.1/install/chapt4_interfaces/include/chapt4_interfaces/chapt4_interfaces/srv/detail/face_detector__rosidl_typesupport_introspection_cpp.hpp
[0.507s] -- Up-to-date: /home/admin/Documents/ROS2/C4.1/install/chapt4_interfaces/include/chapt4_interfaces/chapt4_interfaces/srv/detail/face_detector__type_support.cpp
[0.507s] -- Up-to-date: /home/admin/Documents/ROS2/C4.1/install/chapt4_interfaces/lib/libchapt4_interfaces__rosidl_typesupport_introspection_cpp.so
[0.507s] -- Up-to-date: /home/admin/Documents/ROS2/C4.1/install/chapt4_interfaces/lib/libchapt4_interfaces__rosidl_typesupport_cpp.so
[0.508s] -- Up-to-date: /home/admin/Documents/ROS2/C4.1/install/chapt4_interfaces/share/chapt4_interfaces/environment/pythonpath.sh
[0.508s] -- Up-to-date: /home/admin/Documents/ROS2/C4.1/install/chapt4_interfaces/share/chapt4_interfaces/environment/pythonpath.dsv
[0.508s] -- Up-to-date: /home/admin/Documents/ROS2/C4.1/install/chapt4_interfaces/local/lib/python3.10/dist-packages/chapt4_interfaces-0.0.0-py3.10.egg-info
[0.508s] -- Installing: /home/admin/Documents/ROS2/C4.1/install/chapt4_interfaces/local/lib/python3.10/dist-packages/chapt4_interfaces-0.0.0-py3.10.egg-info/dependency_links.txt
[0.508s] -- Installing: /home/admin/Documents/ROS2/C4.1/install/chapt4_interfaces/local/lib/python3.10/dist-packages/chapt4_interfaces-0.0.0-py3.10.egg-info/SOURCES.txt
[0.508s] -- Installing: /home/admin/Documents/ROS2/C4.1/install/chapt4_interfaces/local/lib/python3.10/dist-packages/chapt4_interfaces-0.0.0-py3.10.egg-info/top_level.txt
[0.508s] -- Installing: /home/admin/Documents/ROS2/C4.1/install/chapt4_interfaces/local/lib/python3.10/dist-packages/chapt4_interfaces-0.0.0-py3.10.egg-info/PKG-INFO
[0.509s] -- Up-to-date: /home/admin/Documents/ROS2/C4.1/install/chapt4_interfaces/local/lib/python3.10/dist-packages/chapt4_interfaces
[0.509s] -- Up-to-date: /home/admin/Documents/ROS2/C4.1/install/chapt4_interfaces/local/lib/python3.10/dist-packages/chapt4_interfaces/_chapt4_interfaces_s.ep.rosidl_typesupport_c.c
[0.509s] -- Up-to-date: /home/admin/Documents/ROS2/C4.1/install/chapt4_interfaces/local/lib/python3.10/dist-packages/chapt4_interfaces/_chapt4_interfaces_s.ep.rosidl_typesupport_fastrtps_c.c
[0.509s] -- Up-to-date: /home/admin/Documents/ROS2/C4.1/install/chapt4_interfaces/local/lib/python3.10/dist-packages/chapt4_interfaces/libchapt4_interfaces__rosidl_generator_py.so
[0.509s] -- Up-to-date: /home/admin/Documents/ROS2/C4.1/install/chapt4_interfaces/local/lib/python3.10/dist-packages/chapt4_interfaces/chapt4_interfaces_s__rosidl_typesupport_introspection_c.cpython-310-x86_64-linux-gnu.so
[0.509s] -- Up-to-date: /home/admin/Documents/ROS2/C4.1/install/chapt4_interfaces/local/lib/python3.10/dist-packages/chapt4_interfaces/_chapt4_interfaces_s.ep.rosidl_typesupport_introspection_c.c
[0.509s] -- Up-to-date: /home/admin/Documents/ROS2/C4.1/install/chapt4_interfaces/local/lib/python3.10/dist-packages/chapt4_interfaces/chapt4_interfaces_s__rosidl_typesupport_fastrtps_c.cpython-310-x86_64-linux-gnu.so
[0.509s] -- Up-to-date: /home/admin/Documents/ROS2/C4.1/install/chapt4_interfaces/local/lib/python3.10/dist-packages/chapt4_interfaces/__init__.py
[0.510s] -- Up-to-date: /home/admin/Documents/ROS2/C4.1/install/chapt4_interfaces/local/lib/python3.10/dist-packages/chapt4_interfaces/srv
[0.510s] -- Up-to-date: /home/admin/Documents/ROS2/C4.1/install/chapt4_interfaces/local/lib/python3.10/dist-packages/chapt4_interfaces/srv/__init__.py
[0.510s] -- Up-to-date: /home/admin/Documents/ROS2/C4.1/install/chapt4_interfaces/local/lib/python3.10/dist-packages/chapt4_interfaces/srv/_face_detector.py
[0.510s] -- Up-to-date: /home/admin/Documents/ROS2/C4.1/install/chapt4_interfaces/local/lib/python3.10/dist-packages/chapt4_interfaces/srv/_face_detector_s.c
[0.510s] -- Up-to-date: /home/admin/Documents/ROS2/C4.1/install/chapt4_interfaces/local/lib/python3.10/dist-packages/chapt4_interfaces/chapt4_interfaces_s__rosidl_typesupport_c.cpython-310-x86_64-linux-gnu.so
[0.545s] Listing '/home/admin/Documents/ROS2/C4.1/install/chapt4_interfaces/local/lib/python3.10/dist-packages/chapt4_interfaces'...
[0.545s] Listing '/home/admin/Documents/ROS2/C4.1/install/chapt4_interfaces/local/lib/python3.10/dist-packages/chapt4_interfaces/srv'...
[0.550s] -- Up-to-date: /home/admin/Documents/ROS2/C4.1/install/chapt4_interfaces/local/lib/python3.10/dist-packages/chapt4_interfaces/chapt4_interfaces_s__rosidl_typesupport_fastrtps_c.cpython-310-x86_64-linux-gnu.so
[0.551s] -- Up-to-date: /home/admin/Documents/ROS2/C4.1/install/chapt4_interfaces/local/lib/python3.10/dist-packages/chapt4_interfaces/chapt4_interfaces_s__rosidl_typesupport_introspection_c.cpython-310-x86_64-linux-gnu.so
[0.551s] -- Up-to-date: /home/admin/Documents/ROS2/C4.1/install/chapt4_interfaces/local/lib/python3.10/dist-packages/chapt4_interfaces/chapt4_interfaces_s__rosidl_typesupport_c.cpython-310-x86_64-linux-gnu.so
[0.551s] -- Up-to-date: /home/admin/Documents/ROS2/C4.1/install/chapt4_interfaces/lib/libchapt4_interfaces__rosidl_generator_py.so
[0.552s] -- Up-to-date: /home/admin/Documents/ROS2/C4.1/install/chapt4_interfaces/share/chapt4_interfaces/srv/FaceDetector.idl
[0.552s] -- Up-to-date: /home/admin/Documents/ROS2/C4.1/install/chapt4_interfaces/share/chapt4_interfaces/srv/FaceDetector.srv
[0.552s] -- Up-to-date: /home/admin/Documents/ROS2/C4.1/install/chapt4_interfaces/share/chapt4_interfaces/srv/FaceDetector_Request.msg
[0.552s] -- Up-to-date: /home/admin/Documents/ROS2/C4.1/install/chapt4_interfaces/share/chapt4_interfaces/srv/FaceDetector_Response.msg
[0.552s] -- Up-to-date: /home/admin/Documents/ROS2/C4.1/install/chapt4_interfaces/share/ament_index/resource_index/package_run_dependencies/chapt4_interfaces
[0.553s] -- Up-to-date: /home/admin/Documents/ROS2/C4.1/install/chapt4_interfaces/share/ament_index/resource_index/parent_prefix_path/chapt4_interfaces
[0.553s] -- Up-to-date: /home/admin/Documents/ROS2/C4.1/install/chapt4_interfaces/share/chapt4_interfaces/environment/ament_prefix_path.sh
[0.553s] -- Up-to-date: /home/admin/Documents/ROS2/C4.1/install/chapt4_interfaces/share/chapt4_interfaces/environment/ament_prefix_path.dsv
[0.553s] -- Up-to-date: /home/admin/Documents/ROS2/C4.1/install/chapt4_interfaces/share/chapt4_interfaces/environment/path.sh
[0.553s] -- Up-to-date: /home/admin/Documents/ROS2/C4.1/install/chapt4_interfaces/share/chapt4_interfaces/environment/path.dsv
[0.554s] -- Up-to-date: /home/admin/Documents/ROS2/C4.1/install/chapt4_interfaces/share/chapt4_interfaces/local_setup.bash
[0.554s] -- Up-to-date: /home/admin/Documents/ROS2/C4.1/install/chapt4_interfaces/share/chapt4_interfaces/local_setup.sh
[0.554s] -- Up-to-date: /home/admin/Documents/ROS2/C4.1/install/chapt4_interfaces/share/chapt4_interfaces/local_setup.zsh
[0.554s] -- Up-to-date: /home/admin/Documents/ROS2/C4.1/install/chapt4_interfaces/share/chapt4_interfaces/local_setup.dsv
[0.554s] -- Installing: /home/admin/Documents/ROS2/C4.1/install/chapt4_interfaces/share/chapt4_interfaces/package.dsv
[0.554s] -- Up-to-date: /home/admin/Documents/ROS2/C4.1/install/chapt4_interfaces/share/ament_index/resource_index/packages/chapt4_interfaces
[0.555s] -- Up-to-date: /home/admin/Documents/ROS2/C4.1/install/chapt4_interfaces/share/chapt4_interfaces/cmake/export_chapt4_interfaces__rosidl_generator_cExport.cmake
[0.555s] -- Up-to-date: /home/admin/Documents/ROS2/C4.1/install/chapt4_interfaces/share/chapt4_interfaces/cmake/export_chapt4_interfaces__rosidl_generator_cExport-noconfig.cmake
[0.555s] -- Up-to-date: /home/admin/Documents/ROS2/C4.1/install/chapt4_interfaces/share/chapt4_interfaces/cmake/export_chapt4_interfaces__rosidl_typesupport_fastrtps_cExport.cmake
[0.555s] -- Up-to-date: /home/admin/Documents/ROS2/C4.1/install/chapt4_interfaces/share/chapt4_interfaces/cmake/export_chapt4_interfaces__rosidl_typesupport_fastrtps_cExport-noconfig.cmake
[0.555s] -- Up-to-date: /home/admin/Documents/ROS2/C4.1/install/chapt4_interfaces/share/chapt4_interfaces/cmake/export_chapt4_interfaces__rosidl_generator_cppExport.cmake
[0.555s] -- Up-to-date: /home/admin/Documents/ROS2/C4.1/install/chapt4_interfaces/share/chapt4_interfaces/cmake/export_chapt4_interfaces__rosidl_typesupport_fastrtps_cppExport.cmake
[0.555s] -- Up-to-date: /home/admin/Documents/ROS2/C4.1/install/chapt4_interfaces/share/chapt4_interfaces/cmake/export_chapt4_interfaces__rosidl_typesupport_fastrtps_cppExport-noconfig.cmake
[0.555s] -- Up-to-date: /home/admin/Documents/ROS2/C4.1/install/chapt4_interfaces/share/chapt4_interfaces/cmake/chapt4_interfaces__rosidl_typesupport_introspection_cExport.cmake
[0.556s] -- Up-to-date: /home/admin/Documents/ROS2/C4.1/install/chapt4_interfaces/share/chapt4_interfaces/cmake/chapt4_interfaces__rosidl_typesupport_introspection_cExport-noconfig.cmake
[0.556s] -- Up-to-date: /home/admin/Documents/ROS2/C4.1/install/chapt4_interfaces/share/chapt4_interfaces/cmake/chapt4_interfaces__rosidl_typesupport_cExport.cmake
[0.557s] -- Up-to-date: /home/admin/Documents/ROS2/C4.1/install/chapt4_interfaces/share/chapt4_interfaces/cmake/chapt4_interfaces__rosidl_typesupport_cExport-noconfig.cmake
[0.558s] -- Up-to-date: /home/admin/Documents/ROS2/C4.1/install/chapt4_interfaces/share/chapt4_interfaces/cmake/chapt4_interfaces__rosidl_typesupport_introspection_cppExport.cmake
[0.558s] -- Up-to-date: /home/admin/Documents/ROS2/C4.1/install/chapt4_interfaces/share/chapt4_interfaces/cmake/chapt4_interfaces__rosidl_typesupport_introspection_cppExport-noconfig.cmake
[0.558s] -- Up-to-date: /home/admin/Documents/ROS2/C4.1/install/chapt4_interfaces/share/chapt4_interfaces/cmake/chapt4_interfaces__rosidl_typesupport_cppExport.cmake
[0.559s] -- Up-to-date: /home/admin/Documents/ROS2/C4.1/install/chapt4_interfaces/share/chapt4_interfaces/cmake/chapt4_interfaces__rosidl_typesupport_cppExport-noconfig.cmake
[0.559s] -- Up-to-date: /home/admin/Documents/ROS2/C4.1/install/chapt4_interfaces/share/chapt4_interfaces/cmake/export_chapt4_interfaces__rosidl_generator_pyExport.cmake
[0.559s] -- Up-to-date: /home/admin/Documents/ROS2/C4.1/install/chapt4_interfaces/share/chapt4_interfaces/cmake/export_chapt4_interfaces__rosidl_generator_pyExport-noconfig.cmake
[0.560s] -- Up-to-date: /home/admin/Documents/ROS2/C4.1/install/chapt4_interfaces/share/chapt4_interfaces/cmake/rosidl_cmake-extras.cmake
[0.560s] -- Up-to-date: /home/admin/Documents/ROS2/C4.1/install/chapt4_interfaces/share/chapt4_interfaces/cmake/ament_cmake_export_dependencies-extras.cmake
[0.561s] -- Up-to-date: /home/admin/Documents/ROS2/C4.1/install/chapt4_interfaces/share/chapt4_interfaces/cmake/ament_cmake_export_include_directories-extras.cmake
[0.561s] -- Up-to-date: /home/admin/Documents/ROS2/C4.1/install/chapt4_interfaces/share/chapt4_interfaces/cmake/ament_cmake_export_libraries-extras.cmake
[0.562s] -- Up-to-date: /home/admin/Documents/ROS2/C4.1/install/chapt4_interfaces/share/chapt4_interfaces/cmake/ament_cmake_export_targets-extras.cmake
[0.562s] -- Up-to-date: /home/admin/Documents/ROS2/C4.1/install/chapt4_interfaces/share/chapt4_interfaces/cmake/rosidl_cmake_export_typesupport_targets-extras.cmake
[0.562s] -- Up-to-date: /home/admin/Documents/ROS2/C4.1/install/chapt4_interfaces/share/chapt4_interfaces/cmake/rosidl_cmake_export_typesupport_libraries-extras.cmake
[0.563s] -- Up-to-date: /home/admin/Documents/ROS2/C4.1/install/chapt4_interfaces/share/chapt4_interfaces/cmake/chapt4_interfacesConfig.cmake
[0.564s] -- Up-to-date: /home/admin/Documents/ROS2/C4.1/install/chapt4_interfaces/share/chapt4_interfaces/cmake/chapt4_interfacesConfig-version.cmake
[0.564s] -- Up-to-date: /home/admin/Documents/ROS2/C4.1/install/chapt4_interfaces/share/chapt4_interfaces/package.xml
[0.565s] Invoked command in '/home/admin/Documents/ROS2/C4.1/build/chapt4_interfaces' returned '0': CMAKE_PREFIX_PATH=${CMAKE_PREFIX_PATH}:/home/admin/Documents/ROS2/C4.1/install/demo_python_service:/opt/ros/humble /usr/bin/cmake --install /home/admin/Documents/ROS2/C4.1/build/chapt4_interfaces
