[0.673s] Invoking command in '/home/admin/Documents/ROS2/C3_1/learn_top/src/demo_python_topic': PYTHONPATH=/home/admin/Documents/ROS2/C3_1/learn_top/build/demo_python_topic/prefix_override:/usr/lib/python3/dist-packages/colcon_core/task/python/colcon_distutils_commands:/home/admin/Documents/ROS2/C3_1/learn_top/install/demo_python_topic/lib/python3.10/site-packages:${PYTHONPATH} /usr/bin/python3 -W ignore:setup.py install is deprecated -W ignore:easy_install command is deprecated setup.py egg_info --egg-base ../../build/demo_python_topic build --build-base /home/admin/Documents/ROS2/C3_1/learn_top/build/demo_python_topic/build install --record /home/admin/Documents/ROS2/C3_1/learn_top/build/demo_python_topic/install.log --single-version-externally-managed install_data
[0.929s] running egg_info
[0.930s] creating ../../build/demo_python_topic/demo_python_topic.egg-info
[0.930s] writing ../../build/demo_python_topic/demo_python_topic.egg-info/PKG-INFO
[0.930s] writing dependency_links to ../../build/demo_python_topic/demo_python_topic.egg-info/dependency_links.txt
[0.930s] writing entry points to ../../build/demo_python_topic/demo_python_topic.egg-info/entry_points.txt
[0.931s] writing requirements to ../../build/demo_python_topic/demo_python_topic.egg-info/requires.txt
[0.931s] writing top-level names to ../../build/demo_python_topic/demo_python_topic.egg-info/top_level.txt
[0.931s] writing manifest file '../../build/demo_python_topic/demo_python_topic.egg-info/SOURCES.txt'
[0.932s] reading manifest file '../../build/demo_python_topic/demo_python_topic.egg-info/SOURCES.txt'
[0.933s] adding license file 'LICENSE'
[0.933s] writing manifest file '../../build/demo_python_topic/demo_python_topic.egg-info/SOURCES.txt'
[0.934s] running build
[0.934s] running build_py
[0.934s] creating /home/admin/Documents/ROS2/C3_1/learn_top/build/demo_python_topic/build
[0.934s] creating /home/admin/Documents/ROS2/C3_1/learn_top/build/demo_python_topic/build/lib
[0.934s] creating /home/admin/Documents/ROS2/C3_1/learn_top/build/demo_python_topic/build/lib/demo_python_topic
[0.934s] copying demo_python_topic/__init__.py -> /home/admin/Documents/ROS2/C3_1/learn_top/build/demo_python_topic/build/lib/demo_python_topic
[0.934s] running install
[0.935s] running install_lib
[0.936s] creating /home/admin/Documents/ROS2/C3_1/learn_top/install/demo_python_topic/lib/python3.10/site-packages/demo_python_topic
[0.936s] copying /home/admin/Documents/ROS2/C3_1/learn_top/build/demo_python_topic/build/lib/demo_python_topic/__init__.py -> /home/admin/Documents/ROS2/C3_1/learn_top/install/demo_python_topic/lib/python3.10/site-packages/demo_python_topic
[0.936s] byte-compiling /home/admin/Documents/ROS2/C3_1/learn_top/install/demo_python_topic/lib/python3.10/site-packages/demo_python_topic/__init__.py to __init__.cpython-310.pyc
[0.936s] running install_data
[0.937s] creating /home/admin/Documents/ROS2/C3_1/learn_top/install/demo_python_topic/share/ament_index
[0.937s] creating /home/admin/Documents/ROS2/C3_1/learn_top/install/demo_python_topic/share/ament_index/resource_index
[0.937s] creating /home/admin/Documents/ROS2/C3_1/learn_top/install/demo_python_topic/share/ament_index/resource_index/packages
[0.937s] copying resource/demo_python_topic -> /home/admin/Documents/ROS2/C3_1/learn_top/install/demo_python_topic/share/ament_index/resource_index/packages
[0.937s] copying package.xml -> /home/admin/Documents/ROS2/C3_1/learn_top/install/demo_python_topic/share/demo_python_topic
[0.937s] running install_egg_info
[0.939s] Copying ../../build/demo_python_topic/demo_python_topic.egg-info to /home/admin/Documents/ROS2/C3_1/learn_top/install/demo_python_topic/lib/python3.10/site-packages/demo_python_topic-0.0.0-py3.10.egg-info
[0.940s] running install_scripts
[0.962s] writing list of installed files to '/home/admin/Documents/ROS2/C3_1/learn_top/build/demo_python_topic/install.log'
[0.986s] Invoked command in '/home/admin/Documents/ROS2/C3_1/learn_top/src/demo_python_topic' returned '0': PYTHONPATH=/home/admin/Documents/ROS2/C3_1/learn_top/build/demo_python_topic/prefix_override:/usr/lib/python3/dist-packages/colcon_core/task/python/colcon_distutils_commands:/home/admin/Documents/ROS2/C3_1/learn_top/install/demo_python_topic/lib/python3.10/site-packages:${PYTHONPATH} /usr/bin/python3 -W ignore:setup.py install is deprecated -W ignore:easy_install command is deprecated setup.py egg_info --egg-base ../../build/demo_python_topic build --build-base /home/admin/Documents/ROS2/C3_1/learn_top/build/demo_python_topic/build install --record /home/admin/Documents/ROS2/C3_1/learn_top/build/demo_python_topic/install.log --single-version-externally-managed install_data
