[0.013s] Invoking command in '/home/admin/Documents/ROS2/C3_4/build/status_interfaces': CMAKE_PREFIX_PATH=${CMAKE_PREFIX_PATH}:/home/admin/Documents/ROS2/C3_4/install/status_publisher:/opt/ros/humble /usr/bin/cmake --build /home/admin/Documents/ROS2/C3_4/build/status_interfaces -- -j8 -l8
[0.079s] [  9%] Built target status_interfaces__rosidl_generator_c
[0.080s] [ 12%] Built target status_interfaces__cpp
[0.092s] [ 12%] Built target ament_cmake_python_copy_status_interfaces
[0.105s] [ 22%] Built target status_interfaces__rosidl_typesupport_c
[0.111s] [ 45%] Built target status_interfaces__rosidl_typesupport_cpp
[0.111s] [ 51%] Built target status_interfaces__rosidl_typesupport_introspection_c
[0.111s] [ 51%] Built target status_interfaces__rosidl_typesupport_fastrtps_c
[0.113s] [ 61%] Built target status_interfaces__rosidl_typesupport_fastrtps_cpp
[0.116s] [ 70%] Built target status_interfaces__rosidl_typesupport_introspection_cpp
[0.143s] [ 70%] Built target status_interfaces
[0.167s] [ 74%] Built target status_interfaces__py
[0.188s] [ 80%] Built target status_interfaces__rosidl_generator_py
[0.215s] [ 87%] Built target status_interfaces__rosidl_typesupport_c__pyext
[0.218s] [ 93%] Built target status_interfaces__rosidl_typesupport_fastrtps_c__pyext
[0.242s] [100%] Built target status_interfaces__rosidl_typesupport_introspection_c__pyext
[0.417s] running egg_info
[0.418s] writing status_interfaces.egg-info/PKG-INFO
[0.418s] writing dependency_links to status_interfaces.egg-info/dependency_links.txt
[0.418s] writing top-level names to status_interfaces.egg-info/top_level.txt
[0.421s] reading manifest file 'status_interfaces.egg-info/SOURCES.txt'
[0.422s] writing manifest file 'status_interfaces.egg-info/SOURCES.txt'
[0.460s] [100%] Built target ament_cmake_python_build_status_interfaces_egg
[0.477s] Invoked command in '/home/admin/Documents/ROS2/C3_4/build/status_interfaces' returned '0': CMAKE_PREFIX_PATH=${CMAKE_PREFIX_PATH}:/home/admin/Documents/ROS2/C3_4/install/status_publisher:/opt/ros/humble /usr/bin/cmake --build /home/admin/Documents/ROS2/C3_4/build/status_interfaces -- -j8 -l8
[0.488s] Invoking command in '/home/admin/Documents/ROS2/C3_4/build/status_interfaces': CMAKE_PREFIX_PATH=${CMAKE_PREFIX_PATH}:/home/admin/Documents/ROS2/C3_4/install/status_publisher:/opt/ros/humble /usr/bin/cmake --install /home/admin/Documents/ROS2/C3_4/build/status_interfaces
[0.496s] -- Install configuration: ""
[0.497s] -- Up-to-date: /home/admin/Documents/ROS2/C3_4/install/status_interfaces/share/ament_index/resource_index/rosidl_interfaces/status_interfaces
[0.497s] -- Up-to-date: /home/admin/Documents/ROS2/C3_4/install/status_interfaces/include/status_interfaces/status_interfaces
[0.497s] -- Up-to-date: /home/admin/Documents/ROS2/C3_4/install/status_interfaces/include/status_interfaces/status_interfaces/msg
[0.497s] -- Up-to-date: /home/admin/Documents/ROS2/C3_4/install/status_interfaces/include/status_interfaces/status_interfaces/msg/rosidl_generator_c__visibility_control.h
[0.497s] -- Up-to-date: /home/admin/Documents/ROS2/C3_4/install/status_interfaces/include/status_interfaces/status_interfaces/msg/detail
[0.498s] -- Up-to-date: /home/admin/Documents/ROS2/C3_4/install/status_interfaces/include/status_interfaces/status_interfaces/msg/detail/system_status__functions.c
[0.498s] -- Up-to-date: /home/admin/Documents/ROS2/C3_4/install/status_interfaces/include/status_interfaces/status_interfaces/msg/detail/system_status__functions.h
[0.498s] -- Up-to-date: /home/admin/Documents/ROS2/C3_4/install/status_interfaces/include/status_interfaces/status_interfaces/msg/detail/system_status__struct.h
[0.498s] -- Up-to-date: /home/admin/Documents/ROS2/C3_4/install/status_interfaces/include/status_interfaces/status_interfaces/msg/detail/system_status__type_support.h
[0.498s] -- Up-to-date: /home/admin/Documents/ROS2/C3_4/install/status_interfaces/include/status_interfaces/status_interfaces/msg/system_status.h
[0.498s] -- Up-to-date: /home/admin/Documents/ROS2/C3_4/install/status_interfaces/share/status_interfaces/environment/library_path.sh
[0.498s] -- Up-to-date: /home/admin/Documents/ROS2/C3_4/install/status_interfaces/share/status_interfaces/environment/library_path.dsv
[0.498s] -- Up-to-date: /home/admin/Documents/ROS2/C3_4/install/status_interfaces/lib/libstatus_interfaces__rosidl_generator_c.so
[0.498s] -- Up-to-date: /home/admin/Documents/ROS2/C3_4/install/status_interfaces/include/status_interfaces/status_interfaces
[0.499s] -- Up-to-date: /home/admin/Documents/ROS2/C3_4/install/status_interfaces/include/status_interfaces/status_interfaces/msg
[0.499s] -- Up-to-date: /home/admin/Documents/ROS2/C3_4/install/status_interfaces/include/status_interfaces/status_interfaces/msg/detail
[0.499s] -- Up-to-date: /home/admin/Documents/ROS2/C3_4/install/status_interfaces/include/status_interfaces/status_interfaces/msg/detail/system_status__rosidl_typesupport_fastrtps_c.h
[0.499s] -- Up-to-date: /home/admin/Documents/ROS2/C3_4/install/status_interfaces/include/status_interfaces/status_interfaces/msg/rosidl_typesupport_fastrtps_c__visibility_control.h
[0.499s] -- Up-to-date: /home/admin/Documents/ROS2/C3_4/install/status_interfaces/lib/libstatus_interfaces__rosidl_typesupport_fastrtps_c.so
[0.499s] -- Up-to-date: /home/admin/Documents/ROS2/C3_4/install/status_interfaces/include/status_interfaces/status_interfaces
[0.499s] -- Up-to-date: /home/admin/Documents/ROS2/C3_4/install/status_interfaces/include/status_interfaces/status_interfaces/msg
[0.499s] -- Up-to-date: /home/admin/Documents/ROS2/C3_4/install/status_interfaces/include/status_interfaces/status_interfaces/msg/rosidl_generator_cpp__visibility_control.hpp
[0.499s] -- Up-to-date: /home/admin/Documents/ROS2/C3_4/install/status_interfaces/include/status_interfaces/status_interfaces/msg/detail
[0.499s] -- Up-to-date: /home/admin/Documents/ROS2/C3_4/install/status_interfaces/include/status_interfaces/status_interfaces/msg/detail/system_status__traits.hpp
[0.500s] -- Up-to-date: /home/admin/Documents/ROS2/C3_4/install/status_interfaces/include/status_interfaces/status_interfaces/msg/detail/system_status__type_support.hpp
[0.500s] -- Up-to-date: /home/admin/Documents/ROS2/C3_4/install/status_interfaces/include/status_interfaces/status_interfaces/msg/detail/system_status__builder.hpp
[0.500s] -- Up-to-date: /home/admin/Documents/ROS2/C3_4/install/status_interfaces/include/status_interfaces/status_interfaces/msg/detail/system_status__struct.hpp
[0.500s] -- Up-to-date: /home/admin/Documents/ROS2/C3_4/install/status_interfaces/include/status_interfaces/status_interfaces/msg/system_status.hpp
[0.500s] -- Up-to-date: /home/admin/Documents/ROS2/C3_4/install/status_interfaces/include/status_interfaces/status_interfaces
[0.500s] -- Up-to-date: /home/admin/Documents/ROS2/C3_4/install/status_interfaces/include/status_interfaces/status_interfaces/msg
[0.500s] -- Up-to-date: /home/admin/Documents/ROS2/C3_4/install/status_interfaces/include/status_interfaces/status_interfaces/msg/detail
[0.500s] -- Up-to-date: /home/admin/Documents/ROS2/C3_4/install/status_interfaces/include/status_interfaces/status_interfaces/msg/detail/system_status__rosidl_typesupport_fastrtps_cpp.hpp
[0.501s] -- Up-to-date: /home/admin/Documents/ROS2/C3_4/install/status_interfaces/include/status_interfaces/status_interfaces/msg/detail/dds_fastrtps
[0.501s] -- Up-to-date: /home/admin/Documents/ROS2/C3_4/install/status_interfaces/include/status_interfaces/status_interfaces/msg/rosidl_typesupport_fastrtps_cpp__visibility_control.h
[0.501s] -- Up-to-date: /home/admin/Documents/ROS2/C3_4/install/status_interfaces/lib/libstatus_interfaces__rosidl_typesupport_fastrtps_cpp.so
[0.501s] -- Up-to-date: /home/admin/Documents/ROS2/C3_4/install/status_interfaces/include/status_interfaces/status_interfaces
[0.501s] -- Up-to-date: /home/admin/Documents/ROS2/C3_4/install/status_interfaces/include/status_interfaces/status_interfaces/msg
[0.501s] -- Up-to-date: /home/admin/Documents/ROS2/C3_4/install/status_interfaces/include/status_interfaces/status_interfaces/msg/rosidl_typesupport_introspection_c__visibility_control.h
[0.501s] -- Up-to-date: /home/admin/Documents/ROS2/C3_4/install/status_interfaces/include/status_interfaces/status_interfaces/msg/detail
[0.501s] -- Up-to-date: /home/admin/Documents/ROS2/C3_4/install/status_interfaces/include/status_interfaces/status_interfaces/msg/detail/system_status__rosidl_typesupport_introspection_c.h
[0.502s] -- Up-to-date: /home/admin/Documents/ROS2/C3_4/install/status_interfaces/include/status_interfaces/status_interfaces/msg/detail/system_status__type_support.c
[0.502s] -- Up-to-date: /home/admin/Documents/ROS2/C3_4/install/status_interfaces/lib/libstatus_interfaces__rosidl_typesupport_introspection_c.so
[0.502s] -- Up-to-date: /home/admin/Documents/ROS2/C3_4/install/status_interfaces/lib/libstatus_interfaces__rosidl_typesupport_c.so
[0.502s] -- Up-to-date: /home/admin/Documents/ROS2/C3_4/install/status_interfaces/include/status_interfaces/status_interfaces
[0.502s] -- Up-to-date: /home/admin/Documents/ROS2/C3_4/install/status_interfaces/include/status_interfaces/status_interfaces/msg
[0.502s] -- Up-to-date: /home/admin/Documents/ROS2/C3_4/install/status_interfaces/include/status_interfaces/status_interfaces/msg/detail
[0.502s] -- Up-to-date: /home/admin/Documents/ROS2/C3_4/install/status_interfaces/include/status_interfaces/status_interfaces/msg/detail/system_status__type_support.cpp
[0.503s] -- Up-to-date: /home/admin/Documents/ROS2/C3_4/install/status_interfaces/include/status_interfaces/status_interfaces/msg/detail/system_status__rosidl_typesupport_introspection_cpp.hpp
[0.503s] -- Up-to-date: /home/admin/Documents/ROS2/C3_4/install/status_interfaces/lib/libstatus_interfaces__rosidl_typesupport_introspection_cpp.so
[0.503s] -- Up-to-date: /home/admin/Documents/ROS2/C3_4/install/status_interfaces/lib/libstatus_interfaces__rosidl_typesupport_cpp.so
[0.503s] -- Up-to-date: /home/admin/Documents/ROS2/C3_4/install/status_interfaces/share/status_interfaces/environment/pythonpath.sh
[0.503s] -- Up-to-date: /home/admin/Documents/ROS2/C3_4/install/status_interfaces/share/status_interfaces/environment/pythonpath.dsv
[0.503s] -- Up-to-date: /home/admin/Documents/ROS2/C3_4/install/status_interfaces/local/lib/python3.10/dist-packages/status_interfaces-0.0.0-py3.10.egg-info
[0.503s] -- Installing: /home/admin/Documents/ROS2/C3_4/install/status_interfaces/local/lib/python3.10/dist-packages/status_interfaces-0.0.0-py3.10.egg-info/dependency_links.txt
[0.503s] -- Installing: /home/admin/Documents/ROS2/C3_4/install/status_interfaces/local/lib/python3.10/dist-packages/status_interfaces-0.0.0-py3.10.egg-info/SOURCES.txt
[0.503s] -- Installing: /home/admin/Documents/ROS2/C3_4/install/status_interfaces/local/lib/python3.10/dist-packages/status_interfaces-0.0.0-py3.10.egg-info/top_level.txt
[0.503s] -- Installing: /home/admin/Documents/ROS2/C3_4/install/status_interfaces/local/lib/python3.10/dist-packages/status_interfaces-0.0.0-py3.10.egg-info/PKG-INFO
[0.503s] -- Up-to-date: /home/admin/Documents/ROS2/C3_4/install/status_interfaces/local/lib/python3.10/dist-packages/status_interfaces
[0.503s] -- Up-to-date: /home/admin/Documents/ROS2/C3_4/install/status_interfaces/local/lib/python3.10/dist-packages/status_interfaces/_status_interfaces_s.ep.rosidl_typesupport_introspection_c.c
[0.503s] -- Up-to-date: /home/admin/Documents/ROS2/C3_4/install/status_interfaces/local/lib/python3.10/dist-packages/status_interfaces/status_interfaces_s__rosidl_typesupport_introspection_c.cpython-310-x86_64-linux-gnu.so
[0.504s] -- Up-to-date: /home/admin/Documents/ROS2/C3_4/install/status_interfaces/local/lib/python3.10/dist-packages/status_interfaces/status_interfaces_s__rosidl_typesupport_c.cpython-310-x86_64-linux-gnu.so
[0.504s] -- Up-to-date: /home/admin/Documents/ROS2/C3_4/install/status_interfaces/local/lib/python3.10/dist-packages/status_interfaces/_status_interfaces_s.ep.rosidl_typesupport_fastrtps_c.c
[0.504s] -- Up-to-date: /home/admin/Documents/ROS2/C3_4/install/status_interfaces/local/lib/python3.10/dist-packages/status_interfaces/_status_interfaces_s.ep.rosidl_typesupport_c.c
[0.504s] -- Up-to-date: /home/admin/Documents/ROS2/C3_4/install/status_interfaces/local/lib/python3.10/dist-packages/status_interfaces/status_interfaces_s__rosidl_typesupport_fastrtps_c.cpython-310-x86_64-linux-gnu.so
[0.504s] -- Up-to-date: /home/admin/Documents/ROS2/C3_4/install/status_interfaces/local/lib/python3.10/dist-packages/status_interfaces/__init__.py
[0.504s] -- Up-to-date: /home/admin/Documents/ROS2/C3_4/install/status_interfaces/local/lib/python3.10/dist-packages/status_interfaces/msg
[0.504s] -- Up-to-date: /home/admin/Documents/ROS2/C3_4/install/status_interfaces/local/lib/python3.10/dist-packages/status_interfaces/msg/__init__.py
[0.504s] -- Up-to-date: /home/admin/Documents/ROS2/C3_4/install/status_interfaces/local/lib/python3.10/dist-packages/status_interfaces/msg/_system_status_s.c
[0.504s] -- Up-to-date: /home/admin/Documents/ROS2/C3_4/install/status_interfaces/local/lib/python3.10/dist-packages/status_interfaces/msg/_system_status.py
[0.504s] -- Up-to-date: /home/admin/Documents/ROS2/C3_4/install/status_interfaces/local/lib/python3.10/dist-packages/status_interfaces/libstatus_interfaces__rosidl_generator_py.so
[0.542s] Listing '/home/admin/Documents/ROS2/C3_4/install/status_interfaces/local/lib/python3.10/dist-packages/status_interfaces'...
[0.542s] Listing '/home/admin/Documents/ROS2/C3_4/install/status_interfaces/local/lib/python3.10/dist-packages/status_interfaces/msg'...
[0.548s] -- Up-to-date: /home/admin/Documents/ROS2/C3_4/install/status_interfaces/local/lib/python3.10/dist-packages/status_interfaces/status_interfaces_s__rosidl_typesupport_fastrtps_c.cpython-310-x86_64-linux-gnu.so
[0.549s] -- Up-to-date: /home/admin/Documents/ROS2/C3_4/install/status_interfaces/local/lib/python3.10/dist-packages/status_interfaces/status_interfaces_s__rosidl_typesupport_introspection_c.cpython-310-x86_64-linux-gnu.so
[0.549s] -- Up-to-date: /home/admin/Documents/ROS2/C3_4/install/status_interfaces/local/lib/python3.10/dist-packages/status_interfaces/status_interfaces_s__rosidl_typesupport_c.cpython-310-x86_64-linux-gnu.so
[0.550s] -- Up-to-date: /home/admin/Documents/ROS2/C3_4/install/status_interfaces/lib/libstatus_interfaces__rosidl_generator_py.so
[0.550s] -- Up-to-date: /home/admin/Documents/ROS2/C3_4/install/status_interfaces/share/status_interfaces/msg/SystemStatus.idl
[0.550s] -- Up-to-date: /home/admin/Documents/ROS2/C3_4/install/status_interfaces/share/status_interfaces/msg/SystemStatus.msg
[0.550s] -- Up-to-date: /home/admin/Documents/ROS2/C3_4/install/status_interfaces/share/ament_index/resource_index/package_run_dependencies/status_interfaces
[0.550s] -- Up-to-date: /home/admin/Documents/ROS2/C3_4/install/status_interfaces/share/ament_index/resource_index/parent_prefix_path/status_interfaces
[0.551s] -- Up-to-date: /home/admin/Documents/ROS2/C3_4/install/status_interfaces/share/status_interfaces/environment/ament_prefix_path.sh
[0.551s] -- Up-to-date: /home/admin/Documents/ROS2/C3_4/install/status_interfaces/share/status_interfaces/environment/ament_prefix_path.dsv
[0.551s] -- Up-to-date: /home/admin/Documents/ROS2/C3_4/install/status_interfaces/share/status_interfaces/environment/path.sh
[0.551s] -- Up-to-date: /home/admin/Documents/ROS2/C3_4/install/status_interfaces/share/status_interfaces/environment/path.dsv
[0.551s] -- Up-to-date: /home/admin/Documents/ROS2/C3_4/install/status_interfaces/share/status_interfaces/local_setup.bash
[0.551s] -- Up-to-date: /home/admin/Documents/ROS2/C3_4/install/status_interfaces/share/status_interfaces/local_setup.sh
[0.551s] -- Up-to-date: /home/admin/Documents/ROS2/C3_4/install/status_interfaces/share/status_interfaces/local_setup.zsh
[0.552s] -- Up-to-date: /home/admin/Documents/ROS2/C3_4/install/status_interfaces/share/status_interfaces/local_setup.dsv
[0.552s] -- Installing: /home/admin/Documents/ROS2/C3_4/install/status_interfaces/share/status_interfaces/package.dsv
[0.552s] -- Up-to-date: /home/admin/Documents/ROS2/C3_4/install/status_interfaces/share/ament_index/resource_index/packages/status_interfaces
[0.552s] -- Up-to-date: /home/admin/Documents/ROS2/C3_4/install/status_interfaces/share/status_interfaces/cmake/export_status_interfaces__rosidl_generator_cExport.cmake
[0.552s] -- Up-to-date: /home/admin/Documents/ROS2/C3_4/install/status_interfaces/share/status_interfaces/cmake/export_status_interfaces__rosidl_generator_cExport-noconfig.cmake
[0.552s] -- Up-to-date: /home/admin/Documents/ROS2/C3_4/install/status_interfaces/share/status_interfaces/cmake/export_status_interfaces__rosidl_typesupport_fastrtps_cExport.cmake
[0.552s] -- Up-to-date: /home/admin/Documents/ROS2/C3_4/install/status_interfaces/share/status_interfaces/cmake/export_status_interfaces__rosidl_typesupport_fastrtps_cExport-noconfig.cmake
[0.553s] -- Up-to-date: /home/admin/Documents/ROS2/C3_4/install/status_interfaces/share/status_interfaces/cmake/export_status_interfaces__rosidl_generator_cppExport.cmake
[0.553s] -- Up-to-date: /home/admin/Documents/ROS2/C3_4/install/status_interfaces/share/status_interfaces/cmake/export_status_interfaces__rosidl_typesupport_fastrtps_cppExport.cmake
[0.553s] -- Up-to-date: /home/admin/Documents/ROS2/C3_4/install/status_interfaces/share/status_interfaces/cmake/export_status_interfaces__rosidl_typesupport_fastrtps_cppExport-noconfig.cmake
[0.553s] -- Up-to-date: /home/admin/Documents/ROS2/C3_4/install/status_interfaces/share/status_interfaces/cmake/status_interfaces__rosidl_typesupport_introspection_cExport.cmake
[0.553s] -- Up-to-date: /home/admin/Documents/ROS2/C3_4/install/status_interfaces/share/status_interfaces/cmake/status_interfaces__rosidl_typesupport_introspection_cExport-noconfig.cmake
[0.553s] -- Up-to-date: /home/admin/Documents/ROS2/C3_4/install/status_interfaces/share/status_interfaces/cmake/status_interfaces__rosidl_typesupport_cExport.cmake
[0.553s] -- Up-to-date: /home/admin/Documents/ROS2/C3_4/install/status_interfaces/share/status_interfaces/cmake/status_interfaces__rosidl_typesupport_cExport-noconfig.cmake
[0.553s] -- Up-to-date: /home/admin/Documents/ROS2/C3_4/install/status_interfaces/share/status_interfaces/cmake/status_interfaces__rosidl_typesupport_introspection_cppExport.cmake
[0.554s] -- Up-to-date: /home/admin/Documents/ROS2/C3_4/install/status_interfaces/share/status_interfaces/cmake/status_interfaces__rosidl_typesupport_introspection_cppExport-noconfig.cmake
[0.554s] -- Up-to-date: /home/admin/Documents/ROS2/C3_4/install/status_interfaces/share/status_interfaces/cmake/status_interfaces__rosidl_typesupport_cppExport.cmake
[0.554s] -- Up-to-date: /home/admin/Documents/ROS2/C3_4/install/status_interfaces/share/status_interfaces/cmake/status_interfaces__rosidl_typesupport_cppExport-noconfig.cmake
[0.554s] -- Up-to-date: /home/admin/Documents/ROS2/C3_4/install/status_interfaces/share/status_interfaces/cmake/export_status_interfaces__rosidl_generator_pyExport.cmake
[0.554s] -- Up-to-date: /home/admin/Documents/ROS2/C3_4/install/status_interfaces/share/status_interfaces/cmake/export_status_interfaces__rosidl_generator_pyExport-noconfig.cmake
[0.554s] -- Up-to-date: /home/admin/Documents/ROS2/C3_4/install/status_interfaces/share/status_interfaces/cmake/rosidl_cmake-extras.cmake
[0.554s] -- Up-to-date: /home/admin/Documents/ROS2/C3_4/install/status_interfaces/share/status_interfaces/cmake/ament_cmake_export_dependencies-extras.cmake
[0.554s] -- Up-to-date: /home/admin/Documents/ROS2/C3_4/install/status_interfaces/share/status_interfaces/cmake/ament_cmake_export_include_directories-extras.cmake
[0.554s] -- Up-to-date: /home/admin/Documents/ROS2/C3_4/install/status_interfaces/share/status_interfaces/cmake/ament_cmake_export_libraries-extras.cmake
[0.554s] -- Up-to-date: /home/admin/Documents/ROS2/C3_4/install/status_interfaces/share/status_interfaces/cmake/ament_cmake_export_targets-extras.cmake
[0.555s] -- Up-to-date: /home/admin/Documents/ROS2/C3_4/install/status_interfaces/share/status_interfaces/cmake/rosidl_cmake_export_typesupport_targets-extras.cmake
[0.555s] -- Up-to-date: /home/admin/Documents/ROS2/C3_4/install/status_interfaces/share/status_interfaces/cmake/rosidl_cmake_export_typesupport_libraries-extras.cmake
[0.555s] -- Up-to-date: /home/admin/Documents/ROS2/C3_4/install/status_interfaces/share/status_interfaces/cmake/status_interfacesConfig.cmake
[0.555s] -- Up-to-date: /home/admin/Documents/ROS2/C3_4/install/status_interfaces/share/status_interfaces/cmake/status_interfacesConfig-version.cmake
[0.555s] -- Up-to-date: /home/admin/Documents/ROS2/C3_4/install/status_interfaces/share/status_interfaces/package.xml
[0.573s] Invoked command in '/home/admin/Documents/ROS2/C3_4/build/status_interfaces' returned '0': CMAKE_PREFIX_PATH=${CMAKE_PREFIX_PATH}:/home/admin/Documents/ROS2/C3_4/install/status_publisher:/opt/ros/humble /usr/bin/cmake --install /home/admin/Documents/ROS2/C3_4/build/status_interfaces
