[0.108s] DEBUG:colcon:Command line arguments: ['/usr/bin/colcon', 'build']
[0.108s] DEBUG:colcon:Parsed command line arguments: Namespace(log_base=None, log_level=None, verb_name='build', build_base='build', install_base='install', merge_install=False, symlink_install=False, test_result_base=None, continue_on_error=False, executor='parallel', parallel_workers=8, event_handlers=None, ignore_user_meta=False, metas=['./colcon.meta'], base_paths=['.'], packages_ignore=None, packages_ignore_regex=None, paths=None, packages_up_to=None, packages_up_to_regex=None, packages_above=None, packages_above_and_dependencies=None, packages_above_depth=None, packages_select_by_dep=None, packages_skip_by_dep=None, packages_skip_up_to=None, packages_select_build_failed=False, packages_skip_build_finished=False, packages_select_test_failures=False, packages_skip_test_passed=False, packages_select=None, packages_skip=None, packages_select_regex=None, packages_skip_regex=None, packages_start=None, packages_end=None, allow_overriding=[], cmake_args=None, cmake_target=None, cmake_target_skip_unavailable=False, cmake_clean_cache=False, cmake_clean_first=False, cmake_force_configure=False, ament_cmake_args=None, catkin_cmake_args=None, catkin_skip_building_tests=False, verb_parser=<colcon_defaults.argument_parser.defaults.DefaultArgumentsDecorator object at 0x7f6f4c99fd30>, verb_extension=<colcon_core.verb.build.BuildVerb object at 0x7f6f4cad5030>, main=<bound method BuildVerb.main of <colcon_core.verb.build.BuildVerb object at 0x7f6f4cad5030>>)
[0.279s] Level 1:colcon.colcon_core.package_discovery:discover_packages(colcon_meta) check parameters
[0.279s] Level 1:colcon.colcon_core.package_discovery:discover_packages(recursive) check parameters
[0.279s] Level 1:colcon.colcon_core.package_discovery:discover_packages(ignore) check parameters
[0.279s] Level 1:colcon.colcon_core.package_discovery:discover_packages(path) check parameters
[0.279s] Level 1:colcon.colcon_core.package_discovery:discover_packages(colcon_meta) discover
[0.279s] Level 1:colcon.colcon_core.package_discovery:discover_packages(recursive) discover
[0.279s] INFO:colcon.colcon_core.package_discovery:Crawling recursively for packages in '/home/admin/Documents/ROS2/C2_3'
[0.279s] Level 1:colcon.colcon_core.package_identification:_identify(.) by extensions ['ignore', 'ignore_ament_install']
[0.279s] Level 1:colcon.colcon_core.package_identification:_identify(.) by extension 'ignore'
[0.279s] Level 1:colcon.colcon_core.package_identification:_identify(.) by extension 'ignore_ament_install'
[0.279s] Level 1:colcon.colcon_core.package_identification:_identify(.) by extensions ['colcon_pkg']
[0.279s] Level 1:colcon.colcon_core.package_identification:_identify(.) by extension 'colcon_pkg'
[0.279s] Level 1:colcon.colcon_core.package_identification:_identify(.) by extensions ['colcon_meta']
[0.279s] Level 1:colcon.colcon_core.package_identification:_identify(.) by extension 'colcon_meta'
[0.279s] Level 1:colcon.colcon_core.package_identification:_identify(.) by extensions ['ros']
[0.279s] Level 1:colcon.colcon_core.package_identification:_identify(.) by extension 'ros'
[0.291s] Level 1:colcon.colcon_core.package_identification:_identify(.) by extensions ['cmake', 'python']
[0.291s] Level 1:colcon.colcon_core.package_identification:_identify(.) by extension 'cmake'
[0.291s] Level 1:colcon.colcon_core.package_identification:_identify(.) by extension 'python'
[0.291s] Level 1:colcon.colcon_core.package_identification:_identify(.) by extensions ['python_setup_py']
[0.291s] Level 1:colcon.colcon_core.package_identification:_identify(.) by extension 'python_setup_py'
[0.291s] Level 1:colcon.colcon_core.package_identification:_identify(build) by extensions ['ignore', 'ignore_ament_install']
[0.292s] Level 1:colcon.colcon_core.package_identification:_identify(build) by extension 'ignore'
[0.292s] Level 1:colcon.colcon_core.package_identification:_identify(build) ignored
[0.292s] Level 1:colcon.colcon_core.package_identification:_identify(install) by extensions ['ignore', 'ignore_ament_install']
[0.292s] Level 1:colcon.colcon_core.package_identification:_identify(install) by extension 'ignore'
[0.292s] Level 1:colcon.colcon_core.package_identification:_identify(install) ignored
[0.292s] Level 1:colcon.colcon_core.package_identification:_identify(log) by extensions ['ignore', 'ignore_ament_install']
[0.292s] Level 1:colcon.colcon_core.package_identification:_identify(log) by extension 'ignore'
[0.292s] Level 1:colcon.colcon_core.package_identification:_identify(log) ignored
[0.292s] Level 1:colcon.colcon_core.package_identification:_identify(src) by extensions ['ignore', 'ignore_ament_install']
[0.292s] Level 1:colcon.colcon_core.package_identification:_identify(src) by extension 'ignore'
[0.292s] Level 1:colcon.colcon_core.package_identification:_identify(src) by extension 'ignore_ament_install'
[0.292s] Level 1:colcon.colcon_core.package_identification:_identify(src) by extensions ['colcon_pkg']
[0.292s] Level 1:colcon.colcon_core.package_identification:_identify(src) by extension 'colcon_pkg'
[0.292s] Level 1:colcon.colcon_core.package_identification:_identify(src) by extensions ['colcon_meta']
[0.292s] Level 1:colcon.colcon_core.package_identification:_identify(src) by extension 'colcon_meta'
[0.292s] Level 1:colcon.colcon_core.package_identification:_identify(src) by extensions ['ros']
[0.292s] Level 1:colcon.colcon_core.package_identification:_identify(src) by extension 'ros'
[0.293s] Level 1:colcon.colcon_core.package_identification:_identify(src) by extensions ['cmake', 'python']
[0.293s] Level 1:colcon.colcon_core.package_identification:_identify(src) by extension 'cmake'
[0.293s] Level 1:colcon.colcon_core.package_identification:_identify(src) by extension 'python'
[0.293s] Level 1:colcon.colcon_core.package_identification:_identify(src) by extensions ['python_setup_py']
[0.293s] Level 1:colcon.colcon_core.package_identification:_identify(src) by extension 'python_setup_py'
[0.293s] Level 1:colcon.colcon_core.package_identification:_identify(src/demo_cpp) by extensions ['ignore', 'ignore_ament_install']
[0.293s] Level 1:colcon.colcon_core.package_identification:_identify(src/demo_cpp) by extension 'ignore'
[0.293s] Level 1:colcon.colcon_core.package_identification:_identify(src/demo_cpp) by extension 'ignore_ament_install'
[0.293s] Level 1:colcon.colcon_core.package_identification:_identify(src/demo_cpp) by extensions ['colcon_pkg']
[0.293s] Level 1:colcon.colcon_core.package_identification:_identify(src/demo_cpp) by extension 'colcon_pkg'
[0.293s] Level 1:colcon.colcon_core.package_identification:_identify(src/demo_cpp) by extensions ['colcon_meta']
[0.293s] Level 1:colcon.colcon_core.package_identification:_identify(src/demo_cpp) by extension 'colcon_meta'
[0.293s] Level 1:colcon.colcon_core.package_identification:_identify(src/demo_cpp) by extensions ['ros']
[0.293s] Level 1:colcon.colcon_core.package_identification:_identify(src/demo_cpp) by extension 'ros'
[0.296s] DEBUG:colcon.colcon_core.package_identification:Package 'src/demo_cpp' with type 'ros.ament_cmake' and name 'demo_cpp'
[0.296s] Level 1:colcon.colcon_core.package_identification:_identify(src/python_src) by extensions ['ignore', 'ignore_ament_install']
[0.296s] Level 1:colcon.colcon_core.package_identification:_identify(src/python_src) by extension 'ignore'
[0.296s] Level 1:colcon.colcon_core.package_identification:_identify(src/python_src) by extension 'ignore_ament_install'
[0.296s] Level 1:colcon.colcon_core.package_identification:_identify(src/python_src) by extensions ['colcon_pkg']
[0.296s] Level 1:colcon.colcon_core.package_identification:_identify(src/python_src) by extension 'colcon_pkg'
[0.296s] Level 1:colcon.colcon_core.package_identification:_identify(src/python_src) by extensions ['colcon_meta']
[0.296s] Level 1:colcon.colcon_core.package_identification:_identify(src/python_src) by extension 'colcon_meta'
[0.296s] Level 1:colcon.colcon_core.package_identification:_identify(src/python_src) by extensions ['ros']
[0.296s] Level 1:colcon.colcon_core.package_identification:_identify(src/python_src) by extension 'ros'
[0.296s] Level 1:colcon.colcon_core.package_identification:_identify(src/python_src) by extensions ['cmake', 'python']
[0.296s] Level 1:colcon.colcon_core.package_identification:_identify(src/python_src) by extension 'cmake'
[0.296s] Level 1:colcon.colcon_core.package_identification:_identify(src/python_src) by extension 'python'
[0.296s] Level 1:colcon.colcon_core.package_identification:_identify(src/python_src) by extensions ['python_setup_py']
[0.296s] Level 1:colcon.colcon_core.package_identification:_identify(src/python_src) by extension 'python_setup_py'
[0.296s] Level 1:colcon.colcon_core.package_identification:_identify(src/python_src/build) by extensions ['ignore', 'ignore_ament_install']
[0.297s] Level 1:colcon.colcon_core.package_identification:_identify(src/python_src/build) by extension 'ignore'
[0.297s] Level 1:colcon.colcon_core.package_identification:_identify(src/python_src/build) ignored
[0.297s] Level 1:colcon.colcon_core.package_identification:_identify(src/python_src/demo_python_pkg) by extensions ['ignore', 'ignore_ament_install']
[0.297s] Level 1:colcon.colcon_core.package_identification:_identify(src/python_src/demo_python_pkg) by extension 'ignore'
[0.297s] Level 1:colcon.colcon_core.package_identification:_identify(src/python_src/demo_python_pkg) by extension 'ignore_ament_install'
[0.297s] Level 1:colcon.colcon_core.package_identification:_identify(src/python_src/demo_python_pkg) by extensions ['colcon_pkg']
[0.297s] Level 1:colcon.colcon_core.package_identification:_identify(src/python_src/demo_python_pkg) by extension 'colcon_pkg'
[0.297s] Level 1:colcon.colcon_core.package_identification:_identify(src/python_src/demo_python_pkg) by extensions ['colcon_meta']
[0.297s] Level 1:colcon.colcon_core.package_identification:_identify(src/python_src/demo_python_pkg) by extension 'colcon_meta'
[0.297s] Level 1:colcon.colcon_core.package_identification:_identify(src/python_src/demo_python_pkg) by extensions ['ros']
[0.297s] Level 1:colcon.colcon_core.package_identification:_identify(src/python_src/demo_python_pkg) by extension 'ros'
[0.298s] DEBUG:colcon.colcon_core.package_identification:Package 'src/python_src/demo_python_pkg' with type 'ros.ament_python' and name 'demo_python_pkg'
[0.298s] Level 1:colcon.colcon_core.package_identification:_identify(src/python_src/install) by extensions ['ignore', 'ignore_ament_install']
[0.298s] Level 1:colcon.colcon_core.package_identification:_identify(src/python_src/install) by extension 'ignore'
[0.298s] Level 1:colcon.colcon_core.package_identification:_identify(src/python_src/install) ignored
[0.298s] Level 1:colcon.colcon_core.package_identification:_identify(src/python_src/log) by extensions ['ignore', 'ignore_ament_install']
[0.298s] Level 1:colcon.colcon_core.package_identification:_identify(src/python_src/log) by extension 'ignore'
[0.298s] Level 1:colcon.colcon_core.package_identification:_identify(src/python_src/log) ignored
[0.298s] Level 1:colcon.colcon_core.package_discovery:discover_packages(recursive) using defaults
[0.298s] Level 1:colcon.colcon_core.package_discovery:discover_packages(ignore) discover
[0.298s] Level 1:colcon.colcon_core.package_discovery:discover_packages(ignore) using defaults
[0.298s] Level 1:colcon.colcon_core.package_discovery:discover_packages(path) discover
[0.298s] Level 1:colcon.colcon_core.package_discovery:discover_packages(path) using defaults
[0.319s] Level 1:colcon.colcon_core.package_discovery:discover_packages(prefix_path) check parameters
[0.319s] Level 1:colcon.colcon_core.package_discovery:discover_packages(prefix_path) discover
[0.321s] DEBUG:colcon.colcon_installed_package_information.package_discovery:Found 2 installed packages in /home/admin/Documents/ROS2/C2_2/install
[0.322s] DEBUG:colcon.colcon_installed_package_information.package_discovery:Found 271 installed packages in /opt/ros/humble
[0.333s] Level 1:colcon.colcon_core.package_discovery:discover_packages(prefix_path) using defaults
[0.370s] Level 5:colcon.colcon_core.verb:set package 'demo_cpp' build argument 'cmake_args' from command line to 'None'
[0.370s] Level 5:colcon.colcon_core.verb:set package 'demo_cpp' build argument 'cmake_target' from command line to 'None'
[0.370s] Level 5:colcon.colcon_core.verb:set package 'demo_cpp' build argument 'cmake_target_skip_unavailable' from command line to 'False'
[0.370s] Level 5:colcon.colcon_core.verb:set package 'demo_cpp' build argument 'cmake_clean_cache' from command line to 'False'
[0.370s] Level 5:colcon.colcon_core.verb:set package 'demo_cpp' build argument 'cmake_clean_first' from command line to 'False'
[0.370s] Level 5:colcon.colcon_core.verb:set package 'demo_cpp' build argument 'cmake_force_configure' from command line to 'False'
[0.370s] Level 5:colcon.colcon_core.verb:set package 'demo_cpp' build argument 'ament_cmake_args' from command line to 'None'
[0.370s] Level 5:colcon.colcon_core.verb:set package 'demo_cpp' build argument 'catkin_cmake_args' from command line to 'None'
[0.370s] Level 5:colcon.colcon_core.verb:set package 'demo_cpp' build argument 'catkin_skip_building_tests' from command line to 'False'
[0.370s] DEBUG:colcon.colcon_core.verb:Building package 'demo_cpp' with the following arguments: {'ament_cmake_args': None, 'build_base': '/home/admin/Documents/ROS2/C2_3/build/demo_cpp', 'catkin_cmake_args': None, 'catkin_skip_building_tests': False, 'cmake_args': None, 'cmake_clean_cache': False, 'cmake_clean_first': False, 'cmake_force_configure': False, 'cmake_target': None, 'cmake_target_skip_unavailable': False, 'install_base': '/home/admin/Documents/ROS2/C2_3/install/demo_cpp', 'merge_install': False, 'path': '/home/admin/Documents/ROS2/C2_3/src/demo_cpp', 'symlink_install': False, 'test_result_base': None}
[0.370s] Level 5:colcon.colcon_core.verb:set package 'demo_python_pkg' build argument 'cmake_args' from command line to 'None'
[0.370s] Level 5:colcon.colcon_core.verb:set package 'demo_python_pkg' build argument 'cmake_target' from command line to 'None'
[0.370s] Level 5:colcon.colcon_core.verb:set package 'demo_python_pkg' build argument 'cmake_target_skip_unavailable' from command line to 'False'
[0.370s] Level 5:colcon.colcon_core.verb:set package 'demo_python_pkg' build argument 'cmake_clean_cache' from command line to 'False'
[0.370s] Level 5:colcon.colcon_core.verb:set package 'demo_python_pkg' build argument 'cmake_clean_first' from command line to 'False'
[0.370s] Level 5:colcon.colcon_core.verb:set package 'demo_python_pkg' build argument 'cmake_force_configure' from command line to 'False'
[0.371s] Level 5:colcon.colcon_core.verb:set package 'demo_python_pkg' build argument 'ament_cmake_args' from command line to 'None'
[0.371s] Level 5:colcon.colcon_core.verb:set package 'demo_python_pkg' build argument 'catkin_cmake_args' from command line to 'None'
[0.371s] Level 5:colcon.colcon_core.verb:set package 'demo_python_pkg' build argument 'catkin_skip_building_tests' from command line to 'False'
[0.371s] DEBUG:colcon.colcon_core.verb:Building package 'demo_python_pkg' with the following arguments: {'ament_cmake_args': None, 'build_base': '/home/admin/Documents/ROS2/C2_3/build/demo_python_pkg', 'catkin_cmake_args': None, 'catkin_skip_building_tests': False, 'cmake_args': None, 'cmake_clean_cache': False, 'cmake_clean_first': False, 'cmake_force_configure': False, 'cmake_target': None, 'cmake_target_skip_unavailable': False, 'install_base': '/home/admin/Documents/ROS2/C2_3/install/demo_python_pkg', 'merge_install': False, 'path': '/home/admin/Documents/ROS2/C2_3/src/python_src/demo_python_pkg', 'symlink_install': False, 'test_result_base': None}
[0.371s] INFO:colcon.colcon_core.executor:Executing jobs using 'parallel' executor
[0.372s] DEBUG:colcon.colcon_parallel_executor.executor.parallel:run_until_complete
[0.372s] INFO:colcon.colcon_ros.task.ament_cmake.build:Building ROS package in '/home/admin/Documents/ROS2/C2_3/src/demo_cpp' with build type 'ament_cmake'
[0.372s] INFO:colcon.colcon_cmake.task.cmake.build:Building CMake package in '/home/admin/Documents/ROS2/C2_3/src/demo_cpp'
[0.374s] INFO:colcon.colcon_core.plugin_system:Skipping extension 'colcon_core.shell.bat': Not used on non-Windows systems
[0.374s] INFO:colcon.colcon_core.shell:Skip shell extension 'powershell' for command environment: Not usable outside of PowerShell
[0.374s] DEBUG:colcon.colcon_core.shell:Skip shell extension 'dsv' for command environment
[0.377s] INFO:colcon.colcon_ros.task.ament_python.build:Building ROS package in '/home/admin/Documents/ROS2/C2_3/src/python_src/demo_python_pkg' with build type 'ament_python'
[0.378s] Level 1:colcon.colcon_core.shell:create_environment_hook('demo_python_pkg', 'ament_prefix_path')
[0.378s] INFO:colcon.colcon_core.shell:Creating environment hook '/home/admin/Documents/ROS2/C2_3/install/demo_python_pkg/share/demo_python_pkg/hook/ament_prefix_path.ps1'
[0.379s] INFO:colcon.colcon_core.shell:Creating environment descriptor '/home/admin/Documents/ROS2/C2_3/install/demo_python_pkg/share/demo_python_pkg/hook/ament_prefix_path.dsv'
[0.379s] INFO:colcon.colcon_core.shell:Creating environment hook '/home/admin/Documents/ROS2/C2_3/install/demo_python_pkg/share/demo_python_pkg/hook/ament_prefix_path.sh'
[0.380s] INFO:colcon.colcon_core.shell:Skip shell extension 'powershell' for command environment: Not usable outside of PowerShell
[0.380s] DEBUG:colcon.colcon_core.shell:Skip shell extension 'dsv' for command environment
[0.385s] DEBUG:colcon.colcon_core.event_handler.log_command:Invoking command in '/home/admin/Documents/ROS2/C2_3/build/demo_cpp': CMAKE_PREFIX_PATH=${CMAKE_PREFIX_PATH}:/home/admin/Documents/ROS2/C2_2/install/demo_python_pkg:/opt/ros/humble /usr/bin/cmake /home/admin/Documents/ROS2/C2_3/src/demo_cpp -DCMAKE_INSTALL_PREFIX=/home/admin/Documents/ROS2/C2_3/install/demo_cpp
[0.684s] INFO:colcon.colcon_core.task.python.build:Building Python package in '/home/admin/Documents/ROS2/C2_3/src/python_src/demo_python_pkg'
[0.685s] INFO:colcon.colcon_core.shell:Skip shell extension 'powershell' for command environment: Not usable outside of PowerShell
[0.685s] DEBUG:colcon.colcon_core.shell:Skip shell extension 'dsv' for command environment
[1.094s] DEBUG:colcon.colcon_core.event_handler.log_command:Invoking command in '/home/admin/Documents/ROS2/C2_3/src/python_src/demo_python_pkg': PYTHONPATH=/home/admin/Documents/ROS2/C2_3/build/demo_python_pkg/prefix_override:/usr/lib/python3/dist-packages/colcon_core/task/python/colcon_distutils_commands:/home/admin/Documents/ROS2/C2_3/install/demo_python_pkg/lib/python3.10/site-packages:${PYTHONPATH} /usr/bin/python3 -W ignore:setup.py install is deprecated -W ignore:easy_install command is deprecated setup.py egg_info --egg-base ../../../build/demo_python_pkg build --build-base /home/admin/Documents/ROS2/C2_3/build/demo_python_pkg/build install --record /home/admin/Documents/ROS2/C2_3/build/demo_python_pkg/install.log --single-version-externally-managed install_data
[1.422s] DEBUG:colcon.colcon_core.event_handler.log_command:Invoked command in '/home/admin/Documents/ROS2/C2_3/src/python_src/demo_python_pkg' returned '0': PYTHONPATH=/home/admin/Documents/ROS2/C2_3/build/demo_python_pkg/prefix_override:/usr/lib/python3/dist-packages/colcon_core/task/python/colcon_distutils_commands:/home/admin/Documents/ROS2/C2_3/install/demo_python_pkg/lib/python3.10/site-packages:${PYTHONPATH} /usr/bin/python3 -W ignore:setup.py install is deprecated -W ignore:easy_install command is deprecated setup.py egg_info --egg-base ../../../build/demo_python_pkg build --build-base /home/admin/Documents/ROS2/C2_3/build/demo_python_pkg/build install --record /home/admin/Documents/ROS2/C2_3/build/demo_python_pkg/install.log --single-version-externally-managed install_data
[1.425s] Level 1:colcon.colcon_core.environment:checking '/home/admin/Documents/ROS2/C2_3/install/demo_python_pkg' for CMake module files
[1.425s] Level 1:colcon.colcon_core.environment:checking '/home/admin/Documents/ROS2/C2_3/install/demo_python_pkg' for CMake config files
[1.426s] Level 1:colcon.colcon_core.environment:checking '/home/admin/Documents/ROS2/C2_3/install/demo_python_pkg/lib'
[1.426s] Level 1:colcon.colcon_core.environment:checking '/home/admin/Documents/ROS2/C2_3/install/demo_python_pkg/bin'
[1.426s] Level 1:colcon.colcon_core.environment:checking '/home/admin/Documents/ROS2/C2_3/install/demo_python_pkg/lib/pkgconfig/demo_python_pkg.pc'
[1.427s] Level 1:colcon.colcon_core.environment:checking '/home/admin/Documents/ROS2/C2_3/install/demo_python_pkg/lib/python3.10/site-packages'
[1.427s] Level 1:colcon.colcon_core.shell:create_environment_hook('demo_python_pkg', 'pythonpath')
[1.427s] INFO:colcon.colcon_core.shell:Creating environment hook '/home/admin/Documents/ROS2/C2_3/install/demo_python_pkg/share/demo_python_pkg/hook/pythonpath.ps1'
[1.427s] INFO:colcon.colcon_core.shell:Creating environment descriptor '/home/admin/Documents/ROS2/C2_3/install/demo_python_pkg/share/demo_python_pkg/hook/pythonpath.dsv'
[1.428s] INFO:colcon.colcon_core.shell:Creating environment hook '/home/admin/Documents/ROS2/C2_3/install/demo_python_pkg/share/demo_python_pkg/hook/pythonpath.sh'
[1.428s] Level 1:colcon.colcon_core.environment:checking '/home/admin/Documents/ROS2/C2_3/install/demo_python_pkg/bin'
[1.428s] Level 1:colcon.colcon_core.environment:create_environment_scripts_only(demo_python_pkg)
[1.429s] INFO:colcon.colcon_core.shell:Creating package script '/home/admin/Documents/ROS2/C2_3/install/demo_python_pkg/share/demo_python_pkg/package.ps1'
[1.430s] INFO:colcon.colcon_core.shell:Creating package descriptor '/home/admin/Documents/ROS2/C2_3/install/demo_python_pkg/share/demo_python_pkg/package.dsv'
[1.431s] INFO:colcon.colcon_core.shell:Creating package script '/home/admin/Documents/ROS2/C2_3/install/demo_python_pkg/share/demo_python_pkg/package.sh'
[1.432s] INFO:colcon.colcon_core.shell:Creating package script '/home/admin/Documents/ROS2/C2_3/install/demo_python_pkg/share/demo_python_pkg/package.bash'
[1.433s] INFO:colcon.colcon_core.shell:Creating package script '/home/admin/Documents/ROS2/C2_3/install/demo_python_pkg/share/demo_python_pkg/package.zsh'
[1.433s] Level 1:colcon.colcon_core.environment:create_file_with_runtime_dependencies(/home/admin/Documents/ROS2/C2_3/install/demo_python_pkg/share/colcon-core/packages/demo_python_pkg)
[1.651s] DEBUG:colcon.colcon_core.event_handler.log_command:Invoked command in '/home/admin/Documents/ROS2/C2_3/build/demo_cpp' returned '0': CMAKE_PREFIX_PATH=${CMAKE_PREFIX_PATH}:/home/admin/Documents/ROS2/C2_2/install/demo_python_pkg:/opt/ros/humble /usr/bin/cmake /home/admin/Documents/ROS2/C2_3/src/demo_cpp -DCMAKE_INSTALL_PREFIX=/home/admin/Documents/ROS2/C2_3/install/demo_cpp
[1.653s] DEBUG:colcon.colcon_core.event_handler.log_command:Invoking command in '/home/admin/Documents/ROS2/C2_3/build/demo_cpp': CMAKE_PREFIX_PATH=${CMAKE_PREFIX_PATH}:/home/admin/Documents/ROS2/C2_2/install/demo_python_pkg:/opt/ros/humble /usr/bin/cmake --build /home/admin/Documents/ROS2/C2_3/build/demo_cpp -- -j8 -l8
[4.922s] DEBUG:colcon.colcon_core.event_handler.log_command:Invoked command in '/home/admin/Documents/ROS2/C2_3/build/demo_cpp' returned '0': CMAKE_PREFIX_PATH=${CMAKE_PREFIX_PATH}:/home/admin/Documents/ROS2/C2_2/install/demo_python_pkg:/opt/ros/humble /usr/bin/cmake --build /home/admin/Documents/ROS2/C2_3/build/demo_cpp -- -j8 -l8
[4.932s] DEBUG:colcon.colcon_core.event_handler.log_command:Invoking command in '/home/admin/Documents/ROS2/C2_3/build/demo_cpp': CMAKE_PREFIX_PATH=${CMAKE_PREFIX_PATH}:/home/admin/Documents/ROS2/C2_2/install/demo_python_pkg:/opt/ros/humble /usr/bin/cmake --install /home/admin/Documents/ROS2/C2_3/build/demo_cpp
[4.943s] Level 1:colcon.colcon_core.environment:create_environment_scripts_only(demo_cpp)
[4.943s] Level 1:colcon.colcon_core.environment:checking '/home/admin/Documents/ROS2/C2_3/install/demo_cpp' for CMake module files
[4.944s] DEBUG:colcon.colcon_core.event_handler.log_command:Invoked command in '/home/admin/Documents/ROS2/C2_3/build/demo_cpp' returned '0': CMAKE_PREFIX_PATH=${CMAKE_PREFIX_PATH}:/home/admin/Documents/ROS2/C2_2/install/demo_python_pkg:/opt/ros/humble /usr/bin/cmake --install /home/admin/Documents/ROS2/C2_3/build/demo_cpp
[4.944s] Level 1:colcon.colcon_core.environment:checking '/home/admin/Documents/ROS2/C2_3/install/demo_cpp' for CMake config files
[4.944s] Level 1:colcon.colcon_core.shell:create_environment_hook('demo_cpp', 'cmake_prefix_path')
[4.944s] INFO:colcon.colcon_core.shell:Creating environment hook '/home/admin/Documents/ROS2/C2_3/install/demo_cpp/share/demo_cpp/hook/cmake_prefix_path.ps1'
[4.945s] INFO:colcon.colcon_core.shell:Creating environment descriptor '/home/admin/Documents/ROS2/C2_3/install/demo_cpp/share/demo_cpp/hook/cmake_prefix_path.dsv'
[4.945s] INFO:colcon.colcon_core.shell:Creating environment hook '/home/admin/Documents/ROS2/C2_3/install/demo_cpp/share/demo_cpp/hook/cmake_prefix_path.sh'
[4.946s] Level 1:colcon.colcon_core.environment:checking '/home/admin/Documents/ROS2/C2_3/install/demo_cpp/lib'
[4.946s] Level 1:colcon.colcon_core.environment:checking '/home/admin/Documents/ROS2/C2_3/install/demo_cpp/bin'
[4.946s] Level 1:colcon.colcon_core.environment:checking '/home/admin/Documents/ROS2/C2_3/install/demo_cpp/lib/pkgconfig/demo_cpp.pc'
[4.947s] Level 1:colcon.colcon_core.environment:checking '/home/admin/Documents/ROS2/C2_3/install/demo_cpp/lib/python3.10/site-packages'
[4.947s] Level 1:colcon.colcon_core.environment:checking '/home/admin/Documents/ROS2/C2_3/install/demo_cpp/bin'
[4.947s] INFO:colcon.colcon_core.shell:Creating package script '/home/admin/Documents/ROS2/C2_3/install/demo_cpp/share/demo_cpp/package.ps1'
[4.948s] INFO:colcon.colcon_core.shell:Creating package descriptor '/home/admin/Documents/ROS2/C2_3/install/demo_cpp/share/demo_cpp/package.dsv'
[4.948s] INFO:colcon.colcon_core.shell:Creating package script '/home/admin/Documents/ROS2/C2_3/install/demo_cpp/share/demo_cpp/package.sh'
[4.949s] INFO:colcon.colcon_core.shell:Creating package script '/home/admin/Documents/ROS2/C2_3/install/demo_cpp/share/demo_cpp/package.bash'
[4.949s] INFO:colcon.colcon_core.shell:Creating package script '/home/admin/Documents/ROS2/C2_3/install/demo_cpp/share/demo_cpp/package.zsh'
[4.949s] Level 1:colcon.colcon_core.environment:create_file_with_runtime_dependencies(/home/admin/Documents/ROS2/C2_3/install/demo_cpp/share/colcon-core/packages/demo_cpp)
[4.950s] Level 1:colcon.colcon_core.environment:create_environment_scripts_only(demo_cpp)
[4.950s] Level 1:colcon.colcon_core.environment:checking '/home/admin/Documents/ROS2/C2_3/install/demo_cpp' for CMake module files
[4.951s] Level 1:colcon.colcon_core.environment:checking '/home/admin/Documents/ROS2/C2_3/install/demo_cpp' for CMake config files
[4.951s] Level 1:colcon.colcon_core.shell:create_environment_hook('demo_cpp', 'cmake_prefix_path')
[4.951s] INFO:colcon.colcon_core.shell:Creating environment hook '/home/admin/Documents/ROS2/C2_3/install/demo_cpp/share/demo_cpp/hook/cmake_prefix_path.ps1'
[4.952s] INFO:colcon.colcon_core.shell:Creating environment descriptor '/home/admin/Documents/ROS2/C2_3/install/demo_cpp/share/demo_cpp/hook/cmake_prefix_path.dsv'
[4.952s] INFO:colcon.colcon_core.shell:Creating environment hook '/home/admin/Documents/ROS2/C2_3/install/demo_cpp/share/demo_cpp/hook/cmake_prefix_path.sh'
[4.953s] Level 1:colcon.colcon_core.environment:checking '/home/admin/Documents/ROS2/C2_3/install/demo_cpp/lib'
[4.953s] Level 1:colcon.colcon_core.environment:checking '/home/admin/Documents/ROS2/C2_3/install/demo_cpp/bin'
[4.953s] Level 1:colcon.colcon_core.environment:checking '/home/admin/Documents/ROS2/C2_3/install/demo_cpp/lib/pkgconfig/demo_cpp.pc'
[4.953s] Level 1:colcon.colcon_core.environment:checking '/home/admin/Documents/ROS2/C2_3/install/demo_cpp/lib/python3.10/site-packages'
[4.953s] Level 1:colcon.colcon_core.environment:checking '/home/admin/Documents/ROS2/C2_3/install/demo_cpp/bin'
[4.954s] INFO:colcon.colcon_core.shell:Creating package script '/home/admin/Documents/ROS2/C2_3/install/demo_cpp/share/demo_cpp/package.ps1'
[4.954s] INFO:colcon.colcon_core.shell:Creating package descriptor '/home/admin/Documents/ROS2/C2_3/install/demo_cpp/share/demo_cpp/package.dsv'
[4.955s] INFO:colcon.colcon_core.shell:Creating package script '/home/admin/Documents/ROS2/C2_3/install/demo_cpp/share/demo_cpp/package.sh'
[4.955s] INFO:colcon.colcon_core.shell:Creating package script '/home/admin/Documents/ROS2/C2_3/install/demo_cpp/share/demo_cpp/package.bash'
[4.956s] INFO:colcon.colcon_core.shell:Creating package script '/home/admin/Documents/ROS2/C2_3/install/demo_cpp/share/demo_cpp/package.zsh'
[4.956s] Level 1:colcon.colcon_core.environment:create_file_with_runtime_dependencies(/home/admin/Documents/ROS2/C2_3/install/demo_cpp/share/colcon-core/packages/demo_cpp)
[4.956s] DEBUG:colcon.colcon_parallel_executor.executor.parallel:closing loop
[4.957s] DEBUG:colcon.colcon_parallel_executor.executor.parallel:loop closed
[4.957s] DEBUG:colcon.colcon_parallel_executor.executor.parallel:run_until_complete finished with '0'
[4.957s] DEBUG:colcon.colcon_core.event_reactor:joining thread
[4.962s] INFO:colcon.colcon_core.plugin_system:Skipping extension 'colcon_notification.desktop_notification.terminal_notifier': Not used on non-Darwin systems
[4.962s] INFO:colcon.colcon_core.plugin_system:Skipping extension 'colcon_notification.desktop_notification.win32': Not used on non-Windows systems
[4.962s] INFO:colcon.colcon_notification.desktop_notification:Sending desktop notification using 'notify2'
[4.978s] DEBUG:colcon.colcon_core.event_reactor:joined thread
[4.978s] INFO:colcon.colcon_core.shell:Creating prefix script '/home/admin/Documents/ROS2/C2_3/install/local_setup.ps1'
[4.980s] INFO:colcon.colcon_core.shell:Creating prefix util module '/home/admin/Documents/ROS2/C2_3/install/_local_setup_util_ps1.py'
[4.982s] INFO:colcon.colcon_core.shell:Creating prefix chain script '/home/admin/Documents/ROS2/C2_3/install/setup.ps1'
[4.984s] INFO:colcon.colcon_core.shell:Creating prefix script '/home/admin/Documents/ROS2/C2_3/install/local_setup.sh'
[4.985s] INFO:colcon.colcon_core.shell:Creating prefix util module '/home/admin/Documents/ROS2/C2_3/install/_local_setup_util_sh.py'
[4.985s] INFO:colcon.colcon_core.shell:Creating prefix chain script '/home/admin/Documents/ROS2/C2_3/install/setup.sh'
[4.987s] INFO:colcon.colcon_core.shell:Creating prefix script '/home/admin/Documents/ROS2/C2_3/install/local_setup.bash'
[4.988s] INFO:colcon.colcon_core.shell:Creating prefix chain script '/home/admin/Documents/ROS2/C2_3/install/setup.bash'
[4.989s] INFO:colcon.colcon_core.shell:Creating prefix script '/home/admin/Documents/ROS2/C2_3/install/local_setup.zsh'
[4.991s] INFO:colcon.colcon_core.shell:Creating prefix chain script '/home/admin/Documents/ROS2/C2_3/install/setup.zsh'
