[0.678s] Invoking command in '/home/admin/Documents/ROS2/C5_1/src/demo_python_tf': PYTHONPATH=/home/admin/Documents/ROS2/C5_1/build/demo_python_tf/prefix_override:/usr/lib/python3/dist-packages/colcon_core/task/python/colcon_distutils_commands:/home/admin/Documents/ROS2/C5_1/install/demo_python_tf/lib/python3.10/site-packages:${PYTHONPATH} /usr/bin/python3 -W ignore:setup.py install is deprecated -W ignore:easy_install command is deprecated setup.py egg_info --egg-base ../../build/demo_python_tf build --build-base /home/admin/Documents/ROS2/C5_1/build/demo_python_tf/build install --record /home/admin/Documents/ROS2/C5_1/build/demo_python_tf/install.log --single-version-externally-managed install_data
[0.931s] running egg_info
[0.932s] writing ../../build/demo_python_tf/demo_python_tf.egg-info/PKG-INFO
[0.932s] writing dependency_links to ../../build/demo_python_tf/demo_python_tf.egg-info/dependency_links.txt
[0.932s] writing entry points to ../../build/demo_python_tf/demo_python_tf.egg-info/entry_points.txt
[0.933s] writing requirements to ../../build/demo_python_tf/demo_python_tf.egg-info/requires.txt
[0.933s] writing top-level names to ../../build/demo_python_tf/demo_python_tf.egg-info/top_level.txt
[0.934s] reading manifest file '../../build/demo_python_tf/demo_python_tf.egg-info/SOURCES.txt'
[0.935s] adding license file 'LICENSE'
[0.936s] writing manifest file '../../build/demo_python_tf/demo_python_tf.egg-info/SOURCES.txt'
[0.936s] running build
[0.936s] running build_py
[0.936s] copying demo_python_tf/static_tf_boardcaster.py -> /home/admin/Documents/ROS2/C5_1/build/demo_python_tf/build/lib/demo_python_tf
[0.936s] running install
[0.937s] running install_lib
[0.937s] copying /home/admin/Documents/ROS2/C5_1/build/demo_python_tf/build/lib/demo_python_tf/static_tf_boardcaster.py -> /home/admin/Documents/ROS2/C5_1/install/demo_python_tf/lib/python3.10/site-packages/demo_python_tf
[0.938s] byte-compiling /home/admin/Documents/ROS2/C5_1/install/demo_python_tf/lib/python3.10/site-packages/demo_python_tf/static_tf_boardcaster.py to static_tf_boardcaster.cpython-310.pyc
[0.939s] running install_data
[0.939s] running install_egg_info
[0.940s] removing '/home/admin/Documents/ROS2/C5_1/install/demo_python_tf/lib/python3.10/site-packages/demo_python_tf-0.0.0-py3.10.egg-info' (and everything under it)
[0.941s] Copying ../../build/demo_python_tf/demo_python_tf.egg-info to /home/admin/Documents/ROS2/C5_1/install/demo_python_tf/lib/python3.10/site-packages/demo_python_tf-0.0.0-py3.10.egg-info
[0.941s] running install_scripts
[0.963s] Installing static_tf_broadcaster script to /home/admin/Documents/ROS2/C5_1/install/demo_python_tf/lib/demo_python_tf
[0.964s] writing list of installed files to '/home/admin/Documents/ROS2/C5_1/build/demo_python_tf/install.log'
[0.988s] Invoked command in '/home/admin/Documents/ROS2/C5_1/src/demo_python_tf' returned '0': PYTHONPATH=/home/admin/Documents/ROS2/C5_1/build/demo_python_tf/prefix_override:/usr/lib/python3/dist-packages/colcon_core/task/python/colcon_distutils_commands:/home/admin/Documents/ROS2/C5_1/install/demo_python_tf/lib/python3.10/site-packages:${PYTHONPATH} /usr/bin/python3 -W ignore:setup.py install is deprecated -W ignore:easy_install command is deprecated setup.py egg_info --egg-base ../../build/demo_python_tf build --build-base /home/admin/Documents/ROS2/C5_1/build/demo_python_tf/build install --record /home/admin/Documents/ROS2/C5_1/build/demo_python_tf/install.log --single-version-externally-managed install_data
