[0.010s] Invoking command in '/home/admin/Documents/ROS2/C4.1/build/chapt4_interfaces': CMAKE_PREFIX_PATH=/opt/ros/humble /usr/bin/cmake --build /home/admin/Documents/ROS2/C4.1/build/chapt4_interfaces -- -j8 -l8
[0.039s] -- Found ament_cmake: 1.3.11 (/opt/ros/humble/share/ament_cmake/cmake)
[0.175s] -- Found sensor_msgs: 4.2.4 (/opt/ros/humble/share/sensor_msgs/cmake)
[0.201s] -- Found rosidl_generator_c: 3.1.6 (/opt/ros/humble/share/rosidl_generator_c/cmake)
[0.204s] -- Found rosidl_adapter: 3.1.6 (/opt/ros/humble/share/rosidl_adapter/cmake)
[0.212s] -- Found rosidl_generator_cpp: 3.1.6 (/opt/ros/humble/share/rosidl_generator_cpp/cmake)
[0.224s] -- Using all available rosidl_typesupport_c: rosidl_typesupport_fastrtps_c;rosidl_typesupport_introspection_c
[0.238s] -- Using all available rosidl_typesupport_cpp: rosidl_typesupport_fastrtps_cpp;rosidl_typesupport_introspection_cpp
[0.296s] -- Found rosidl_default_generators: 1.2.0 (/opt/ros/humble/share/rosidl_default_generators/cmake)
[0.628s] -- Found ament_cmake_ros: 0.10.0 (/opt/ros/humble/share/ament_cmake_ros/cmake)
[1.150s] -- Using all available rosidl_typesupport_c: rosidl_typesupport_fastrtps_c;rosidl_typesupport_introspection_c
[1.354s] -- Using all available rosidl_typesupport_cpp: rosidl_typesupport_fastrtps_cpp;rosidl_typesupport_introspection_cpp
[1.377s] -- Found python_cmake_module: 0.10.0 (/opt/ros/humble/share/python_cmake_module/cmake)
[1.399s] -- Using PYTHON_EXECUTABLE: /usr/bin/python3
[1.399s] -- Using PYTHON_INCLUDE_DIRS: /usr/include/python3.10
[1.399s] -- Using PYTHON_LIBRARIES: /usr/lib/x86_64-linux-gnu/libpython3.10.so
[1.461s] -- Found ament_lint_auto: 0.12.11 (/opt/ros/humble/share/ament_lint_auto/cmake)
[1.473s] -- Added test 'lint_cmake' to check CMake code style
[1.475s] -- Added test 'xmllint' to check XML markup files
[1.478s] -- Configuring done
[1.532s] -- Generating done
[1.554s] -- Build files have been written to: /home/admin/Documents/ROS2/C4.1/build/chapt4_interfaces
[1.585s] [  3%] [34m[1mGenerating C code for ROS interfaces[0m
[1.594s] [  6%] [34m[1mGenerating C++ code for ROS interfaces[0m
[1.601s] [  6%] Built target ament_cmake_python_copy_chapt4_interfaces
[1.887s] running egg_info
[1.888s] writing chapt4_interfaces.egg-info/PKG-INFO
[1.888s] writing dependency_links to chapt4_interfaces.egg-info/dependency_links.txt
[1.888s] writing top-level names to chapt4_interfaces.egg-info/top_level.txt
[1.891s] reading manifest file 'chapt4_interfaces.egg-info/SOURCES.txt'
[1.892s] writing manifest file 'chapt4_interfaces.egg-info/SOURCES.txt'
[1.926s] [  6%] Built target ament_cmake_python_build_chapt4_interfaces_egg
[1.955s] [  9%] [32mBuilding C object CMakeFiles/chapt4_interfaces__rosidl_generator_c.dir/rosidl_generator_c/chapt4_interfaces/srv/detail/face_detector__functions.c.o[0m
[1.983s] [  9%] Built target chapt4_interfaces__cpp
[1.995s] [ 12%] [34m[1mGenerating C++ type support for eProsima Fast-RTPS[0m
[1.995s] [ 16%] [34m[1mGenerating C++ type support dispatch for ROS interfaces[0m
[1.996s] [ 19%] [34m[1mGenerating C++ introspection for ROS interfaces[0m
[2.045s] [ 22%] [32m[1mLinking C shared library libchapt4_interfaces__rosidl_generator_c.so[0m
[2.171s] [ 22%] Built target chapt4_interfaces__rosidl_generator_c
[2.186s] [ 29%] [34m[1mGenerating C introspection for ROS interfaces[0m
[2.186s] [ 32%] [34m[1mGenerating C type support dispatch for ROS interfaces[0m
[2.187s] [ 32%] [34m[1mGenerating C type support for eProsima Fast-RTPS[0m
[2.371s] [ 35%] [32mBuilding CXX object CMakeFiles/chapt4_interfaces__rosidl_typesupport_cpp.dir/rosidl_typesupport_cpp/chapt4_interfaces/srv/face_detector__type_support.cpp.o[0m
[2.395s] [ 38%] [32mBuilding CXX object CMakeFiles/chapt4_interfaces__rosidl_typesupport_fastrtps_cpp.dir/rosidl_typesupport_fastrtps_cpp/chapt4_interfaces/srv/detail/dds_fastrtps/face_detector__type_support.cpp.o[0m
[2.417s] [ 41%] [32mBuilding CXX object CMakeFiles/chapt4_interfaces__rosidl_typesupport_introspection_cpp.dir/rosidl_typesupport_introspection_cpp/chapt4_interfaces/srv/detail/face_detector__type_support.cpp.o[0m
[2.641s] [ 45%] [32mBuilding CXX object CMakeFiles/chapt4_interfaces__rosidl_typesupport_c.dir/rosidl_typesupport_c/chapt4_interfaces/srv/face_detector__type_support.cpp.o[0m
[2.689s] [ 48%] [32mBuilding CXX object CMakeFiles/chapt4_interfaces__rosidl_typesupport_fastrtps_c.dir/rosidl_typesupport_fastrtps_c/chapt4_interfaces/srv/detail/face_detector__type_support_c.cpp.o[0m
[2.693s] [ 51%] [32m[1mLinking CXX shared library libchapt4_interfaces__rosidl_typesupport_c.so[0m
[2.694s] [ 54%] [32mBuilding C object CMakeFiles/chapt4_interfaces__rosidl_typesupport_introspection_c.dir/rosidl_typesupport_introspection_c/chapt4_interfaces/srv/detail/face_detector__type_support.c.o[0m
[2.720s] [ 58%] [32m[1mLinking CXX shared library libchapt4_interfaces__rosidl_typesupport_cpp.so[0m
[2.766s] [ 58%] Built target chapt4_interfaces__rosidl_typesupport_c
[2.775s] [ 61%] [32m[1mLinking C shared library libchapt4_interfaces__rosidl_typesupport_introspection_c.so[0m
[2.787s] [ 61%] Built target chapt4_interfaces__rosidl_typesupport_cpp
[2.833s] [ 61%] Built target chapt4_interfaces__rosidl_typesupport_introspection_c
[3.000s] [ 64%] [32m[1mLinking CXX shared library libchapt4_interfaces__rosidl_typesupport_introspection_cpp.so[0m
[3.039s] [ 67%] [32m[1mLinking CXX shared library libchapt4_interfaces__rosidl_typesupport_fastrtps_cpp.so[0m
[3.089s] [ 67%] Built target chapt4_interfaces__rosidl_typesupport_introspection_cpp
[3.120s] [ 67%] Built target chapt4_interfaces__rosidl_typesupport_fastrtps_cpp
[3.134s] [ 70%] [32m[1mLinking CXX shared library libchapt4_interfaces__rosidl_typesupport_fastrtps_c.so[0m
[3.216s] [ 70%] Built target chapt4_interfaces__rosidl_typesupport_fastrtps_c
[3.240s] [ 70%] Built target chapt4_interfaces
[3.259s] [ 74%] [34m[1mGenerating Python code for ROS interfaces[0m
[3.692s] [ 74%] Built target chapt4_interfaces__py
[3.710s] [ 77%] [32mBuilding C object CMakeFiles/chapt4_interfaces__rosidl_generator_py.dir/rosidl_generator_py/chapt4_interfaces/srv/_face_detector_s.c.o[0m
[3.860s] [ 80%] [32m[1mLinking C shared library rosidl_generator_py/chapt4_interfaces/libchapt4_interfaces__rosidl_generator_py.so[0m
[3.906s] [ 80%] Built target chapt4_interfaces__rosidl_generator_py
[3.930s] [ 83%] [32mBuilding C object CMakeFiles/chapt4_interfaces__rosidl_typesupport_c__pyext.dir/rosidl_generator_py/chapt4_interfaces/_chapt4_interfaces_s.ep.rosidl_typesupport_c.c.o[0m
[3.930s] [ 87%] [32mBuilding C object CMakeFiles/chapt4_interfaces__rosidl_typesupport_fastrtps_c__pyext.dir/rosidl_generator_py/chapt4_interfaces/_chapt4_interfaces_s.ep.rosidl_typesupport_fastrtps_c.c.o[0m
[3.932s] [ 90%] [32mBuilding C object CMakeFiles/chapt4_interfaces__rosidl_typesupport_introspection_c__pyext.dir/rosidl_generator_py/chapt4_interfaces/_chapt4_interfaces_s.ep.rosidl_typesupport_introspection_c.c.o[0m
[4.054s] [ 93%] [32m[1mLinking C shared library rosidl_generator_py/chapt4_interfaces/chapt4_interfaces_s__rosidl_typesupport_fastrtps_c.cpython-310-x86_64-linux-gnu.so[0m
[4.057s] [ 96%] [32m[1mLinking C shared library rosidl_generator_py/chapt4_interfaces/chapt4_interfaces_s__rosidl_typesupport_introspection_c.cpython-310-x86_64-linux-gnu.so[0m
[4.058s] [100%] [32m[1mLinking C shared library rosidl_generator_py/chapt4_interfaces/chapt4_interfaces_s__rosidl_typesupport_c.cpython-310-x86_64-linux-gnu.so[0m
[4.101s] [100%] Built target chapt4_interfaces__rosidl_typesupport_introspection_c__pyext
[4.102s] [100%] Built target chapt4_interfaces__rosidl_typesupport_fastrtps_c__pyext
[4.102s] [100%] Built target chapt4_interfaces__rosidl_typesupport_c__pyext
[4.112s] Invoked command in '/home/admin/Documents/ROS2/C4.1/build/chapt4_interfaces' returned '0': CMAKE_PREFIX_PATH=/opt/ros/humble /usr/bin/cmake --build /home/admin/Documents/ROS2/C4.1/build/chapt4_interfaces -- -j8 -l8
[4.121s] Invoking command in '/home/admin/Documents/ROS2/C4.1/build/chapt4_interfaces': CMAKE_PREFIX_PATH=/opt/ros/humble /usr/bin/cmake --install /home/admin/Documents/ROS2/C4.1/build/chapt4_interfaces
[4.128s] -- Install configuration: ""
[4.128s] -- Installing: /home/admin/Documents/ROS2/C4.1/install/chapt4_interfaces/share/ament_index/resource_index/rosidl_interfaces/chapt4_interfaces
[4.129s] -- Installing: /home/admin/Documents/ROS2/C4.1/install/chapt4_interfaces/include/chapt4_interfaces/chapt4_interfaces
[4.129s] -- Installing: /home/admin/Documents/ROS2/C4.1/install/chapt4_interfaces/include/chapt4_interfaces/chapt4_interfaces/srv
[4.129s] -- Installing: /home/admin/Documents/ROS2/C4.1/install/chapt4_interfaces/include/chapt4_interfaces/chapt4_interfaces/srv/face_detector.h
[4.129s] -- Installing: /home/admin/Documents/ROS2/C4.1/install/chapt4_interfaces/include/chapt4_interfaces/chapt4_interfaces/srv/detail
[4.129s] -- Installing: /home/admin/Documents/ROS2/C4.1/install/chapt4_interfaces/include/chapt4_interfaces/chapt4_interfaces/srv/detail/face_detector__type_support.h
[4.130s] -- Installing: /home/admin/Documents/ROS2/C4.1/install/chapt4_interfaces/include/chapt4_interfaces/chapt4_interfaces/srv/detail/face_detector__struct.h
[4.130s] -- Installing: /home/admin/Documents/ROS2/C4.1/install/chapt4_interfaces/include/chapt4_interfaces/chapt4_interfaces/srv/detail/face_detector__functions.h
[4.130s] -- Installing: /home/admin/Documents/ROS2/C4.1/install/chapt4_interfaces/include/chapt4_interfaces/chapt4_interfaces/srv/detail/face_detector__functions.c
[4.130s] -- Installing: /home/admin/Documents/ROS2/C4.1/install/chapt4_interfaces/include/chapt4_interfaces/chapt4_interfaces/msg
[4.130s] -- Installing: /home/admin/Documents/ROS2/C4.1/install/chapt4_interfaces/include/chapt4_interfaces/chapt4_interfaces/msg/rosidl_generator_c__visibility_control.h
[4.130s] -- Installing: /home/admin/Documents/ROS2/C4.1/install/chapt4_interfaces/share/chapt4_interfaces/environment/library_path.sh
[4.130s] -- Installing: /home/admin/Documents/ROS2/C4.1/install/chapt4_interfaces/share/chapt4_interfaces/environment/library_path.dsv
[4.131s] -- Installing: /home/admin/Documents/ROS2/C4.1/install/chapt4_interfaces/lib/libchapt4_interfaces__rosidl_generator_c.so
[4.131s] -- Set runtime path of "/home/admin/Documents/ROS2/C4.1/install/chapt4_interfaces/lib/libchapt4_interfaces__rosidl_generator_c.so" to ""
[4.131s] -- Up-to-date: /home/admin/Documents/ROS2/C4.1/install/chapt4_interfaces/include/chapt4_interfaces/chapt4_interfaces
[4.131s] -- Up-to-date: /home/admin/Documents/ROS2/C4.1/install/chapt4_interfaces/include/chapt4_interfaces/chapt4_interfaces/srv
[4.132s] -- Up-to-date: /home/admin/Documents/ROS2/C4.1/install/chapt4_interfaces/include/chapt4_interfaces/chapt4_interfaces/srv/detail
[4.132s] -- Installing: /home/admin/Documents/ROS2/C4.1/install/chapt4_interfaces/include/chapt4_interfaces/chapt4_interfaces/srv/detail/face_detector__rosidl_typesupport_fastrtps_c.h
[4.132s] -- Up-to-date: /home/admin/Documents/ROS2/C4.1/install/chapt4_interfaces/include/chapt4_interfaces/chapt4_interfaces/msg
[4.132s] -- Installing: /home/admin/Documents/ROS2/C4.1/install/chapt4_interfaces/include/chapt4_interfaces/chapt4_interfaces/msg/rosidl_typesupport_fastrtps_c__visibility_control.h
[4.132s] -- Installing: /home/admin/Documents/ROS2/C4.1/install/chapt4_interfaces/lib/libchapt4_interfaces__rosidl_typesupport_fastrtps_c.so
[4.132s] -- Set runtime path of "/home/admin/Documents/ROS2/C4.1/install/chapt4_interfaces/lib/libchapt4_interfaces__rosidl_typesupport_fastrtps_c.so" to ""
[4.133s] -- Up-to-date: /home/admin/Documents/ROS2/C4.1/install/chapt4_interfaces/include/chapt4_interfaces/chapt4_interfaces
[4.133s] -- Up-to-date: /home/admin/Documents/ROS2/C4.1/install/chapt4_interfaces/include/chapt4_interfaces/chapt4_interfaces/srv
[4.133s] -- Installing: /home/admin/Documents/ROS2/C4.1/install/chapt4_interfaces/include/chapt4_interfaces/chapt4_interfaces/srv/face_detector.hpp
[4.133s] -- Up-to-date: /home/admin/Documents/ROS2/C4.1/install/chapt4_interfaces/include/chapt4_interfaces/chapt4_interfaces/srv/detail
[4.133s] -- Installing: /home/admin/Documents/ROS2/C4.1/install/chapt4_interfaces/include/chapt4_interfaces/chapt4_interfaces/srv/detail/face_detector__struct.hpp
[4.133s] -- Installing: /home/admin/Documents/ROS2/C4.1/install/chapt4_interfaces/include/chapt4_interfaces/chapt4_interfaces/srv/detail/face_detector__type_support.hpp
[4.134s] -- Installing: /home/admin/Documents/ROS2/C4.1/install/chapt4_interfaces/include/chapt4_interfaces/chapt4_interfaces/srv/detail/face_detector__builder.hpp
[4.134s] -- Installing: /home/admin/Documents/ROS2/C4.1/install/chapt4_interfaces/include/chapt4_interfaces/chapt4_interfaces/srv/detail/face_detector__traits.hpp
[4.134s] -- Up-to-date: /home/admin/Documents/ROS2/C4.1/install/chapt4_interfaces/include/chapt4_interfaces/chapt4_interfaces/msg
[4.134s] -- Installing: /home/admin/Documents/ROS2/C4.1/install/chapt4_interfaces/include/chapt4_interfaces/chapt4_interfaces/msg/rosidl_generator_cpp__visibility_control.hpp
[4.134s] -- Up-to-date: /home/admin/Documents/ROS2/C4.1/install/chapt4_interfaces/include/chapt4_interfaces/chapt4_interfaces
[4.134s] -- Up-to-date: /home/admin/Documents/ROS2/C4.1/install/chapt4_interfaces/include/chapt4_interfaces/chapt4_interfaces/srv
[4.134s] -- Up-to-date: /home/admin/Documents/ROS2/C4.1/install/chapt4_interfaces/include/chapt4_interfaces/chapt4_interfaces/srv/detail
[4.135s] -- Installing: /home/admin/Documents/ROS2/C4.1/install/chapt4_interfaces/include/chapt4_interfaces/chapt4_interfaces/srv/detail/face_detector__rosidl_typesupport_fastrtps_cpp.hpp
[4.135s] -- Installing: /home/admin/Documents/ROS2/C4.1/install/chapt4_interfaces/include/chapt4_interfaces/chapt4_interfaces/srv/detail/dds_fastrtps
[4.135s] -- Up-to-date: /home/admin/Documents/ROS2/C4.1/install/chapt4_interfaces/include/chapt4_interfaces/chapt4_interfaces/msg
[4.135s] -- Installing: /home/admin/Documents/ROS2/C4.1/install/chapt4_interfaces/include/chapt4_interfaces/chapt4_interfaces/msg/rosidl_typesupport_fastrtps_cpp__visibility_control.h
[4.135s] -- Installing: /home/admin/Documents/ROS2/C4.1/install/chapt4_interfaces/lib/libchapt4_interfaces__rosidl_typesupport_fastrtps_cpp.so
[4.136s] -- Set runtime path of "/home/admin/Documents/ROS2/C4.1/install/chapt4_interfaces/lib/libchapt4_interfaces__rosidl_typesupport_fastrtps_cpp.so" to ""
[4.136s] -- Up-to-date: /home/admin/Documents/ROS2/C4.1/install/chapt4_interfaces/include/chapt4_interfaces/chapt4_interfaces
[4.136s] -- Up-to-date: /home/admin/Documents/ROS2/C4.1/install/chapt4_interfaces/include/chapt4_interfaces/chapt4_interfaces/srv
[4.136s] -- Up-to-date: /home/admin/Documents/ROS2/C4.1/install/chapt4_interfaces/include/chapt4_interfaces/chapt4_interfaces/srv/detail
[4.136s] -- Installing: /home/admin/Documents/ROS2/C4.1/install/chapt4_interfaces/include/chapt4_interfaces/chapt4_interfaces/srv/detail/face_detector__rosidl_typesupport_introspection_c.h
[4.136s] -- Installing: /home/admin/Documents/ROS2/C4.1/install/chapt4_interfaces/include/chapt4_interfaces/chapt4_interfaces/srv/detail/face_detector__type_support.c
[4.136s] -- Up-to-date: /home/admin/Documents/ROS2/C4.1/install/chapt4_interfaces/include/chapt4_interfaces/chapt4_interfaces/msg
[4.137s] -- Installing: /home/admin/Documents/ROS2/C4.1/install/chapt4_interfaces/include/chapt4_interfaces/chapt4_interfaces/msg/rosidl_typesupport_introspection_c__visibility_control.h
[4.137s] -- Installing: /home/admin/Documents/ROS2/C4.1/install/chapt4_interfaces/lib/libchapt4_interfaces__rosidl_typesupport_introspection_c.so
[4.137s] -- Set runtime path of "/home/admin/Documents/ROS2/C4.1/install/chapt4_interfaces/lib/libchapt4_interfaces__rosidl_typesupport_introspection_c.so" to ""
[4.137s] -- Installing: /home/admin/Documents/ROS2/C4.1/install/chapt4_interfaces/lib/libchapt4_interfaces__rosidl_typesupport_c.so
[4.144s] -- Set runtime path of "/home/admin/Documents/ROS2/C4.1/install/chapt4_interfaces/lib/libchapt4_interfaces__rosidl_typesupport_c.so" to ""
[4.144s] -- Up-to-date: /home/admin/Documents/ROS2/C4.1/install/chapt4_interfaces/include/chapt4_interfaces/chapt4_interfaces
[4.145s] -- Up-to-date: /home/admin/Documents/ROS2/C4.1/install/chapt4_interfaces/include/chapt4_interfaces/chapt4_interfaces/srv
[4.145s] -- Up-to-date: /home/admin/Documents/ROS2/C4.1/install/chapt4_interfaces/include/chapt4_interfaces/chapt4_interfaces/srv/detail
[4.145s] -- Installing: /home/admin/Documents/ROS2/C4.1/install/chapt4_interfaces/include/chapt4_interfaces/chapt4_interfaces/srv/detail/face_detector__rosidl_typesupport_introspection_cpp.hpp
[4.145s] -- Installing: /home/admin/Documents/ROS2/C4.1/install/chapt4_interfaces/include/chapt4_interfaces/chapt4_interfaces/srv/detail/face_detector__type_support.cpp
[4.145s] -- Installing: /home/admin/Documents/ROS2/C4.1/install/chapt4_interfaces/lib/libchapt4_interfaces__rosidl_typesupport_introspection_cpp.so
[4.145s] -- Set runtime path of "/home/admin/Documents/ROS2/C4.1/install/chapt4_interfaces/lib/libchapt4_interfaces__rosidl_typesupport_introspection_cpp.so" to ""
[4.145s] -- Installing: /home/admin/Documents/ROS2/C4.1/install/chapt4_interfaces/lib/libchapt4_interfaces__rosidl_typesupport_cpp.so
[4.145s] -- Set runtime path of "/home/admin/Documents/ROS2/C4.1/install/chapt4_interfaces/lib/libchapt4_interfaces__rosidl_typesupport_cpp.so" to ""
[4.145s] -- Installing: /home/admin/Documents/ROS2/C4.1/install/chapt4_interfaces/share/chapt4_interfaces/environment/pythonpath.sh
[4.146s] -- Installing: /home/admin/Documents/ROS2/C4.1/install/chapt4_interfaces/share/chapt4_interfaces/environment/pythonpath.dsv
[4.146s] -- Installing: /home/admin/Documents/ROS2/C4.1/install/chapt4_interfaces/local/lib/python3.10/dist-packages/chapt4_interfaces-0.0.0-py3.10.egg-info
[4.146s] -- Installing: /home/admin/Documents/ROS2/C4.1/install/chapt4_interfaces/local/lib/python3.10/dist-packages/chapt4_interfaces-0.0.0-py3.10.egg-info/dependency_links.txt
[4.146s] -- Installing: /home/admin/Documents/ROS2/C4.1/install/chapt4_interfaces/local/lib/python3.10/dist-packages/chapt4_interfaces-0.0.0-py3.10.egg-info/SOURCES.txt
[4.146s] -- Installing: /home/admin/Documents/ROS2/C4.1/install/chapt4_interfaces/local/lib/python3.10/dist-packages/chapt4_interfaces-0.0.0-py3.10.egg-info/top_level.txt
[4.146s] -- Installing: /home/admin/Documents/ROS2/C4.1/install/chapt4_interfaces/local/lib/python3.10/dist-packages/chapt4_interfaces-0.0.0-py3.10.egg-info/PKG-INFO
[4.146s] -- Installing: /home/admin/Documents/ROS2/C4.1/install/chapt4_interfaces/local/lib/python3.10/dist-packages/chapt4_interfaces
[4.146s] -- Installing: /home/admin/Documents/ROS2/C4.1/install/chapt4_interfaces/local/lib/python3.10/dist-packages/chapt4_interfaces/_chapt4_interfaces_s.ep.rosidl_typesupport_c.c
[4.146s] -- Installing: /home/admin/Documents/ROS2/C4.1/install/chapt4_interfaces/local/lib/python3.10/dist-packages/chapt4_interfaces/_chapt4_interfaces_s.ep.rosidl_typesupport_fastrtps_c.c
[4.147s] -- Installing: /home/admin/Documents/ROS2/C4.1/install/chapt4_interfaces/local/lib/python3.10/dist-packages/chapt4_interfaces/libchapt4_interfaces__rosidl_generator_py.so
[4.147s] -- Installing: /home/admin/Documents/ROS2/C4.1/install/chapt4_interfaces/local/lib/python3.10/dist-packages/chapt4_interfaces/chapt4_interfaces_s__rosidl_typesupport_introspection_c.cpython-310-x86_64-linux-gnu.so
[4.147s] -- Installing: /home/admin/Documents/ROS2/C4.1/install/chapt4_interfaces/local/lib/python3.10/dist-packages/chapt4_interfaces/_chapt4_interfaces_s.ep.rosidl_typesupport_introspection_c.c
[4.147s] -- Installing: /home/admin/Documents/ROS2/C4.1/install/chapt4_interfaces/local/lib/python3.10/dist-packages/chapt4_interfaces/chapt4_interfaces_s__rosidl_typesupport_fastrtps_c.cpython-310-x86_64-linux-gnu.so
[4.147s] -- Installing: /home/admin/Documents/ROS2/C4.1/install/chapt4_interfaces/local/lib/python3.10/dist-packages/chapt4_interfaces/__init__.py
[4.147s] -- Installing: /home/admin/Documents/ROS2/C4.1/install/chapt4_interfaces/local/lib/python3.10/dist-packages/chapt4_interfaces/srv
[4.147s] -- Installing: /home/admin/Documents/ROS2/C4.1/install/chapt4_interfaces/local/lib/python3.10/dist-packages/chapt4_interfaces/srv/__init__.py
[4.147s] -- Installing: /home/admin/Documents/ROS2/C4.1/install/chapt4_interfaces/local/lib/python3.10/dist-packages/chapt4_interfaces/srv/_face_detector.py
[4.148s] -- Installing: /home/admin/Documents/ROS2/C4.1/install/chapt4_interfaces/local/lib/python3.10/dist-packages/chapt4_interfaces/srv/_face_detector_s.c
[4.148s] -- Installing: /home/admin/Documents/ROS2/C4.1/install/chapt4_interfaces/local/lib/python3.10/dist-packages/chapt4_interfaces/chapt4_interfaces_s__rosidl_typesupport_c.cpython-310-x86_64-linux-gnu.so
[4.185s] Listing '/home/admin/Documents/ROS2/C4.1/install/chapt4_interfaces/local/lib/python3.10/dist-packages/chapt4_interfaces'...
[4.185s] Compiling '/home/admin/Documents/ROS2/C4.1/install/chapt4_interfaces/local/lib/python3.10/dist-packages/chapt4_interfaces/__init__.py'...
[4.185s] Listing '/home/admin/Documents/ROS2/C4.1/install/chapt4_interfaces/local/lib/python3.10/dist-packages/chapt4_interfaces/srv'...
[4.186s] Compiling '/home/admin/Documents/ROS2/C4.1/install/chapt4_interfaces/local/lib/python3.10/dist-packages/chapt4_interfaces/srv/__init__.py'...
[4.186s] Compiling '/home/admin/Documents/ROS2/C4.1/install/chapt4_interfaces/local/lib/python3.10/dist-packages/chapt4_interfaces/srv/_face_detector.py'...
[4.190s] -- Installing: /home/admin/Documents/ROS2/C4.1/install/chapt4_interfaces/local/lib/python3.10/dist-packages/chapt4_interfaces/chapt4_interfaces_s__rosidl_typesupport_fastrtps_c.cpython-310-x86_64-linux-gnu.so
[4.190s] -- Set runtime path of "/home/admin/Documents/ROS2/C4.1/install/chapt4_interfaces/local/lib/python3.10/dist-packages/chapt4_interfaces/chapt4_interfaces_s__rosidl_typesupport_fastrtps_c.cpython-310-x86_64-linux-gnu.so" to ""
[4.191s] -- Installing: /home/admin/Documents/ROS2/C4.1/install/chapt4_interfaces/local/lib/python3.10/dist-packages/chapt4_interfaces/chapt4_interfaces_s__rosidl_typesupport_introspection_c.cpython-310-x86_64-linux-gnu.so
[4.191s] -- Set runtime path of "/home/admin/Documents/ROS2/C4.1/install/chapt4_interfaces/local/lib/python3.10/dist-packages/chapt4_interfaces/chapt4_interfaces_s__rosidl_typesupport_introspection_c.cpython-310-x86_64-linux-gnu.so" to ""
[4.191s] -- Installing: /home/admin/Documents/ROS2/C4.1/install/chapt4_interfaces/local/lib/python3.10/dist-packages/chapt4_interfaces/chapt4_interfaces_s__rosidl_typesupport_c.cpython-310-x86_64-linux-gnu.so
[4.192s] -- Set runtime path of "/home/admin/Documents/ROS2/C4.1/install/chapt4_interfaces/local/lib/python3.10/dist-packages/chapt4_interfaces/chapt4_interfaces_s__rosidl_typesupport_c.cpython-310-x86_64-linux-gnu.so" to ""
[4.192s] -- Installing: /home/admin/Documents/ROS2/C4.1/install/chapt4_interfaces/lib/libchapt4_interfaces__rosidl_generator_py.so
[4.192s] -- Set runtime path of "/home/admin/Documents/ROS2/C4.1/install/chapt4_interfaces/lib/libchapt4_interfaces__rosidl_generator_py.so" to ""
[4.192s] -- Installing: /home/admin/Documents/ROS2/C4.1/install/chapt4_interfaces/share/chapt4_interfaces/srv/FaceDetector.idl
[4.192s] -- Installing: /home/admin/Documents/ROS2/C4.1/install/chapt4_interfaces/share/chapt4_interfaces/srv/FaceDetector.srv
[4.193s] -- Installing: /home/admin/Documents/ROS2/C4.1/install/chapt4_interfaces/share/chapt4_interfaces/srv/FaceDetector_Request.msg
[4.194s] -- Installing: /home/admin/Documents/ROS2/C4.1/install/chapt4_interfaces/share/chapt4_interfaces/srv/FaceDetector_Response.msg
[4.194s] -- Installing: /home/admin/Documents/ROS2/C4.1/install/chapt4_interfaces/share/ament_index/resource_index/package_run_dependencies/chapt4_interfaces
[4.194s] -- Installing: /home/admin/Documents/ROS2/C4.1/install/chapt4_interfaces/share/ament_index/resource_index/parent_prefix_path/chapt4_interfaces
[4.194s] -- Installing: /home/admin/Documents/ROS2/C4.1/install/chapt4_interfaces/share/chapt4_interfaces/environment/ament_prefix_path.sh
[4.195s] -- Installing: /home/admin/Documents/ROS2/C4.1/install/chapt4_interfaces/share/chapt4_interfaces/environment/ament_prefix_path.dsv
[4.195s] -- Installing: /home/admin/Documents/ROS2/C4.1/install/chapt4_interfaces/share/chapt4_interfaces/environment/path.sh
[4.195s] -- Installing: /home/admin/Documents/ROS2/C4.1/install/chapt4_interfaces/share/chapt4_interfaces/environment/path.dsv
[4.196s] -- Installing: /home/admin/Documents/ROS2/C4.1/install/chapt4_interfaces/share/chapt4_interfaces/local_setup.bash
[4.196s] -- Installing: /home/admin/Documents/ROS2/C4.1/install/chapt4_interfaces/share/chapt4_interfaces/local_setup.sh
[4.196s] -- Installing: /home/admin/Documents/ROS2/C4.1/install/chapt4_interfaces/share/chapt4_interfaces/local_setup.zsh
[4.196s] -- Installing: /home/admin/Documents/ROS2/C4.1/install/chapt4_interfaces/share/chapt4_interfaces/local_setup.dsv
[4.197s] -- Installing: /home/admin/Documents/ROS2/C4.1/install/chapt4_interfaces/share/chapt4_interfaces/package.dsv
[4.197s] -- Installing: /home/admin/Documents/ROS2/C4.1/install/chapt4_interfaces/share/ament_index/resource_index/packages/chapt4_interfaces
[4.197s] -- Installing: /home/admin/Documents/ROS2/C4.1/install/chapt4_interfaces/share/chapt4_interfaces/cmake/export_chapt4_interfaces__rosidl_generator_cExport.cmake
[4.197s] -- Installing: /home/admin/Documents/ROS2/C4.1/install/chapt4_interfaces/share/chapt4_interfaces/cmake/export_chapt4_interfaces__rosidl_generator_cExport-noconfig.cmake
[4.197s] -- Installing: /home/admin/Documents/ROS2/C4.1/install/chapt4_interfaces/share/chapt4_interfaces/cmake/export_chapt4_interfaces__rosidl_typesupport_fastrtps_cExport.cmake
[4.197s] -- Installing: /home/admin/Documents/ROS2/C4.1/install/chapt4_interfaces/share/chapt4_interfaces/cmake/export_chapt4_interfaces__rosidl_typesupport_fastrtps_cExport-noconfig.cmake
[4.198s] -- Installing: /home/admin/Documents/ROS2/C4.1/install/chapt4_interfaces/share/chapt4_interfaces/cmake/export_chapt4_interfaces__rosidl_generator_cppExport.cmake
[4.198s] -- Installing: /home/admin/Documents/ROS2/C4.1/install/chapt4_interfaces/share/chapt4_interfaces/cmake/export_chapt4_interfaces__rosidl_typesupport_fastrtps_cppExport.cmake
[4.198s] -- Installing: /home/admin/Documents/ROS2/C4.1/install/chapt4_interfaces/share/chapt4_interfaces/cmake/export_chapt4_interfaces__rosidl_typesupport_fastrtps_cppExport-noconfig.cmake
[4.198s] -- Installing: /home/admin/Documents/ROS2/C4.1/install/chapt4_interfaces/share/chapt4_interfaces/cmake/chapt4_interfaces__rosidl_typesupport_introspection_cExport.cmake
[4.198s] -- Installing: /home/admin/Documents/ROS2/C4.1/install/chapt4_interfaces/share/chapt4_interfaces/cmake/chapt4_interfaces__rosidl_typesupport_introspection_cExport-noconfig.cmake
[4.199s] -- Installing: /home/admin/Documents/ROS2/C4.1/install/chapt4_interfaces/share/chapt4_interfaces/cmake/chapt4_interfaces__rosidl_typesupport_cExport.cmake
[4.199s] -- Installing: /home/admin/Documents/ROS2/C4.1/install/chapt4_interfaces/share/chapt4_interfaces/cmake/chapt4_interfaces__rosidl_typesupport_cExport-noconfig.cmake
[4.199s] -- Installing: /home/admin/Documents/ROS2/C4.1/install/chapt4_interfaces/share/chapt4_interfaces/cmake/chapt4_interfaces__rosidl_typesupport_introspection_cppExport.cmake
[4.199s] -- Installing: /home/admin/Documents/ROS2/C4.1/install/chapt4_interfaces/share/chapt4_interfaces/cmake/chapt4_interfaces__rosidl_typesupport_introspection_cppExport-noconfig.cmake
[4.199s] -- Installing: /home/admin/Documents/ROS2/C4.1/install/chapt4_interfaces/share/chapt4_interfaces/cmake/chapt4_interfaces__rosidl_typesupport_cppExport.cmake
[4.199s] -- Installing: /home/admin/Documents/ROS2/C4.1/install/chapt4_interfaces/share/chapt4_interfaces/cmake/chapt4_interfaces__rosidl_typesupport_cppExport-noconfig.cmake
[4.199s] -- Installing: /home/admin/Documents/ROS2/C4.1/install/chapt4_interfaces/share/chapt4_interfaces/cmake/export_chapt4_interfaces__rosidl_generator_pyExport.cmake
[4.200s] -- Installing: /home/admin/Documents/ROS2/C4.1/install/chapt4_interfaces/share/chapt4_interfaces/cmake/export_chapt4_interfaces__rosidl_generator_pyExport-noconfig.cmake
[4.200s] -- Installing: /home/admin/Documents/ROS2/C4.1/install/chapt4_interfaces/share/chapt4_interfaces/cmake/rosidl_cmake-extras.cmake
[4.200s] -- Installing: /home/admin/Documents/ROS2/C4.1/install/chapt4_interfaces/share/chapt4_interfaces/cmake/ament_cmake_export_dependencies-extras.cmake
[4.200s] -- Installing: /home/admin/Documents/ROS2/C4.1/install/chapt4_interfaces/share/chapt4_interfaces/cmake/ament_cmake_export_include_directories-extras.cmake
[4.200s] -- Installing: /home/admin/Documents/ROS2/C4.1/install/chapt4_interfaces/share/chapt4_interfaces/cmake/ament_cmake_export_libraries-extras.cmake
[4.200s] -- Installing: /home/admin/Documents/ROS2/C4.1/install/chapt4_interfaces/share/chapt4_interfaces/cmake/ament_cmake_export_targets-extras.cmake
[4.200s] -- Installing: /home/admin/Documents/ROS2/C4.1/install/chapt4_interfaces/share/chapt4_interfaces/cmake/rosidl_cmake_export_typesupport_targets-extras.cmake
[4.200s] -- Installing: /home/admin/Documents/ROS2/C4.1/install/chapt4_interfaces/share/chapt4_interfaces/cmake/rosidl_cmake_export_typesupport_libraries-extras.cmake
[4.200s] -- Installing: /home/admin/Documents/ROS2/C4.1/install/chapt4_interfaces/share/chapt4_interfaces/cmake/chapt4_interfacesConfig.cmake
[4.201s] -- Installing: /home/admin/Documents/ROS2/C4.1/install/chapt4_interfaces/share/chapt4_interfaces/cmake/chapt4_interfacesConfig-version.cmake
[4.201s] -- Installing: /home/admin/Documents/ROS2/C4.1/install/chapt4_interfaces/share/chapt4_interfaces/package.xml
[4.203s] Invoked command in '/home/admin/Documents/ROS2/C4.1/build/chapt4_interfaces' returned '0': CMAKE_PREFIX_PATH=/opt/ros/humble /usr/bin/cmake --install /home/admin/Documents/ROS2/C4.1/build/chapt4_interfaces
