[0.009s] Invoking command in '/home/admin/Documents/ROS2/C3_4/build/status_interfaces': CMAKE_PREFIX_PATH=/opt/ros/humble /usr/bin/cmake /home/admin/Documents/ROS2/C3_4/src/status_interfaces -DCMAKE_INSTALL_PREFIX=/home/admin/Documents/ROS2/C3_4/install/status_interfaces
[0.025s] -- Found ament_cmake: 1.3.11 (/opt/ros/humble/share/ament_cmake/cmake)
[0.158s] -- Found builtin_interfaces: 1.2.1 (/opt/ros/humble/share/builtin_interfaces/cmake)
[0.184s] -- Found rosidl_generator_c: 3.1.6 (/opt/ros/humble/share/rosidl_generator_c/cmake)
[0.186s] -- Found rosidl_adapter: 3.1.6 (/opt/ros/humble/share/rosidl_adapter/cmake)
[0.193s] -- Found rosidl_generator_cpp: 3.1.6 (/opt/ros/humble/share/rosidl_generator_cpp/cmake)
[0.203s] -- Using all available rosidl_typesupport_c: rosidl_typesupport_fastrtps_c;rosidl_typesupport_introspection_c
[0.216s] -- Using all available rosidl_typesupport_cpp: rosidl_typesupport_fastrtps_cpp;rosidl_typesupport_introspection_cpp
[0.233s] -- Found rosidl_default_generators: 1.2.0 (/opt/ros/humble/share/rosidl_default_generators/cmake)
[0.501s] -- Found ament_cmake_ros: 0.10.0 (/opt/ros/humble/share/ament_cmake_ros/cmake)
[0.837s] -- Using all available rosidl_typesupport_c: rosidl_typesupport_fastrtps_c;rosidl_typesupport_introspection_c
[0.961s] -- Using all available rosidl_typesupport_cpp: rosidl_typesupport_fastrtps_cpp;rosidl_typesupport_introspection_cpp
[0.984s] -- Found PythonInterp: /usr/bin/python3 (found suitable version "3.10.12", minimum required is "3.6") 
[0.986s] -- Found python_cmake_module: 0.10.0 (/opt/ros/humble/share/python_cmake_module/cmake)
[1.016s] -- Found PythonLibs: /usr/lib/x86_64-linux-gnu/libpython3.10.so (found suitable version "3.10.12", minimum required is "3.5") 
[1.016s] -- Using PYTHON_EXECUTABLE: /usr/bin/python3
[1.016s] -- Using PYTHON_INCLUDE_DIRS: /usr/include/python3.10
[1.016s] -- Using PYTHON_LIBRARIES: /usr/lib/x86_64-linux-gnu/libpython3.10.so
[1.038s] -- Found PythonExtra: .so  
[1.075s] -- Found ament_lint_auto: 0.12.11 (/opt/ros/humble/share/ament_lint_auto/cmake)
[1.094s] -- Added test 'lint_cmake' to check CMake code style
[1.095s] -- Added test 'xmllint' to check XML markup files
[1.098s] -- Configuring done
[1.132s] -- Generating done
[1.143s] -- Build files have been written to: /home/admin/Documents/ROS2/C3_4/build/status_interfaces
[1.150s] Invoked command in '/home/admin/Documents/ROS2/C3_4/build/status_interfaces' returned '0': CMAKE_PREFIX_PATH=/opt/ros/humble /usr/bin/cmake /home/admin/Documents/ROS2/C3_4/src/status_interfaces -DCMAKE_INSTALL_PREFIX=/home/admin/Documents/ROS2/C3_4/install/status_interfaces
[1.152s] Invoking command in '/home/admin/Documents/ROS2/C3_4/build/status_interfaces': CMAKE_PREFIX_PATH=/opt/ros/humble /usr/bin/cmake --build /home/admin/Documents/ROS2/C3_4/build/status_interfaces -- -j8 -l8
[1.192s] [  3%] [34m[1mGenerating C code for ROS interfaces[0m
[1.202s] [  6%] [34m[1mGenerating C++ code for ROS interfaces[0m
[1.211s] [  6%] Built target ament_cmake_python_copy_status_interfaces
[1.525s] running egg_info
[1.526s] creating status_interfaces.egg-info
[1.526s] writing status_interfaces.egg-info/PKG-INFO
[1.527s] writing dependency_links to status_interfaces.egg-info/dependency_links.txt
[1.527s] writing top-level names to status_interfaces.egg-info/top_level.txt
[1.527s] writing manifest file 'status_interfaces.egg-info/SOURCES.txt'
[1.532s] reading manifest file 'status_interfaces.egg-info/SOURCES.txt'
[1.534s] writing manifest file 'status_interfaces.egg-info/SOURCES.txt'
[1.537s] [  9%] [32mBuilding C object CMakeFiles/status_interfaces__rosidl_generator_c.dir/rosidl_generator_c/status_interfaces/msg/detail/system_status__functions.c.o[0m
[1.542s] [  9%] Built target status_interfaces__cpp
[1.557s] [ 16%] [34m[1mGenerating C++ introspection for ROS interfaces[0m
[1.557s] [ 19%] [34m[1mGenerating C++ type support for eProsima Fast-RTPS[0m
[1.559s] [ 19%] [34m[1mGenerating C++ type support dispatch for ROS interfaces[0m
[1.573s] [ 19%] Built target ament_cmake_python_build_status_interfaces_egg
[1.604s] [ 22%] [32m[1mLinking C shared library libstatus_interfaces__rosidl_generator_c.so[0m
[1.650s] [ 22%] Built target status_interfaces__rosidl_generator_c
[1.663s] [ 25%] [34m[1mGenerating C introspection for ROS interfaces[0m
[1.666s] [ 32%] [34m[1mGenerating C type support dispatch for ROS interfaces[0m
[1.667s] [ 32%] [34m[1mGenerating C type support for eProsima Fast-RTPS[0m
[1.972s] [ 35%] [32mBuilding CXX object CMakeFiles/status_interfaces__rosidl_typesupport_cpp.dir/rosidl_typesupport_cpp/status_interfaces/msg/system_status__type_support.cpp.o[0m
[1.992s] [ 38%] [32mBuilding CXX object CMakeFiles/status_interfaces__rosidl_typesupport_introspection_cpp.dir/rosidl_typesupport_introspection_cpp/status_interfaces/msg/detail/system_status__type_support.cpp.o[0m
[2.031s] [ 45%] [32mBuilding CXX object CMakeFiles/status_interfaces__rosidl_typesupport_fastrtps_cpp.dir/rosidl_typesupport_fastrtps_cpp/status_interfaces/msg/detail/dds_fastrtps/system_status__type_support.cpp.o[0m
[2.032s] [ 45%] [32mBuilding CXX object CMakeFiles/status_interfaces__rosidl_typesupport_c.dir/rosidl_typesupport_c/status_interfaces/msg/system_status__type_support.cpp.o[0m
[2.034s] [ 48%] [32mBuilding C object CMakeFiles/status_interfaces__rosidl_typesupport_introspection_c.dir/rosidl_typesupport_introspection_c/status_interfaces/msg/detail/system_status__type_support.c.o[0m
[2.039s] [ 51%] [32mBuilding CXX object CMakeFiles/status_interfaces__rosidl_typesupport_fastrtps_c.dir/rosidl_typesupport_fastrtps_c/status_interfaces/msg/detail/system_status__type_support_c.cpp.o[0m
[2.083s] [ 54%] [32m[1mLinking C shared library libstatus_interfaces__rosidl_typesupport_introspection_c.so[0m
[2.092s] [ 58%] [32m[1mLinking CXX shared library libstatus_interfaces__rosidl_typesupport_c.so[0m
[2.125s] [ 58%] Built target status_interfaces__rosidl_typesupport_introspection_c
[2.156s] [ 58%] Built target status_interfaces__rosidl_typesupport_c
[2.339s] [ 61%] [32m[1mLinking CXX shared library libstatus_interfaces__rosidl_typesupport_cpp.so[0m
[2.383s] [ 61%] Built target status_interfaces__rosidl_typesupport_cpp
[2.449s] [ 64%] [32m[1mLinking CXX shared library libstatus_interfaces__rosidl_typesupport_fastrtps_c.so[0m
[2.449s] [ 67%] [32m[1mLinking CXX shared library libstatus_interfaces__rosidl_typesupport_introspection_cpp.so[0m
[2.514s] [ 67%] Built target status_interfaces__rosidl_typesupport_introspection_cpp
[2.529s] [ 67%] Built target status_interfaces__rosidl_typesupport_fastrtps_c
[2.540s] [ 70%] [32m[1mLinking CXX shared library libstatus_interfaces__rosidl_typesupport_fastrtps_cpp.so[0m
[2.614s] [ 70%] Built target status_interfaces__rosidl_typesupport_fastrtps_cpp
[2.636s] [ 70%] Built target status_interfaces
[2.656s] [ 74%] [34m[1mGenerating Python code for ROS interfaces[0m
[3.017s] [ 74%] Built target status_interfaces__py
[3.038s] [ 77%] [32mBuilding C object CMakeFiles/status_interfaces__rosidl_generator_py.dir/rosidl_generator_py/status_interfaces/msg/_system_status_s.c.o[0m
[3.155s] [ 80%] [32m[1mLinking C shared library rosidl_generator_py/status_interfaces/libstatus_interfaces__rosidl_generator_py.so[0m
[3.196s] [ 80%] Built target status_interfaces__rosidl_generator_py
[3.215s] [ 83%] [32mBuilding C object CMakeFiles/status_interfaces__rosidl_typesupport_fastrtps_c__pyext.dir/rosidl_generator_py/status_interfaces/_status_interfaces_s.ep.rosidl_typesupport_fastrtps_c.c.o[0m
[3.216s] [ 87%] [32mBuilding C object CMakeFiles/status_interfaces__rosidl_typesupport_c__pyext.dir/rosidl_generator_py/status_interfaces/_status_interfaces_s.ep.rosidl_typesupport_c.c.o[0m
[3.216s] [ 90%] [32mBuilding C object CMakeFiles/status_interfaces__rosidl_typesupport_introspection_c__pyext.dir/rosidl_generator_py/status_interfaces/_status_interfaces_s.ep.rosidl_typesupport_introspection_c.c.o[0m
[3.342s] [ 93%] [32m[1mLinking C shared library rosidl_generator_py/status_interfaces/status_interfaces_s__rosidl_typesupport_introspection_c.cpython-310-x86_64-linux-gnu.so[0m
[3.343s] [ 96%] [32m[1mLinking C shared library rosidl_generator_py/status_interfaces/status_interfaces_s__rosidl_typesupport_fastrtps_c.cpython-310-x86_64-linux-gnu.so[0m
[3.350s] [100%] [32m[1mLinking C shared library rosidl_generator_py/status_interfaces/status_interfaces_s__rosidl_typesupport_c.cpython-310-x86_64-linux-gnu.so[0m
[3.382s] [100%] Built target status_interfaces__rosidl_typesupport_introspection_c__pyext
[3.383s] [100%] Built target status_interfaces__rosidl_typesupport_fastrtps_c__pyext
[3.387s] [100%] Built target status_interfaces__rosidl_typesupport_c__pyext
[3.399s] Invoked command in '/home/admin/Documents/ROS2/C3_4/build/status_interfaces' returned '0': CMAKE_PREFIX_PATH=/opt/ros/humble /usr/bin/cmake --build /home/admin/Documents/ROS2/C3_4/build/status_interfaces -- -j8 -l8
[3.410s] Invoking command in '/home/admin/Documents/ROS2/C3_4/build/status_interfaces': CMAKE_PREFIX_PATH=/opt/ros/humble /usr/bin/cmake --install /home/admin/Documents/ROS2/C3_4/build/status_interfaces
[3.418s] -- Install configuration: ""
[3.418s] -- Installing: /home/admin/Documents/ROS2/C3_4/install/status_interfaces/share/ament_index/resource_index/rosidl_interfaces/status_interfaces
[3.419s] -- Installing: /home/admin/Documents/ROS2/C3_4/install/status_interfaces/include/status_interfaces/status_interfaces
[3.419s] -- Installing: /home/admin/Documents/ROS2/C3_4/install/status_interfaces/include/status_interfaces/status_interfaces/msg
[3.419s] -- Installing: /home/admin/Documents/ROS2/C3_4/install/status_interfaces/include/status_interfaces/status_interfaces/msg/rosidl_generator_c__visibility_control.h
[3.419s] -- Installing: /home/admin/Documents/ROS2/C3_4/install/status_interfaces/include/status_interfaces/status_interfaces/msg/detail
[3.419s] -- Installing: /home/admin/Documents/ROS2/C3_4/install/status_interfaces/include/status_interfaces/status_interfaces/msg/detail/system_status__functions.c
[3.419s] -- Installing: /home/admin/Documents/ROS2/C3_4/install/status_interfaces/include/status_interfaces/status_interfaces/msg/detail/system_status__functions.h
[3.420s] -- Installing: /home/admin/Documents/ROS2/C3_4/install/status_interfaces/include/status_interfaces/status_interfaces/msg/detail/system_status__struct.h
[3.420s] -- Installing: /home/admin/Documents/ROS2/C3_4/install/status_interfaces/include/status_interfaces/status_interfaces/msg/detail/system_status__type_support.h
[3.420s] -- Installing: /home/admin/Documents/ROS2/C3_4/install/status_interfaces/include/status_interfaces/status_interfaces/msg/system_status.h
[3.420s] -- Installing: /home/admin/Documents/ROS2/C3_4/install/status_interfaces/share/status_interfaces/environment/library_path.sh
[3.420s] -- Installing: /home/admin/Documents/ROS2/C3_4/install/status_interfaces/share/status_interfaces/environment/library_path.dsv
[3.420s] -- Installing: /home/admin/Documents/ROS2/C3_4/install/status_interfaces/lib/libstatus_interfaces__rosidl_generator_c.so
[3.421s] -- Set runtime path of "/home/admin/Documents/ROS2/C3_4/install/status_interfaces/lib/libstatus_interfaces__rosidl_generator_c.so" to ""
[3.421s] -- Up-to-date: /home/admin/Documents/ROS2/C3_4/install/status_interfaces/include/status_interfaces/status_interfaces
[3.421s] -- Up-to-date: /home/admin/Documents/ROS2/C3_4/install/status_interfaces/include/status_interfaces/status_interfaces/msg
[3.421s] -- Up-to-date: /home/admin/Documents/ROS2/C3_4/install/status_interfaces/include/status_interfaces/status_interfaces/msg/detail
[3.421s] -- Installing: /home/admin/Documents/ROS2/C3_4/install/status_interfaces/include/status_interfaces/status_interfaces/msg/detail/system_status__rosidl_typesupport_fastrtps_c.h
[3.421s] -- Installing: /home/admin/Documents/ROS2/C3_4/install/status_interfaces/include/status_interfaces/status_interfaces/msg/rosidl_typesupport_fastrtps_c__visibility_control.h
[3.422s] -- Installing: /home/admin/Documents/ROS2/C3_4/install/status_interfaces/lib/libstatus_interfaces__rosidl_typesupport_fastrtps_c.so
[3.422s] -- Set runtime path of "/home/admin/Documents/ROS2/C3_4/install/status_interfaces/lib/libstatus_interfaces__rosidl_typesupport_fastrtps_c.so" to ""
[3.422s] -- Up-to-date: /home/admin/Documents/ROS2/C3_4/install/status_interfaces/include/status_interfaces/status_interfaces
[3.422s] -- Up-to-date: /home/admin/Documents/ROS2/C3_4/install/status_interfaces/include/status_interfaces/status_interfaces/msg
[3.422s] -- Installing: /home/admin/Documents/ROS2/C3_4/install/status_interfaces/include/status_interfaces/status_interfaces/msg/rosidl_generator_cpp__visibility_control.hpp
[3.423s] -- Up-to-date: /home/admin/Documents/ROS2/C3_4/install/status_interfaces/include/status_interfaces/status_interfaces/msg/detail
[3.423s] -- Installing: /home/admin/Documents/ROS2/C3_4/install/status_interfaces/include/status_interfaces/status_interfaces/msg/detail/system_status__traits.hpp
[3.423s] -- Installing: /home/admin/Documents/ROS2/C3_4/install/status_interfaces/include/status_interfaces/status_interfaces/msg/detail/system_status__type_support.hpp
[3.423s] -- Installing: /home/admin/Documents/ROS2/C3_4/install/status_interfaces/include/status_interfaces/status_interfaces/msg/detail/system_status__builder.hpp
[3.423s] -- Installing: /home/admin/Documents/ROS2/C3_4/install/status_interfaces/include/status_interfaces/status_interfaces/msg/detail/system_status__struct.hpp
[3.423s] -- Installing: /home/admin/Documents/ROS2/C3_4/install/status_interfaces/include/status_interfaces/status_interfaces/msg/system_status.hpp
[3.423s] -- Up-to-date: /home/admin/Documents/ROS2/C3_4/install/status_interfaces/include/status_interfaces/status_interfaces
[3.424s] -- Up-to-date: /home/admin/Documents/ROS2/C3_4/install/status_interfaces/include/status_interfaces/status_interfaces/msg
[3.424s] -- Up-to-date: /home/admin/Documents/ROS2/C3_4/install/status_interfaces/include/status_interfaces/status_interfaces/msg/detail
[3.424s] -- Installing: /home/admin/Documents/ROS2/C3_4/install/status_interfaces/include/status_interfaces/status_interfaces/msg/detail/system_status__rosidl_typesupport_fastrtps_cpp.hpp
[3.424s] -- Installing: /home/admin/Documents/ROS2/C3_4/install/status_interfaces/include/status_interfaces/status_interfaces/msg/detail/dds_fastrtps
[3.424s] -- Installing: /home/admin/Documents/ROS2/C3_4/install/status_interfaces/include/status_interfaces/status_interfaces/msg/rosidl_typesupport_fastrtps_cpp__visibility_control.h
[3.424s] -- Installing: /home/admin/Documents/ROS2/C3_4/install/status_interfaces/lib/libstatus_interfaces__rosidl_typesupport_fastrtps_cpp.so
[3.424s] -- Set runtime path of "/home/admin/Documents/ROS2/C3_4/install/status_interfaces/lib/libstatus_interfaces__rosidl_typesupport_fastrtps_cpp.so" to ""
[3.425s] -- Up-to-date: /home/admin/Documents/ROS2/C3_4/install/status_interfaces/include/status_interfaces/status_interfaces
[3.425s] -- Up-to-date: /home/admin/Documents/ROS2/C3_4/install/status_interfaces/include/status_interfaces/status_interfaces/msg
[3.425s] -- Installing: /home/admin/Documents/ROS2/C3_4/install/status_interfaces/include/status_interfaces/status_interfaces/msg/rosidl_typesupport_introspection_c__visibility_control.h
[3.425s] -- Up-to-date: /home/admin/Documents/ROS2/C3_4/install/status_interfaces/include/status_interfaces/status_interfaces/msg/detail
[3.425s] -- Installing: /home/admin/Documents/ROS2/C3_4/install/status_interfaces/include/status_interfaces/status_interfaces/msg/detail/system_status__rosidl_typesupport_introspection_c.h
[3.425s] -- Installing: /home/admin/Documents/ROS2/C3_4/install/status_interfaces/include/status_interfaces/status_interfaces/msg/detail/system_status__type_support.c
[3.425s] -- Installing: /home/admin/Documents/ROS2/C3_4/install/status_interfaces/lib/libstatus_interfaces__rosidl_typesupport_introspection_c.so
[3.426s] -- Set runtime path of "/home/admin/Documents/ROS2/C3_4/install/status_interfaces/lib/libstatus_interfaces__rosidl_typesupport_introspection_c.so" to ""
[3.426s] -- Installing: /home/admin/Documents/ROS2/C3_4/install/status_interfaces/lib/libstatus_interfaces__rosidl_typesupport_c.so
[3.426s] -- Set runtime path of "/home/admin/Documents/ROS2/C3_4/install/status_interfaces/lib/libstatus_interfaces__rosidl_typesupport_c.so" to ""
[3.426s] -- Up-to-date: /home/admin/Documents/ROS2/C3_4/install/status_interfaces/include/status_interfaces/status_interfaces
[3.426s] -- Up-to-date: /home/admin/Documents/ROS2/C3_4/install/status_interfaces/include/status_interfaces/status_interfaces/msg
[3.426s] -- Up-to-date: /home/admin/Documents/ROS2/C3_4/install/status_interfaces/include/status_interfaces/status_interfaces/msg/detail
[3.426s] -- Installing: /home/admin/Documents/ROS2/C3_4/install/status_interfaces/include/status_interfaces/status_interfaces/msg/detail/system_status__type_support.cpp
[3.427s] -- Installing: /home/admin/Documents/ROS2/C3_4/install/status_interfaces/include/status_interfaces/status_interfaces/msg/detail/system_status__rosidl_typesupport_introspection_cpp.hpp
[3.427s] -- Installing: /home/admin/Documents/ROS2/C3_4/install/status_interfaces/lib/libstatus_interfaces__rosidl_typesupport_introspection_cpp.so
[3.427s] -- Set runtime path of "/home/admin/Documents/ROS2/C3_4/install/status_interfaces/lib/libstatus_interfaces__rosidl_typesupport_introspection_cpp.so" to ""
[3.427s] -- Installing: /home/admin/Documents/ROS2/C3_4/install/status_interfaces/lib/libstatus_interfaces__rosidl_typesupport_cpp.so
[3.428s] -- Set runtime path of "/home/admin/Documents/ROS2/C3_4/install/status_interfaces/lib/libstatus_interfaces__rosidl_typesupport_cpp.so" to ""
[3.428s] -- Installing: /home/admin/Documents/ROS2/C3_4/install/status_interfaces/share/status_interfaces/environment/pythonpath.sh
[3.428s] -- Installing: /home/admin/Documents/ROS2/C3_4/install/status_interfaces/share/status_interfaces/environment/pythonpath.dsv
[3.428s] -- Installing: /home/admin/Documents/ROS2/C3_4/install/status_interfaces/local/lib/python3.10/dist-packages/status_interfaces-0.0.0-py3.10.egg-info
[3.428s] -- Installing: /home/admin/Documents/ROS2/C3_4/install/status_interfaces/local/lib/python3.10/dist-packages/status_interfaces-0.0.0-py3.10.egg-info/dependency_links.txt
[3.428s] -- Installing: /home/admin/Documents/ROS2/C3_4/install/status_interfaces/local/lib/python3.10/dist-packages/status_interfaces-0.0.0-py3.10.egg-info/SOURCES.txt
[3.429s] -- Installing: /home/admin/Documents/ROS2/C3_4/install/status_interfaces/local/lib/python3.10/dist-packages/status_interfaces-0.0.0-py3.10.egg-info/top_level.txt
[3.429s] -- Installing: /home/admin/Documents/ROS2/C3_4/install/status_interfaces/local/lib/python3.10/dist-packages/status_interfaces-0.0.0-py3.10.egg-info/PKG-INFO
[3.429s] -- Installing: /home/admin/Documents/ROS2/C3_4/install/status_interfaces/local/lib/python3.10/dist-packages/status_interfaces
[3.429s] -- Installing: /home/admin/Documents/ROS2/C3_4/install/status_interfaces/local/lib/python3.10/dist-packages/status_interfaces/_status_interfaces_s.ep.rosidl_typesupport_introspection_c.c
[3.429s] -- Installing: /home/admin/Documents/ROS2/C3_4/install/status_interfaces/local/lib/python3.10/dist-packages/status_interfaces/status_interfaces_s__rosidl_typesupport_introspection_c.cpython-310-x86_64-linux-gnu.so
[3.429s] -- Installing: /home/admin/Documents/ROS2/C3_4/install/status_interfaces/local/lib/python3.10/dist-packages/status_interfaces/status_interfaces_s__rosidl_typesupport_c.cpython-310-x86_64-linux-gnu.so
[3.429s] -- Installing: /home/admin/Documents/ROS2/C3_4/install/status_interfaces/local/lib/python3.10/dist-packages/status_interfaces/_status_interfaces_s.ep.rosidl_typesupport_fastrtps_c.c
[3.430s] -- Installing: /home/admin/Documents/ROS2/C3_4/install/status_interfaces/local/lib/python3.10/dist-packages/status_interfaces/_status_interfaces_s.ep.rosidl_typesupport_c.c
[3.430s] -- Installing: /home/admin/Documents/ROS2/C3_4/install/status_interfaces/local/lib/python3.10/dist-packages/status_interfaces/status_interfaces_s__rosidl_typesupport_fastrtps_c.cpython-310-x86_64-linux-gnu.so
[3.430s] -- Installing: /home/admin/Documents/ROS2/C3_4/install/status_interfaces/local/lib/python3.10/dist-packages/status_interfaces/__init__.py
[3.430s] -- Installing: /home/admin/Documents/ROS2/C3_4/install/status_interfaces/local/lib/python3.10/dist-packages/status_interfaces/msg
[3.430s] -- Installing: /home/admin/Documents/ROS2/C3_4/install/status_interfaces/local/lib/python3.10/dist-packages/status_interfaces/msg/__init__.py
[3.430s] -- Installing: /home/admin/Documents/ROS2/C3_4/install/status_interfaces/local/lib/python3.10/dist-packages/status_interfaces/msg/_system_status_s.c
[3.430s] -- Installing: /home/admin/Documents/ROS2/C3_4/install/status_interfaces/local/lib/python3.10/dist-packages/status_interfaces/msg/_system_status.py
[3.430s] -- Installing: /home/admin/Documents/ROS2/C3_4/install/status_interfaces/local/lib/python3.10/dist-packages/status_interfaces/libstatus_interfaces__rosidl_generator_py.so
[3.469s] Listing '/home/admin/Documents/ROS2/C3_4/install/status_interfaces/local/lib/python3.10/dist-packages/status_interfaces'...
[3.469s] Compiling '/home/admin/Documents/ROS2/C3_4/install/status_interfaces/local/lib/python3.10/dist-packages/status_interfaces/__init__.py'...
[3.469s] Listing '/home/admin/Documents/ROS2/C3_4/install/status_interfaces/local/lib/python3.10/dist-packages/status_interfaces/msg'...
[3.469s] Compiling '/home/admin/Documents/ROS2/C3_4/install/status_interfaces/local/lib/python3.10/dist-packages/status_interfaces/msg/__init__.py'...
[3.470s] Compiling '/home/admin/Documents/ROS2/C3_4/install/status_interfaces/local/lib/python3.10/dist-packages/status_interfaces/msg/_system_status.py'...
[3.474s] -- Installing: /home/admin/Documents/ROS2/C3_4/install/status_interfaces/local/lib/python3.10/dist-packages/status_interfaces/status_interfaces_s__rosidl_typesupport_fastrtps_c.cpython-310-x86_64-linux-gnu.so
[3.475s] -- Set runtime path of "/home/admin/Documents/ROS2/C3_4/install/status_interfaces/local/lib/python3.10/dist-packages/status_interfaces/status_interfaces_s__rosidl_typesupport_fastrtps_c.cpython-310-x86_64-linux-gnu.so" to ""
[3.475s] -- Installing: /home/admin/Documents/ROS2/C3_4/install/status_interfaces/local/lib/python3.10/dist-packages/status_interfaces/status_interfaces_s__rosidl_typesupport_introspection_c.cpython-310-x86_64-linux-gnu.so
[3.475s] -- Set runtime path of "/home/admin/Documents/ROS2/C3_4/install/status_interfaces/local/lib/python3.10/dist-packages/status_interfaces/status_interfaces_s__rosidl_typesupport_introspection_c.cpython-310-x86_64-linux-gnu.so" to ""
[3.476s] -- Installing: /home/admin/Documents/ROS2/C3_4/install/status_interfaces/local/lib/python3.10/dist-packages/status_interfaces/status_interfaces_s__rosidl_typesupport_c.cpython-310-x86_64-linux-gnu.so
[3.476s] -- Set runtime path of "/home/admin/Documents/ROS2/C3_4/install/status_interfaces/local/lib/python3.10/dist-packages/status_interfaces/status_interfaces_s__rosidl_typesupport_c.cpython-310-x86_64-linux-gnu.so" to ""
[3.476s] -- Installing: /home/admin/Documents/ROS2/C3_4/install/status_interfaces/lib/libstatus_interfaces__rosidl_generator_py.so
[3.477s] -- Set runtime path of "/home/admin/Documents/ROS2/C3_4/install/status_interfaces/lib/libstatus_interfaces__rosidl_generator_py.so" to ""
[3.477s] -- Installing: /home/admin/Documents/ROS2/C3_4/install/status_interfaces/share/status_interfaces/msg/SystemStatus.idl
[3.477s] -- Installing: /home/admin/Documents/ROS2/C3_4/install/status_interfaces/share/status_interfaces/msg/SystemStatus.msg
[3.477s] -- Installing: /home/admin/Documents/ROS2/C3_4/install/status_interfaces/share/ament_index/resource_index/package_run_dependencies/status_interfaces
[3.478s] -- Installing: /home/admin/Documents/ROS2/C3_4/install/status_interfaces/share/ament_index/resource_index/parent_prefix_path/status_interfaces
[3.478s] -- Installing: /home/admin/Documents/ROS2/C3_4/install/status_interfaces/share/status_interfaces/environment/ament_prefix_path.sh
[3.478s] -- Installing: /home/admin/Documents/ROS2/C3_4/install/status_interfaces/share/status_interfaces/environment/ament_prefix_path.dsv
[3.478s] -- Installing: /home/admin/Documents/ROS2/C3_4/install/status_interfaces/share/status_interfaces/environment/path.sh
[3.478s] -- Installing: /home/admin/Documents/ROS2/C3_4/install/status_interfaces/share/status_interfaces/environment/path.dsv
[3.478s] -- Installing: /home/admin/Documents/ROS2/C3_4/install/status_interfaces/share/status_interfaces/local_setup.bash
[3.479s] -- Installing: /home/admin/Documents/ROS2/C3_4/install/status_interfaces/share/status_interfaces/local_setup.sh
[3.479s] -- Installing: /home/admin/Documents/ROS2/C3_4/install/status_interfaces/share/status_interfaces/local_setup.zsh
[3.479s] -- Installing: /home/admin/Documents/ROS2/C3_4/install/status_interfaces/share/status_interfaces/local_setup.dsv
[3.479s] -- Installing: /home/admin/Documents/ROS2/C3_4/install/status_interfaces/share/status_interfaces/package.dsv
[3.479s] -- Installing: /home/admin/Documents/ROS2/C3_4/install/status_interfaces/share/ament_index/resource_index/packages/status_interfaces
[3.480s] -- Installing: /home/admin/Documents/ROS2/C3_4/install/status_interfaces/share/status_interfaces/cmake/export_status_interfaces__rosidl_generator_cExport.cmake
[3.480s] -- Installing: /home/admin/Documents/ROS2/C3_4/install/status_interfaces/share/status_interfaces/cmake/export_status_interfaces__rosidl_generator_cExport-noconfig.cmake
[3.480s] -- Installing: /home/admin/Documents/ROS2/C3_4/install/status_interfaces/share/status_interfaces/cmake/export_status_interfaces__rosidl_typesupport_fastrtps_cExport.cmake
[3.480s] -- Installing: /home/admin/Documents/ROS2/C3_4/install/status_interfaces/share/status_interfaces/cmake/export_status_interfaces__rosidl_typesupport_fastrtps_cExport-noconfig.cmake
[3.480s] -- Installing: /home/admin/Documents/ROS2/C3_4/install/status_interfaces/share/status_interfaces/cmake/export_status_interfaces__rosidl_generator_cppExport.cmake
[3.481s] -- Installing: /home/admin/Documents/ROS2/C3_4/install/status_interfaces/share/status_interfaces/cmake/export_status_interfaces__rosidl_typesupport_fastrtps_cppExport.cmake
[3.481s] -- Installing: /home/admin/Documents/ROS2/C3_4/install/status_interfaces/share/status_interfaces/cmake/export_status_interfaces__rosidl_typesupport_fastrtps_cppExport-noconfig.cmake
[3.481s] -- Installing: /home/admin/Documents/ROS2/C3_4/install/status_interfaces/share/status_interfaces/cmake/status_interfaces__rosidl_typesupport_introspection_cExport.cmake
[3.481s] -- Installing: /home/admin/Documents/ROS2/C3_4/install/status_interfaces/share/status_interfaces/cmake/status_interfaces__rosidl_typesupport_introspection_cExport-noconfig.cmake
[3.481s] -- Installing: /home/admin/Documents/ROS2/C3_4/install/status_interfaces/share/status_interfaces/cmake/status_interfaces__rosidl_typesupport_cExport.cmake
[3.482s] -- Installing: /home/admin/Documents/ROS2/C3_4/install/status_interfaces/share/status_interfaces/cmake/status_interfaces__rosidl_typesupport_cExport-noconfig.cmake
[3.482s] -- Installing: /home/admin/Documents/ROS2/C3_4/install/status_interfaces/share/status_interfaces/cmake/status_interfaces__rosidl_typesupport_introspection_cppExport.cmake
[3.482s] -- Installing: /home/admin/Documents/ROS2/C3_4/install/status_interfaces/share/status_interfaces/cmake/status_interfaces__rosidl_typesupport_introspection_cppExport-noconfig.cmake
[3.482s] -- Installing: /home/admin/Documents/ROS2/C3_4/install/status_interfaces/share/status_interfaces/cmake/status_interfaces__rosidl_typesupport_cppExport.cmake
[3.482s] -- Installing: /home/admin/Documents/ROS2/C3_4/install/status_interfaces/share/status_interfaces/cmake/status_interfaces__rosidl_typesupport_cppExport-noconfig.cmake
[3.483s] -- Installing: /home/admin/Documents/ROS2/C3_4/install/status_interfaces/share/status_interfaces/cmake/export_status_interfaces__rosidl_generator_pyExport.cmake
[3.483s] -- Installing: /home/admin/Documents/ROS2/C3_4/install/status_interfaces/share/status_interfaces/cmake/export_status_interfaces__rosidl_generator_pyExport-noconfig.cmake
[3.483s] -- Installing: /home/admin/Documents/ROS2/C3_4/install/status_interfaces/share/status_interfaces/cmake/rosidl_cmake-extras.cmake
[3.483s] -- Installing: /home/admin/Documents/ROS2/C3_4/install/status_interfaces/share/status_interfaces/cmake/ament_cmake_export_dependencies-extras.cmake
[3.483s] -- Installing: /home/admin/Documents/ROS2/C3_4/install/status_interfaces/share/status_interfaces/cmake/ament_cmake_export_include_directories-extras.cmake
[3.483s] -- Installing: /home/admin/Documents/ROS2/C3_4/install/status_interfaces/share/status_interfaces/cmake/ament_cmake_export_libraries-extras.cmake
[3.484s] -- Installing: /home/admin/Documents/ROS2/C3_4/install/status_interfaces/share/status_interfaces/cmake/ament_cmake_export_targets-extras.cmake
[3.484s] -- Installing: /home/admin/Documents/ROS2/C3_4/install/status_interfaces/share/status_interfaces/cmake/rosidl_cmake_export_typesupport_targets-extras.cmake
[3.484s] -- Installing: /home/admin/Documents/ROS2/C3_4/install/status_interfaces/share/status_interfaces/cmake/rosidl_cmake_export_typesupport_libraries-extras.cmake
[3.484s] -- Installing: /home/admin/Documents/ROS2/C3_4/install/status_interfaces/share/status_interfaces/cmake/status_interfacesConfig.cmake
[3.484s] -- Installing: /home/admin/Documents/ROS2/C3_4/install/status_interfaces/share/status_interfaces/cmake/status_interfacesConfig-version.cmake
[3.484s] -- Installing: /home/admin/Documents/ROS2/C3_4/install/status_interfaces/share/status_interfaces/package.xml
[3.487s] Invoked command in '/home/admin/Documents/ROS2/C3_4/build/status_interfaces' returned '0': CMAKE_PREFIX_PATH=/opt/ros/humble /usr/bin/cmake --install /home/admin/Documents/ROS2/C3_4/build/status_interfaces
