[0.111s] DEBUG:colcon:Command line arguments: ['/usr/bin/colcon', 'build']
[0.111s] DEBUG:colcon:Parsed command line arguments: Namespace(log_base=None, log_level=None, verb_name='build', build_base='build', install_base='install', merge_install=False, symlink_install=False, test_result_base=None, continue_on_error=False, executor='parallel', parallel_workers=8, event_handlers=None, ignore_user_meta=False, metas=['./colcon.meta'], base_paths=['.'], packages_ignore=None, packages_ignore_regex=None, paths=None, packages_up_to=None, packages_up_to_regex=None, packages_above=None, packages_above_and_dependencies=None, packages_above_depth=None, packages_select_by_dep=None, packages_skip_by_dep=None, packages_skip_up_to=None, packages_select_build_failed=False, packages_skip_build_finished=False, packages_select_test_failures=False, packages_skip_test_passed=False, packages_select=None, packages_skip=None, packages_select_regex=None, packages_skip_regex=None, packages_start=None, packages_end=None, allow_overriding=[], cmake_args=None, cmake_target=None, cmake_target_skip_unavailable=False, cmake_clean_cache=False, cmake_clean_first=False, cmake_force_configure=False, ament_cmake_args=None, catkin_cmake_args=None, catkin_skip_building_tests=False, verb_parser=<colcon_defaults.argument_parser.defaults.DefaultArgumentsDecorator object at 0x7f57a8c9c700>, verb_extension=<colcon_core.verb.build.BuildVerb object at 0x7f57a8d99b10>, main=<bound method BuildVerb.main of <colcon_core.verb.build.BuildVerb object at 0x7f57a8d99b10>>)
[0.287s] Level 1:colcon.colcon_core.package_discovery:discover_packages(colcon_meta) check parameters
[0.287s] Level 1:colcon.colcon_core.package_discovery:discover_packages(recursive) check parameters
[0.287s] Level 1:colcon.colcon_core.package_discovery:discover_packages(ignore) check parameters
[0.287s] Level 1:colcon.colcon_core.package_discovery:discover_packages(path) check parameters
[0.287s] Level 1:colcon.colcon_core.package_discovery:discover_packages(colcon_meta) discover
[0.287s] Level 1:colcon.colcon_core.package_discovery:discover_packages(recursive) discover
[0.287s] INFO:colcon.colcon_core.package_discovery:Crawling recursively for packages in '/home/admin/Documents/ROS2/C3_4'
[0.287s] Level 1:colcon.colcon_core.package_identification:_identify(.) by extensions ['ignore', 'ignore_ament_install']
[0.287s] Level 1:colcon.colcon_core.package_identification:_identify(.) by extension 'ignore'
[0.287s] Level 1:colcon.colcon_core.package_identification:_identify(.) by extension 'ignore_ament_install'
[0.287s] Level 1:colcon.colcon_core.package_identification:_identify(.) by extensions ['colcon_pkg']
[0.287s] Level 1:colcon.colcon_core.package_identification:_identify(.) by extension 'colcon_pkg'
[0.287s] Level 1:colcon.colcon_core.package_identification:_identify(.) by extensions ['colcon_meta']
[0.287s] Level 1:colcon.colcon_core.package_identification:_identify(.) by extension 'colcon_meta'
[0.287s] Level 1:colcon.colcon_core.package_identification:_identify(.) by extensions ['ros']
[0.287s] Level 1:colcon.colcon_core.package_identification:_identify(.) by extension 'ros'
[0.299s] Level 1:colcon.colcon_core.package_identification:_identify(.) by extensions ['cmake', 'python']
[0.299s] Level 1:colcon.colcon_core.package_identification:_identify(.) by extension 'cmake'
[0.299s] Level 1:colcon.colcon_core.package_identification:_identify(.) by extension 'python'
[0.299s] Level 1:colcon.colcon_core.package_identification:_identify(.) by extensions ['python_setup_py']
[0.299s] Level 1:colcon.colcon_core.package_identification:_identify(.) by extension 'python_setup_py'
[0.300s] Level 1:colcon.colcon_core.package_identification:_identify(build) by extensions ['ignore', 'ignore_ament_install']
[0.300s] Level 1:colcon.colcon_core.package_identification:_identify(build) by extension 'ignore'
[0.300s] Level 1:colcon.colcon_core.package_identification:_identify(build) ignored
[0.300s] Level 1:colcon.colcon_core.package_identification:_identify(install) by extensions ['ignore', 'ignore_ament_install']
[0.300s] Level 1:colcon.colcon_core.package_identification:_identify(install) by extension 'ignore'
[0.300s] Level 1:colcon.colcon_core.package_identification:_identify(install) ignored
[0.300s] Level 1:colcon.colcon_core.package_identification:_identify(log) by extensions ['ignore', 'ignore_ament_install']
[0.300s] Level 1:colcon.colcon_core.package_identification:_identify(log) by extension 'ignore'
[0.300s] Level 1:colcon.colcon_core.package_identification:_identify(log) ignored
[0.300s] Level 1:colcon.colcon_core.package_identification:_identify(src) by extensions ['ignore', 'ignore_ament_install']
[0.301s] Level 1:colcon.colcon_core.package_identification:_identify(src) by extension 'ignore'
[0.301s] Level 1:colcon.colcon_core.package_identification:_identify(src) by extension 'ignore_ament_install'
[0.301s] Level 1:colcon.colcon_core.package_identification:_identify(src) by extensions ['colcon_pkg']
[0.301s] Level 1:colcon.colcon_core.package_identification:_identify(src) by extension 'colcon_pkg'
[0.301s] Level 1:colcon.colcon_core.package_identification:_identify(src) by extensions ['colcon_meta']
[0.301s] Level 1:colcon.colcon_core.package_identification:_identify(src) by extension 'colcon_meta'
[0.301s] Level 1:colcon.colcon_core.package_identification:_identify(src) by extensions ['ros']
[0.301s] Level 1:colcon.colcon_core.package_identification:_identify(src) by extension 'ros'
[0.301s] Level 1:colcon.colcon_core.package_identification:_identify(src) by extensions ['cmake', 'python']
[0.301s] Level 1:colcon.colcon_core.package_identification:_identify(src) by extension 'cmake'
[0.301s] Level 1:colcon.colcon_core.package_identification:_identify(src) by extension 'python'
[0.301s] Level 1:colcon.colcon_core.package_identification:_identify(src) by extensions ['python_setup_py']
[0.301s] Level 1:colcon.colcon_core.package_identification:_identify(src) by extension 'python_setup_py'
[0.301s] Level 1:colcon.colcon_core.package_identification:_identify(src/status_display) by extensions ['ignore', 'ignore_ament_install']
[0.301s] Level 1:colcon.colcon_core.package_identification:_identify(src/status_display) by extension 'ignore'
[0.301s] Level 1:colcon.colcon_core.package_identification:_identify(src/status_display) by extension 'ignore_ament_install'
[0.301s] Level 1:colcon.colcon_core.package_identification:_identify(src/status_display) by extensions ['colcon_pkg']
[0.301s] Level 1:colcon.colcon_core.package_identification:_identify(src/status_display) by extension 'colcon_pkg'
[0.301s] Level 1:colcon.colcon_core.package_identification:_identify(src/status_display) by extensions ['colcon_meta']
[0.301s] Level 1:colcon.colcon_core.package_identification:_identify(src/status_display) by extension 'colcon_meta'
[0.301s] Level 1:colcon.colcon_core.package_identification:_identify(src/status_display) by extensions ['ros']
[0.302s] Level 1:colcon.colcon_core.package_identification:_identify(src/status_display) by extension 'ros'
[0.304s] DEBUG:colcon.colcon_core.package_identification:Package 'src/status_display' with type 'ros.ament_cmake' and name 'status_display'
[0.304s] Level 1:colcon.colcon_core.package_identification:_identify(src/status_interfaces) by extensions ['ignore', 'ignore_ament_install']
[0.304s] Level 1:colcon.colcon_core.package_identification:_identify(src/status_interfaces) by extension 'ignore'
[0.304s] Level 1:colcon.colcon_core.package_identification:_identify(src/status_interfaces) by extension 'ignore_ament_install'
[0.304s] Level 1:colcon.colcon_core.package_identification:_identify(src/status_interfaces) by extensions ['colcon_pkg']
[0.304s] Level 1:colcon.colcon_core.package_identification:_identify(src/status_interfaces) by extension 'colcon_pkg'
[0.305s] Level 1:colcon.colcon_core.package_identification:_identify(src/status_interfaces) by extensions ['colcon_meta']
[0.305s] Level 1:colcon.colcon_core.package_identification:_identify(src/status_interfaces) by extension 'colcon_meta'
[0.305s] Level 1:colcon.colcon_core.package_identification:_identify(src/status_interfaces) by extensions ['ros']
[0.305s] Level 1:colcon.colcon_core.package_identification:_identify(src/status_interfaces) by extension 'ros'
[0.305s] DEBUG:colcon.colcon_core.package_identification:Package 'src/status_interfaces' with type 'ros.ament_cmake' and name 'status_interfaces'
[0.305s] Level 1:colcon.colcon_core.package_identification:_identify(src/status_publisher) by extensions ['ignore', 'ignore_ament_install']
[0.306s] Level 1:colcon.colcon_core.package_identification:_identify(src/status_publisher) by extension 'ignore'
[0.306s] Level 1:colcon.colcon_core.package_identification:_identify(src/status_publisher) by extension 'ignore_ament_install'
[0.306s] Level 1:colcon.colcon_core.package_identification:_identify(src/status_publisher) by extensions ['colcon_pkg']
[0.306s] Level 1:colcon.colcon_core.package_identification:_identify(src/status_publisher) by extension 'colcon_pkg'
[0.306s] Level 1:colcon.colcon_core.package_identification:_identify(src/status_publisher) by extensions ['colcon_meta']
[0.306s] Level 1:colcon.colcon_core.package_identification:_identify(src/status_publisher) by extension 'colcon_meta'
[0.306s] Level 1:colcon.colcon_core.package_identification:_identify(src/status_publisher) by extensions ['ros']
[0.306s] Level 1:colcon.colcon_core.package_identification:_identify(src/status_publisher) by extension 'ros'
[0.307s] DEBUG:colcon.colcon_core.package_identification:Package 'src/status_publisher' with type 'ros.ament_python' and name 'status_publisher'
[0.307s] Level 1:colcon.colcon_core.package_discovery:discover_packages(recursive) using defaults
[0.307s] Level 1:colcon.colcon_core.package_discovery:discover_packages(ignore) discover
[0.307s] Level 1:colcon.colcon_core.package_discovery:discover_packages(ignore) using defaults
[0.307s] Level 1:colcon.colcon_core.package_discovery:discover_packages(path) discover
[0.307s] Level 1:colcon.colcon_core.package_discovery:discover_packages(path) using defaults
[0.328s] Level 1:colcon.colcon_core.package_discovery:discover_packages(prefix_path) check parameters
[0.328s] Level 1:colcon.colcon_core.package_discovery:discover_packages(prefix_path) discover
[0.339s] DEBUG:colcon.colcon_installed_package_information.package_discovery:Found 3 installed packages in /home/admin/Documents/ROS2/C3_4/install
[0.341s] DEBUG:colcon.colcon_installed_package_information.package_discovery:Found 271 installed packages in /opt/ros/humble
[0.342s] Level 1:colcon.colcon_core.package_discovery:discover_packages(prefix_path) using defaults
[0.379s] Level 5:colcon.colcon_core.verb:set package 'status_interfaces' build argument 'cmake_args' from command line to 'None'
[0.379s] Level 5:colcon.colcon_core.verb:set package 'status_interfaces' build argument 'cmake_target' from command line to 'None'
[0.379s] Level 5:colcon.colcon_core.verb:set package 'status_interfaces' build argument 'cmake_target_skip_unavailable' from command line to 'False'
[0.379s] Level 5:colcon.colcon_core.verb:set package 'status_interfaces' build argument 'cmake_clean_cache' from command line to 'False'
[0.379s] Level 5:colcon.colcon_core.verb:set package 'status_interfaces' build argument 'cmake_clean_first' from command line to 'False'
[0.379s] Level 5:colcon.colcon_core.verb:set package 'status_interfaces' build argument 'cmake_force_configure' from command line to 'False'
[0.380s] Level 5:colcon.colcon_core.verb:set package 'status_interfaces' build argument 'ament_cmake_args' from command line to 'None'
[0.380s] Level 5:colcon.colcon_core.verb:set package 'status_interfaces' build argument 'catkin_cmake_args' from command line to 'None'
[0.380s] Level 5:colcon.colcon_core.verb:set package 'status_interfaces' build argument 'catkin_skip_building_tests' from command line to 'False'
[0.380s] DEBUG:colcon.colcon_core.verb:Building package 'status_interfaces' with the following arguments: {'ament_cmake_args': None, 'build_base': '/home/admin/Documents/ROS2/C3_4/build/status_interfaces', 'catkin_cmake_args': None, 'catkin_skip_building_tests': False, 'cmake_args': None, 'cmake_clean_cache': False, 'cmake_clean_first': False, 'cmake_force_configure': False, 'cmake_target': None, 'cmake_target_skip_unavailable': False, 'install_base': '/home/admin/Documents/ROS2/C3_4/install/status_interfaces', 'merge_install': False, 'path': '/home/admin/Documents/ROS2/C3_4/src/status_interfaces', 'symlink_install': False, 'test_result_base': None}
[0.380s] Level 5:colcon.colcon_core.verb:set package 'status_display' build argument 'cmake_args' from command line to 'None'
[0.380s] Level 5:colcon.colcon_core.verb:set package 'status_display' build argument 'cmake_target' from command line to 'None'
[0.380s] Level 5:colcon.colcon_core.verb:set package 'status_display' build argument 'cmake_target_skip_unavailable' from command line to 'False'
[0.380s] Level 5:colcon.colcon_core.verb:set package 'status_display' build argument 'cmake_clean_cache' from command line to 'False'
[0.380s] Level 5:colcon.colcon_core.verb:set package 'status_display' build argument 'cmake_clean_first' from command line to 'False'
[0.380s] Level 5:colcon.colcon_core.verb:set package 'status_display' build argument 'cmake_force_configure' from command line to 'False'
[0.380s] Level 5:colcon.colcon_core.verb:set package 'status_display' build argument 'ament_cmake_args' from command line to 'None'
[0.380s] Level 5:colcon.colcon_core.verb:set package 'status_display' build argument 'catkin_cmake_args' from command line to 'None'
[0.380s] Level 5:colcon.colcon_core.verb:set package 'status_display' build argument 'catkin_skip_building_tests' from command line to 'False'
[0.380s] DEBUG:colcon.colcon_core.verb:Building package 'status_display' with the following arguments: {'ament_cmake_args': None, 'build_base': '/home/admin/Documents/ROS2/C3_4/build/status_display', 'catkin_cmake_args': None, 'catkin_skip_building_tests': False, 'cmake_args': None, 'cmake_clean_cache': False, 'cmake_clean_first': False, 'cmake_force_configure': False, 'cmake_target': None, 'cmake_target_skip_unavailable': False, 'install_base': '/home/admin/Documents/ROS2/C3_4/install/status_display', 'merge_install': False, 'path': '/home/admin/Documents/ROS2/C3_4/src/status_display', 'symlink_install': False, 'test_result_base': None}
[0.381s] Level 5:colcon.colcon_core.verb:set package 'status_publisher' build argument 'cmake_args' from command line to 'None'
[0.381s] Level 5:colcon.colcon_core.verb:set package 'status_publisher' build argument 'cmake_target' from command line to 'None'
[0.381s] Level 5:colcon.colcon_core.verb:set package 'status_publisher' build argument 'cmake_target_skip_unavailable' from command line to 'False'
[0.381s] Level 5:colcon.colcon_core.verb:set package 'status_publisher' build argument 'cmake_clean_cache' from command line to 'False'
[0.381s] Level 5:colcon.colcon_core.verb:set package 'status_publisher' build argument 'cmake_clean_first' from command line to 'False'
[0.381s] Level 5:colcon.colcon_core.verb:set package 'status_publisher' build argument 'cmake_force_configure' from command line to 'False'
[0.381s] Level 5:colcon.colcon_core.verb:set package 'status_publisher' build argument 'ament_cmake_args' from command line to 'None'
[0.381s] Level 5:colcon.colcon_core.verb:set package 'status_publisher' build argument 'catkin_cmake_args' from command line to 'None'
[0.381s] Level 5:colcon.colcon_core.verb:set package 'status_publisher' build argument 'catkin_skip_building_tests' from command line to 'False'
[0.381s] DEBUG:colcon.colcon_core.verb:Building package 'status_publisher' with the following arguments: {'ament_cmake_args': None, 'build_base': '/home/admin/Documents/ROS2/C3_4/build/status_publisher', 'catkin_cmake_args': None, 'catkin_skip_building_tests': False, 'cmake_args': None, 'cmake_clean_cache': False, 'cmake_clean_first': False, 'cmake_force_configure': False, 'cmake_target': None, 'cmake_target_skip_unavailable': False, 'install_base': '/home/admin/Documents/ROS2/C3_4/install/status_publisher', 'merge_install': False, 'path': '/home/admin/Documents/ROS2/C3_4/src/status_publisher', 'symlink_install': False, 'test_result_base': None}
[0.381s] INFO:colcon.colcon_core.executor:Executing jobs using 'parallel' executor
[0.382s] DEBUG:colcon.colcon_parallel_executor.executor.parallel:run_until_complete
[0.382s] INFO:colcon.colcon_ros.task.ament_cmake.build:Building ROS package in '/home/admin/Documents/ROS2/C3_4/src/status_interfaces' with build type 'ament_cmake'
[0.382s] INFO:colcon.colcon_cmake.task.cmake.build:Building CMake package in '/home/admin/Documents/ROS2/C3_4/src/status_interfaces'
[0.385s] INFO:colcon.colcon_core.plugin_system:Skipping extension 'colcon_core.shell.bat': Not used on non-Windows systems
[0.385s] INFO:colcon.colcon_core.shell:Skip shell extension 'powershell' for command environment: Not usable outside of PowerShell
[0.385s] DEBUG:colcon.colcon_core.shell:Skip shell extension 'dsv' for command environment
[0.396s] DEBUG:colcon.colcon_core.event_handler.log_command:Invoking command in '/home/admin/Documents/ROS2/C3_4/build/status_interfaces': CMAKE_PREFIX_PATH=${CMAKE_PREFIX_PATH}:/home/admin/Documents/ROS2/C3_4/install/status_publisher:/opt/ros/humble /usr/bin/cmake --build /home/admin/Documents/ROS2/C3_4/build/status_interfaces -- -j8 -l8
[0.889s] DEBUG:colcon.colcon_core.event_handler.log_command:Invoked command in '/home/admin/Documents/ROS2/C3_4/build/status_interfaces' returned '0': CMAKE_PREFIX_PATH=${CMAKE_PREFIX_PATH}:/home/admin/Documents/ROS2/C3_4/install/status_publisher:/opt/ros/humble /usr/bin/cmake --build /home/admin/Documents/ROS2/C3_4/build/status_interfaces -- -j8 -l8
[0.902s] DEBUG:colcon.colcon_core.event_handler.log_command:Invoking command in '/home/admin/Documents/ROS2/C3_4/build/status_interfaces': CMAKE_PREFIX_PATH=${CMAKE_PREFIX_PATH}:/home/admin/Documents/ROS2/C3_4/install/status_publisher:/opt/ros/humble /usr/bin/cmake --install /home/admin/Documents/ROS2/C3_4/build/status_interfaces
[0.972s] Level 1:colcon.colcon_core.environment:create_environment_scripts_only(status_interfaces)
[0.972s] DEBUG:colcon.colcon_core.event_handler.log_command:Invoked command in '/home/admin/Documents/ROS2/C3_4/build/status_interfaces' returned '0': CMAKE_PREFIX_PATH=${CMAKE_PREFIX_PATH}:/home/admin/Documents/ROS2/C3_4/install/status_publisher:/opt/ros/humble /usr/bin/cmake --install /home/admin/Documents/ROS2/C3_4/build/status_interfaces
[0.976s] Level 1:colcon.colcon_core.environment:checking '/home/admin/Documents/ROS2/C3_4/install/status_interfaces' for CMake module files
[0.977s] Level 1:colcon.colcon_core.environment:checking '/home/admin/Documents/ROS2/C3_4/install/status_interfaces' for CMake config files
[0.978s] Level 1:colcon.colcon_core.shell:create_environment_hook('status_interfaces', 'cmake_prefix_path')
[0.978s] INFO:colcon.colcon_core.shell:Creating environment hook '/home/admin/Documents/ROS2/C3_4/install/status_interfaces/share/status_interfaces/hook/cmake_prefix_path.ps1'
[0.979s] INFO:colcon.colcon_core.shell:Creating environment descriptor '/home/admin/Documents/ROS2/C3_4/install/status_interfaces/share/status_interfaces/hook/cmake_prefix_path.dsv'
[0.980s] INFO:colcon.colcon_core.shell:Creating environment hook '/home/admin/Documents/ROS2/C3_4/install/status_interfaces/share/status_interfaces/hook/cmake_prefix_path.sh'
[0.981s] Level 1:colcon.colcon_core.environment:checking '/home/admin/Documents/ROS2/C3_4/install/status_interfaces/lib'
[0.982s] Level 1:colcon.colcon_core.shell:create_environment_hook('status_interfaces', 'ld_library_path_lib')
[0.982s] INFO:colcon.colcon_core.shell:Creating environment hook '/home/admin/Documents/ROS2/C3_4/install/status_interfaces/share/status_interfaces/hook/ld_library_path_lib.ps1'
[0.983s] INFO:colcon.colcon_core.shell:Creating environment descriptor '/home/admin/Documents/ROS2/C3_4/install/status_interfaces/share/status_interfaces/hook/ld_library_path_lib.dsv'
[0.983s] INFO:colcon.colcon_core.shell:Creating environment hook '/home/admin/Documents/ROS2/C3_4/install/status_interfaces/share/status_interfaces/hook/ld_library_path_lib.sh'
[0.984s] Level 1:colcon.colcon_core.environment:checking '/home/admin/Documents/ROS2/C3_4/install/status_interfaces/bin'
[0.984s] Level 1:colcon.colcon_core.environment:checking '/home/admin/Documents/ROS2/C3_4/install/status_interfaces/lib/pkgconfig/status_interfaces.pc'
[0.985s] Level 1:colcon.colcon_core.environment:checking '/home/admin/Documents/ROS2/C3_4/install/status_interfaces/lib/python3.10/site-packages'
[0.985s] Level 1:colcon.colcon_core.environment:checking '/home/admin/Documents/ROS2/C3_4/install/status_interfaces/bin'
[0.986s] INFO:colcon.colcon_core.shell:Creating package script '/home/admin/Documents/ROS2/C3_4/install/status_interfaces/share/status_interfaces/package.ps1'
[0.987s] INFO:colcon.colcon_core.shell:Creating package descriptor '/home/admin/Documents/ROS2/C3_4/install/status_interfaces/share/status_interfaces/package.dsv'
[0.988s] INFO:colcon.colcon_core.shell:Creating package script '/home/admin/Documents/ROS2/C3_4/install/status_interfaces/share/status_interfaces/package.sh'
[0.989s] INFO:colcon.colcon_core.shell:Creating package script '/home/admin/Documents/ROS2/C3_4/install/status_interfaces/share/status_interfaces/package.bash'
[0.991s] INFO:colcon.colcon_core.shell:Creating package script '/home/admin/Documents/ROS2/C3_4/install/status_interfaces/share/status_interfaces/package.zsh'
[0.992s] Level 1:colcon.colcon_core.environment:create_file_with_runtime_dependencies(/home/admin/Documents/ROS2/C3_4/install/status_interfaces/share/colcon-core/packages/status_interfaces)
[0.993s] Level 1:colcon.colcon_core.environment:create_environment_scripts_only(status_interfaces)
[0.993s] Level 1:colcon.colcon_core.environment:checking '/home/admin/Documents/ROS2/C3_4/install/status_interfaces' for CMake module files
[0.998s] Level 1:colcon.colcon_core.environment:checking '/home/admin/Documents/ROS2/C3_4/install/status_interfaces' for CMake config files
[0.999s] Level 1:colcon.colcon_core.shell:create_environment_hook('status_interfaces', 'cmake_prefix_path')
[0.999s] INFO:colcon.colcon_core.shell:Creating environment hook '/home/admin/Documents/ROS2/C3_4/install/status_interfaces/share/status_interfaces/hook/cmake_prefix_path.ps1'
[1.000s] INFO:colcon.colcon_core.shell:Creating environment descriptor '/home/admin/Documents/ROS2/C3_4/install/status_interfaces/share/status_interfaces/hook/cmake_prefix_path.dsv'
[1.000s] INFO:colcon.colcon_core.shell:Creating environment hook '/home/admin/Documents/ROS2/C3_4/install/status_interfaces/share/status_interfaces/hook/cmake_prefix_path.sh'
[1.001s] Level 1:colcon.colcon_core.environment:checking '/home/admin/Documents/ROS2/C3_4/install/status_interfaces/lib'
[1.001s] Level 1:colcon.colcon_core.shell:create_environment_hook('status_interfaces', 'ld_library_path_lib')
[1.002s] INFO:colcon.colcon_core.shell:Creating environment hook '/home/admin/Documents/ROS2/C3_4/install/status_interfaces/share/status_interfaces/hook/ld_library_path_lib.ps1'
[1.002s] INFO:colcon.colcon_core.shell:Creating environment descriptor '/home/admin/Documents/ROS2/C3_4/install/status_interfaces/share/status_interfaces/hook/ld_library_path_lib.dsv'
[1.003s] INFO:colcon.colcon_core.shell:Creating environment hook '/home/admin/Documents/ROS2/C3_4/install/status_interfaces/share/status_interfaces/hook/ld_library_path_lib.sh'
[1.003s] Level 1:colcon.colcon_core.environment:checking '/home/admin/Documents/ROS2/C3_4/install/status_interfaces/bin'
[1.004s] Level 1:colcon.colcon_core.environment:checking '/home/admin/Documents/ROS2/C3_4/install/status_interfaces/lib/pkgconfig/status_interfaces.pc'
[1.004s] Level 1:colcon.colcon_core.environment:checking '/home/admin/Documents/ROS2/C3_4/install/status_interfaces/lib/python3.10/site-packages'
[1.004s] Level 1:colcon.colcon_core.environment:checking '/home/admin/Documents/ROS2/C3_4/install/status_interfaces/bin'
[1.005s] INFO:colcon.colcon_core.shell:Creating package script '/home/admin/Documents/ROS2/C3_4/install/status_interfaces/share/status_interfaces/package.ps1'
[1.005s] INFO:colcon.colcon_core.shell:Creating package descriptor '/home/admin/Documents/ROS2/C3_4/install/status_interfaces/share/status_interfaces/package.dsv'
[1.006s] INFO:colcon.colcon_core.shell:Creating package script '/home/admin/Documents/ROS2/C3_4/install/status_interfaces/share/status_interfaces/package.sh'
[1.007s] INFO:colcon.colcon_core.shell:Creating package script '/home/admin/Documents/ROS2/C3_4/install/status_interfaces/share/status_interfaces/package.bash'
[1.008s] INFO:colcon.colcon_core.shell:Creating package script '/home/admin/Documents/ROS2/C3_4/install/status_interfaces/share/status_interfaces/package.zsh'
[1.009s] Level 1:colcon.colcon_core.environment:create_file_with_runtime_dependencies(/home/admin/Documents/ROS2/C3_4/install/status_interfaces/share/colcon-core/packages/status_interfaces)
[1.010s] INFO:colcon.colcon_ros.task.ament_cmake.build:Building ROS package in '/home/admin/Documents/ROS2/C3_4/src/status_display' with build type 'ament_cmake'
[1.010s] INFO:colcon.colcon_cmake.task.cmake.build:Building CMake package in '/home/admin/Documents/ROS2/C3_4/src/status_display'
[1.010s] INFO:colcon.colcon_core.shell:Skip shell extension 'powershell' for command environment: Not usable outside of PowerShell
[1.010s] DEBUG:colcon.colcon_core.shell:Skip shell extension 'dsv' for command environment
[1.016s] INFO:colcon.colcon_ros.task.ament_python.build:Building ROS package in '/home/admin/Documents/ROS2/C3_4/src/status_publisher' with build type 'ament_python'
[1.017s] Level 1:colcon.colcon_core.shell:create_environment_hook('status_publisher', 'ament_prefix_path')
[1.017s] INFO:colcon.colcon_core.shell:Creating environment hook '/home/admin/Documents/ROS2/C3_4/install/status_publisher/share/status_publisher/hook/ament_prefix_path.ps1'
[1.018s] INFO:colcon.colcon_core.shell:Creating environment descriptor '/home/admin/Documents/ROS2/C3_4/install/status_publisher/share/status_publisher/hook/ament_prefix_path.dsv'
[1.018s] INFO:colcon.colcon_core.shell:Creating environment hook '/home/admin/Documents/ROS2/C3_4/install/status_publisher/share/status_publisher/hook/ament_prefix_path.sh'
[1.019s] INFO:colcon.colcon_core.shell:Skip shell extension 'powershell' for command environment: Not usable outside of PowerShell
[1.019s] DEBUG:colcon.colcon_core.shell:Skip shell extension 'dsv' for command environment
[1.028s] DEBUG:colcon.colcon_core.event_handler.log_command:Invoking command in '/home/admin/Documents/ROS2/C3_4/build/status_display': CMAKE_PREFIX_PATH=/home/admin/Documents/ROS2/C3_4/install/status_interfaces:/home/admin/Documents/ROS2/C3_4/install/status_display:/home/admin/Documents/ROS2/C3_4/install/status_publisher:/opt/ros/humble /usr/bin/cmake --build /home/admin/Documents/ROS2/C3_4/build/status_display -- -j8 -l8
[1.374s] INFO:colcon.colcon_core.task.python.build:Building Python package in '/home/admin/Documents/ROS2/C3_4/src/status_publisher'
[1.374s] INFO:colcon.colcon_core.shell:Skip shell extension 'powershell' for command environment: Not usable outside of PowerShell
[1.375s] DEBUG:colcon.colcon_core.shell:Skip shell extension 'dsv' for command environment
[1.829s] DEBUG:colcon.colcon_core.event_handler.log_command:Invoking command in '/home/admin/Documents/ROS2/C3_4/src/status_publisher': CMAKE_PREFIX_PATH=/home/admin/Documents/ROS2/C3_4/install/status_interfaces:/home/admin/Documents/ROS2/C3_4/install/status_display PYTHONPATH=/home/admin/Documents/ROS2/C3_4/build/status_publisher/prefix_override:/usr/lib/python3/dist-packages/colcon_core/task/python/colcon_distutils_commands:/home/admin/Documents/ROS2/C3_4/install/status_publisher/lib/python3.10/site-packages:${PYTHONPATH} /usr/bin/python3 -W ignore:setup.py install is deprecated -W ignore:easy_install command is deprecated setup.py egg_info --egg-base ../../build/status_publisher build --build-base /home/admin/Documents/ROS2/C3_4/build/status_publisher/build install --record /home/admin/Documents/ROS2/C3_4/build/status_publisher/install.log --single-version-externally-managed install_data
[2.221s] Level 1:colcon.colcon_core.environment:checking '/home/admin/Documents/ROS2/C3_4/install/status_publisher' for CMake module files
[2.221s] Level 1:colcon.colcon_core.environment:checking '/home/admin/Documents/ROS2/C3_4/install/status_publisher' for CMake config files
[2.222s] Level 1:colcon.colcon_core.environment:checking '/home/admin/Documents/ROS2/C3_4/install/status_publisher/lib'
[2.222s] Level 1:colcon.colcon_core.environment:checking '/home/admin/Documents/ROS2/C3_4/install/status_publisher/bin'
[2.223s] Level 1:colcon.colcon_core.environment:checking '/home/admin/Documents/ROS2/C3_4/install/status_publisher/lib/pkgconfig/status_publisher.pc'
[2.223s] Level 1:colcon.colcon_core.environment:checking '/home/admin/Documents/ROS2/C3_4/install/status_publisher/lib/python3.10/site-packages'
[2.223s] Level 1:colcon.colcon_core.shell:create_environment_hook('status_publisher', 'pythonpath')
[2.224s] INFO:colcon.colcon_core.shell:Creating environment hook '/home/admin/Documents/ROS2/C3_4/install/status_publisher/share/status_publisher/hook/pythonpath.ps1'
[2.224s] INFO:colcon.colcon_core.shell:Creating environment descriptor '/home/admin/Documents/ROS2/C3_4/install/status_publisher/share/status_publisher/hook/pythonpath.dsv'
[2.225s] DEBUG:colcon.colcon_core.event_handler.log_command:Invoked command in '/home/admin/Documents/ROS2/C3_4/src/status_publisher' returned '0': CMAKE_PREFIX_PATH=/home/admin/Documents/ROS2/C3_4/install/status_interfaces:/home/admin/Documents/ROS2/C3_4/install/status_display PYTHONPATH=/home/admin/Documents/ROS2/C3_4/build/status_publisher/prefix_override:/usr/lib/python3/dist-packages/colcon_core/task/python/colcon_distutils_commands:/home/admin/Documents/ROS2/C3_4/install/status_publisher/lib/python3.10/site-packages:${PYTHONPATH} /usr/bin/python3 -W ignore:setup.py install is deprecated -W ignore:easy_install command is deprecated setup.py egg_info --egg-base ../../build/status_publisher build --build-base /home/admin/Documents/ROS2/C3_4/build/status_publisher/build install --record /home/admin/Documents/ROS2/C3_4/build/status_publisher/install.log --single-version-externally-managed install_data
[2.225s] INFO:colcon.colcon_core.shell:Creating environment hook '/home/admin/Documents/ROS2/C3_4/install/status_publisher/share/status_publisher/hook/pythonpath.sh'
[2.226s] Level 1:colcon.colcon_core.environment:checking '/home/admin/Documents/ROS2/C3_4/install/status_publisher/bin'
[2.227s] Level 1:colcon.colcon_core.environment:create_environment_scripts_only(status_publisher)
[2.227s] INFO:colcon.colcon_core.shell:Creating package script '/home/admin/Documents/ROS2/C3_4/install/status_publisher/share/status_publisher/package.ps1'
[2.228s] INFO:colcon.colcon_core.shell:Creating package descriptor '/home/admin/Documents/ROS2/C3_4/install/status_publisher/share/status_publisher/package.dsv'
[2.228s] INFO:colcon.colcon_core.shell:Creating package script '/home/admin/Documents/ROS2/C3_4/install/status_publisher/share/status_publisher/package.sh'
[2.229s] INFO:colcon.colcon_core.shell:Creating package script '/home/admin/Documents/ROS2/C3_4/install/status_publisher/share/status_publisher/package.bash'
[2.229s] INFO:colcon.colcon_core.shell:Creating package script '/home/admin/Documents/ROS2/C3_4/install/status_publisher/share/status_publisher/package.zsh'
[2.230s] Level 1:colcon.colcon_core.environment:create_file_with_runtime_dependencies(/home/admin/Documents/ROS2/C3_4/install/status_publisher/share/colcon-core/packages/status_publisher)
[2.368s] DEBUG:colcon.colcon_core.event_handler.log_command:Invoked command in '/home/admin/Documents/ROS2/C3_4/build/status_display' returned '2': CMAKE_PREFIX_PATH=/home/admin/Documents/ROS2/C3_4/install/status_interfaces:/home/admin/Documents/ROS2/C3_4/install/status_display:/home/admin/Documents/ROS2/C3_4/install/status_publisher:/opt/ros/humble /usr/bin/cmake --build /home/admin/Documents/ROS2/C3_4/build/status_display -- -j8 -l8
[2.369s] Level 1:colcon.colcon_core.environment:create_environment_scripts_only(status_display)
[2.369s] Level 1:colcon.colcon_core.environment:checking '/home/admin/Documents/ROS2/C3_4/install/status_display' for CMake module files
[2.370s] Level 1:colcon.colcon_core.environment:checking '/home/admin/Documents/ROS2/C3_4/install/status_display' for CMake config files
[2.370s] Level 1:colcon.colcon_core.shell:create_environment_hook('status_display', 'cmake_prefix_path')
[2.371s] INFO:colcon.colcon_core.shell:Creating environment hook '/home/admin/Documents/ROS2/C3_4/install/status_display/share/status_display/hook/cmake_prefix_path.ps1'
[2.372s] INFO:colcon.colcon_core.shell:Creating environment descriptor '/home/admin/Documents/ROS2/C3_4/install/status_display/share/status_display/hook/cmake_prefix_path.dsv'
[2.372s] INFO:colcon.colcon_core.shell:Creating environment hook '/home/admin/Documents/ROS2/C3_4/install/status_display/share/status_display/hook/cmake_prefix_path.sh'
[2.373s] Level 1:colcon.colcon_core.environment:checking '/home/admin/Documents/ROS2/C3_4/install/status_display/lib'
[2.373s] Level 1:colcon.colcon_core.environment:checking '/home/admin/Documents/ROS2/C3_4/install/status_display/bin'
[2.373s] Level 1:colcon.colcon_core.environment:checking '/home/admin/Documents/ROS2/C3_4/install/status_display/lib/pkgconfig/status_display.pc'
[2.373s] Level 1:colcon.colcon_core.environment:checking '/home/admin/Documents/ROS2/C3_4/install/status_display/lib/python3.10/site-packages'
[2.374s] Level 1:colcon.colcon_core.environment:checking '/home/admin/Documents/ROS2/C3_4/install/status_display/bin'
[2.374s] INFO:colcon.colcon_core.shell:Creating package script '/home/admin/Documents/ROS2/C3_4/install/status_display/share/status_display/package.ps1'
[2.375s] INFO:colcon.colcon_core.shell:Creating package descriptor '/home/admin/Documents/ROS2/C3_4/install/status_display/share/status_display/package.dsv'
[2.375s] INFO:colcon.colcon_core.shell:Creating package script '/home/admin/Documents/ROS2/C3_4/install/status_display/share/status_display/package.sh'
[2.376s] INFO:colcon.colcon_core.shell:Creating package script '/home/admin/Documents/ROS2/C3_4/install/status_display/share/status_display/package.bash'
[2.377s] INFO:colcon.colcon_core.shell:Creating package script '/home/admin/Documents/ROS2/C3_4/install/status_display/share/status_display/package.zsh'
[2.377s] Level 1:colcon.colcon_core.environment:create_file_with_runtime_dependencies(/home/admin/Documents/ROS2/C3_4/install/status_display/share/colcon-core/packages/status_display)
[2.388s] DEBUG:colcon.colcon_parallel_executor.executor.parallel:closing loop
[2.388s] DEBUG:colcon.colcon_parallel_executor.executor.parallel:loop closed
[2.388s] DEBUG:colcon.colcon_parallel_executor.executor.parallel:run_until_complete finished with '2'
[2.388s] DEBUG:colcon.colcon_core.event_reactor:joining thread
[2.394s] INFO:colcon.colcon_core.plugin_system:Skipping extension 'colcon_notification.desktop_notification.terminal_notifier': Not used on non-Darwin systems
[2.394s] INFO:colcon.colcon_core.plugin_system:Skipping extension 'colcon_notification.desktop_notification.win32': Not used on non-Windows systems
[2.394s] INFO:colcon.colcon_notification.desktop_notification:Sending desktop notification using 'notify2'
[2.410s] DEBUG:colcon.colcon_core.event_reactor:joined thread
[2.411s] INFO:colcon.colcon_core.shell:Creating prefix script '/home/admin/Documents/ROS2/C3_4/install/local_setup.ps1'
[2.414s] INFO:colcon.colcon_core.shell:Creating prefix util module '/home/admin/Documents/ROS2/C3_4/install/_local_setup_util_ps1.py'
[2.416s] INFO:colcon.colcon_core.shell:Creating prefix chain script '/home/admin/Documents/ROS2/C3_4/install/setup.ps1'
[2.417s] INFO:colcon.colcon_core.shell:Creating prefix script '/home/admin/Documents/ROS2/C3_4/install/local_setup.sh'
[2.418s] INFO:colcon.colcon_core.shell:Creating prefix util module '/home/admin/Documents/ROS2/C3_4/install/_local_setup_util_sh.py'
[2.419s] INFO:colcon.colcon_core.shell:Creating prefix chain script '/home/admin/Documents/ROS2/C3_4/install/setup.sh'
[2.420s] INFO:colcon.colcon_core.shell:Creating prefix script '/home/admin/Documents/ROS2/C3_4/install/local_setup.bash'
[2.421s] INFO:colcon.colcon_core.shell:Creating prefix chain script '/home/admin/Documents/ROS2/C3_4/install/setup.bash'
[2.422s] INFO:colcon.colcon_core.shell:Creating prefix script '/home/admin/Documents/ROS2/C3_4/install/local_setup.zsh'
[2.423s] INFO:colcon.colcon_core.shell:Creating prefix chain script '/home/admin/Documents/ROS2/C3_4/install/setup.zsh'
