[0.716s] Invoking command in '/home/admin/Documents/ROS2/C2_3/src/python_src/demo_python_pkg': PYTHONPATH=/home/admin/Documents/ROS2/C2_3/build/demo_python_pkg/prefix_override:/usr/lib/python3/dist-packages/colcon_core/task/python/colcon_distutils_commands:/home/admin/Documents/ROS2/C2_3/install/demo_python_pkg/lib/python3.10/site-packages:${PYTHONPATH} /usr/bin/python3 -W ignore:setup.py install is deprecated -W ignore:easy_install command is deprecated setup.py egg_info --egg-base ../../../build/demo_python_pkg build --build-base /home/admin/Documents/ROS2/C2_3/build/demo_python_pkg/build install --record /home/admin/Documents/ROS2/C2_3/build/demo_python_pkg/install.log --single-version-externally-managed install_data
[0.982s] running egg_info
[0.982s] creating ../../../build/demo_python_pkg/demo_python_pkg.egg-info
[0.982s] writing ../../../build/demo_python_pkg/demo_python_pkg.egg-info/PKG-INFO
[0.983s] writing dependency_links to ../../../build/demo_python_pkg/demo_python_pkg.egg-info/dependency_links.txt
[0.983s] writing entry points to ../../../build/demo_python_pkg/demo_python_pkg.egg-info/entry_points.txt
[0.983s] writing requirements to ../../../build/demo_python_pkg/demo_python_pkg.egg-info/requires.txt
[0.983s] writing top-level names to ../../../build/demo_python_pkg/demo_python_pkg.egg-info/top_level.txt
[0.983s] writing manifest file '../../../build/demo_python_pkg/demo_python_pkg.egg-info/SOURCES.txt'
[0.985s] reading manifest file '../../../build/demo_python_pkg/demo_python_pkg.egg-info/SOURCES.txt'
[0.985s] adding license file 'LICENSE'
[0.986s] writing manifest file '../../../build/demo_python_pkg/demo_python_pkg.egg-info/SOURCES.txt'
[0.986s] running build
[0.986s] running build_py
[0.986s] creating /home/admin/Documents/ROS2/C2_3/build/demo_python_pkg/build
[0.986s] creating /home/admin/Documents/ROS2/C2_3/build/demo_python_pkg/build/lib
[0.986s] creating /home/admin/Documents/ROS2/C2_3/build/demo_python_pkg/build/lib/demo_python_pkg
[0.986s] copying demo_python_pkg/python_node.py -> /home/admin/Documents/ROS2/C2_3/build/demo_python_pkg/build/lib/demo_python_pkg
[0.987s] copying demo_python_pkg/__init__.py -> /home/admin/Documents/ROS2/C2_3/build/demo_python_pkg/build/lib/demo_python_pkg
[0.987s] running install
[0.987s] running install_lib
[0.988s] creating /home/admin/Documents/ROS2/C2_3/install/demo_python_pkg/lib/python3.10/site-packages/demo_python_pkg
[0.988s] copying /home/admin/Documents/ROS2/C2_3/build/demo_python_pkg/build/lib/demo_python_pkg/python_node.py -> /home/admin/Documents/ROS2/C2_3/install/demo_python_pkg/lib/python3.10/site-packages/demo_python_pkg
[0.988s] copying /home/admin/Documents/ROS2/C2_3/build/demo_python_pkg/build/lib/demo_python_pkg/__init__.py -> /home/admin/Documents/ROS2/C2_3/install/demo_python_pkg/lib/python3.10/site-packages/demo_python_pkg
[0.989s] byte-compiling /home/admin/Documents/ROS2/C2_3/install/demo_python_pkg/lib/python3.10/site-packages/demo_python_pkg/python_node.py to python_node.cpython-310.pyc
[0.989s] byte-compiling /home/admin/Documents/ROS2/C2_3/install/demo_python_pkg/lib/python3.10/site-packages/demo_python_pkg/__init__.py to __init__.cpython-310.pyc
[0.989s] running install_data
[0.990s] creating /home/admin/Documents/ROS2/C2_3/install/demo_python_pkg/share/ament_index
[0.990s] creating /home/admin/Documents/ROS2/C2_3/install/demo_python_pkg/share/ament_index/resource_index
[0.990s] creating /home/admin/Documents/ROS2/C2_3/install/demo_python_pkg/share/ament_index/resource_index/packages
[0.990s] copying resource/demo_python_pkg -> /home/admin/Documents/ROS2/C2_3/install/demo_python_pkg/share/ament_index/resource_index/packages
[0.990s] copying package.xml -> /home/admin/Documents/ROS2/C2_3/install/demo_python_pkg/share/demo_python_pkg
[0.990s] running install_egg_info
[0.992s] Copying ../../../build/demo_python_pkg/demo_python_pkg.egg-info to /home/admin/Documents/ROS2/C2_3/install/demo_python_pkg/lib/python3.10/site-packages/demo_python_pkg-0.0.0-py3.10.egg-info
[0.993s] running install_scripts
[1.018s] Installing python_node script to /home/admin/Documents/ROS2/C2_3/install/demo_python_pkg/lib/demo_python_pkg
[1.019s] writing list of installed files to '/home/admin/Documents/ROS2/C2_3/build/demo_python_pkg/install.log'
[1.045s] Invoked command in '/home/admin/Documents/ROS2/C2_3/src/python_src/demo_python_pkg' returned '0': PYTHONPATH=/home/admin/Documents/ROS2/C2_3/build/demo_python_pkg/prefix_override:/usr/lib/python3/dist-packages/colcon_core/task/python/colcon_distutils_commands:/home/admin/Documents/ROS2/C2_3/install/demo_python_pkg/lib/python3.10/site-packages:${PYTHONPATH} /usr/bin/python3 -W ignore:setup.py install is deprecated -W ignore:easy_install command is deprecated setup.py egg_info --egg-base ../../../build/demo_python_pkg build --build-base /home/admin/Documents/ROS2/C2_3/build/demo_python_pkg/build install --record /home/admin/Documents/ROS2/C2_3/build/demo_python_pkg/install.log --single-version-externally-managed install_data
