[0.014s] Invoking command in '/home/admin/Documents/ROS2/C4.1/build/chapt4_interfaces': CMAKE_PREFIX_PATH=${CMAKE_PREFIX_PATH}:/home/admin/Documents/ROS2/C4.1/install/demo_python_service:/opt/ros/humble /usr/bin/cmake --build /home/admin/Documents/ROS2/C4.1/build/chapt4_interfaces -- -j8 -l8
[0.068s] [  3%] Built target chapt4_interfaces__cpp
[0.069s] [ 12%] Built target chapt4_interfaces__rosidl_generator_c
[0.078s] [ 12%] Built target ament_cmake_python_copy_chapt4_interfaces
[0.096s] [ 22%] Built target chapt4_interfaces__rosidl_typesupport_fastrtps_cpp
[0.096s] [ 32%] Built target chapt4_interfaces__rosidl_typesupport_introspection_c
[0.098s] [ 41%] Built target chapt4_interfaces__rosidl_typesupport_introspection_cpp
[0.098s] [ 51%] Built target chapt4_interfaces__rosidl_typesupport_cpp
[0.099s] [ 61%] Built target chapt4_interfaces__rosidl_typesupport_c
[0.103s] [ 70%] Built target chapt4_interfaces__rosidl_typesupport_fastrtps_c
[0.126s] [ 70%] Built target chapt4_interfaces
[0.148s] [ 74%] Built target chapt4_interfaces__py
[0.172s] [ 80%] Built target chapt4_interfaces__rosidl_generator_py
[0.195s] [ 87%] Built target chapt4_interfaces__rosidl_typesupport_fastrtps_c__pyext
[0.196s] [ 93%] Built target chapt4_interfaces__rosidl_typesupport_introspection_c__pyext
[0.200s] [100%] Built target chapt4_interfaces__rosidl_typesupport_c__pyext
[0.371s] running egg_info
[0.372s] writing chapt4_interfaces.egg-info/PKG-INFO
[0.372s] writing dependency_links to chapt4_interfaces.egg-info/dependency_links.txt
[0.372s] writing top-level names to chapt4_interfaces.egg-info/top_level.txt
[0.375s] reading manifest file 'chapt4_interfaces.egg-info/SOURCES.txt'
[0.375s] writing manifest file 'chapt4_interfaces.egg-info/SOURCES.txt'
[0.404s] [100%] Built target ament_cmake_python_build_chapt4_interfaces_egg
[0.417s] Invoked command in '/home/admin/Documents/ROS2/C4.1/build/chapt4_interfaces' returned '0': CMAKE_PREFIX_PATH=${CMAKE_PREFIX_PATH}:/home/admin/Documents/ROS2/C4.1/install/demo_python_service:/opt/ros/humble /usr/bin/cmake --build /home/admin/Documents/ROS2/C4.1/build/chapt4_interfaces -- -j8 -l8
[0.430s] Invoking command in '/home/admin/Documents/ROS2/C4.1/build/chapt4_interfaces': CMAKE_PREFIX_PATH=${CMAKE_PREFIX_PATH}:/home/admin/Documents/ROS2/C4.1/install/demo_python_service:/opt/ros/humble /usr/bin/cmake --install /home/admin/Documents/ROS2/C4.1/build/chapt4_interfaces
[0.439s] -- Install configuration: ""
[0.439s] -- Up-to-date: /home/admin/Documents/ROS2/C4.1/install/chapt4_interfaces/share/ament_index/resource_index/rosidl_interfaces/chapt4_interfaces
[0.439s] -- Up-to-date: /home/admin/Documents/ROS2/C4.1/install/chapt4_interfaces/include/chapt4_interfaces/chapt4_interfaces
[0.439s] -- Up-to-date: /home/admin/Documents/ROS2/C4.1/install/chapt4_interfaces/include/chapt4_interfaces/chapt4_interfaces/srv
[0.440s] -- Up-to-date: /home/admin/Documents/ROS2/C4.1/install/chapt4_interfaces/include/chapt4_interfaces/chapt4_interfaces/srv/face_detector.h
[0.440s] -- Up-to-date: /home/admin/Documents/ROS2/C4.1/install/chapt4_interfaces/include/chapt4_interfaces/chapt4_interfaces/srv/detail
[0.440s] -- Up-to-date: /home/admin/Documents/ROS2/C4.1/install/chapt4_interfaces/include/chapt4_interfaces/chapt4_interfaces/srv/detail/face_detector__type_support.h
[0.440s] -- Up-to-date: /home/admin/Documents/ROS2/C4.1/install/chapt4_interfaces/include/chapt4_interfaces/chapt4_interfaces/srv/detail/face_detector__struct.h
[0.440s] -- Up-to-date: /home/admin/Documents/ROS2/C4.1/install/chapt4_interfaces/include/chapt4_interfaces/chapt4_interfaces/srv/detail/face_detector__functions.h
[0.440s] -- Up-to-date: /home/admin/Documents/ROS2/C4.1/install/chapt4_interfaces/include/chapt4_interfaces/chapt4_interfaces/srv/detail/face_detector__functions.c
[0.441s] -- Up-to-date: /home/admin/Documents/ROS2/C4.1/install/chapt4_interfaces/include/chapt4_interfaces/chapt4_interfaces/msg
[0.441s] -- Up-to-date: /home/admin/Documents/ROS2/C4.1/install/chapt4_interfaces/include/chapt4_interfaces/chapt4_interfaces/msg/rosidl_generator_c__visibility_control.h
[0.441s] -- Up-to-date: /home/admin/Documents/ROS2/C4.1/install/chapt4_interfaces/share/chapt4_interfaces/environment/library_path.sh
[0.441s] -- Up-to-date: /home/admin/Documents/ROS2/C4.1/install/chapt4_interfaces/share/chapt4_interfaces/environment/library_path.dsv
[0.441s] -- Up-to-date: /home/admin/Documents/ROS2/C4.1/install/chapt4_interfaces/lib/libchapt4_interfaces__rosidl_generator_c.so
[0.441s] -- Up-to-date: /home/admin/Documents/ROS2/C4.1/install/chapt4_interfaces/include/chapt4_interfaces/chapt4_interfaces
[0.442s] -- Up-to-date: /home/admin/Documents/ROS2/C4.1/install/chapt4_interfaces/include/chapt4_interfaces/chapt4_interfaces/srv
[0.442s] -- Up-to-date: /home/admin/Documents/ROS2/C4.1/install/chapt4_interfaces/include/chapt4_interfaces/chapt4_interfaces/srv/detail
[0.442s] -- Up-to-date: /home/admin/Documents/ROS2/C4.1/install/chapt4_interfaces/include/chapt4_interfaces/chapt4_interfaces/srv/detail/face_detector__rosidl_typesupport_fastrtps_c.h
[0.442s] -- Up-to-date: /home/admin/Documents/ROS2/C4.1/install/chapt4_interfaces/include/chapt4_interfaces/chapt4_interfaces/msg
[0.442s] -- Up-to-date: /home/admin/Documents/ROS2/C4.1/install/chapt4_interfaces/include/chapt4_interfaces/chapt4_interfaces/msg/rosidl_typesupport_fastrtps_c__visibility_control.h
[0.442s] -- Up-to-date: /home/admin/Documents/ROS2/C4.1/install/chapt4_interfaces/lib/libchapt4_interfaces__rosidl_typesupport_fastrtps_c.so
[0.443s] -- Up-to-date: /home/admin/Documents/ROS2/C4.1/install/chapt4_interfaces/include/chapt4_interfaces/chapt4_interfaces
[0.443s] -- Up-to-date: /home/admin/Documents/ROS2/C4.1/install/chapt4_interfaces/include/chapt4_interfaces/chapt4_interfaces/srv
[0.443s] -- Up-to-date: /home/admin/Documents/ROS2/C4.1/install/chapt4_interfaces/include/chapt4_interfaces/chapt4_interfaces/srv/face_detector.hpp
[0.443s] -- Up-to-date: /home/admin/Documents/ROS2/C4.1/install/chapt4_interfaces/include/chapt4_interfaces/chapt4_interfaces/srv/detail
[0.443s] -- Up-to-date: /home/admin/Documents/ROS2/C4.1/install/chapt4_interfaces/include/chapt4_interfaces/chapt4_interfaces/srv/detail/face_detector__struct.hpp
[0.443s] -- Up-to-date: /home/admin/Documents/ROS2/C4.1/install/chapt4_interfaces/include/chapt4_interfaces/chapt4_interfaces/srv/detail/face_detector__type_support.hpp
[0.443s] -- Up-to-date: /home/admin/Documents/ROS2/C4.1/install/chapt4_interfaces/include/chapt4_interfaces/chapt4_interfaces/srv/detail/face_detector__builder.hpp
[0.444s] -- Up-to-date: /home/admin/Documents/ROS2/C4.1/install/chapt4_interfaces/include/chapt4_interfaces/chapt4_interfaces/srv/detail/face_detector__traits.hpp
[0.444s] -- Up-to-date: /home/admin/Documents/ROS2/C4.1/install/chapt4_interfaces/include/chapt4_interfaces/chapt4_interfaces/msg
[0.444s] -- Up-to-date: /home/admin/Documents/ROS2/C4.1/install/chapt4_interfaces/include/chapt4_interfaces/chapt4_interfaces/msg/rosidl_generator_cpp__visibility_control.hpp
[0.444s] -- Up-to-date: /home/admin/Documents/ROS2/C4.1/install/chapt4_interfaces/include/chapt4_interfaces/chapt4_interfaces
[0.444s] -- Up-to-date: /home/admin/Documents/ROS2/C4.1/install/chapt4_interfaces/include/chapt4_interfaces/chapt4_interfaces/srv
[0.444s] -- Up-to-date: /home/admin/Documents/ROS2/C4.1/install/chapt4_interfaces/include/chapt4_interfaces/chapt4_interfaces/srv/detail
[0.444s] -- Up-to-date: /home/admin/Documents/ROS2/C4.1/install/chapt4_interfaces/include/chapt4_interfaces/chapt4_interfaces/srv/detail/face_detector__rosidl_typesupport_fastrtps_cpp.hpp
[0.445s] -- Up-to-date: /home/admin/Documents/ROS2/C4.1/install/chapt4_interfaces/include/chapt4_interfaces/chapt4_interfaces/srv/detail/dds_fastrtps
[0.445s] -- Up-to-date: /home/admin/Documents/ROS2/C4.1/install/chapt4_interfaces/include/chapt4_interfaces/chapt4_interfaces/msg
[0.445s] -- Up-to-date: /home/admin/Documents/ROS2/C4.1/install/chapt4_interfaces/include/chapt4_interfaces/chapt4_interfaces/msg/rosidl_typesupport_fastrtps_cpp__visibility_control.h
[0.445s] -- Up-to-date: /home/admin/Documents/ROS2/C4.1/install/chapt4_interfaces/lib/libchapt4_interfaces__rosidl_typesupport_fastrtps_cpp.so
[0.445s] -- Up-to-date: /home/admin/Documents/ROS2/C4.1/install/chapt4_interfaces/include/chapt4_interfaces/chapt4_interfaces
[0.445s] -- Up-to-date: /home/admin/Documents/ROS2/C4.1/install/chapt4_interfaces/include/chapt4_interfaces/chapt4_interfaces/srv
[0.445s] -- Up-to-date: /home/admin/Documents/ROS2/C4.1/install/chapt4_interfaces/include/chapt4_interfaces/chapt4_interfaces/srv/detail
[0.445s] -- Up-to-date: /home/admin/Documents/ROS2/C4.1/install/chapt4_interfaces/include/chapt4_interfaces/chapt4_interfaces/srv/detail/face_detector__rosidl_typesupport_introspection_c.h
[0.446s] -- Up-to-date: /home/admin/Documents/ROS2/C4.1/install/chapt4_interfaces/include/chapt4_interfaces/chapt4_interfaces/srv/detail/face_detector__type_support.c
[0.446s] -- Up-to-date: /home/admin/Documents/ROS2/C4.1/install/chapt4_interfaces/include/chapt4_interfaces/chapt4_interfaces/msg
[0.446s] -- Up-to-date: /home/admin/Documents/ROS2/C4.1/install/chapt4_interfaces/include/chapt4_interfaces/chapt4_interfaces/msg/rosidl_typesupport_introspection_c__visibility_control.h
[0.446s] -- Up-to-date: /home/admin/Documents/ROS2/C4.1/install/chapt4_interfaces/lib/libchapt4_interfaces__rosidl_typesupport_introspection_c.so
[0.446s] -- Up-to-date: /home/admin/Documents/ROS2/C4.1/install/chapt4_interfaces/lib/libchapt4_interfaces__rosidl_typesupport_c.so
[0.446s] -- Up-to-date: /home/admin/Documents/ROS2/C4.1/install/chapt4_interfaces/include/chapt4_interfaces/chapt4_interfaces
[0.447s] -- Up-to-date: /home/admin/Documents/ROS2/C4.1/install/chapt4_interfaces/include/chapt4_interfaces/chapt4_interfaces/srv
[0.447s] -- Up-to-date: /home/admin/Documents/ROS2/C4.1/install/chapt4_interfaces/include/chapt4_interfaces/chapt4_interfaces/srv/detail
[0.447s] -- Up-to-date: /home/admin/Documents/ROS2/C4.1/install/chapt4_interfaces/include/chapt4_interfaces/chapt4_interfaces/srv/detail/face_detector__rosidl_typesupport_introspection_cpp.hpp
[0.447s] -- Up-to-date: /home/admin/Documents/ROS2/C4.1/install/chapt4_interfaces/include/chapt4_interfaces/chapt4_interfaces/srv/detail/face_detector__type_support.cpp
[0.447s] -- Up-to-date: /home/admin/Documents/ROS2/C4.1/install/chapt4_interfaces/lib/libchapt4_interfaces__rosidl_typesupport_introspection_cpp.so
[0.447s] -- Up-to-date: /home/admin/Documents/ROS2/C4.1/install/chapt4_interfaces/lib/libchapt4_interfaces__rosidl_typesupport_cpp.so
[0.447s] -- Up-to-date: /home/admin/Documents/ROS2/C4.1/install/chapt4_interfaces/share/chapt4_interfaces/environment/pythonpath.sh
[0.447s] -- Up-to-date: /home/admin/Documents/ROS2/C4.1/install/chapt4_interfaces/share/chapt4_interfaces/environment/pythonpath.dsv
[0.447s] -- Up-to-date: /home/admin/Documents/ROS2/C4.1/install/chapt4_interfaces/local/lib/python3.10/dist-packages/chapt4_interfaces-0.0.0-py3.10.egg-info
[0.448s] -- Installing: /home/admin/Documents/ROS2/C4.1/install/chapt4_interfaces/local/lib/python3.10/dist-packages/chapt4_interfaces-0.0.0-py3.10.egg-info/dependency_links.txt
[0.448s] -- Installing: /home/admin/Documents/ROS2/C4.1/install/chapt4_interfaces/local/lib/python3.10/dist-packages/chapt4_interfaces-0.0.0-py3.10.egg-info/SOURCES.txt
[0.448s] -- Installing: /home/admin/Documents/ROS2/C4.1/install/chapt4_interfaces/local/lib/python3.10/dist-packages/chapt4_interfaces-0.0.0-py3.10.egg-info/top_level.txt
[0.448s] -- Installing: /home/admin/Documents/ROS2/C4.1/install/chapt4_interfaces/local/lib/python3.10/dist-packages/chapt4_interfaces-0.0.0-py3.10.egg-info/PKG-INFO
[0.448s] -- Up-to-date: /home/admin/Documents/ROS2/C4.1/install/chapt4_interfaces/local/lib/python3.10/dist-packages/chapt4_interfaces
[0.448s] -- Up-to-date: /home/admin/Documents/ROS2/C4.1/install/chapt4_interfaces/local/lib/python3.10/dist-packages/chapt4_interfaces/_chapt4_interfaces_s.ep.rosidl_typesupport_c.c
[0.448s] -- Up-to-date: /home/admin/Documents/ROS2/C4.1/install/chapt4_interfaces/local/lib/python3.10/dist-packages/chapt4_interfaces/_chapt4_interfaces_s.ep.rosidl_typesupport_fastrtps_c.c
[0.448s] -- Up-to-date: /home/admin/Documents/ROS2/C4.1/install/chapt4_interfaces/local/lib/python3.10/dist-packages/chapt4_interfaces/libchapt4_interfaces__rosidl_generator_py.so
[0.448s] -- Up-to-date: /home/admin/Documents/ROS2/C4.1/install/chapt4_interfaces/local/lib/python3.10/dist-packages/chapt4_interfaces/chapt4_interfaces_s__rosidl_typesupport_introspection_c.cpython-310-x86_64-linux-gnu.so
[0.448s] -- Up-to-date: /home/admin/Documents/ROS2/C4.1/install/chapt4_interfaces/local/lib/python3.10/dist-packages/chapt4_interfaces/_chapt4_interfaces_s.ep.rosidl_typesupport_introspection_c.c
[0.449s] -- Up-to-date: /home/admin/Documents/ROS2/C4.1/install/chapt4_interfaces/local/lib/python3.10/dist-packages/chapt4_interfaces/chapt4_interfaces_s__rosidl_typesupport_fastrtps_c.cpython-310-x86_64-linux-gnu.so
[0.449s] -- Up-to-date: /home/admin/Documents/ROS2/C4.1/install/chapt4_interfaces/local/lib/python3.10/dist-packages/chapt4_interfaces/__init__.py
[0.449s] -- Up-to-date: /home/admin/Documents/ROS2/C4.1/install/chapt4_interfaces/local/lib/python3.10/dist-packages/chapt4_interfaces/srv
[0.449s] -- Up-to-date: /home/admin/Documents/ROS2/C4.1/install/chapt4_interfaces/local/lib/python3.10/dist-packages/chapt4_interfaces/srv/__init__.py
[0.449s] -- Up-to-date: /home/admin/Documents/ROS2/C4.1/install/chapt4_interfaces/local/lib/python3.10/dist-packages/chapt4_interfaces/srv/_face_detector.py
[0.449s] -- Up-to-date: /home/admin/Documents/ROS2/C4.1/install/chapt4_interfaces/local/lib/python3.10/dist-packages/chapt4_interfaces/srv/_face_detector_s.c
[0.449s] -- Up-to-date: /home/admin/Documents/ROS2/C4.1/install/chapt4_interfaces/local/lib/python3.10/dist-packages/chapt4_interfaces/chapt4_interfaces_s__rosidl_typesupport_c.cpython-310-x86_64-linux-gnu.so
[0.484s] Listing '/home/admin/Documents/ROS2/C4.1/install/chapt4_interfaces/local/lib/python3.10/dist-packages/chapt4_interfaces'...
[0.484s] Listing '/home/admin/Documents/ROS2/C4.1/install/chapt4_interfaces/local/lib/python3.10/dist-packages/chapt4_interfaces/srv'...
[0.489s] -- Up-to-date: /home/admin/Documents/ROS2/C4.1/install/chapt4_interfaces/local/lib/python3.10/dist-packages/chapt4_interfaces/chapt4_interfaces_s__rosidl_typesupport_fastrtps_c.cpython-310-x86_64-linux-gnu.so
[0.489s] -- Up-to-date: /home/admin/Documents/ROS2/C4.1/install/chapt4_interfaces/local/lib/python3.10/dist-packages/chapt4_interfaces/chapt4_interfaces_s__rosidl_typesupport_introspection_c.cpython-310-x86_64-linux-gnu.so
[0.489s] -- Up-to-date: /home/admin/Documents/ROS2/C4.1/install/chapt4_interfaces/local/lib/python3.10/dist-packages/chapt4_interfaces/chapt4_interfaces_s__rosidl_typesupport_c.cpython-310-x86_64-linux-gnu.so
[0.490s] -- Up-to-date: /home/admin/Documents/ROS2/C4.1/install/chapt4_interfaces/lib/libchapt4_interfaces__rosidl_generator_py.so
[0.490s] -- Up-to-date: /home/admin/Documents/ROS2/C4.1/install/chapt4_interfaces/share/chapt4_interfaces/srv/FaceDetector.idl
[0.490s] -- Up-to-date: /home/admin/Documents/ROS2/C4.1/install/chapt4_interfaces/share/chapt4_interfaces/srv/FaceDetector.srv
[0.490s] -- Up-to-date: /home/admin/Documents/ROS2/C4.1/install/chapt4_interfaces/share/chapt4_interfaces/srv/FaceDetector_Request.msg
[0.490s] -- Up-to-date: /home/admin/Documents/ROS2/C4.1/install/chapt4_interfaces/share/chapt4_interfaces/srv/FaceDetector_Response.msg
[0.491s] -- Up-to-date: /home/admin/Documents/ROS2/C4.1/install/chapt4_interfaces/share/ament_index/resource_index/package_run_dependencies/chapt4_interfaces
[0.491s] -- Up-to-date: /home/admin/Documents/ROS2/C4.1/install/chapt4_interfaces/share/ament_index/resource_index/parent_prefix_path/chapt4_interfaces
[0.491s] -- Up-to-date: /home/admin/Documents/ROS2/C4.1/install/chapt4_interfaces/share/chapt4_interfaces/environment/ament_prefix_path.sh
[0.491s] -- Up-to-date: /home/admin/Documents/ROS2/C4.1/install/chapt4_interfaces/share/chapt4_interfaces/environment/ament_prefix_path.dsv
[0.491s] -- Up-to-date: /home/admin/Documents/ROS2/C4.1/install/chapt4_interfaces/share/chapt4_interfaces/environment/path.sh
[0.491s] -- Up-to-date: /home/admin/Documents/ROS2/C4.1/install/chapt4_interfaces/share/chapt4_interfaces/environment/path.dsv
[0.491s] -- Up-to-date: /home/admin/Documents/ROS2/C4.1/install/chapt4_interfaces/share/chapt4_interfaces/local_setup.bash
[0.491s] -- Up-to-date: /home/admin/Documents/ROS2/C4.1/install/chapt4_interfaces/share/chapt4_interfaces/local_setup.sh
[0.491s] -- Up-to-date: /home/admin/Documents/ROS2/C4.1/install/chapt4_interfaces/share/chapt4_interfaces/local_setup.zsh
[0.491s] -- Up-to-date: /home/admin/Documents/ROS2/C4.1/install/chapt4_interfaces/share/chapt4_interfaces/local_setup.dsv
[0.492s] -- Installing: /home/admin/Documents/ROS2/C4.1/install/chapt4_interfaces/share/chapt4_interfaces/package.dsv
[0.492s] -- Up-to-date: /home/admin/Documents/ROS2/C4.1/install/chapt4_interfaces/share/ament_index/resource_index/packages/chapt4_interfaces
[0.492s] -- Up-to-date: /home/admin/Documents/ROS2/C4.1/install/chapt4_interfaces/share/chapt4_interfaces/cmake/export_chapt4_interfaces__rosidl_generator_cExport.cmake
[0.492s] -- Up-to-date: /home/admin/Documents/ROS2/C4.1/install/chapt4_interfaces/share/chapt4_interfaces/cmake/export_chapt4_interfaces__rosidl_generator_cExport-noconfig.cmake
[0.492s] -- Up-to-date: /home/admin/Documents/ROS2/C4.1/install/chapt4_interfaces/share/chapt4_interfaces/cmake/export_chapt4_interfaces__rosidl_typesupport_fastrtps_cExport.cmake
[0.492s] -- Up-to-date: /home/admin/Documents/ROS2/C4.1/install/chapt4_interfaces/share/chapt4_interfaces/cmake/export_chapt4_interfaces__rosidl_typesupport_fastrtps_cExport-noconfig.cmake
[0.492s] -- Up-to-date: /home/admin/Documents/ROS2/C4.1/install/chapt4_interfaces/share/chapt4_interfaces/cmake/export_chapt4_interfaces__rosidl_generator_cppExport.cmake
[0.492s] -- Up-to-date: /home/admin/Documents/ROS2/C4.1/install/chapt4_interfaces/share/chapt4_interfaces/cmake/export_chapt4_interfaces__rosidl_typesupport_fastrtps_cppExport.cmake
[0.492s] -- Up-to-date: /home/admin/Documents/ROS2/C4.1/install/chapt4_interfaces/share/chapt4_interfaces/cmake/export_chapt4_interfaces__rosidl_typesupport_fastrtps_cppExport-noconfig.cmake
[0.492s] -- Up-to-date: /home/admin/Documents/ROS2/C4.1/install/chapt4_interfaces/share/chapt4_interfaces/cmake/chapt4_interfaces__rosidl_typesupport_introspection_cExport.cmake
[0.492s] -- Up-to-date: /home/admin/Documents/ROS2/C4.1/install/chapt4_interfaces/share/chapt4_interfaces/cmake/chapt4_interfaces__rosidl_typesupport_introspection_cExport-noconfig.cmake
[0.493s] -- Up-to-date: /home/admin/Documents/ROS2/C4.1/install/chapt4_interfaces/share/chapt4_interfaces/cmake/chapt4_interfaces__rosidl_typesupport_cExport.cmake
[0.493s] -- Up-to-date: /home/admin/Documents/ROS2/C4.1/install/chapt4_interfaces/share/chapt4_interfaces/cmake/chapt4_interfaces__rosidl_typesupport_cExport-noconfig.cmake
[0.493s] -- Up-to-date: /home/admin/Documents/ROS2/C4.1/install/chapt4_interfaces/share/chapt4_interfaces/cmake/chapt4_interfaces__rosidl_typesupport_introspection_cppExport.cmake
[0.493s] -- Up-to-date: /home/admin/Documents/ROS2/C4.1/install/chapt4_interfaces/share/chapt4_interfaces/cmake/chapt4_interfaces__rosidl_typesupport_introspection_cppExport-noconfig.cmake
[0.493s] -- Up-to-date: /home/admin/Documents/ROS2/C4.1/install/chapt4_interfaces/share/chapt4_interfaces/cmake/chapt4_interfaces__rosidl_typesupport_cppExport.cmake
[0.493s] -- Up-to-date: /home/admin/Documents/ROS2/C4.1/install/chapt4_interfaces/share/chapt4_interfaces/cmake/chapt4_interfaces__rosidl_typesupport_cppExport-noconfig.cmake
[0.493s] -- Up-to-date: /home/admin/Documents/ROS2/C4.1/install/chapt4_interfaces/share/chapt4_interfaces/cmake/export_chapt4_interfaces__rosidl_generator_pyExport.cmake
[0.494s] -- Up-to-date: /home/admin/Documents/ROS2/C4.1/install/chapt4_interfaces/share/chapt4_interfaces/cmake/export_chapt4_interfaces__rosidl_generator_pyExport-noconfig.cmake
[0.494s] -- Up-to-date: /home/admin/Documents/ROS2/C4.1/install/chapt4_interfaces/share/chapt4_interfaces/cmake/rosidl_cmake-extras.cmake
[0.494s] -- Up-to-date: /home/admin/Documents/ROS2/C4.1/install/chapt4_interfaces/share/chapt4_interfaces/cmake/ament_cmake_export_dependencies-extras.cmake
[0.494s] -- Up-to-date: /home/admin/Documents/ROS2/C4.1/install/chapt4_interfaces/share/chapt4_interfaces/cmake/ament_cmake_export_include_directories-extras.cmake
[0.494s] -- Up-to-date: /home/admin/Documents/ROS2/C4.1/install/chapt4_interfaces/share/chapt4_interfaces/cmake/ament_cmake_export_libraries-extras.cmake
[0.494s] -- Up-to-date: /home/admin/Documents/ROS2/C4.1/install/chapt4_interfaces/share/chapt4_interfaces/cmake/ament_cmake_export_targets-extras.cmake
[0.494s] -- Up-to-date: /home/admin/Documents/ROS2/C4.1/install/chapt4_interfaces/share/chapt4_interfaces/cmake/rosidl_cmake_export_typesupport_targets-extras.cmake
[0.494s] -- Up-to-date: /home/admin/Documents/ROS2/C4.1/install/chapt4_interfaces/share/chapt4_interfaces/cmake/rosidl_cmake_export_typesupport_libraries-extras.cmake
[0.494s] -- Up-to-date: /home/admin/Documents/ROS2/C4.1/install/chapt4_interfaces/share/chapt4_interfaces/cmake/chapt4_interfacesConfig.cmake
[0.494s] -- Up-to-date: /home/admin/Documents/ROS2/C4.1/install/chapt4_interfaces/share/chapt4_interfaces/cmake/chapt4_interfacesConfig-version.cmake
[0.494s] -- Up-to-date: /home/admin/Documents/ROS2/C4.1/install/chapt4_interfaces/share/chapt4_interfaces/package.xml
[0.497s] Invoked command in '/home/admin/Documents/ROS2/C4.1/build/chapt4_interfaces' returned '0': CMAKE_PREFIX_PATH=${CMAKE_PREFIX_PATH}:/home/admin/Documents/ROS2/C4.1/install/demo_python_service:/opt/ros/humble /usr/bin/cmake --install /home/admin/Documents/ROS2/C4.1/build/chapt4_interfaces
