[0.013s] Invoking command in '/home/admin/Documents/ROS2/C4.1/build/demo_cpp_service': AMENT_PREFIX_PATH=/home/admin/Documents/ROS2/C4.1/install/chapt4_interfaces:${AMENT_PREFIX_PATH} CMAKE_PREFIX_PATH=/home/admin/Documents/ROS2/C4.1/install/chapt4_interfaces:/opt/ros/humble LD_LIBRARY_PATH=/home/admin/Documents/ROS2/C4.1/install/chapt4_interfaces/lib:${LD_LIBRARY_PATH} PYTHONPATH=/home/admin/Documents/ROS2/C4.1/install/chapt4_interfaces/local/lib/python3.10/dist-packages:${PYTHONPATH} /usr/bin/cmake --build /home/admin/Documents/ROS2/C4.1/build/demo_cpp_service -- -j8 -l8
[0.044s] -- Found ament_cmake: 1.3.11 (/opt/ros/humble/share/ament_cmake/cmake)
[0.214s] -- Found chapt4_interfaces: 0.0.0 (/home/admin/Documents/ROS2/C4.1/install/chapt4_interfaces/share/chapt4_interfaces/cmake)
[0.256s] -- Found rosidl_generator_c: 3.1.6 (/opt/ros/humble/share/rosidl_generator_c/cmake)
[0.260s] -- Found rosidl_adapter: 3.1.6 (/opt/ros/humble/share/rosidl_adapter/cmake)
[0.268s] -- Found rosidl_generator_cpp: 3.1.6 (/opt/ros/humble/share/rosidl_generator_cpp/cmake)
[0.280s] -- Using all available rosidl_typesupport_c: rosidl_typesupport_fastrtps_c;rosidl_typesupport_introspection_c
[0.303s] -- Using all available rosidl_typesupport_cpp: rosidl_typesupport_fastrtps_cpp;rosidl_typesupport_introspection_cpp
[0.388s] -- Found rclcpp: 16.0.11 (/opt/ros/humble/share/rclcpp/cmake)
[0.420s] -- Found rmw_implementation_cmake: 6.1.2 (/opt/ros/humble/share/rmw_implementation_cmake/cmake)
[0.422s] -- Found rmw_fastrtps_cpp: 6.2.7 (/opt/ros/humble/share/rmw_fastrtps_cpp/cmake)
[0.534s] -- Using RMW implementation 'rmw_fastrtps_cpp' as default
[0.593s] -- Found turtlesim: 1.4.2 (/opt/ros/humble/share/turtlesim/cmake)
[0.639s] -- Found ament_lint_auto: 0.12.11 (/opt/ros/humble/share/ament_lint_auto/cmake)
[0.720s] -- Added test 'cppcheck' to perform static code analysis on C / C++ code
[0.720s] -- Configured cppcheck include dirs: 
[0.720s] -- Configured cppcheck exclude dirs and/or files: 
[0.720s] -- Added test 'flake8' to check Python code syntax and style conventions
[0.721s] -- Added test 'lint_cmake' to check CMake code style
[0.722s] -- Added test 'pep257' to check Python code against some of the docstring style conventions in PEP 257
[0.723s] -- Added test 'uncrustify' to check C / C++ code style
[0.723s] -- Configured uncrustify additional arguments: 
[0.724s] -- Added test 'xmllint' to check XML markup files
[0.725s] -- Configuring done
[0.744s] -- Generating done
[0.750s] -- Build files have been written to: /home/admin/Documents/ROS2/C4.1/build/demo_cpp_service
[0.780s] [35m[1mConsolidate compiler generated dependencies of target turtle_control[0m
[0.811s] [100%] Built target turtle_control
[0.823s] Invoked command in '/home/admin/Documents/ROS2/C4.1/build/demo_cpp_service' returned '0': AMENT_PREFIX_PATH=/home/admin/Documents/ROS2/C4.1/install/chapt4_interfaces:${AMENT_PREFIX_PATH} CMAKE_PREFIX_PATH=/home/admin/Documents/ROS2/C4.1/install/chapt4_interfaces:/opt/ros/humble LD_LIBRARY_PATH=/home/admin/Documents/ROS2/C4.1/install/chapt4_interfaces/lib:${LD_LIBRARY_PATH} PYTHONPATH=/home/admin/Documents/ROS2/C4.1/install/chapt4_interfaces/local/lib/python3.10/dist-packages:${PYTHONPATH} /usr/bin/cmake --build /home/admin/Documents/ROS2/C4.1/build/demo_cpp_service -- -j8 -l8
[0.825s] Invoking command in '/home/admin/Documents/ROS2/C4.1/build/demo_cpp_service': AMENT_PREFIX_PATH=/home/admin/Documents/ROS2/C4.1/install/chapt4_interfaces:${AMENT_PREFIX_PATH} CMAKE_PREFIX_PATH=/home/admin/Documents/ROS2/C4.1/install/chapt4_interfaces:/opt/ros/humble LD_LIBRARY_PATH=/home/admin/Documents/ROS2/C4.1/install/chapt4_interfaces/lib:${LD_LIBRARY_PATH} PYTHONPATH=/home/admin/Documents/ROS2/C4.1/install/chapt4_interfaces/local/lib/python3.10/dist-packages:${PYTHONPATH} /usr/bin/cmake --install /home/admin/Documents/ROS2/C4.1/build/demo_cpp_service
[0.833s] -- Install configuration: ""
[0.833s] -- Up-to-date: /home/admin/Documents/ROS2/C4.1/install/demo_cpp_service/lib/demo_cpp_service/turtle_control
[0.833s] -- Installing: /home/admin/Documents/ROS2/C4.1/install/demo_cpp_service/share/demo_cpp_service/launch
[0.834s] -- Installing: /home/admin/Documents/ROS2/C4.1/install/demo_cpp_service/share/demo_cpp_service/launch/demo.launch.py
[0.834s] -- Up-to-date: /home/admin/Documents/ROS2/C4.1/install/demo_cpp_service/share/ament_index/resource_index/package_run_dependencies/demo_cpp_service
[0.834s] -- Installing: /home/admin/Documents/ROS2/C4.1/install/demo_cpp_service/share/ament_index/resource_index/parent_prefix_path/demo_cpp_service
[0.834s] -- Up-to-date: /home/admin/Documents/ROS2/C4.1/install/demo_cpp_service/share/demo_cpp_service/environment/ament_prefix_path.sh
[0.834s] -- Installing: /home/admin/Documents/ROS2/C4.1/install/demo_cpp_service/share/demo_cpp_service/environment/ament_prefix_path.dsv
[0.834s] -- Up-to-date: /home/admin/Documents/ROS2/C4.1/install/demo_cpp_service/share/demo_cpp_service/environment/path.sh
[0.834s] -- Installing: /home/admin/Documents/ROS2/C4.1/install/demo_cpp_service/share/demo_cpp_service/environment/path.dsv
[0.835s] -- Up-to-date: /home/admin/Documents/ROS2/C4.1/install/demo_cpp_service/share/demo_cpp_service/local_setup.bash
[0.835s] -- Up-to-date: /home/admin/Documents/ROS2/C4.1/install/demo_cpp_service/share/demo_cpp_service/local_setup.sh
[0.835s] -- Up-to-date: /home/admin/Documents/ROS2/C4.1/install/demo_cpp_service/share/demo_cpp_service/local_setup.zsh
[0.835s] -- Installing: /home/admin/Documents/ROS2/C4.1/install/demo_cpp_service/share/demo_cpp_service/local_setup.dsv
[0.835s] -- Installing: /home/admin/Documents/ROS2/C4.1/install/demo_cpp_service/share/demo_cpp_service/package.dsv
[0.835s] -- Up-to-date: /home/admin/Documents/ROS2/C4.1/install/demo_cpp_service/share/ament_index/resource_index/packages/demo_cpp_service
[0.835s] -- Up-to-date: /home/admin/Documents/ROS2/C4.1/install/demo_cpp_service/share/demo_cpp_service/cmake/demo_cpp_serviceConfig.cmake
[0.835s] -- Up-to-date: /home/admin/Documents/ROS2/C4.1/install/demo_cpp_service/share/demo_cpp_service/cmake/demo_cpp_serviceConfig-version.cmake
[0.835s] -- Up-to-date: /home/admin/Documents/ROS2/C4.1/install/demo_cpp_service/share/demo_cpp_service/package.xml
[0.837s] Invoked command in '/home/admin/Documents/ROS2/C4.1/build/demo_cpp_service' returned '0': AMENT_PREFIX_PATH=/home/admin/Documents/ROS2/C4.1/install/chapt4_interfaces:${AMENT_PREFIX_PATH} CMAKE_PREFIX_PATH=/home/admin/Documents/ROS2/C4.1/install/chapt4_interfaces:/opt/ros/humble LD_LIBRARY_PATH=/home/admin/Documents/ROS2/C4.1/install/chapt4_interfaces/lib:${LD_LIBRARY_PATH} PYTHONPATH=/home/admin/Documents/ROS2/C4.1/install/chapt4_interfaces/local/lib/python3.10/dist-packages:${PYTHONPATH} /usr/bin/cmake --install /home/admin/Documents/ROS2/C4.1/build/demo_cpp_service
