[0.114s] DEBUG:colcon:Command line arguments: ['/usr/bin/colcon', 'build']
[0.115s] DEBUG:colcon:Parsed command line arguments: Namespace(log_base=None, log_level=None, verb_name='build', build_base='build', install_base='install', merge_install=False, symlink_install=False, test_result_base=None, continue_on_error=False, executor='parallel', parallel_workers=8, event_handlers=None, ignore_user_meta=False, metas=['./colcon.meta'], base_paths=['.'], packages_ignore=None, packages_ignore_regex=None, paths=None, packages_up_to=None, packages_up_to_regex=None, packages_above=None, packages_above_and_dependencies=None, packages_above_depth=None, packages_select_by_dep=None, packages_skip_by_dep=None, packages_skip_up_to=None, packages_select_build_failed=False, packages_skip_build_finished=False, packages_select_test_failures=False, packages_skip_test_passed=False, packages_select=None, packages_skip=None, packages_select_regex=None, packages_skip_regex=None, packages_start=None, packages_end=None, allow_overriding=[], cmake_args=None, cmake_target=None, cmake_target_skip_unavailable=False, cmake_clean_cache=False, cmake_clean_first=False, cmake_force_configure=False, ament_cmake_args=None, catkin_cmake_args=None, catkin_skip_building_tests=False, verb_parser=<colcon_defaults.argument_parser.defaults.DefaultArgumentsDecorator object at 0x7fa340254700>, verb_extension=<colcon_core.verb.build.BuildVerb object at 0x7fa340351b10>, main=<bound method BuildVerb.main of <colcon_core.verb.build.BuildVerb object at 0x7fa340351b10>>)
[0.292s] Level 1:colcon.colcon_core.package_discovery:discover_packages(colcon_meta) check parameters
[0.292s] Level 1:colcon.colcon_core.package_discovery:discover_packages(recursive) check parameters
[0.292s] Level 1:colcon.colcon_core.package_discovery:discover_packages(ignore) check parameters
[0.292s] Level 1:colcon.colcon_core.package_discovery:discover_packages(path) check parameters
[0.292s] Level 1:colcon.colcon_core.package_discovery:discover_packages(colcon_meta) discover
[0.292s] Level 1:colcon.colcon_core.package_discovery:discover_packages(recursive) discover
[0.292s] INFO:colcon.colcon_core.package_discovery:Crawling recursively for packages in '/home/admin/Documents/ROS2/C3_4'
[0.292s] Level 1:colcon.colcon_core.package_identification:_identify(.) by extensions ['ignore', 'ignore_ament_install']
[0.293s] Level 1:colcon.colcon_core.package_identification:_identify(.) by extension 'ignore'
[0.293s] Level 1:colcon.colcon_core.package_identification:_identify(.) by extension 'ignore_ament_install'
[0.293s] Level 1:colcon.colcon_core.package_identification:_identify(.) by extensions ['colcon_pkg']
[0.293s] Level 1:colcon.colcon_core.package_identification:_identify(.) by extension 'colcon_pkg'
[0.293s] Level 1:colcon.colcon_core.package_identification:_identify(.) by extensions ['colcon_meta']
[0.293s] Level 1:colcon.colcon_core.package_identification:_identify(.) by extension 'colcon_meta'
[0.293s] Level 1:colcon.colcon_core.package_identification:_identify(.) by extensions ['ros']
[0.293s] Level 1:colcon.colcon_core.package_identification:_identify(.) by extension 'ros'
[0.304s] Level 1:colcon.colcon_core.package_identification:_identify(.) by extensions ['cmake', 'python']
[0.304s] Level 1:colcon.colcon_core.package_identification:_identify(.) by extension 'cmake'
[0.305s] Level 1:colcon.colcon_core.package_identification:_identify(.) by extension 'python'
[0.305s] Level 1:colcon.colcon_core.package_identification:_identify(.) by extensions ['python_setup_py']
[0.305s] Level 1:colcon.colcon_core.package_identification:_identify(.) by extension 'python_setup_py'
[0.305s] Level 1:colcon.colcon_core.package_identification:_identify(build) by extensions ['ignore', 'ignore_ament_install']
[0.305s] Level 1:colcon.colcon_core.package_identification:_identify(build) by extension 'ignore'
[0.305s] Level 1:colcon.colcon_core.package_identification:_identify(build) ignored
[0.305s] Level 1:colcon.colcon_core.package_identification:_identify(install) by extensions ['ignore', 'ignore_ament_install']
[0.305s] Level 1:colcon.colcon_core.package_identification:_identify(install) by extension 'ignore'
[0.305s] Level 1:colcon.colcon_core.package_identification:_identify(install) ignored
[0.305s] Level 1:colcon.colcon_core.package_identification:_identify(log) by extensions ['ignore', 'ignore_ament_install']
[0.305s] Level 1:colcon.colcon_core.package_identification:_identify(log) by extension 'ignore'
[0.305s] Level 1:colcon.colcon_core.package_identification:_identify(log) ignored
[0.305s] Level 1:colcon.colcon_core.package_identification:_identify(src) by extensions ['ignore', 'ignore_ament_install']
[0.306s] Level 1:colcon.colcon_core.package_identification:_identify(src) by extension 'ignore'
[0.306s] Level 1:colcon.colcon_core.package_identification:_identify(src) by extension 'ignore_ament_install'
[0.306s] Level 1:colcon.colcon_core.package_identification:_identify(src) by extensions ['colcon_pkg']
[0.306s] Level 1:colcon.colcon_core.package_identification:_identify(src) by extension 'colcon_pkg'
[0.306s] Level 1:colcon.colcon_core.package_identification:_identify(src) by extensions ['colcon_meta']
[0.306s] Level 1:colcon.colcon_core.package_identification:_identify(src) by extension 'colcon_meta'
[0.306s] Level 1:colcon.colcon_core.package_identification:_identify(src) by extensions ['ros']
[0.306s] Level 1:colcon.colcon_core.package_identification:_identify(src) by extension 'ros'
[0.306s] Level 1:colcon.colcon_core.package_identification:_identify(src) by extensions ['cmake', 'python']
[0.306s] Level 1:colcon.colcon_core.package_identification:_identify(src) by extension 'cmake'
[0.306s] Level 1:colcon.colcon_core.package_identification:_identify(src) by extension 'python'
[0.306s] Level 1:colcon.colcon_core.package_identification:_identify(src) by extensions ['python_setup_py']
[0.306s] Level 1:colcon.colcon_core.package_identification:_identify(src) by extension 'python_setup_py'
[0.306s] Level 1:colcon.colcon_core.package_identification:_identify(src/status_interfaces) by extensions ['ignore', 'ignore_ament_install']
[0.306s] Level 1:colcon.colcon_core.package_identification:_identify(src/status_interfaces) by extension 'ignore'
[0.306s] Level 1:colcon.colcon_core.package_identification:_identify(src/status_interfaces) by extension 'ignore_ament_install'
[0.306s] Level 1:colcon.colcon_core.package_identification:_identify(src/status_interfaces) by extensions ['colcon_pkg']
[0.306s] Level 1:colcon.colcon_core.package_identification:_identify(src/status_interfaces) by extension 'colcon_pkg'
[0.306s] Level 1:colcon.colcon_core.package_identification:_identify(src/status_interfaces) by extensions ['colcon_meta']
[0.306s] Level 1:colcon.colcon_core.package_identification:_identify(src/status_interfaces) by extension 'colcon_meta'
[0.306s] Level 1:colcon.colcon_core.package_identification:_identify(src/status_interfaces) by extensions ['ros']
[0.307s] Level 1:colcon.colcon_core.package_identification:_identify(src/status_interfaces) by extension 'ros'
[0.309s] DEBUG:colcon.colcon_core.package_identification:Package 'src/status_interfaces' with type 'ros.ament_cmake' and name 'status_interfaces'
[0.309s] Level 1:colcon.colcon_core.package_identification:_identify(src/status_publisher) by extensions ['ignore', 'ignore_ament_install']
[0.309s] Level 1:colcon.colcon_core.package_identification:_identify(src/status_publisher) by extension 'ignore'
[0.309s] Level 1:colcon.colcon_core.package_identification:_identify(src/status_publisher) by extension 'ignore_ament_install'
[0.309s] Level 1:colcon.colcon_core.package_identification:_identify(src/status_publisher) by extensions ['colcon_pkg']
[0.309s] Level 1:colcon.colcon_core.package_identification:_identify(src/status_publisher) by extension 'colcon_pkg'
[0.309s] Level 1:colcon.colcon_core.package_identification:_identify(src/status_publisher) by extensions ['colcon_meta']
[0.309s] Level 1:colcon.colcon_core.package_identification:_identify(src/status_publisher) by extension 'colcon_meta'
[0.310s] Level 1:colcon.colcon_core.package_identification:_identify(src/status_publisher) by extensions ['ros']
[0.310s] Level 1:colcon.colcon_core.package_identification:_identify(src/status_publisher) by extension 'ros'
[0.310s] DEBUG:colcon.colcon_core.package_identification:Package 'src/status_publisher' with type 'ros.ament_python' and name 'status_publisher'
[0.310s] Level 1:colcon.colcon_core.package_discovery:discover_packages(recursive) using defaults
[0.310s] Level 1:colcon.colcon_core.package_discovery:discover_packages(ignore) discover
[0.311s] Level 1:colcon.colcon_core.package_discovery:discover_packages(ignore) using defaults
[0.311s] Level 1:colcon.colcon_core.package_discovery:discover_packages(path) discover
[0.311s] Level 1:colcon.colcon_core.package_discovery:discover_packages(path) using defaults
[0.332s] Level 1:colcon.colcon_core.package_discovery:discover_packages(prefix_path) check parameters
[0.332s] Level 1:colcon.colcon_core.package_discovery:discover_packages(prefix_path) discover
[0.333s] DEBUG:colcon.colcon_installed_package_information.package_discovery:Found 2 installed packages in /home/admin/Documents/ROS2/C3_4/install
[0.335s] DEBUG:colcon.colcon_installed_package_information.package_discovery:Found 271 installed packages in /opt/ros/humble
[0.345s] Level 1:colcon.colcon_core.package_discovery:discover_packages(prefix_path) using defaults
[0.382s] Level 5:colcon.colcon_core.verb:set package 'status_interfaces' build argument 'cmake_args' from command line to 'None'
[0.382s] Level 5:colcon.colcon_core.verb:set package 'status_interfaces' build argument 'cmake_target' from command line to 'None'
[0.382s] Level 5:colcon.colcon_core.verb:set package 'status_interfaces' build argument 'cmake_target_skip_unavailable' from command line to 'False'
[0.382s] Level 5:colcon.colcon_core.verb:set package 'status_interfaces' build argument 'cmake_clean_cache' from command line to 'False'
[0.382s] Level 5:colcon.colcon_core.verb:set package 'status_interfaces' build argument 'cmake_clean_first' from command line to 'False'
[0.382s] Level 5:colcon.colcon_core.verb:set package 'status_interfaces' build argument 'cmake_force_configure' from command line to 'False'
[0.382s] Level 5:colcon.colcon_core.verb:set package 'status_interfaces' build argument 'ament_cmake_args' from command line to 'None'
[0.382s] Level 5:colcon.colcon_core.verb:set package 'status_interfaces' build argument 'catkin_cmake_args' from command line to 'None'
[0.382s] Level 5:colcon.colcon_core.verb:set package 'status_interfaces' build argument 'catkin_skip_building_tests' from command line to 'False'
[0.382s] DEBUG:colcon.colcon_core.verb:Building package 'status_interfaces' with the following arguments: {'ament_cmake_args': None, 'build_base': '/home/admin/Documents/ROS2/C3_4/build/status_interfaces', 'catkin_cmake_args': None, 'catkin_skip_building_tests': False, 'cmake_args': None, 'cmake_clean_cache': False, 'cmake_clean_first': False, 'cmake_force_configure': False, 'cmake_target': None, 'cmake_target_skip_unavailable': False, 'install_base': '/home/admin/Documents/ROS2/C3_4/install/status_interfaces', 'merge_install': False, 'path': '/home/admin/Documents/ROS2/C3_4/src/status_interfaces', 'symlink_install': False, 'test_result_base': None}
[0.383s] Level 5:colcon.colcon_core.verb:set package 'status_publisher' build argument 'cmake_args' from command line to 'None'
[0.383s] Level 5:colcon.colcon_core.verb:set package 'status_publisher' build argument 'cmake_target' from command line to 'None'
[0.383s] Level 5:colcon.colcon_core.verb:set package 'status_publisher' build argument 'cmake_target_skip_unavailable' from command line to 'False'
[0.383s] Level 5:colcon.colcon_core.verb:set package 'status_publisher' build argument 'cmake_clean_cache' from command line to 'False'
[0.383s] Level 5:colcon.colcon_core.verb:set package 'status_publisher' build argument 'cmake_clean_first' from command line to 'False'
[0.383s] Level 5:colcon.colcon_core.verb:set package 'status_publisher' build argument 'cmake_force_configure' from command line to 'False'
[0.383s] Level 5:colcon.colcon_core.verb:set package 'status_publisher' build argument 'ament_cmake_args' from command line to 'None'
[0.383s] Level 5:colcon.colcon_core.verb:set package 'status_publisher' build argument 'catkin_cmake_args' from command line to 'None'
[0.383s] Level 5:colcon.colcon_core.verb:set package 'status_publisher' build argument 'catkin_skip_building_tests' from command line to 'False'
[0.383s] DEBUG:colcon.colcon_core.verb:Building package 'status_publisher' with the following arguments: {'ament_cmake_args': None, 'build_base': '/home/admin/Documents/ROS2/C3_4/build/status_publisher', 'catkin_cmake_args': None, 'catkin_skip_building_tests': False, 'cmake_args': None, 'cmake_clean_cache': False, 'cmake_clean_first': False, 'cmake_force_configure': False, 'cmake_target': None, 'cmake_target_skip_unavailable': False, 'install_base': '/home/admin/Documents/ROS2/C3_4/install/status_publisher', 'merge_install': False, 'path': '/home/admin/Documents/ROS2/C3_4/src/status_publisher', 'symlink_install': False, 'test_result_base': None}
[0.383s] INFO:colcon.colcon_core.executor:Executing jobs using 'parallel' executor
[0.384s] DEBUG:colcon.colcon_parallel_executor.executor.parallel:run_until_complete
[0.384s] INFO:colcon.colcon_ros.task.ament_cmake.build:Building ROS package in '/home/admin/Documents/ROS2/C3_4/src/status_interfaces' with build type 'ament_cmake'
[0.384s] INFO:colcon.colcon_cmake.task.cmake.build:Building CMake package in '/home/admin/Documents/ROS2/C3_4/src/status_interfaces'
[0.386s] INFO:colcon.colcon_core.plugin_system:Skipping extension 'colcon_core.shell.bat': Not used on non-Windows systems
[0.387s] INFO:colcon.colcon_core.shell:Skip shell extension 'powershell' for command environment: Not usable outside of PowerShell
[0.387s] DEBUG:colcon.colcon_core.shell:Skip shell extension 'dsv' for command environment
[0.396s] DEBUG:colcon.colcon_core.event_handler.log_command:Invoking command in '/home/admin/Documents/ROS2/C3_4/build/status_interfaces': CMAKE_PREFIX_PATH=${CMAKE_PREFIX_PATH}:/home/admin/Documents/ROS2/C3_4/install/status_publisher:/opt/ros/humble /usr/bin/cmake --build /home/admin/Documents/ROS2/C3_4/build/status_interfaces -- -j8 -l8
[0.844s] DEBUG:colcon.colcon_core.event_handler.log_command:Invoked command in '/home/admin/Documents/ROS2/C3_4/build/status_interfaces' returned '0': CMAKE_PREFIX_PATH=${CMAKE_PREFIX_PATH}:/home/admin/Documents/ROS2/C3_4/install/status_publisher:/opt/ros/humble /usr/bin/cmake --build /home/admin/Documents/ROS2/C3_4/build/status_interfaces -- -j8 -l8
[0.854s] DEBUG:colcon.colcon_core.event_handler.log_command:Invoking command in '/home/admin/Documents/ROS2/C3_4/build/status_interfaces': CMAKE_PREFIX_PATH=${CMAKE_PREFIX_PATH}:/home/admin/Documents/ROS2/C3_4/install/status_publisher:/opt/ros/humble /usr/bin/cmake --install /home/admin/Documents/ROS2/C3_4/build/status_interfaces
[0.925s] Level 1:colcon.colcon_core.environment:create_environment_scripts_only(status_interfaces)
[0.929s] Level 1:colcon.colcon_core.environment:checking '/home/admin/Documents/ROS2/C3_4/install/status_interfaces' for CMake module files
[0.930s] DEBUG:colcon.colcon_core.event_handler.log_command:Invoked command in '/home/admin/Documents/ROS2/C3_4/build/status_interfaces' returned '0': CMAKE_PREFIX_PATH=${CMAKE_PREFIX_PATH}:/home/admin/Documents/ROS2/C3_4/install/status_publisher:/opt/ros/humble /usr/bin/cmake --install /home/admin/Documents/ROS2/C3_4/build/status_interfaces
[0.930s] Level 1:colcon.colcon_core.environment:checking '/home/admin/Documents/ROS2/C3_4/install/status_interfaces' for CMake config files
[0.931s] Level 1:colcon.colcon_core.shell:create_environment_hook('status_interfaces', 'cmake_prefix_path')
[0.932s] INFO:colcon.colcon_core.shell:Creating environment hook '/home/admin/Documents/ROS2/C3_4/install/status_interfaces/share/status_interfaces/hook/cmake_prefix_path.ps1'
[0.933s] INFO:colcon.colcon_core.shell:Creating environment descriptor '/home/admin/Documents/ROS2/C3_4/install/status_interfaces/share/status_interfaces/hook/cmake_prefix_path.dsv'
[0.933s] INFO:colcon.colcon_core.shell:Creating environment hook '/home/admin/Documents/ROS2/C3_4/install/status_interfaces/share/status_interfaces/hook/cmake_prefix_path.sh'
[0.935s] Level 1:colcon.colcon_core.environment:checking '/home/admin/Documents/ROS2/C3_4/install/status_interfaces/lib'
[0.935s] Level 1:colcon.colcon_core.shell:create_environment_hook('status_interfaces', 'ld_library_path_lib')
[0.936s] INFO:colcon.colcon_core.shell:Creating environment hook '/home/admin/Documents/ROS2/C3_4/install/status_interfaces/share/status_interfaces/hook/ld_library_path_lib.ps1'
[0.936s] INFO:colcon.colcon_core.shell:Creating environment descriptor '/home/admin/Documents/ROS2/C3_4/install/status_interfaces/share/status_interfaces/hook/ld_library_path_lib.dsv'
[0.937s] INFO:colcon.colcon_core.shell:Creating environment hook '/home/admin/Documents/ROS2/C3_4/install/status_interfaces/share/status_interfaces/hook/ld_library_path_lib.sh'
[0.937s] Level 1:colcon.colcon_core.environment:checking '/home/admin/Documents/ROS2/C3_4/install/status_interfaces/bin'
[0.937s] Level 1:colcon.colcon_core.environment:checking '/home/admin/Documents/ROS2/C3_4/install/status_interfaces/lib/pkgconfig/status_interfaces.pc'
[0.938s] Level 1:colcon.colcon_core.environment:checking '/home/admin/Documents/ROS2/C3_4/install/status_interfaces/lib/python3.10/site-packages'
[0.938s] Level 1:colcon.colcon_core.environment:checking '/home/admin/Documents/ROS2/C3_4/install/status_interfaces/bin'
[0.939s] INFO:colcon.colcon_core.shell:Creating package script '/home/admin/Documents/ROS2/C3_4/install/status_interfaces/share/status_interfaces/package.ps1'
[0.940s] INFO:colcon.colcon_core.shell:Creating package descriptor '/home/admin/Documents/ROS2/C3_4/install/status_interfaces/share/status_interfaces/package.dsv'
[0.941s] INFO:colcon.colcon_core.shell:Creating package script '/home/admin/Documents/ROS2/C3_4/install/status_interfaces/share/status_interfaces/package.sh'
[0.942s] INFO:colcon.colcon_core.shell:Creating package script '/home/admin/Documents/ROS2/C3_4/install/status_interfaces/share/status_interfaces/package.bash'
[0.943s] INFO:colcon.colcon_core.shell:Creating package script '/home/admin/Documents/ROS2/C3_4/install/status_interfaces/share/status_interfaces/package.zsh'
[0.944s] Level 1:colcon.colcon_core.environment:create_file_with_runtime_dependencies(/home/admin/Documents/ROS2/C3_4/install/status_interfaces/share/colcon-core/packages/status_interfaces)
[0.944s] Level 1:colcon.colcon_core.environment:create_environment_scripts_only(status_interfaces)
[0.945s] Level 1:colcon.colcon_core.environment:checking '/home/admin/Documents/ROS2/C3_4/install/status_interfaces' for CMake module files
[0.945s] Level 1:colcon.colcon_core.environment:checking '/home/admin/Documents/ROS2/C3_4/install/status_interfaces' for CMake config files
[0.946s] Level 1:colcon.colcon_core.shell:create_environment_hook('status_interfaces', 'cmake_prefix_path')
[0.946s] INFO:colcon.colcon_core.shell:Creating environment hook '/home/admin/Documents/ROS2/C3_4/install/status_interfaces/share/status_interfaces/hook/cmake_prefix_path.ps1'
[0.947s] INFO:colcon.colcon_core.shell:Creating environment descriptor '/home/admin/Documents/ROS2/C3_4/install/status_interfaces/share/status_interfaces/hook/cmake_prefix_path.dsv'
[0.947s] INFO:colcon.colcon_core.shell:Creating environment hook '/home/admin/Documents/ROS2/C3_4/install/status_interfaces/share/status_interfaces/hook/cmake_prefix_path.sh'
[0.948s] Level 1:colcon.colcon_core.environment:checking '/home/admin/Documents/ROS2/C3_4/install/status_interfaces/lib'
[0.948s] Level 1:colcon.colcon_core.shell:create_environment_hook('status_interfaces', 'ld_library_path_lib')
[0.949s] INFO:colcon.colcon_core.shell:Creating environment hook '/home/admin/Documents/ROS2/C3_4/install/status_interfaces/share/status_interfaces/hook/ld_library_path_lib.ps1'
[0.949s] INFO:colcon.colcon_core.shell:Creating environment descriptor '/home/admin/Documents/ROS2/C3_4/install/status_interfaces/share/status_interfaces/hook/ld_library_path_lib.dsv'
[0.950s] INFO:colcon.colcon_core.shell:Creating environment hook '/home/admin/Documents/ROS2/C3_4/install/status_interfaces/share/status_interfaces/hook/ld_library_path_lib.sh'
[0.950s] Level 1:colcon.colcon_core.environment:checking '/home/admin/Documents/ROS2/C3_4/install/status_interfaces/bin'
[0.950s] Level 1:colcon.colcon_core.environment:checking '/home/admin/Documents/ROS2/C3_4/install/status_interfaces/lib/pkgconfig/status_interfaces.pc'
[0.950s] Level 1:colcon.colcon_core.environment:checking '/home/admin/Documents/ROS2/C3_4/install/status_interfaces/lib/python3.10/site-packages'
[0.951s] Level 1:colcon.colcon_core.environment:checking '/home/admin/Documents/ROS2/C3_4/install/status_interfaces/bin'
[0.951s] INFO:colcon.colcon_core.shell:Creating package script '/home/admin/Documents/ROS2/C3_4/install/status_interfaces/share/status_interfaces/package.ps1'
[0.952s] INFO:colcon.colcon_core.shell:Creating package descriptor '/home/admin/Documents/ROS2/C3_4/install/status_interfaces/share/status_interfaces/package.dsv'
[0.952s] INFO:colcon.colcon_core.shell:Creating package script '/home/admin/Documents/ROS2/C3_4/install/status_interfaces/share/status_interfaces/package.sh'
[0.953s] INFO:colcon.colcon_core.shell:Creating package script '/home/admin/Documents/ROS2/C3_4/install/status_interfaces/share/status_interfaces/package.bash'
[0.953s] INFO:colcon.colcon_core.shell:Creating package script '/home/admin/Documents/ROS2/C3_4/install/status_interfaces/share/status_interfaces/package.zsh'
[0.954s] Level 1:colcon.colcon_core.environment:create_file_with_runtime_dependencies(/home/admin/Documents/ROS2/C3_4/install/status_interfaces/share/colcon-core/packages/status_interfaces)
[0.954s] INFO:colcon.colcon_ros.task.ament_python.build:Building ROS package in '/home/admin/Documents/ROS2/C3_4/src/status_publisher' with build type 'ament_python'
[0.954s] Level 1:colcon.colcon_core.shell:create_environment_hook('status_publisher', 'ament_prefix_path')
[0.955s] INFO:colcon.colcon_core.shell:Creating environment hook '/home/admin/Documents/ROS2/C3_4/install/status_publisher/share/status_publisher/hook/ament_prefix_path.ps1'
[0.956s] INFO:colcon.colcon_core.shell:Creating environment descriptor '/home/admin/Documents/ROS2/C3_4/install/status_publisher/share/status_publisher/hook/ament_prefix_path.dsv'
[0.956s] INFO:colcon.colcon_core.shell:Creating environment hook '/home/admin/Documents/ROS2/C3_4/install/status_publisher/share/status_publisher/hook/ament_prefix_path.sh'
[0.957s] INFO:colcon.colcon_core.shell:Skip shell extension 'powershell' for command environment: Not usable outside of PowerShell
[0.957s] DEBUG:colcon.colcon_core.shell:Skip shell extension 'dsv' for command environment
[1.282s] INFO:colcon.colcon_core.task.python.build:Building Python package in '/home/admin/Documents/ROS2/C3_4/src/status_publisher'
[1.283s] INFO:colcon.colcon_core.shell:Skip shell extension 'powershell' for command environment: Not usable outside of PowerShell
[1.283s] DEBUG:colcon.colcon_core.shell:Skip shell extension 'dsv' for command environment
[1.714s] DEBUG:colcon.colcon_core.event_handler.log_command:Invoking command in '/home/admin/Documents/ROS2/C3_4/src/status_publisher': PYTHONPATH=/home/admin/Documents/ROS2/C3_4/build/status_publisher/prefix_override:/usr/lib/python3/dist-packages/colcon_core/task/python/colcon_distutils_commands:/home/admin/Documents/ROS2/C3_4/install/status_publisher/lib/python3.10/site-packages:${PYTHONPATH} /usr/bin/python3 -W ignore:setup.py install is deprecated -W ignore:easy_install command is deprecated setup.py egg_info --egg-base ../../build/status_publisher build --build-base /home/admin/Documents/ROS2/C3_4/build/status_publisher/build install --record /home/admin/Documents/ROS2/C3_4/build/status_publisher/install.log --single-version-externally-managed install_data
[2.057s] Level 1:colcon.colcon_core.environment:checking '/home/admin/Documents/ROS2/C3_4/install/status_publisher' for CMake module files
[2.058s] DEBUG:colcon.colcon_core.event_handler.log_command:Invoked command in '/home/admin/Documents/ROS2/C3_4/src/status_publisher' returned '0': PYTHONPATH=/home/admin/Documents/ROS2/C3_4/build/status_publisher/prefix_override:/usr/lib/python3/dist-packages/colcon_core/task/python/colcon_distutils_commands:/home/admin/Documents/ROS2/C3_4/install/status_publisher/lib/python3.10/site-packages:${PYTHONPATH} /usr/bin/python3 -W ignore:setup.py install is deprecated -W ignore:easy_install command is deprecated setup.py egg_info --egg-base ../../build/status_publisher build --build-base /home/admin/Documents/ROS2/C3_4/build/status_publisher/build install --record /home/admin/Documents/ROS2/C3_4/build/status_publisher/install.log --single-version-externally-managed install_data
[2.058s] Level 1:colcon.colcon_core.environment:checking '/home/admin/Documents/ROS2/C3_4/install/status_publisher' for CMake config files
[2.059s] Level 1:colcon.colcon_core.environment:checking '/home/admin/Documents/ROS2/C3_4/install/status_publisher/lib'
[2.059s] Level 1:colcon.colcon_core.environment:checking '/home/admin/Documents/ROS2/C3_4/install/status_publisher/bin'
[2.059s] Level 1:colcon.colcon_core.environment:checking '/home/admin/Documents/ROS2/C3_4/install/status_publisher/lib/pkgconfig/status_publisher.pc'
[2.059s] Level 1:colcon.colcon_core.environment:checking '/home/admin/Documents/ROS2/C3_4/install/status_publisher/lib/python3.10/site-packages'
[2.059s] Level 1:colcon.colcon_core.shell:create_environment_hook('status_publisher', 'pythonpath')
[2.060s] INFO:colcon.colcon_core.shell:Creating environment hook '/home/admin/Documents/ROS2/C3_4/install/status_publisher/share/status_publisher/hook/pythonpath.ps1'
[2.060s] INFO:colcon.colcon_core.shell:Creating environment descriptor '/home/admin/Documents/ROS2/C3_4/install/status_publisher/share/status_publisher/hook/pythonpath.dsv'
[2.061s] INFO:colcon.colcon_core.shell:Creating environment hook '/home/admin/Documents/ROS2/C3_4/install/status_publisher/share/status_publisher/hook/pythonpath.sh'
[2.061s] Level 1:colcon.colcon_core.environment:checking '/home/admin/Documents/ROS2/C3_4/install/status_publisher/bin'
[2.061s] Level 1:colcon.colcon_core.environment:create_environment_scripts_only(status_publisher)
[2.062s] INFO:colcon.colcon_core.shell:Creating package script '/home/admin/Documents/ROS2/C3_4/install/status_publisher/share/status_publisher/package.ps1'
[2.062s] INFO:colcon.colcon_core.shell:Creating package descriptor '/home/admin/Documents/ROS2/C3_4/install/status_publisher/share/status_publisher/package.dsv'
[2.063s] INFO:colcon.colcon_core.shell:Creating package script '/home/admin/Documents/ROS2/C3_4/install/status_publisher/share/status_publisher/package.sh'
[2.063s] INFO:colcon.colcon_core.shell:Creating package script '/home/admin/Documents/ROS2/C3_4/install/status_publisher/share/status_publisher/package.bash'
[2.063s] INFO:colcon.colcon_core.shell:Creating package script '/home/admin/Documents/ROS2/C3_4/install/status_publisher/share/status_publisher/package.zsh'
[2.064s] Level 1:colcon.colcon_core.environment:create_file_with_runtime_dependencies(/home/admin/Documents/ROS2/C3_4/install/status_publisher/share/colcon-core/packages/status_publisher)
[2.064s] DEBUG:colcon.colcon_parallel_executor.executor.parallel:closing loop
[2.064s] DEBUG:colcon.colcon_parallel_executor.executor.parallel:loop closed
[2.065s] DEBUG:colcon.colcon_parallel_executor.executor.parallel:run_until_complete finished with '0'
[2.065s] DEBUG:colcon.colcon_core.event_reactor:joining thread
[2.070s] INFO:colcon.colcon_core.plugin_system:Skipping extension 'colcon_notification.desktop_notification.terminal_notifier': Not used on non-Darwin systems
[2.070s] INFO:colcon.colcon_core.plugin_system:Skipping extension 'colcon_notification.desktop_notification.win32': Not used on non-Windows systems
[2.071s] INFO:colcon.colcon_notification.desktop_notification:Sending desktop notification using 'notify2'
[2.084s] DEBUG:colcon.colcon_core.event_reactor:joined thread
[2.084s] INFO:colcon.colcon_core.shell:Creating prefix script '/home/admin/Documents/ROS2/C3_4/install/local_setup.ps1'
[2.086s] INFO:colcon.colcon_core.shell:Creating prefix util module '/home/admin/Documents/ROS2/C3_4/install/_local_setup_util_ps1.py'
[2.089s] INFO:colcon.colcon_core.shell:Creating prefix chain script '/home/admin/Documents/ROS2/C3_4/install/setup.ps1'
[2.091s] INFO:colcon.colcon_core.shell:Creating prefix script '/home/admin/Documents/ROS2/C3_4/install/local_setup.sh'
[2.092s] INFO:colcon.colcon_core.shell:Creating prefix util module '/home/admin/Documents/ROS2/C3_4/install/_local_setup_util_sh.py'
[2.094s] INFO:colcon.colcon_core.shell:Creating prefix chain script '/home/admin/Documents/ROS2/C3_4/install/setup.sh'
[2.098s] INFO:colcon.colcon_core.shell:Creating prefix script '/home/admin/Documents/ROS2/C3_4/install/local_setup.bash'
[2.099s] INFO:colcon.colcon_core.shell:Creating prefix chain script '/home/admin/Documents/ROS2/C3_4/install/setup.bash'
[2.101s] INFO:colcon.colcon_core.shell:Creating prefix script '/home/admin/Documents/ROS2/C3_4/install/local_setup.zsh'
[2.106s] INFO:colcon.colcon_core.shell:Creating prefix chain script '/home/admin/Documents/ROS2/C3_4/install/setup.zsh'
