[0.110s] DEBUG:colcon:Command line arguments: ['/usr/bin/colcon', 'build']
[0.110s] DEBUG:colcon:Parsed command line arguments: Namespace(log_base=None, log_level=None, verb_name='build', build_base='build', install_base='install', merge_install=False, symlink_install=False, test_result_base=None, continue_on_error=False, executor='parallel', parallel_workers=8, event_handlers=None, ignore_user_meta=False, metas=['./colcon.meta'], base_paths=['.'], packages_ignore=None, packages_ignore_regex=None, paths=None, packages_up_to=None, packages_up_to_regex=None, packages_above=None, packages_above_and_dependencies=None, packages_above_depth=None, packages_select_by_dep=None, packages_skip_by_dep=None, packages_skip_up_to=None, packages_select_build_failed=False, packages_skip_build_finished=False, packages_select_test_failures=False, packages_skip_test_passed=False, packages_select=None, packages_skip=None, packages_select_regex=None, packages_skip_regex=None, packages_start=None, packages_end=None, allow_overriding=[], cmake_args=None, cmake_target=None, cmake_target_skip_unavailable=False, cmake_clean_cache=False, cmake_clean_first=False, cmake_force_configure=False, ament_cmake_args=None, catkin_cmake_args=None, catkin_skip_building_tests=False, verb_parser=<colcon_defaults.argument_parser.defaults.DefaultArgumentsDecorator object at 0x7f61957a4820>, verb_extension=<colcon_core.verb.build.BuildVerb object at 0x7f61958a1c30>, main=<bound method BuildVerb.main of <colcon_core.verb.build.BuildVerb object at 0x7f61958a1c30>>)
[0.289s] Level 1:colcon.colcon_core.package_discovery:discover_packages(colcon_meta) check parameters
[0.289s] Level 1:colcon.colcon_core.package_discovery:discover_packages(recursive) check parameters
[0.289s] Level 1:colcon.colcon_core.package_discovery:discover_packages(ignore) check parameters
[0.289s] Level 1:colcon.colcon_core.package_discovery:discover_packages(path) check parameters
[0.289s] Level 1:colcon.colcon_core.package_discovery:discover_packages(colcon_meta) discover
[0.289s] Level 1:colcon.colcon_core.package_discovery:discover_packages(recursive) discover
[0.289s] INFO:colcon.colcon_core.package_discovery:Crawling recursively for packages in '/home/admin/Documents/ROS2/C4.1'
[0.289s] Level 1:colcon.colcon_core.package_identification:_identify(.) by extensions ['ignore', 'ignore_ament_install']
[0.289s] Level 1:colcon.colcon_core.package_identification:_identify(.) by extension 'ignore'
[0.289s] Level 1:colcon.colcon_core.package_identification:_identify(.) by extension 'ignore_ament_install'
[0.289s] Level 1:colcon.colcon_core.package_identification:_identify(.) by extensions ['colcon_pkg']
[0.290s] Level 1:colcon.colcon_core.package_identification:_identify(.) by extension 'colcon_pkg'
[0.290s] Level 1:colcon.colcon_core.package_identification:_identify(.) by extensions ['colcon_meta']
[0.290s] Level 1:colcon.colcon_core.package_identification:_identify(.) by extension 'colcon_meta'
[0.290s] Level 1:colcon.colcon_core.package_identification:_identify(.) by extensions ['ros']
[0.290s] Level 1:colcon.colcon_core.package_identification:_identify(.) by extension 'ros'
[0.301s] Level 1:colcon.colcon_core.package_identification:_identify(.) by extensions ['cmake', 'python']
[0.302s] Level 1:colcon.colcon_core.package_identification:_identify(.) by extension 'cmake'
[0.302s] Level 1:colcon.colcon_core.package_identification:_identify(.) by extension 'python'
[0.302s] Level 1:colcon.colcon_core.package_identification:_identify(.) by extensions ['python_setup_py']
[0.302s] Level 1:colcon.colcon_core.package_identification:_identify(.) by extension 'python_setup_py'
[0.302s] Level 1:colcon.colcon_core.package_identification:_identify(build) by extensions ['ignore', 'ignore_ament_install']
[0.302s] Level 1:colcon.colcon_core.package_identification:_identify(build) by extension 'ignore'
[0.302s] Level 1:colcon.colcon_core.package_identification:_identify(build) ignored
[0.302s] Level 1:colcon.colcon_core.package_identification:_identify(install) by extensions ['ignore', 'ignore_ament_install']
[0.302s] Level 1:colcon.colcon_core.package_identification:_identify(install) by extension 'ignore'
[0.302s] Level 1:colcon.colcon_core.package_identification:_identify(install) ignored
[0.302s] Level 1:colcon.colcon_core.package_identification:_identify(log) by extensions ['ignore', 'ignore_ament_install']
[0.302s] Level 1:colcon.colcon_core.package_identification:_identify(log) by extension 'ignore'
[0.302s] Level 1:colcon.colcon_core.package_identification:_identify(log) ignored
[0.303s] Level 1:colcon.colcon_core.package_identification:_identify(src) by extensions ['ignore', 'ignore_ament_install']
[0.303s] Level 1:colcon.colcon_core.package_identification:_identify(src) by extension 'ignore'
[0.303s] Level 1:colcon.colcon_core.package_identification:_identify(src) by extension 'ignore_ament_install'
[0.303s] Level 1:colcon.colcon_core.package_identification:_identify(src) by extensions ['colcon_pkg']
[0.303s] Level 1:colcon.colcon_core.package_identification:_identify(src) by extension 'colcon_pkg'
[0.303s] Level 1:colcon.colcon_core.package_identification:_identify(src) by extensions ['colcon_meta']
[0.303s] Level 1:colcon.colcon_core.package_identification:_identify(src) by extension 'colcon_meta'
[0.303s] Level 1:colcon.colcon_core.package_identification:_identify(src) by extensions ['ros']
[0.303s] Level 1:colcon.colcon_core.package_identification:_identify(src) by extension 'ros'
[0.303s] Level 1:colcon.colcon_core.package_identification:_identify(src) by extensions ['cmake', 'python']
[0.303s] Level 1:colcon.colcon_core.package_identification:_identify(src) by extension 'cmake'
[0.303s] Level 1:colcon.colcon_core.package_identification:_identify(src) by extension 'python'
[0.304s] Level 1:colcon.colcon_core.package_identification:_identify(src) by extensions ['python_setup_py']
[0.304s] Level 1:colcon.colcon_core.package_identification:_identify(src) by extension 'python_setup_py'
[0.304s] Level 1:colcon.colcon_core.package_identification:_identify(src/chapt4_interfaces) by extensions ['ignore', 'ignore_ament_install']
[0.304s] Level 1:colcon.colcon_core.package_identification:_identify(src/chapt4_interfaces) by extension 'ignore'
[0.304s] Level 1:colcon.colcon_core.package_identification:_identify(src/chapt4_interfaces) by extension 'ignore_ament_install'
[0.304s] Level 1:colcon.colcon_core.package_identification:_identify(src/chapt4_interfaces) by extensions ['colcon_pkg']
[0.304s] Level 1:colcon.colcon_core.package_identification:_identify(src/chapt4_interfaces) by extension 'colcon_pkg'
[0.304s] Level 1:colcon.colcon_core.package_identification:_identify(src/chapt4_interfaces) by extensions ['colcon_meta']
[0.304s] Level 1:colcon.colcon_core.package_identification:_identify(src/chapt4_interfaces) by extension 'colcon_meta'
[0.304s] Level 1:colcon.colcon_core.package_identification:_identify(src/chapt4_interfaces) by extensions ['ros']
[0.304s] Level 1:colcon.colcon_core.package_identification:_identify(src/chapt4_interfaces) by extension 'ros'
[0.307s] DEBUG:colcon.colcon_core.package_identification:Package 'src/chapt4_interfaces' with type 'ros.ament_cmake' and name 'chapt4_interfaces'
[0.307s] Level 1:colcon.colcon_core.package_identification:_identify(src/demo_cpp_service) by extensions ['ignore', 'ignore_ament_install']
[0.307s] Level 1:colcon.colcon_core.package_identification:_identify(src/demo_cpp_service) by extension 'ignore'
[0.307s] Level 1:colcon.colcon_core.package_identification:_identify(src/demo_cpp_service) by extension 'ignore_ament_install'
[0.307s] Level 1:colcon.colcon_core.package_identification:_identify(src/demo_cpp_service) by extensions ['colcon_pkg']
[0.308s] Level 1:colcon.colcon_core.package_identification:_identify(src/demo_cpp_service) by extension 'colcon_pkg'
[0.308s] Level 1:colcon.colcon_core.package_identification:_identify(src/demo_cpp_service) by extensions ['colcon_meta']
[0.308s] Level 1:colcon.colcon_core.package_identification:_identify(src/demo_cpp_service) by extension 'colcon_meta'
[0.308s] Level 1:colcon.colcon_core.package_identification:_identify(src/demo_cpp_service) by extensions ['ros']
[0.308s] Level 1:colcon.colcon_core.package_identification:_identify(src/demo_cpp_service) by extension 'ros'
[0.309s] DEBUG:colcon.colcon_core.package_identification:Package 'src/demo_cpp_service' with type 'ros.ament_cmake' and name 'demo_cpp_service'
[0.309s] Level 1:colcon.colcon_core.package_identification:_identify(src/demo_python_service) by extensions ['ignore', 'ignore_ament_install']
[0.309s] Level 1:colcon.colcon_core.package_identification:_identify(src/demo_python_service) by extension 'ignore'
[0.309s] Level 1:colcon.colcon_core.package_identification:_identify(src/demo_python_service) by extension 'ignore_ament_install'
[0.309s] Level 1:colcon.colcon_core.package_identification:_identify(src/demo_python_service) by extensions ['colcon_pkg']
[0.309s] Level 1:colcon.colcon_core.package_identification:_identify(src/demo_python_service) by extension 'colcon_pkg'
[0.309s] Level 1:colcon.colcon_core.package_identification:_identify(src/demo_python_service) by extensions ['colcon_meta']
[0.309s] Level 1:colcon.colcon_core.package_identification:_identify(src/demo_python_service) by extension 'colcon_meta'
[0.309s] Level 1:colcon.colcon_core.package_identification:_identify(src/demo_python_service) by extensions ['ros']
[0.309s] Level 1:colcon.colcon_core.package_identification:_identify(src/demo_python_service) by extension 'ros'
[0.310s] DEBUG:colcon.colcon_core.package_identification:Package 'src/demo_python_service' with type 'ros.ament_python' and name 'demo_python_service'
[0.310s] Level 1:colcon.colcon_core.package_discovery:discover_packages(recursive) using defaults
[0.310s] Level 1:colcon.colcon_core.package_discovery:discover_packages(ignore) discover
[0.310s] Level 1:colcon.colcon_core.package_discovery:discover_packages(ignore) using defaults
[0.310s] Level 1:colcon.colcon_core.package_discovery:discover_packages(path) discover
[0.310s] Level 1:colcon.colcon_core.package_discovery:discover_packages(path) using defaults
[0.332s] Level 1:colcon.colcon_core.package_discovery:discover_packages(prefix_path) check parameters
[0.332s] Level 1:colcon.colcon_core.package_discovery:discover_packages(prefix_path) discover
[0.346s] DEBUG:colcon.colcon_installed_package_information.package_discovery:Found 3 installed packages in /home/admin/Documents/ROS2/C4.1/install
[0.349s] DEBUG:colcon.colcon_installed_package_information.package_discovery:Found 271 installed packages in /opt/ros/humble
[0.350s] Level 1:colcon.colcon_core.package_discovery:discover_packages(prefix_path) using defaults
[0.389s] Level 5:colcon.colcon_core.verb:set package 'chapt4_interfaces' build argument 'cmake_args' from command line to 'None'
[0.390s] Level 5:colcon.colcon_core.verb:set package 'chapt4_interfaces' build argument 'cmake_target' from command line to 'None'
[0.390s] Level 5:colcon.colcon_core.verb:set package 'chapt4_interfaces' build argument 'cmake_target_skip_unavailable' from command line to 'False'
[0.390s] Level 5:colcon.colcon_core.verb:set package 'chapt4_interfaces' build argument 'cmake_clean_cache' from command line to 'False'
[0.390s] Level 5:colcon.colcon_core.verb:set package 'chapt4_interfaces' build argument 'cmake_clean_first' from command line to 'False'
[0.390s] Level 5:colcon.colcon_core.verb:set package 'chapt4_interfaces' build argument 'cmake_force_configure' from command line to 'False'
[0.390s] Level 5:colcon.colcon_core.verb:set package 'chapt4_interfaces' build argument 'ament_cmake_args' from command line to 'None'
[0.390s] Level 5:colcon.colcon_core.verb:set package 'chapt4_interfaces' build argument 'catkin_cmake_args' from command line to 'None'
[0.390s] Level 5:colcon.colcon_core.verb:set package 'chapt4_interfaces' build argument 'catkin_skip_building_tests' from command line to 'False'
[0.390s] DEBUG:colcon.colcon_core.verb:Building package 'chapt4_interfaces' with the following arguments: {'ament_cmake_args': None, 'build_base': '/home/admin/Documents/ROS2/C4.1/build/chapt4_interfaces', 'catkin_cmake_args': None, 'catkin_skip_building_tests': False, 'cmake_args': None, 'cmake_clean_cache': False, 'cmake_clean_first': False, 'cmake_force_configure': False, 'cmake_target': None, 'cmake_target_skip_unavailable': False, 'install_base': '/home/admin/Documents/ROS2/C4.1/install/chapt4_interfaces', 'merge_install': False, 'path': '/home/admin/Documents/ROS2/C4.1/src/chapt4_interfaces', 'symlink_install': False, 'test_result_base': None}
[0.390s] Level 5:colcon.colcon_core.verb:set package 'demo_cpp_service' build argument 'cmake_args' from command line to 'None'
[0.391s] Level 5:colcon.colcon_core.verb:set package 'demo_cpp_service' build argument 'cmake_target' from command line to 'None'
[0.391s] Level 5:colcon.colcon_core.verb:set package 'demo_cpp_service' build argument 'cmake_target_skip_unavailable' from command line to 'False'
[0.391s] Level 5:colcon.colcon_core.verb:set package 'demo_cpp_service' build argument 'cmake_clean_cache' from command line to 'False'
[0.391s] Level 5:colcon.colcon_core.verb:set package 'demo_cpp_service' build argument 'cmake_clean_first' from command line to 'False'
[0.391s] Level 5:colcon.colcon_core.verb:set package 'demo_cpp_service' build argument 'cmake_force_configure' from command line to 'False'
[0.391s] Level 5:colcon.colcon_core.verb:set package 'demo_cpp_service' build argument 'ament_cmake_args' from command line to 'None'
[0.391s] Level 5:colcon.colcon_core.verb:set package 'demo_cpp_service' build argument 'catkin_cmake_args' from command line to 'None'
[0.391s] Level 5:colcon.colcon_core.verb:set package 'demo_cpp_service' build argument 'catkin_skip_building_tests' from command line to 'False'
[0.391s] DEBUG:colcon.colcon_core.verb:Building package 'demo_cpp_service' with the following arguments: {'ament_cmake_args': None, 'build_base': '/home/admin/Documents/ROS2/C4.1/build/demo_cpp_service', 'catkin_cmake_args': None, 'catkin_skip_building_tests': False, 'cmake_args': None, 'cmake_clean_cache': False, 'cmake_clean_first': False, 'cmake_force_configure': False, 'cmake_target': None, 'cmake_target_skip_unavailable': False, 'install_base': '/home/admin/Documents/ROS2/C4.1/install/demo_cpp_service', 'merge_install': False, 'path': '/home/admin/Documents/ROS2/C4.1/src/demo_cpp_service', 'symlink_install': False, 'test_result_base': None}
[0.392s] Level 5:colcon.colcon_core.verb:set package 'demo_python_service' build argument 'cmake_args' from command line to 'None'
[0.392s] Level 5:colcon.colcon_core.verb:set package 'demo_python_service' build argument 'cmake_target' from command line to 'None'
[0.392s] Level 5:colcon.colcon_core.verb:set package 'demo_python_service' build argument 'cmake_target_skip_unavailable' from command line to 'False'
[0.392s] Level 5:colcon.colcon_core.verb:set package 'demo_python_service' build argument 'cmake_clean_cache' from command line to 'False'
[0.392s] Level 5:colcon.colcon_core.verb:set package 'demo_python_service' build argument 'cmake_clean_first' from command line to 'False'
[0.392s] Level 5:colcon.colcon_core.verb:set package 'demo_python_service' build argument 'cmake_force_configure' from command line to 'False'
[0.392s] Level 5:colcon.colcon_core.verb:set package 'demo_python_service' build argument 'ament_cmake_args' from command line to 'None'
[0.392s] Level 5:colcon.colcon_core.verb:set package 'demo_python_service' build argument 'catkin_cmake_args' from command line to 'None'
[0.392s] Level 5:colcon.colcon_core.verb:set package 'demo_python_service' build argument 'catkin_skip_building_tests' from command line to 'False'
[0.392s] DEBUG:colcon.colcon_core.verb:Building package 'demo_python_service' with the following arguments: {'ament_cmake_args': None, 'build_base': '/home/admin/Documents/ROS2/C4.1/build/demo_python_service', 'catkin_cmake_args': None, 'catkin_skip_building_tests': False, 'cmake_args': None, 'cmake_clean_cache': False, 'cmake_clean_first': False, 'cmake_force_configure': False, 'cmake_target': None, 'cmake_target_skip_unavailable': False, 'install_base': '/home/admin/Documents/ROS2/C4.1/install/demo_python_service', 'merge_install': False, 'path': '/home/admin/Documents/ROS2/C4.1/src/demo_python_service', 'symlink_install': False, 'test_result_base': None}
[0.392s] INFO:colcon.colcon_core.executor:Executing jobs using 'parallel' executor
[0.394s] DEBUG:colcon.colcon_parallel_executor.executor.parallel:run_until_complete
[0.394s] INFO:colcon.colcon_ros.task.ament_cmake.build:Building ROS package in '/home/admin/Documents/ROS2/C4.1/src/chapt4_interfaces' with build type 'ament_cmake'
[0.395s] INFO:colcon.colcon_cmake.task.cmake.build:Building CMake package in '/home/admin/Documents/ROS2/C4.1/src/chapt4_interfaces'
[0.398s] INFO:colcon.colcon_core.plugin_system:Skipping extension 'colcon_core.shell.bat': Not used on non-Windows systems
[0.398s] INFO:colcon.colcon_core.shell:Skip shell extension 'powershell' for command environment: Not usable outside of PowerShell
[0.398s] DEBUG:colcon.colcon_core.shell:Skip shell extension 'dsv' for command environment
[0.410s] DEBUG:colcon.colcon_core.event_handler.log_command:Invoking command in '/home/admin/Documents/ROS2/C4.1/build/chapt4_interfaces': CMAKE_PREFIX_PATH=${CMAKE_PREFIX_PATH}:/home/admin/Documents/ROS2/C4.1/install/demo_python_service:/opt/ros/humble /usr/bin/cmake --build /home/admin/Documents/ROS2/C4.1/build/chapt4_interfaces -- -j8 -l8
[0.885s] DEBUG:colcon.colcon_core.event_handler.log_command:Invoked command in '/home/admin/Documents/ROS2/C4.1/build/chapt4_interfaces' returned '0': CMAKE_PREFIX_PATH=${CMAKE_PREFIX_PATH}:/home/admin/Documents/ROS2/C4.1/install/demo_python_service:/opt/ros/humble /usr/bin/cmake --build /home/admin/Documents/ROS2/C4.1/build/chapt4_interfaces -- -j8 -l8
[0.896s] DEBUG:colcon.colcon_core.event_handler.log_command:Invoking command in '/home/admin/Documents/ROS2/C4.1/build/chapt4_interfaces': CMAKE_PREFIX_PATH=${CMAKE_PREFIX_PATH}:/home/admin/Documents/ROS2/C4.1/install/demo_python_service:/opt/ros/humble /usr/bin/cmake --install /home/admin/Documents/ROS2/C4.1/build/chapt4_interfaces
[0.969s] Level 1:colcon.colcon_core.environment:create_environment_scripts_only(chapt4_interfaces)
[0.975s] DEBUG:colcon.colcon_core.event_handler.log_command:Invoked command in '/home/admin/Documents/ROS2/C4.1/build/chapt4_interfaces' returned '0': CMAKE_PREFIX_PATH=${CMAKE_PREFIX_PATH}:/home/admin/Documents/ROS2/C4.1/install/demo_python_service:/opt/ros/humble /usr/bin/cmake --install /home/admin/Documents/ROS2/C4.1/build/chapt4_interfaces
[0.976s] Level 1:colcon.colcon_core.environment:checking '/home/admin/Documents/ROS2/C4.1/install/chapt4_interfaces' for CMake module files
[0.977s] Level 1:colcon.colcon_core.environment:checking '/home/admin/Documents/ROS2/C4.1/install/chapt4_interfaces' for CMake config files
[0.978s] Level 1:colcon.colcon_core.shell:create_environment_hook('chapt4_interfaces', 'cmake_prefix_path')
[0.979s] INFO:colcon.colcon_core.shell:Creating environment hook '/home/admin/Documents/ROS2/C4.1/install/chapt4_interfaces/share/chapt4_interfaces/hook/cmake_prefix_path.ps1'
[0.980s] INFO:colcon.colcon_core.shell:Creating environment descriptor '/home/admin/Documents/ROS2/C4.1/install/chapt4_interfaces/share/chapt4_interfaces/hook/cmake_prefix_path.dsv'
[0.980s] INFO:colcon.colcon_core.shell:Creating environment hook '/home/admin/Documents/ROS2/C4.1/install/chapt4_interfaces/share/chapt4_interfaces/hook/cmake_prefix_path.sh'
[0.981s] Level 1:colcon.colcon_core.environment:checking '/home/admin/Documents/ROS2/C4.1/install/chapt4_interfaces/lib'
[0.982s] Level 1:colcon.colcon_core.shell:create_environment_hook('chapt4_interfaces', 'ld_library_path_lib')
[0.982s] INFO:colcon.colcon_core.shell:Creating environment hook '/home/admin/Documents/ROS2/C4.1/install/chapt4_interfaces/share/chapt4_interfaces/hook/ld_library_path_lib.ps1'
[0.982s] INFO:colcon.colcon_core.shell:Creating environment descriptor '/home/admin/Documents/ROS2/C4.1/install/chapt4_interfaces/share/chapt4_interfaces/hook/ld_library_path_lib.dsv'
[0.983s] INFO:colcon.colcon_core.shell:Creating environment hook '/home/admin/Documents/ROS2/C4.1/install/chapt4_interfaces/share/chapt4_interfaces/hook/ld_library_path_lib.sh'
[0.983s] Level 1:colcon.colcon_core.environment:checking '/home/admin/Documents/ROS2/C4.1/install/chapt4_interfaces/bin'
[0.983s] Level 1:colcon.colcon_core.environment:checking '/home/admin/Documents/ROS2/C4.1/install/chapt4_interfaces/lib/pkgconfig/chapt4_interfaces.pc'
[0.984s] Level 1:colcon.colcon_core.environment:checking '/home/admin/Documents/ROS2/C4.1/install/chapt4_interfaces/lib/python3.10/site-packages'
[0.984s] Level 1:colcon.colcon_core.environment:checking '/home/admin/Documents/ROS2/C4.1/install/chapt4_interfaces/bin'
[0.984s] INFO:colcon.colcon_core.shell:Creating package script '/home/admin/Documents/ROS2/C4.1/install/chapt4_interfaces/share/chapt4_interfaces/package.ps1'
[0.985s] INFO:colcon.colcon_core.shell:Creating package descriptor '/home/admin/Documents/ROS2/C4.1/install/chapt4_interfaces/share/chapt4_interfaces/package.dsv'
[0.986s] INFO:colcon.colcon_core.shell:Creating package script '/home/admin/Documents/ROS2/C4.1/install/chapt4_interfaces/share/chapt4_interfaces/package.sh'
[0.987s] INFO:colcon.colcon_core.shell:Creating package script '/home/admin/Documents/ROS2/C4.1/install/chapt4_interfaces/share/chapt4_interfaces/package.bash'
[0.987s] INFO:colcon.colcon_core.shell:Creating package script '/home/admin/Documents/ROS2/C4.1/install/chapt4_interfaces/share/chapt4_interfaces/package.zsh'
[0.988s] Level 1:colcon.colcon_core.environment:create_file_with_runtime_dependencies(/home/admin/Documents/ROS2/C4.1/install/chapt4_interfaces/share/colcon-core/packages/chapt4_interfaces)
[0.989s] Level 1:colcon.colcon_core.environment:create_environment_scripts_only(chapt4_interfaces)
[0.989s] Level 1:colcon.colcon_core.environment:checking '/home/admin/Documents/ROS2/C4.1/install/chapt4_interfaces' for CMake module files
[0.990s] Level 1:colcon.colcon_core.environment:checking '/home/admin/Documents/ROS2/C4.1/install/chapt4_interfaces' for CMake config files
[0.991s] Level 1:colcon.colcon_core.shell:create_environment_hook('chapt4_interfaces', 'cmake_prefix_path')
[0.991s] INFO:colcon.colcon_core.shell:Creating environment hook '/home/admin/Documents/ROS2/C4.1/install/chapt4_interfaces/share/chapt4_interfaces/hook/cmake_prefix_path.ps1'
[0.991s] INFO:colcon.colcon_core.shell:Creating environment descriptor '/home/admin/Documents/ROS2/C4.1/install/chapt4_interfaces/share/chapt4_interfaces/hook/cmake_prefix_path.dsv'
[0.992s] INFO:colcon.colcon_core.shell:Creating environment hook '/home/admin/Documents/ROS2/C4.1/install/chapt4_interfaces/share/chapt4_interfaces/hook/cmake_prefix_path.sh'
[0.992s] Level 1:colcon.colcon_core.environment:checking '/home/admin/Documents/ROS2/C4.1/install/chapt4_interfaces/lib'
[0.992s] Level 1:colcon.colcon_core.shell:create_environment_hook('chapt4_interfaces', 'ld_library_path_lib')
[0.993s] INFO:colcon.colcon_core.shell:Creating environment hook '/home/admin/Documents/ROS2/C4.1/install/chapt4_interfaces/share/chapt4_interfaces/hook/ld_library_path_lib.ps1'
[0.993s] INFO:colcon.colcon_core.shell:Creating environment descriptor '/home/admin/Documents/ROS2/C4.1/install/chapt4_interfaces/share/chapt4_interfaces/hook/ld_library_path_lib.dsv'
[0.993s] INFO:colcon.colcon_core.shell:Creating environment hook '/home/admin/Documents/ROS2/C4.1/install/chapt4_interfaces/share/chapt4_interfaces/hook/ld_library_path_lib.sh'
[0.994s] Level 1:colcon.colcon_core.environment:checking '/home/admin/Documents/ROS2/C4.1/install/chapt4_interfaces/bin'
[0.994s] Level 1:colcon.colcon_core.environment:checking '/home/admin/Documents/ROS2/C4.1/install/chapt4_interfaces/lib/pkgconfig/chapt4_interfaces.pc'
[0.994s] Level 1:colcon.colcon_core.environment:checking '/home/admin/Documents/ROS2/C4.1/install/chapt4_interfaces/lib/python3.10/site-packages'
[0.995s] Level 1:colcon.colcon_core.environment:checking '/home/admin/Documents/ROS2/C4.1/install/chapt4_interfaces/bin'
[0.995s] INFO:colcon.colcon_core.shell:Creating package script '/home/admin/Documents/ROS2/C4.1/install/chapt4_interfaces/share/chapt4_interfaces/package.ps1'
[0.996s] INFO:colcon.colcon_core.shell:Creating package descriptor '/home/admin/Documents/ROS2/C4.1/install/chapt4_interfaces/share/chapt4_interfaces/package.dsv'
[0.996s] INFO:colcon.colcon_core.shell:Creating package script '/home/admin/Documents/ROS2/C4.1/install/chapt4_interfaces/share/chapt4_interfaces/package.sh'
[0.997s] INFO:colcon.colcon_core.shell:Creating package script '/home/admin/Documents/ROS2/C4.1/install/chapt4_interfaces/share/chapt4_interfaces/package.bash'
[0.998s] INFO:colcon.colcon_core.shell:Creating package script '/home/admin/Documents/ROS2/C4.1/install/chapt4_interfaces/share/chapt4_interfaces/package.zsh'
[0.998s] Level 1:colcon.colcon_core.environment:create_file_with_runtime_dependencies(/home/admin/Documents/ROS2/C4.1/install/chapt4_interfaces/share/colcon-core/packages/chapt4_interfaces)
[0.998s] INFO:colcon.colcon_ros.task.ament_cmake.build:Building ROS package in '/home/admin/Documents/ROS2/C4.1/src/demo_cpp_service' with build type 'ament_cmake'
[0.999s] INFO:colcon.colcon_cmake.task.cmake.build:Building CMake package in '/home/admin/Documents/ROS2/C4.1/src/demo_cpp_service'
[0.999s] INFO:colcon.colcon_core.shell:Skip shell extension 'powershell' for command environment: Not usable outside of PowerShell
[0.999s] DEBUG:colcon.colcon_core.shell:Skip shell extension 'dsv' for command environment
[1.003s] INFO:colcon.colcon_ros.task.ament_python.build:Building ROS package in '/home/admin/Documents/ROS2/C4.1/src/demo_python_service' with build type 'ament_python'
[1.003s] Level 1:colcon.colcon_core.shell:create_environment_hook('demo_python_service', 'ament_prefix_path')
[1.003s] INFO:colcon.colcon_core.shell:Creating environment hook '/home/admin/Documents/ROS2/C4.1/install/demo_python_service/share/demo_python_service/hook/ament_prefix_path.ps1'
[1.004s] INFO:colcon.colcon_core.shell:Creating environment descriptor '/home/admin/Documents/ROS2/C4.1/install/demo_python_service/share/demo_python_service/hook/ament_prefix_path.dsv'
[1.004s] INFO:colcon.colcon_core.shell:Creating environment hook '/home/admin/Documents/ROS2/C4.1/install/demo_python_service/share/demo_python_service/hook/ament_prefix_path.sh'
[1.005s] INFO:colcon.colcon_core.shell:Skip shell extension 'powershell' for command environment: Not usable outside of PowerShell
[1.005s] DEBUG:colcon.colcon_core.shell:Skip shell extension 'dsv' for command environment
[1.013s] DEBUG:colcon.colcon_core.event_handler.log_command:Invoking command in '/home/admin/Documents/ROS2/C4.1/build/demo_cpp_service': CMAKE_PREFIX_PATH=${CMAKE_PREFIX_PATH}:/home/admin/Documents/ROS2/C4.1/install/demo_python_service:/opt/ros/humble /usr/bin/cmake --build /home/admin/Documents/ROS2/C4.1/build/demo_cpp_service -- -j8 -l8
[1.339s] INFO:colcon.colcon_core.task.python.build:Building Python package in '/home/admin/Documents/ROS2/C4.1/src/demo_python_service'
[1.339s] INFO:colcon.colcon_core.shell:Skip shell extension 'powershell' for command environment: Not usable outside of PowerShell
[1.339s] DEBUG:colcon.colcon_core.shell:Skip shell extension 'dsv' for command environment
[1.351s] DEBUG:colcon.colcon_core.event_handler.log_command:Invoked command in '/home/admin/Documents/ROS2/C4.1/build/demo_cpp_service' returned '0': CMAKE_PREFIX_PATH=${CMAKE_PREFIX_PATH}:/home/admin/Documents/ROS2/C4.1/install/demo_python_service:/opt/ros/humble /usr/bin/cmake --build /home/admin/Documents/ROS2/C4.1/build/demo_cpp_service -- -j8 -l8
[1.353s] DEBUG:colcon.colcon_core.event_handler.log_command:Invoking command in '/home/admin/Documents/ROS2/C4.1/build/demo_cpp_service': CMAKE_PREFIX_PATH=${CMAKE_PREFIX_PATH}:/home/admin/Documents/ROS2/C4.1/install/demo_python_service:/opt/ros/humble /usr/bin/cmake --install /home/admin/Documents/ROS2/C4.1/build/demo_cpp_service
[1.366s] Level 1:colcon.colcon_core.environment:create_environment_scripts_only(demo_cpp_service)
[1.366s] Level 1:colcon.colcon_core.environment:checking '/home/admin/Documents/ROS2/C4.1/install/demo_cpp_service' for CMake module files
[1.367s] DEBUG:colcon.colcon_core.event_handler.log_command:Invoked command in '/home/admin/Documents/ROS2/C4.1/build/demo_cpp_service' returned '0': CMAKE_PREFIX_PATH=${CMAKE_PREFIX_PATH}:/home/admin/Documents/ROS2/C4.1/install/demo_python_service:/opt/ros/humble /usr/bin/cmake --install /home/admin/Documents/ROS2/C4.1/build/demo_cpp_service
[1.368s] Level 1:colcon.colcon_core.environment:checking '/home/admin/Documents/ROS2/C4.1/install/demo_cpp_service' for CMake config files
[1.368s] Level 1:colcon.colcon_core.shell:create_environment_hook('demo_cpp_service', 'cmake_prefix_path')
[1.369s] INFO:colcon.colcon_core.shell:Creating environment hook '/home/admin/Documents/ROS2/C4.1/install/demo_cpp_service/share/demo_cpp_service/hook/cmake_prefix_path.ps1'
[1.369s] INFO:colcon.colcon_core.shell:Creating environment descriptor '/home/admin/Documents/ROS2/C4.1/install/demo_cpp_service/share/demo_cpp_service/hook/cmake_prefix_path.dsv'
[1.370s] INFO:colcon.colcon_core.shell:Creating environment hook '/home/admin/Documents/ROS2/C4.1/install/demo_cpp_service/share/demo_cpp_service/hook/cmake_prefix_path.sh'
[1.371s] Level 1:colcon.colcon_core.environment:checking '/home/admin/Documents/ROS2/C4.1/install/demo_cpp_service/bin'
[1.371s] Level 1:colcon.colcon_core.environment:checking '/home/admin/Documents/ROS2/C4.1/install/demo_cpp_service/lib/pkgconfig/demo_cpp_service.pc'
[1.371s] Level 1:colcon.colcon_core.environment:checking '/home/admin/Documents/ROS2/C4.1/install/demo_cpp_service/lib/python3.10/site-packages'
[1.372s] Level 1:colcon.colcon_core.environment:checking '/home/admin/Documents/ROS2/C4.1/install/demo_cpp_service/bin'
[1.372s] INFO:colcon.colcon_core.shell:Creating package script '/home/admin/Documents/ROS2/C4.1/install/demo_cpp_service/share/demo_cpp_service/package.ps1'
[1.373s] INFO:colcon.colcon_core.shell:Creating package descriptor '/home/admin/Documents/ROS2/C4.1/install/demo_cpp_service/share/demo_cpp_service/package.dsv'
[1.374s] INFO:colcon.colcon_core.shell:Creating package script '/home/admin/Documents/ROS2/C4.1/install/demo_cpp_service/share/demo_cpp_service/package.sh'
[1.374s] INFO:colcon.colcon_core.shell:Creating package script '/home/admin/Documents/ROS2/C4.1/install/demo_cpp_service/share/demo_cpp_service/package.bash'
[1.375s] INFO:colcon.colcon_core.shell:Creating package script '/home/admin/Documents/ROS2/C4.1/install/demo_cpp_service/share/demo_cpp_service/package.zsh'
[1.376s] Level 1:colcon.colcon_core.environment:create_file_with_runtime_dependencies(/home/admin/Documents/ROS2/C4.1/install/demo_cpp_service/share/colcon-core/packages/demo_cpp_service)
[1.376s] Level 1:colcon.colcon_core.environment:create_environment_scripts_only(demo_cpp_service)
[1.377s] Level 1:colcon.colcon_core.environment:checking '/home/admin/Documents/ROS2/C4.1/install/demo_cpp_service' for CMake module files
[1.377s] Level 1:colcon.colcon_core.environment:checking '/home/admin/Documents/ROS2/C4.1/install/demo_cpp_service' for CMake config files
[1.378s] Level 1:colcon.colcon_core.shell:create_environment_hook('demo_cpp_service', 'cmake_prefix_path')
[1.378s] INFO:colcon.colcon_core.shell:Creating environment hook '/home/admin/Documents/ROS2/C4.1/install/demo_cpp_service/share/demo_cpp_service/hook/cmake_prefix_path.ps1'
[1.379s] INFO:colcon.colcon_core.shell:Creating environment descriptor '/home/admin/Documents/ROS2/C4.1/install/demo_cpp_service/share/demo_cpp_service/hook/cmake_prefix_path.dsv'
[1.379s] INFO:colcon.colcon_core.shell:Creating environment hook '/home/admin/Documents/ROS2/C4.1/install/demo_cpp_service/share/demo_cpp_service/hook/cmake_prefix_path.sh'
[1.380s] Level 1:colcon.colcon_core.environment:checking '/home/admin/Documents/ROS2/C4.1/install/demo_cpp_service/bin'
[1.380s] Level 1:colcon.colcon_core.environment:checking '/home/admin/Documents/ROS2/C4.1/install/demo_cpp_service/lib/pkgconfig/demo_cpp_service.pc'
[1.381s] Level 1:colcon.colcon_core.environment:checking '/home/admin/Documents/ROS2/C4.1/install/demo_cpp_service/lib/python3.10/site-packages'
[1.381s] Level 1:colcon.colcon_core.environment:checking '/home/admin/Documents/ROS2/C4.1/install/demo_cpp_service/bin'
[1.382s] INFO:colcon.colcon_core.shell:Creating package script '/home/admin/Documents/ROS2/C4.1/install/demo_cpp_service/share/demo_cpp_service/package.ps1'
[1.382s] INFO:colcon.colcon_core.shell:Creating package descriptor '/home/admin/Documents/ROS2/C4.1/install/demo_cpp_service/share/demo_cpp_service/package.dsv'
[1.383s] INFO:colcon.colcon_core.shell:Creating package script '/home/admin/Documents/ROS2/C4.1/install/demo_cpp_service/share/demo_cpp_service/package.sh'
[1.384s] INFO:colcon.colcon_core.shell:Creating package script '/home/admin/Documents/ROS2/C4.1/install/demo_cpp_service/share/demo_cpp_service/package.bash'
[1.385s] INFO:colcon.colcon_core.shell:Creating package script '/home/admin/Documents/ROS2/C4.1/install/demo_cpp_service/share/demo_cpp_service/package.zsh'
[1.385s] Level 1:colcon.colcon_core.environment:create_file_with_runtime_dependencies(/home/admin/Documents/ROS2/C4.1/install/demo_cpp_service/share/colcon-core/packages/demo_cpp_service)
[1.812s] DEBUG:colcon.colcon_core.event_handler.log_command:Invoking command in '/home/admin/Documents/ROS2/C4.1/src/demo_python_service': PYTHONPATH=/home/admin/Documents/ROS2/C4.1/build/demo_python_service/prefix_override:/usr/lib/python3/dist-packages/colcon_core/task/python/colcon_distutils_commands:/home/admin/Documents/ROS2/C4.1/install/demo_python_service/lib/python3.10/site-packages:${PYTHONPATH} /usr/bin/python3 -W ignore:setup.py install is deprecated -W ignore:easy_install command is deprecated setup.py egg_info --egg-base ../../build/demo_python_service build --build-base /home/admin/Documents/ROS2/C4.1/build/demo_python_service/build install --record /home/admin/Documents/ROS2/C4.1/build/demo_python_service/install.log --single-version-externally-managed install_data
[2.161s] Level 1:colcon.colcon_core.environment:checking '/home/admin/Documents/ROS2/C4.1/install/demo_python_service' for CMake module files
[2.163s] DEBUG:colcon.colcon_core.event_handler.log_command:Invoked command in '/home/admin/Documents/ROS2/C4.1/src/demo_python_service' returned '0': PYTHONPATH=/home/admin/Documents/ROS2/C4.1/build/demo_python_service/prefix_override:/usr/lib/python3/dist-packages/colcon_core/task/python/colcon_distutils_commands:/home/admin/Documents/ROS2/C4.1/install/demo_python_service/lib/python3.10/site-packages:${PYTHONPATH} /usr/bin/python3 -W ignore:setup.py install is deprecated -W ignore:easy_install command is deprecated setup.py egg_info --egg-base ../../build/demo_python_service build --build-base /home/admin/Documents/ROS2/C4.1/build/demo_python_service/build install --record /home/admin/Documents/ROS2/C4.1/build/demo_python_service/install.log --single-version-externally-managed install_data
[2.164s] Level 1:colcon.colcon_core.environment:checking '/home/admin/Documents/ROS2/C4.1/install/demo_python_service' for CMake config files
[2.164s] Level 1:colcon.colcon_core.environment:checking '/home/admin/Documents/ROS2/C4.1/install/demo_python_service/lib'
[2.164s] Level 1:colcon.colcon_core.environment:checking '/home/admin/Documents/ROS2/C4.1/install/demo_python_service/bin'
[2.165s] Level 1:colcon.colcon_core.environment:checking '/home/admin/Documents/ROS2/C4.1/install/demo_python_service/lib/pkgconfig/demo_python_service.pc'
[2.165s] Level 1:colcon.colcon_core.environment:checking '/home/admin/Documents/ROS2/C4.1/install/demo_python_service/lib/python3.10/site-packages'
[2.165s] Level 1:colcon.colcon_core.shell:create_environment_hook('demo_python_service', 'pythonpath')
[2.165s] INFO:colcon.colcon_core.shell:Creating environment hook '/home/admin/Documents/ROS2/C4.1/install/demo_python_service/share/demo_python_service/hook/pythonpath.ps1'
[2.166s] INFO:colcon.colcon_core.shell:Creating environment descriptor '/home/admin/Documents/ROS2/C4.1/install/demo_python_service/share/demo_python_service/hook/pythonpath.dsv'
[2.166s] INFO:colcon.colcon_core.shell:Creating environment hook '/home/admin/Documents/ROS2/C4.1/install/demo_python_service/share/demo_python_service/hook/pythonpath.sh'
[2.167s] Level 1:colcon.colcon_core.environment:checking '/home/admin/Documents/ROS2/C4.1/install/demo_python_service/bin'
[2.167s] Level 1:colcon.colcon_core.environment:create_environment_scripts_only(demo_python_service)
[2.168s] INFO:colcon.colcon_core.shell:Creating package script '/home/admin/Documents/ROS2/C4.1/install/demo_python_service/share/demo_python_service/package.ps1'
[2.168s] INFO:colcon.colcon_core.shell:Creating package descriptor '/home/admin/Documents/ROS2/C4.1/install/demo_python_service/share/demo_python_service/package.dsv'
[2.169s] INFO:colcon.colcon_core.shell:Creating package script '/home/admin/Documents/ROS2/C4.1/install/demo_python_service/share/demo_python_service/package.sh'
[2.169s] INFO:colcon.colcon_core.shell:Creating package script '/home/admin/Documents/ROS2/C4.1/install/demo_python_service/share/demo_python_service/package.bash'
[2.169s] INFO:colcon.colcon_core.shell:Creating package script '/home/admin/Documents/ROS2/C4.1/install/demo_python_service/share/demo_python_service/package.zsh'
[2.170s] Level 1:colcon.colcon_core.environment:create_file_with_runtime_dependencies(/home/admin/Documents/ROS2/C4.1/install/demo_python_service/share/colcon-core/packages/demo_python_service)
[2.170s] DEBUG:colcon.colcon_parallel_executor.executor.parallel:closing loop
[2.170s] DEBUG:colcon.colcon_parallel_executor.executor.parallel:loop closed
[2.171s] DEBUG:colcon.colcon_parallel_executor.executor.parallel:run_until_complete finished with '0'
[2.171s] DEBUG:colcon.colcon_core.event_reactor:joining thread
[2.176s] INFO:colcon.colcon_core.plugin_system:Skipping extension 'colcon_notification.desktop_notification.terminal_notifier': Not used on non-Darwin systems
[2.176s] INFO:colcon.colcon_core.plugin_system:Skipping extension 'colcon_notification.desktop_notification.win32': Not used on non-Windows systems
[2.176s] INFO:colcon.colcon_notification.desktop_notification:Sending desktop notification using 'notify2'
[2.188s] DEBUG:colcon.colcon_core.event_reactor:joined thread
[2.188s] INFO:colcon.colcon_core.shell:Creating prefix script '/home/admin/Documents/ROS2/C4.1/install/local_setup.ps1'
[2.189s] INFO:colcon.colcon_core.shell:Creating prefix util module '/home/admin/Documents/ROS2/C4.1/install/_local_setup_util_ps1.py'
[2.190s] INFO:colcon.colcon_core.shell:Creating prefix chain script '/home/admin/Documents/ROS2/C4.1/install/setup.ps1'
[2.192s] INFO:colcon.colcon_core.shell:Creating prefix script '/home/admin/Documents/ROS2/C4.1/install/local_setup.sh'
[2.192s] INFO:colcon.colcon_core.shell:Creating prefix util module '/home/admin/Documents/ROS2/C4.1/install/_local_setup_util_sh.py'
[2.193s] INFO:colcon.colcon_core.shell:Creating prefix chain script '/home/admin/Documents/ROS2/C4.1/install/setup.sh'
[2.194s] INFO:colcon.colcon_core.shell:Creating prefix script '/home/admin/Documents/ROS2/C4.1/install/local_setup.bash'
[2.194s] INFO:colcon.colcon_core.shell:Creating prefix chain script '/home/admin/Documents/ROS2/C4.1/install/setup.bash'
[2.195s] INFO:colcon.colcon_core.shell:Creating prefix script '/home/admin/Documents/ROS2/C4.1/install/local_setup.zsh'
[2.196s] INFO:colcon.colcon_core.shell:Creating prefix chain script '/home/admin/Documents/ROS2/C4.1/install/setup.zsh'
