[0.011s] Invoking command in '/home/admin/Documents/ROS2/C3_4/build/status_interfaces': CMAKE_PREFIX_PATH=/opt/ros/humble /usr/bin/cmake /home/admin/Documents/ROS2/C3_4/src/status_interfaces -DCMAKE_INSTALL_PREFIX=/home/admin/Documents/ROS2/C3_4/install/status_interfaces
[0.025s] -- Found ament_cmake: 1.3.11 (/opt/ros/humble/share/ament_cmake/cmake)
[0.160s] -- Found builtin_interfaces: 1.2.1 (/opt/ros/humble/share/builtin_interfaces/cmake)
[0.185s] -- Found rosidl_generator_c: 3.1.6 (/opt/ros/humble/share/rosidl_generator_c/cmake)
[0.188s] -- Found rosidl_adapter: 3.1.6 (/opt/ros/humble/share/rosidl_adapter/cmake)
[0.194s] -- Found rosidl_generator_cpp: 3.1.6 (/opt/ros/humble/share/rosidl_generator_cpp/cmake)
[0.204s] -- Using all available rosidl_typesupport_c: rosidl_typesupport_fastrtps_c;rosidl_typesupport_introspection_c
[0.220s] -- Using all available rosidl_typesupport_cpp: rosidl_typesupport_fastrtps_cpp;rosidl_typesupport_introspection_cpp
[0.233s] -- Found rosidl_default_generators: 1.2.0 (/opt/ros/humble/share/rosidl_default_generators/cmake)
[0.364s] [31mCMake Error at /opt/ros/humble/share/rosidl_adapter/cmake/rosidl_adapt_interfaces.cmake:59 (message):
[0.364s]   execute_process(/usr/bin/python3 -m rosidl_adapter --package-name
[0.364s]   status_interfaces --arguments-file
[0.364s]   /home/admin/Documents/ROS2/C3_4/build/status_interfaces/rosidl_adapter__arguments__status_interfaces.json
[0.364s]   --output-dir
[0.364s]   /home/admin/Documents/ROS2/C3_4/build/status_interfaces/rosidl_adapter/status_interfaces
[0.364s]   --output-file
[0.364s]   /home/admin/Documents/ROS2/C3_4/build/status_interfaces/rosidl_adapter/status_interfaces.idls)
[0.364s]   returned error code 1:
[0.364s] 
[0.364s]   Error with: status_interfaces SystemStatus builtin_interfaces/Time
[0.364s] 
[0.365s]   Traceback (most recent call last):
[0.365s] 
[0.365s]     File "/usr/lib/python3.10/runpy.py", line 196, in _run_module_as_main
[0.365s]       return _run_code(code, main_globals, None,
[0.365s]     File "/usr/lib/python3.10/runpy.py", line 86, in _run_code
[0.365s]       exec(code, run_globals)
[0.365s]     File "/opt/ros/humble/local/lib/python3.10/dist-packages/rosidl_adapter/__main__.py", line 19, in <module>
[0.365s]       sys.exit(main())
[0.365s]     File "/opt/ros/humble/local/lib/python3.10/dist-packages/rosidl_adapter/main.py", line 53, in main
[0.365s]       abs_idl_file = convert_to_idl(
[0.365s]     File "/opt/ros/humble/local/lib/python3.10/dist-packages/rosidl_adapter/__init__.py", line 19, in convert_to_idl
[0.365s]       return convert_msg_to_idl(
[0.365s]     File "/opt/ros/humble/local/lib/python3.10/dist-packages/rosidl_adapter/msg/__init__.py", line 28, in convert_msg_to_idl
[0.365s]       msg = parse_message_string(package_name, input_file.stem, content)
[0.366s]     File "/opt/ros/humble/local/lib/python3.10/dist-packages/rosidl_adapter/parser.py", line 510, in parse_message_string
[0.366s]       raise InvalidFieldDefinition(line)
[0.366s] 
[0.366s]   rosidl_adapter.parser.InvalidFieldDefinition: builtin_interfaces/Time
[0.366s] 
[0.366s] Call Stack (most recent call first):
[0.366s]   /opt/ros/humble/share/rosidl_cmake/cmake/rosidl_generate_interfaces.cmake:130 (rosidl_adapt_interfaces)
[0.366s]   CMakeLists.txt:13 (rosidl_generate_interfaces)
[0.366s] 
[0.366s] [0m
[0.366s] -- Configuring incomplete, errors occurred!
[0.366s] See also "/home/admin/Documents/ROS2/C3_4/build/status_interfaces/CMakeFiles/CMakeOutput.log".
[0.371s] Invoked command in '/home/admin/Documents/ROS2/C3_4/build/status_interfaces' returned '1': CMAKE_PREFIX_PATH=/opt/ros/humble /usr/bin/cmake /home/admin/Documents/ROS2/C3_4/src/status_interfaces -DCMAKE_INSTALL_PREFIX=/home/admin/Documents/ROS2/C3_4/install/status_interfaces
