[0.027s] Invoking command in '/home/admin/Documents/ROS2/build/demo_cpp': CMAKE_PREFIX_PATH=${CMAKE_PREFIX_PATH}:/home/admin/Documents/ROS2/C2_2/install/demo_python_pkg:/opt/ros/humble /usr/bin/cmake /home/admin/Documents/ROS2/C2_2/demo_cpp -DCMAKE_INSTALL_PREFIX=/home/admin/Documents/ROS2/install/demo_cpp
[0.336s] -- The C compiler identification is GNU 11.4.0
[0.336s] -- The CXX compiler identification is GNU 11.4.0
[0.337s] -- Detecting C compiler ABI info
[0.338s] -- Detecting C compiler ABI info - done
[0.339s] -- Check for working C compiler: /usr/bin/cc - skipped
[0.339s] -- Detecting C compile features
[0.340s] -- Detecting C compile features - done
[0.340s] -- Detecting CXX compiler ABI info
[0.346s] -- Detecting CXX compiler ABI info - done
[0.359s] -- Check for working CXX compiler: /usr/bin/c++ - skipped
[0.359s] -- Detecting CXX compile features
[0.360s] -- Detecting CXX compile features - done
[0.363s] -- Found ament_cmake: 1.3.11 (/opt/ros/humble/share/ament_cmake/cmake)
[0.586s] -- Found Python3: /usr/bin/python3 (found version "3.10.12") found components: Interpreter 
[0.693s] -- Found rclcpp: 16.0.11 (/opt/ros/humble/share/rclcpp/cmake)
[0.738s] -- Found rosidl_generator_c: 3.1.6 (/opt/ros/humble/share/rosidl_generator_c/cmake)
[0.743s] -- Found rosidl_adapter: 3.1.6 (/opt/ros/humble/share/rosidl_adapter/cmake)
[0.757s] -- Found rosidl_generator_cpp: 3.1.6 (/opt/ros/humble/share/rosidl_generator_cpp/cmake)
[0.774s] -- Using all available rosidl_typesupport_c: rosidl_typesupport_fastrtps_c;rosidl_typesupport_introspection_c
[0.792s] -- Using all available rosidl_typesupport_cpp: rosidl_typesupport_fastrtps_cpp;rosidl_typesupport_introspection_cpp
[0.847s] -- Found rmw_implementation_cmake: 6.1.2 (/opt/ros/humble/share/rmw_implementation_cmake/cmake)
[0.849s] -- Found rmw_fastrtps_cpp: 6.2.7 (/opt/ros/humble/share/rmw_fastrtps_cpp/cmake)
[0.934s] -- Found OpenSSL: /usr/lib/x86_64-linux-gnu/libcrypto.so (found version "3.0.2")  
[0.974s] -- Found FastRTPS: /opt/ros/humble/include  
[1.026s] -- Using RMW implementation 'rmw_fastrtps_cpp' as default
[1.038s] -- Looking for pthread.h
[1.120s] -- Looking for pthread.h - found
[1.120s] -- Performing Test CMAKE_HAVE_LIBC_PTHREAD
[1.204s] -- Performing Test CMAKE_HAVE_LIBC_PTHREAD - Success
[1.206s] -- Found Threads: TRUE  
[1.291s] -- Found ament_lint_auto: 0.12.11 (/opt/ros/humble/share/ament_lint_auto/cmake)
[1.393s] -- Added test 'cppcheck' to perform static code analysis on C / C++ code
[1.393s] -- Configured cppcheck include dirs: 
[1.393s] -- Configured cppcheck exclude dirs and/or files: 
[1.395s] -- Added test 'lint_cmake' to check CMake code style
[1.400s] -- Added test 'uncrustify' to check C / C++ code style
[1.400s] -- Configured uncrustify additional arguments: 
[1.401s] -- Added test 'xmllint' to check XML markup files
[1.403s] -- Configuring done
[1.415s] -- Generating done
[1.420s] -- Build files have been written to: /home/admin/Documents/ROS2/build/demo_cpp
