In file included from [01m[K/home/admin/Documents/ROS2/C4.1/build/chapt4_interfaces/rosidl_generator_c/chapt4_interfaces/srv/detail/face_detector__functions.h:19[m[K,
                 from [01m[K/home/admin/Documents/ROS2/C4.1/build/chapt4_interfaces/rosidl_generator_c/chapt4_interfaces/srv/detail/face_detector__functions.c:4[m[K:
[01m[K/home/admin/Documents/ROS2/C4.1/build/chapt4_interfaces/rosidl_generator_c/chapt4_interfaces/srv/detail/face_detector__struct.h:22:10:[m[K [01;31m[Kfatal error: [m[Ksensor_msg/msg/detail/image__struct.h: No such file or directory
   22 | #include [01;31m[K"sensor_msg/msg/detail/image__struct.h"[m[K
      |          [01;31m[K^~~~~~~~~~~~~~~~~~~~~~~~~~~~~~~~~~~~~~~[m[K
compilation terminated.
gmake[2]: *** [CMakeFiles/chapt4_interfaces__rosidl_generator_c.dir/build.make:195: CMakeFiles/chapt4_interfaces__rosidl_generator_c.dir/rosidl_generator_c/chapt4_interfaces/srv/detail/face_detector__functions.c.o] Error 1
gmake[1]: *** [CMakeFiles/Makefile2:213: CMakeFiles/chapt4_interfaces__rosidl_generator_c.dir/all] Error 2
gmake[1]: *** Waiting for unfinished jobs....
In file included from [01m[K/home/admin/Documents/ROS2/C4.1/build/chapt4_interfaces/rosidl_typesupport_cpp/chapt4_interfaces/srv/face_detector__type_support.cpp:7[m[K:
[01m[K/home/admin/Documents/ROS2/C4.1/build/chapt4_interfaces/rosidl_generator_cpp/chapt4_interfaces/srv/detail/face_detector__struct.hpp:20:10:[m[K [01;31m[Kfatal error: [m[Ksensor_msg/msg/detail/image__struct.hpp: No such file or directory
   20 | #include [01;31m[K"sensor_msg/msg/detail/image__struct.hpp"[m[K
      |          [01;31m[K^~~~~~~~~~~~~~~~~~~~~~~~~~~~~~~~~~~~~~~~~[m[K
compilation terminated.
gmake[2]: *** [CMakeFiles/chapt4_interfaces__rosidl_typesupport_cpp.dir/build.make:176: CMakeFiles/chapt4_interfaces__rosidl_typesupport_cpp.dir/rosidl_typesupport_cpp/chapt4_interfaces/srv/face_detector__type_support.cpp.o] Error 1
gmake[1]: *** [CMakeFiles/Makefile2:395: CMakeFiles/chapt4_interfaces__rosidl_typesupport_cpp.dir/all] Error 2
In file included from [01m[K/home/admin/Documents/ROS2/C4.1/build/chapt4_interfaces/rosidl_typesupport_introspection_cpp/chapt4_interfaces/srv/detail/face_detector__type_support.cpp:12[m[K:
[01m[K/home/admin/Documents/ROS2/C4.1/build/chapt4_interfaces/rosidl_generator_cpp/chapt4_interfaces/srv/detail/face_detector__struct.hpp:20:10:[m[K [01;31m[Kfatal error: [m[Ksensor_msg/msg/detail/image__struct.hpp: No such file or directory
   20 | #include [01;31m[K"sensor_msg/msg/detail/image__struct.hpp"[m[K
      |          [01;31m[K^~~~~~~~~~~~~~~~~~~~~~~~~~~~~~~~~~~~~~~~~[m[K
compilation terminated.
gmake[2]: *** [CMakeFiles/chapt4_interfaces__rosidl_typesupport_introspection_cpp.dir/build.make:181: CMakeFiles/chapt4_interfaces__rosidl_typesupport_introspection_cpp.dir/rosidl_typesupport_introspection_cpp/chapt4_interfaces/srv/detail/face_detector__type_support.cpp.o] Error 1
gmake[1]: *** [CMakeFiles/Makefile2:369: CMakeFiles/chapt4_interfaces__rosidl_typesupport_introspection_cpp.dir/all] Error 2
In file included from [01m[K/home/admin/Documents/ROS2/C4.1/build/chapt4_interfaces/rosidl_typesupport_fastrtps_cpp/chapt4_interfaces/srv/detail/face_detector__rosidl_typesupport_fastrtps_cpp.hpp:11[m[K,
                 from [01m[K/home/admin/Documents/ROS2/C4.1/build/chapt4_interfaces/rosidl_typesupport_fastrtps_cpp/chapt4_interfaces/srv/detail/dds_fastrtps/face_detector__type_support.cpp:4[m[K:
[01m[K/home/admin/Documents/ROS2/C4.1/build/chapt4_interfaces/rosidl_generator_cpp/chapt4_interfaces/srv/detail/face_detector__struct.hpp:20:10:[m[K [01;31m[Kfatal error: [m[Ksensor_msg/msg/detail/image__struct.hpp: No such file or directory
   20 | #include [01;31m[K"sensor_msg/msg/detail/image__struct.hpp"[m[K
      |          [01;31m[K^~~~~~~~~~~~~~~~~~~~~~~~~~~~~~~~~~~~~~~~~[m[K
compilation terminated.
gmake[2]: *** [CMakeFiles/chapt4_interfaces__rosidl_typesupport_fastrtps_cpp.dir/build.make:181: CMakeFiles/chapt4_interfaces__rosidl_typesupport_fastrtps_cpp.dir/rosidl_typesupport_fastrtps_cpp/chapt4_interfaces/srv/detail/dds_fastrtps/face_detector__type_support.cpp.o] Error 1
gmake[1]: *** [CMakeFiles/Makefile2:291: CMakeFiles/chapt4_interfaces__rosidl_typesupport_fastrtps_cpp.dir/all] Error 2
gmake: *** [Makefile:146: all] Error 2
