[0.020s] Invoking command in '/home/admin/Documents/ROS2/C3_1/build/demo_cpp_topic': CMAKE_PREFIX_PATH=/home/admin/Documents/ROS2/C3_1/install/demo_python_topic:/opt/ros/humble /usr/bin/cmake --build /home/admin/Documents/ROS2/C3_1/build/demo_cpp_topic -- -j8 -l8
[0.052s] -- Found ament_cmake: 1.3.11 (/opt/ros/humble/share/ament_cmake/cmake)
[0.193s] -- Found rclcpp: 16.0.11 (/opt/ros/humble/share/rclcpp/cmake)
[0.227s] -- Found rosidl_generator_c: 3.1.6 (/opt/ros/humble/share/rosidl_generator_c/cmake)
[0.231s] -- Found rosidl_adapter: 3.1.6 (/opt/ros/humble/share/rosidl_adapter/cmake)
[0.237s] -- Found rosidl_generator_cpp: 3.1.6 (/opt/ros/humble/share/rosidl_generator_cpp/cmake)
[0.247s] -- Using all available rosidl_typesupport_c: rosidl_typesupport_fastrtps_c;rosidl_typesupport_introspection_c
[0.260s] -- Using all available rosidl_typesupport_cpp: rosidl_typesupport_fastrtps_cpp;rosidl_typesupport_introspection_cpp
[0.294s] -- Found rmw_implementation_cmake: 6.1.2 (/opt/ros/humble/share/rmw_implementation_cmake/cmake)
[0.296s] -- Found rmw_fastrtps_cpp: 6.2.7 (/opt/ros/humble/share/rmw_fastrtps_cpp/cmake)
[0.407s] -- Using RMW implementation 'rmw_fastrtps_cpp' as default
[0.487s] -- Found geometry_msgs: 4.2.4 (/opt/ros/humble/share/geometry_msgs/cmake)
[0.505s] -- Found turtlesim: 1.4.2 (/opt/ros/humble/share/turtlesim/cmake)
[0.554s] -- Found ament_lint_auto: 0.12.11 (/opt/ros/humble/share/ament_lint_auto/cmake)
[0.629s] -- Added test 'cppcheck' to perform static code analysis on C / C++ code
[0.629s] -- Configured cppcheck include dirs: 
[0.629s] -- Configured cppcheck exclude dirs and/or files: 
[0.629s] -- Added test 'lint_cmake' to check CMake code style
[0.630s] -- Added test 'uncrustify' to check C / C++ code style
[0.630s] -- Configured uncrustify additional arguments: 
[0.631s] -- Added test 'xmllint' to check XML markup files
[0.632s] -- Configuring done
[0.645s] -- Generating done
[0.649s] -- Build files have been written to: /home/admin/Documents/ROS2/C3_1/build/demo_cpp_topic
[0.686s] [ 50%] [32mBuilding CXX object CMakeFiles/turtle_circle.dir/src/turtle_circle.cpp.o[0m
[5.350s] [100%] [32m[1mLinking CXX executable turtle_circle[0m
[5.577s] [100%] Built target turtle_circle
[5.588s] Invoked command in '/home/admin/Documents/ROS2/C3_1/build/demo_cpp_topic' returned '0': CMAKE_PREFIX_PATH=/home/admin/Documents/ROS2/C3_1/install/demo_python_topic:/opt/ros/humble /usr/bin/cmake --build /home/admin/Documents/ROS2/C3_1/build/demo_cpp_topic -- -j8 -l8
[5.597s] Invoking command in '/home/admin/Documents/ROS2/C3_1/build/demo_cpp_topic': CMAKE_PREFIX_PATH=/home/admin/Documents/ROS2/C3_1/install/demo_python_topic:/opt/ros/humble /usr/bin/cmake --install /home/admin/Documents/ROS2/C3_1/build/demo_cpp_topic
[5.604s] -- Install configuration: ""
[5.604s] -- Installing: /home/admin/Documents/ROS2/C3_1/install/demo_cpp_topic/lib/demo_cpp_topic/turtle_circle
[5.606s] -- Set runtime path of "/home/admin/Documents/ROS2/C3_1/install/demo_cpp_topic/lib/demo_cpp_topic/turtle_circle" to ""
[5.606s] -- Up-to-date: /home/admin/Documents/ROS2/C3_1/install/demo_cpp_topic/share/ament_index/resource_index/package_run_dependencies/demo_cpp_topic
[5.606s] -- Up-to-date: /home/admin/Documents/ROS2/C3_1/install/demo_cpp_topic/share/ament_index/resource_index/parent_prefix_path/demo_cpp_topic
[5.606s] -- Up-to-date: /home/admin/Documents/ROS2/C3_1/install/demo_cpp_topic/share/demo_cpp_topic/environment/ament_prefix_path.sh
[5.606s] -- Installing: /home/admin/Documents/ROS2/C3_1/install/demo_cpp_topic/share/demo_cpp_topic/environment/ament_prefix_path.dsv
[5.606s] -- Up-to-date: /home/admin/Documents/ROS2/C3_1/install/demo_cpp_topic/share/demo_cpp_topic/environment/path.sh
[5.607s] -- Installing: /home/admin/Documents/ROS2/C3_1/install/demo_cpp_topic/share/demo_cpp_topic/environment/path.dsv
[5.607s] -- Up-to-date: /home/admin/Documents/ROS2/C3_1/install/demo_cpp_topic/share/demo_cpp_topic/local_setup.bash
[5.607s] -- Up-to-date: /home/admin/Documents/ROS2/C3_1/install/demo_cpp_topic/share/demo_cpp_topic/local_setup.sh
[5.607s] -- Up-to-date: /home/admin/Documents/ROS2/C3_1/install/demo_cpp_topic/share/demo_cpp_topic/local_setup.zsh
[5.607s] -- Installing: /home/admin/Documents/ROS2/C3_1/install/demo_cpp_topic/share/demo_cpp_topic/local_setup.dsv
[5.607s] -- Installing: /home/admin/Documents/ROS2/C3_1/install/demo_cpp_topic/share/demo_cpp_topic/package.dsv
[5.607s] -- Up-to-date: /home/admin/Documents/ROS2/C3_1/install/demo_cpp_topic/share/ament_index/resource_index/packages/demo_cpp_topic
[5.607s] -- Up-to-date: /home/admin/Documents/ROS2/C3_1/install/demo_cpp_topic/share/demo_cpp_topic/cmake/demo_cpp_topicConfig.cmake
[5.608s] -- Up-to-date: /home/admin/Documents/ROS2/C3_1/install/demo_cpp_topic/share/demo_cpp_topic/cmake/demo_cpp_topicConfig-version.cmake
[5.608s] -- Up-to-date: /home/admin/Documents/ROS2/C3_1/install/demo_cpp_topic/share/demo_cpp_topic/package.xml
[5.609s] Invoked command in '/home/admin/Documents/ROS2/C3_1/build/demo_cpp_topic' returned '0': CMAKE_PREFIX_PATH=/home/admin/Documents/ROS2/C3_1/install/demo_python_topic:/opt/ros/humble /usr/bin/cmake --install /home/admin/Documents/ROS2/C3_1/build/demo_cpp_topic
