[0.760s] Invoking command in '/home/admin/Documents/ROS2/C4.1/src/demo_python_service': PYTHONPATH=/home/admin/Documents/ROS2/C4.1/build/demo_python_service/prefix_override:/usr/lib/python3/dist-packages/colcon_core/task/python/colcon_distutils_commands:/home/admin/Documents/ROS2/C4.1/install/demo_python_service/lib/python3.10/site-packages:${PYTHONPATH} /usr/bin/python3 -W ignore:setup.py install is deprecated -W ignore:easy_install command is deprecated setup.py egg_info --egg-base ../../build/demo_python_service build --build-base /home/admin/Documents/ROS2/C4.1/build/demo_python_service/build install --record /home/admin/Documents/ROS2/C4.1/build/demo_python_service/install.log --single-version-externally-managed install_data
[1.046s] running egg_info
[1.046s] writing ../../build/demo_python_service/demo_python_service.egg-info/PKG-INFO
[1.046s] writing dependency_links to ../../build/demo_python_service/demo_python_service.egg-info/dependency_links.txt
[1.047s] writing entry points to ../../build/demo_python_service/demo_python_service.egg-info/entry_points.txt
[1.047s] writing requirements to ../../build/demo_python_service/demo_python_service.egg-info/requires.txt
[1.047s] writing top-level names to ../../build/demo_python_service/demo_python_service.egg-info/top_level.txt
[1.050s] reading manifest file '../../build/demo_python_service/demo_python_service.egg-info/SOURCES.txt'
[1.050s] adding license file 'LICENSE'
[1.051s] writing manifest file '../../build/demo_python_service/demo_python_service.egg-info/SOURCES.txt'
[1.052s] running build
[1.052s] running build_py
[1.052s] copying demo_python_service/learn_face_detect.py -> /home/admin/Documents/ROS2/C4.1/build/demo_python_service/build/lib/demo_python_service
[1.052s] running install
[1.053s] running install_lib
[1.054s] copying /home/admin/Documents/ROS2/C4.1/build/demo_python_service/build/lib/demo_python_service/learn_face_detect.py -> /home/admin/Documents/ROS2/C4.1/install/demo_python_service/lib/python3.10/site-packages/demo_python_service
[1.055s] byte-compiling /home/admin/Documents/ROS2/C4.1/install/demo_python_service/lib/python3.10/site-packages/demo_python_service/learn_face_detect.py to learn_face_detect.cpython-310.pyc
[1.055s] running install_data
[1.056s] running install_egg_info
[1.058s] removing '/home/admin/Documents/ROS2/C4.1/install/demo_python_service/lib/python3.10/site-packages/demo_python_service-0.0.0-py3.10.egg-info' (and everything under it)
[1.059s] Copying ../../build/demo_python_service/demo_python_service.egg-info to /home/admin/Documents/ROS2/C4.1/install/demo_python_service/lib/python3.10/site-packages/demo_python_service-0.0.0-py3.10.egg-info
[1.060s] running install_scripts
[1.090s] Installing learn_face_detect script to /home/admin/Documents/ROS2/C4.1/install/demo_python_service/lib/demo_python_service
[1.092s] writing list of installed files to '/home/admin/Documents/ROS2/C4.1/build/demo_python_service/install.log'
[1.125s] Invoked command in '/home/admin/Documents/ROS2/C4.1/src/demo_python_service' returned '0': PYTHONPATH=/home/admin/Documents/ROS2/C4.1/build/demo_python_service/prefix_override:/usr/lib/python3/dist-packages/colcon_core/task/python/colcon_distutils_commands:/home/admin/Documents/ROS2/C4.1/install/demo_python_service/lib/python3.10/site-packages:${PYTHONPATH} /usr/bin/python3 -W ignore:setup.py install is deprecated -W ignore:easy_install command is deprecated setup.py egg_info --egg-base ../../build/demo_python_service build --build-base /home/admin/Documents/ROS2/C4.1/build/demo_python_service/build install --record /home/admin/Documents/ROS2/C4.1/build/demo_python_service/install.log --single-version-externally-managed install_data
