[0.739s] Invoking command in '/home/admin/Documents/ROS2/C5_1/src/demo_python_tf': PYTHONPATH=/home/admin/Documents/ROS2/C5_1/build/demo_python_tf/prefix_override:/usr/lib/python3/dist-packages/colcon_core/task/python/colcon_distutils_commands:/home/admin/Documents/ROS2/C5_1/install/demo_python_tf/lib/python3.10/site-packages:${PYTHONPATH} /usr/bin/python3 -W ignore:setup.py install is deprecated -W ignore:easy_install command is deprecated setup.py egg_info --egg-base ../../build/demo_python_tf build --build-base /home/admin/Documents/ROS2/C5_1/build/demo_python_tf/build install --record /home/admin/Documents/ROS2/C5_1/build/demo_python_tf/install.log --single-version-externally-managed install_data
[1.005s] running egg_info
[1.005s] writing ../../build/demo_python_tf/demo_python_tf.egg-info/PKG-INFO
[1.006s] writing dependency_links to ../../build/demo_python_tf/demo_python_tf.egg-info/dependency_links.txt
[1.006s] writing entry points to ../../build/demo_python_tf/demo_python_tf.egg-info/entry_points.txt
[1.006s] writing requirements to ../../build/demo_python_tf/demo_python_tf.egg-info/requires.txt
[1.006s] writing top-level names to ../../build/demo_python_tf/demo_python_tf.egg-info/top_level.txt
[1.008s] reading manifest file '../../build/demo_python_tf/demo_python_tf.egg-info/SOURCES.txt'
[1.008s] adding license file 'LICENSE'
[1.009s] writing manifest file '../../build/demo_python_tf/demo_python_tf.egg-info/SOURCES.txt'
[1.009s] running build
[1.009s] running build_py
[1.009s] copying demo_python_tf/dynamic_tf_boardcaster.py -> /home/admin/Documents/ROS2/C5_1/build/demo_python_tf/build/lib/demo_python_tf
[1.010s] running install
[1.010s] running install_lib
[1.010s] copying /home/admin/Documents/ROS2/C5_1/build/demo_python_tf/build/lib/demo_python_tf/dynamic_tf_boardcaster.py -> /home/admin/Documents/ROS2/C5_1/install/demo_python_tf/lib/python3.10/site-packages/demo_python_tf
[1.011s] byte-compiling /home/admin/Documents/ROS2/C5_1/install/demo_python_tf/lib/python3.10/site-packages/demo_python_tf/dynamic_tf_boardcaster.py to dynamic_tf_boardcaster.cpython-310.pyc
[1.012s] running install_data
[1.012s] running install_egg_info
[1.014s] removing '/home/admin/Documents/ROS2/C5_1/install/demo_python_tf/lib/python3.10/site-packages/demo_python_tf-0.0.0-py3.10.egg-info' (and everything under it)
[1.014s] Copying ../../build/demo_python_tf/demo_python_tf.egg-info to /home/admin/Documents/ROS2/C5_1/install/demo_python_tf/lib/python3.10/site-packages/demo_python_tf-0.0.0-py3.10.egg-info
[1.014s] running install_scripts
[1.044s] Installing dynamic_tf_broadcaster script to /home/admin/Documents/ROS2/C5_1/install/demo_python_tf/lib/demo_python_tf
[1.044s] Installing static_tf_broadcaster script to /home/admin/Documents/ROS2/C5_1/install/demo_python_tf/lib/demo_python_tf
[1.045s] writing list of installed files to '/home/admin/Documents/ROS2/C5_1/build/demo_python_tf/install.log'
[1.070s] Invoked command in '/home/admin/Documents/ROS2/C5_1/src/demo_python_tf' returned '0': PYTHONPATH=/home/admin/Documents/ROS2/C5_1/build/demo_python_tf/prefix_override:/usr/lib/python3/dist-packages/colcon_core/task/python/colcon_distutils_commands:/home/admin/Documents/ROS2/C5_1/install/demo_python_tf/lib/python3.10/site-packages:${PYTHONPATH} /usr/bin/python3 -W ignore:setup.py install is deprecated -W ignore:easy_install command is deprecated setup.py egg_info --egg-base ../../build/demo_python_tf build --build-base /home/admin/Documents/ROS2/C5_1/build/demo_python_tf/build install --record /home/admin/Documents/ROS2/C5_1/build/demo_python_tf/install.log --single-version-externally-managed install_data
