[0.760s] Invoking command in '/home/admin/Documents/ROS2/C4.1/src/demo_python_service': AMENT_PREFIX_PATH=/home/admin/Documents/ROS2/C4.1/install/chapt4_interfaces:${AMENT_PREFIX_PATH} CMAKE_PREFIX_PATH=/home/admin/Documents/ROS2/C4.1/install/chapt4_interfaces LD_LIBRARY_PATH=/home/admin/Documents/ROS2/C4.1/install/chapt4_interfaces/lib:${LD_LIBRARY_PATH} PYTHONPATH=/home/admin/Documents/ROS2/C4.1/build/demo_python_service/prefix_override:/usr/lib/python3/dist-packages/colcon_core/task/python/colcon_distutils_commands:/home/admin/Documents/ROS2/C4.1/install/demo_python_service/lib/python3.10/site-packages:/home/admin/Documents/ROS2/C4.1/install/chapt4_interfaces/local/lib/python3.10/dist-packages:${PYTHONPATH} /usr/bin/python3 -W ignore:setup.py install is deprecated -W ignore:easy_install command is deprecated setup.py egg_info --egg-base ../../build/demo_python_service build --build-base /home/admin/Documents/ROS2/C4.1/build/demo_python_service/build install --record /home/admin/Documents/ROS2/C4.1/build/demo_python_service/install.log --single-version-externally-managed install_data
[1.048s] running egg_info
[1.049s] writing ../../build/demo_python_service/demo_python_service.egg-info/PKG-INFO
[1.049s] writing dependency_links to ../../build/demo_python_service/demo_python_service.egg-info/dependency_links.txt
[1.049s] writing entry points to ../../build/demo_python_service/demo_python_service.egg-info/entry_points.txt
[1.049s] writing requirements to ../../build/demo_python_service/demo_python_service.egg-info/requires.txt
[1.049s] writing top-level names to ../../build/demo_python_service/demo_python_service.egg-info/top_level.txt
[1.052s] reading manifest file '../../build/demo_python_service/demo_python_service.egg-info/SOURCES.txt'
[1.053s] adding license file 'LICENSE'
[1.054s] writing manifest file '../../build/demo_python_service/demo_python_service.egg-info/SOURCES.txt'
[1.054s] running build
[1.054s] running build_py
[1.055s] running install
[1.055s] running install_lib
[1.057s] running install_data
[1.057s] running install_egg_info
[1.059s] removing '/home/admin/Documents/ROS2/C4.1/install/demo_python_service/lib/python3.10/site-packages/demo_python_service-0.0.0-py3.10.egg-info' (and everything under it)
[1.060s] Copying ../../build/demo_python_service/demo_python_service.egg-info to /home/admin/Documents/ROS2/C4.1/install/demo_python_service/lib/python3.10/site-packages/demo_python_service-0.0.0-py3.10.egg-info
[1.061s] running install_scripts
[1.083s] Installing face_detect_client_node script to /home/admin/Documents/ROS2/C4.1/install/demo_python_service/lib/demo_python_service
[1.084s] Installing face_detect_node script to /home/admin/Documents/ROS2/C4.1/install/demo_python_service/lib/demo_python_service
[1.085s] Installing learn_face_detect script to /home/admin/Documents/ROS2/C4.1/install/demo_python_service/lib/demo_python_service
[1.085s] writing list of installed files to '/home/admin/Documents/ROS2/C4.1/build/demo_python_service/install.log'
[1.115s] Invoked command in '/home/admin/Documents/ROS2/C4.1/src/demo_python_service' returned '0': AMENT_PREFIX_PATH=/home/admin/Documents/ROS2/C4.1/install/chapt4_interfaces:${AMENT_PREFIX_PATH} CMAKE_PREFIX_PATH=/home/admin/Documents/ROS2/C4.1/install/chapt4_interfaces LD_LIBRARY_PATH=/home/admin/Documents/ROS2/C4.1/install/chapt4_interfaces/lib:${LD_LIBRARY_PATH} PYTHONPATH=/home/admin/Documents/ROS2/C4.1/build/demo_python_service/prefix_override:/usr/lib/python3/dist-packages/colcon_core/task/python/colcon_distutils_commands:/home/admin/Documents/ROS2/C4.1/install/demo_python_service/lib/python3.10/site-packages:/home/admin/Documents/ROS2/C4.1/install/chapt4_interfaces/local/lib/python3.10/dist-packages:${PYTHONPATH} /usr/bin/python3 -W ignore:setup.py install is deprecated -W ignore:easy_install command is deprecated setup.py egg_info --egg-base ../../build/demo_python_service build --build-base /home/admin/Documents/ROS2/C4.1/build/demo_python_service/build install --record /home/admin/Documents/ROS2/C4.1/build/demo_python_service/install.log --single-version-externally-managed install_data
