[0.011s] Invoking command in '/home/admin/Documents/ROS2/C3_4/build/status_interfaces': CMAKE_PREFIX_PATH=${CMAKE_PREFIX_PATH}:/home/admin/Documents/ROS2/C3_4/install/status_publisher:/opt/ros/humble /usr/bin/cmake --build /home/admin/Documents/ROS2/C3_4/build/status_interfaces -- -j8 -l8
[0.071s] [  3%] Built target status_interfaces__cpp
[0.073s] [ 12%] Built target status_interfaces__rosidl_generator_c
[0.086s] [ 12%] Built target ament_cmake_python_copy_status_interfaces
[0.106s] [ 22%] Built target status_interfaces__rosidl_typesupport_fastrtps_cpp
[0.109s] [ 32%] Built target status_interfaces__rosidl_typesupport_introspection_cpp
[0.109s] [ 41%] Built target status_interfaces__rosidl_typesupport_fastrtps_c
[0.112s] [ 51%] Built target status_interfaces__rosidl_typesupport_introspection_c
[0.113s] [ 61%] Built target status_interfaces__rosidl_typesupport_c
[0.116s] [ 70%] Built target status_interfaces__rosidl_typesupport_cpp
[0.142s] [ 70%] Built target status_interfaces
[0.168s] [ 74%] Built target status_interfaces__py
[0.189s] [ 80%] Built target status_interfaces__rosidl_generator_py
[0.217s] [ 87%] Built target status_interfaces__rosidl_typesupport_introspection_c__pyext
[0.222s] [ 93%] Built target status_interfaces__rosidl_typesupport_c__pyext
[0.223s] [100%] Built target status_interfaces__rosidl_typesupport_fastrtps_c__pyext
[0.429s] running egg_info
[0.430s] writing status_interfaces.egg-info/PKG-INFO
[0.431s] writing dependency_links to status_interfaces.egg-info/dependency_links.txt
[0.431s] writing top-level names to status_interfaces.egg-info/top_level.txt
[0.435s] reading manifest file 'status_interfaces.egg-info/SOURCES.txt'
[0.436s] writing manifest file 'status_interfaces.egg-info/SOURCES.txt'
[0.472s] [100%] Built target ament_cmake_python_build_status_interfaces_egg
[0.484s] Invoked command in '/home/admin/Documents/ROS2/C3_4/build/status_interfaces' returned '0': CMAKE_PREFIX_PATH=${CMAKE_PREFIX_PATH}:/home/admin/Documents/ROS2/C3_4/install/status_publisher:/opt/ros/humble /usr/bin/cmake --build /home/admin/Documents/ROS2/C3_4/build/status_interfaces -- -j8 -l8
[0.494s] Invoking command in '/home/admin/Documents/ROS2/C3_4/build/status_interfaces': CMAKE_PREFIX_PATH=${CMAKE_PREFIX_PATH}:/home/admin/Documents/ROS2/C3_4/install/status_publisher:/opt/ros/humble /usr/bin/cmake --install /home/admin/Documents/ROS2/C3_4/build/status_interfaces
[0.502s] -- Install configuration: ""
[0.502s] -- Up-to-date: /home/admin/Documents/ROS2/C3_4/install/status_interfaces/share/ament_index/resource_index/rosidl_interfaces/status_interfaces
[0.502s] -- Up-to-date: /home/admin/Documents/ROS2/C3_4/install/status_interfaces/include/status_interfaces/status_interfaces
[0.502s] -- Up-to-date: /home/admin/Documents/ROS2/C3_4/install/status_interfaces/include/status_interfaces/status_interfaces/msg
[0.502s] -- Up-to-date: /home/admin/Documents/ROS2/C3_4/install/status_interfaces/include/status_interfaces/status_interfaces/msg/rosidl_generator_c__visibility_control.h
[0.503s] -- Up-to-date: /home/admin/Documents/ROS2/C3_4/install/status_interfaces/include/status_interfaces/status_interfaces/msg/detail
[0.503s] -- Up-to-date: /home/admin/Documents/ROS2/C3_4/install/status_interfaces/include/status_interfaces/status_interfaces/msg/detail/system_status__functions.c
[0.503s] -- Up-to-date: /home/admin/Documents/ROS2/C3_4/install/status_interfaces/include/status_interfaces/status_interfaces/msg/detail/system_status__functions.h
[0.503s] -- Up-to-date: /home/admin/Documents/ROS2/C3_4/install/status_interfaces/include/status_interfaces/status_interfaces/msg/detail/system_status__struct.h
[0.503s] -- Up-to-date: /home/admin/Documents/ROS2/C3_4/install/status_interfaces/include/status_interfaces/status_interfaces/msg/detail/system_status__type_support.h
[0.503s] -- Up-to-date: /home/admin/Documents/ROS2/C3_4/install/status_interfaces/include/status_interfaces/status_interfaces/msg/system_status.h
[0.503s] -- Up-to-date: /home/admin/Documents/ROS2/C3_4/install/status_interfaces/share/status_interfaces/environment/library_path.sh
[0.504s] -- Up-to-date: /home/admin/Documents/ROS2/C3_4/install/status_interfaces/share/status_interfaces/environment/library_path.dsv
[0.504s] -- Up-to-date: /home/admin/Documents/ROS2/C3_4/install/status_interfaces/lib/libstatus_interfaces__rosidl_generator_c.so
[0.504s] -- Up-to-date: /home/admin/Documents/ROS2/C3_4/install/status_interfaces/include/status_interfaces/status_interfaces
[0.504s] -- Up-to-date: /home/admin/Documents/ROS2/C3_4/install/status_interfaces/include/status_interfaces/status_interfaces/msg
[0.504s] -- Up-to-date: /home/admin/Documents/ROS2/C3_4/install/status_interfaces/include/status_interfaces/status_interfaces/msg/detail
[0.504s] -- Up-to-date: /home/admin/Documents/ROS2/C3_4/install/status_interfaces/include/status_interfaces/status_interfaces/msg/detail/system_status__rosidl_typesupport_fastrtps_c.h
[0.504s] -- Up-to-date: /home/admin/Documents/ROS2/C3_4/install/status_interfaces/include/status_interfaces/status_interfaces/msg/rosidl_typesupport_fastrtps_c__visibility_control.h
[0.504s] -- Up-to-date: /home/admin/Documents/ROS2/C3_4/install/status_interfaces/lib/libstatus_interfaces__rosidl_typesupport_fastrtps_c.so
[0.504s] -- Up-to-date: /home/admin/Documents/ROS2/C3_4/install/status_interfaces/include/status_interfaces/status_interfaces
[0.504s] -- Up-to-date: /home/admin/Documents/ROS2/C3_4/install/status_interfaces/include/status_interfaces/status_interfaces/msg
[0.504s] -- Up-to-date: /home/admin/Documents/ROS2/C3_4/install/status_interfaces/include/status_interfaces/status_interfaces/msg/rosidl_generator_cpp__visibility_control.hpp
[0.505s] -- Up-to-date: /home/admin/Documents/ROS2/C3_4/install/status_interfaces/include/status_interfaces/status_interfaces/msg/detail
[0.505s] -- Up-to-date: /home/admin/Documents/ROS2/C3_4/install/status_interfaces/include/status_interfaces/status_interfaces/msg/detail/system_status__traits.hpp
[0.505s] -- Up-to-date: /home/admin/Documents/ROS2/C3_4/install/status_interfaces/include/status_interfaces/status_interfaces/msg/detail/system_status__type_support.hpp
[0.505s] -- Up-to-date: /home/admin/Documents/ROS2/C3_4/install/status_interfaces/include/status_interfaces/status_interfaces/msg/detail/system_status__builder.hpp
[0.505s] -- Up-to-date: /home/admin/Documents/ROS2/C3_4/install/status_interfaces/include/status_interfaces/status_interfaces/msg/detail/system_status__struct.hpp
[0.505s] -- Up-to-date: /home/admin/Documents/ROS2/C3_4/install/status_interfaces/include/status_interfaces/status_interfaces/msg/system_status.hpp
[0.505s] -- Up-to-date: /home/admin/Documents/ROS2/C3_4/install/status_interfaces/include/status_interfaces/status_interfaces
[0.505s] -- Up-to-date: /home/admin/Documents/ROS2/C3_4/install/status_interfaces/include/status_interfaces/status_interfaces/msg
[0.505s] -- Up-to-date: /home/admin/Documents/ROS2/C3_4/install/status_interfaces/include/status_interfaces/status_interfaces/msg/detail
[0.505s] -- Up-to-date: /home/admin/Documents/ROS2/C3_4/install/status_interfaces/include/status_interfaces/status_interfaces/msg/detail/system_status__rosidl_typesupport_fastrtps_cpp.hpp
[0.505s] -- Up-to-date: /home/admin/Documents/ROS2/C3_4/install/status_interfaces/include/status_interfaces/status_interfaces/msg/detail/dds_fastrtps
[0.506s] -- Up-to-date: /home/admin/Documents/ROS2/C3_4/install/status_interfaces/include/status_interfaces/status_interfaces/msg/rosidl_typesupport_fastrtps_cpp__visibility_control.h
[0.506s] -- Up-to-date: /home/admin/Documents/ROS2/C3_4/install/status_interfaces/lib/libstatus_interfaces__rosidl_typesupport_fastrtps_cpp.so
[0.506s] -- Up-to-date: /home/admin/Documents/ROS2/C3_4/install/status_interfaces/include/status_interfaces/status_interfaces
[0.506s] -- Up-to-date: /home/admin/Documents/ROS2/C3_4/install/status_interfaces/include/status_interfaces/status_interfaces/msg
[0.506s] -- Up-to-date: /home/admin/Documents/ROS2/C3_4/install/status_interfaces/include/status_interfaces/status_interfaces/msg/rosidl_typesupport_introspection_c__visibility_control.h
[0.506s] -- Up-to-date: /home/admin/Documents/ROS2/C3_4/install/status_interfaces/include/status_interfaces/status_interfaces/msg/detail
[0.506s] -- Up-to-date: /home/admin/Documents/ROS2/C3_4/install/status_interfaces/include/status_interfaces/status_interfaces/msg/detail/system_status__rosidl_typesupport_introspection_c.h
[0.506s] -- Up-to-date: /home/admin/Documents/ROS2/C3_4/install/status_interfaces/include/status_interfaces/status_interfaces/msg/detail/system_status__type_support.c
[0.506s] -- Up-to-date: /home/admin/Documents/ROS2/C3_4/install/status_interfaces/lib/libstatus_interfaces__rosidl_typesupport_introspection_c.so
[0.506s] -- Up-to-date: /home/admin/Documents/ROS2/C3_4/install/status_interfaces/lib/libstatus_interfaces__rosidl_typesupport_c.so
[0.506s] -- Up-to-date: /home/admin/Documents/ROS2/C3_4/install/status_interfaces/include/status_interfaces/status_interfaces
[0.506s] -- Up-to-date: /home/admin/Documents/ROS2/C3_4/install/status_interfaces/include/status_interfaces/status_interfaces/msg
[0.507s] -- Up-to-date: /home/admin/Documents/ROS2/C3_4/install/status_interfaces/include/status_interfaces/status_interfaces/msg/detail
[0.507s] -- Up-to-date: /home/admin/Documents/ROS2/C3_4/install/status_interfaces/include/status_interfaces/status_interfaces/msg/detail/system_status__type_support.cpp
[0.507s] -- Up-to-date: /home/admin/Documents/ROS2/C3_4/install/status_interfaces/include/status_interfaces/status_interfaces/msg/detail/system_status__rosidl_typesupport_introspection_cpp.hpp
[0.507s] -- Up-to-date: /home/admin/Documents/ROS2/C3_4/install/status_interfaces/lib/libstatus_interfaces__rosidl_typesupport_introspection_cpp.so
[0.507s] -- Up-to-date: /home/admin/Documents/ROS2/C3_4/install/status_interfaces/lib/libstatus_interfaces__rosidl_typesupport_cpp.so
[0.507s] -- Up-to-date: /home/admin/Documents/ROS2/C3_4/install/status_interfaces/share/status_interfaces/environment/pythonpath.sh
[0.507s] -- Up-to-date: /home/admin/Documents/ROS2/C3_4/install/status_interfaces/share/status_interfaces/environment/pythonpath.dsv
[0.508s] -- Up-to-date: /home/admin/Documents/ROS2/C3_4/install/status_interfaces/local/lib/python3.10/dist-packages/status_interfaces-0.0.0-py3.10.egg-info
[0.508s] -- Installing: /home/admin/Documents/ROS2/C3_4/install/status_interfaces/local/lib/python3.10/dist-packages/status_interfaces-0.0.0-py3.10.egg-info/dependency_links.txt
[0.508s] -- Installing: /home/admin/Documents/ROS2/C3_4/install/status_interfaces/local/lib/python3.10/dist-packages/status_interfaces-0.0.0-py3.10.egg-info/SOURCES.txt
[0.508s] -- Installing: /home/admin/Documents/ROS2/C3_4/install/status_interfaces/local/lib/python3.10/dist-packages/status_interfaces-0.0.0-py3.10.egg-info/top_level.txt
[0.508s] -- Installing: /home/admin/Documents/ROS2/C3_4/install/status_interfaces/local/lib/python3.10/dist-packages/status_interfaces-0.0.0-py3.10.egg-info/PKG-INFO
[0.508s] -- Up-to-date: /home/admin/Documents/ROS2/C3_4/install/status_interfaces/local/lib/python3.10/dist-packages/status_interfaces
[0.508s] -- Up-to-date: /home/admin/Documents/ROS2/C3_4/install/status_interfaces/local/lib/python3.10/dist-packages/status_interfaces/_status_interfaces_s.ep.rosidl_typesupport_introspection_c.c
[0.508s] -- Up-to-date: /home/admin/Documents/ROS2/C3_4/install/status_interfaces/local/lib/python3.10/dist-packages/status_interfaces/status_interfaces_s__rosidl_typesupport_introspection_c.cpython-310-x86_64-linux-gnu.so
[0.508s] -- Up-to-date: /home/admin/Documents/ROS2/C3_4/install/status_interfaces/local/lib/python3.10/dist-packages/status_interfaces/status_interfaces_s__rosidl_typesupport_c.cpython-310-x86_64-linux-gnu.so
[0.508s] -- Up-to-date: /home/admin/Documents/ROS2/C3_4/install/status_interfaces/local/lib/python3.10/dist-packages/status_interfaces/_status_interfaces_s.ep.rosidl_typesupport_fastrtps_c.c
[0.508s] -- Up-to-date: /home/admin/Documents/ROS2/C3_4/install/status_interfaces/local/lib/python3.10/dist-packages/status_interfaces/_status_interfaces_s.ep.rosidl_typesupport_c.c
[0.508s] -- Up-to-date: /home/admin/Documents/ROS2/C3_4/install/status_interfaces/local/lib/python3.10/dist-packages/status_interfaces/status_interfaces_s__rosidl_typesupport_fastrtps_c.cpython-310-x86_64-linux-gnu.so
[0.509s] -- Up-to-date: /home/admin/Documents/ROS2/C3_4/install/status_interfaces/local/lib/python3.10/dist-packages/status_interfaces/__init__.py
[0.509s] -- Up-to-date: /home/admin/Documents/ROS2/C3_4/install/status_interfaces/local/lib/python3.10/dist-packages/status_interfaces/msg
[0.509s] -- Up-to-date: /home/admin/Documents/ROS2/C3_4/install/status_interfaces/local/lib/python3.10/dist-packages/status_interfaces/msg/__init__.py
[0.509s] -- Up-to-date: /home/admin/Documents/ROS2/C3_4/install/status_interfaces/local/lib/python3.10/dist-packages/status_interfaces/msg/_system_status_s.c
[0.509s] -- Up-to-date: /home/admin/Documents/ROS2/C3_4/install/status_interfaces/local/lib/python3.10/dist-packages/status_interfaces/msg/_system_status.py
[0.509s] -- Up-to-date: /home/admin/Documents/ROS2/C3_4/install/status_interfaces/local/lib/python3.10/dist-packages/status_interfaces/libstatus_interfaces__rosidl_generator_py.so
[0.556s] Listing '/home/admin/Documents/ROS2/C3_4/install/status_interfaces/local/lib/python3.10/dist-packages/status_interfaces'...
[0.557s] Listing '/home/admin/Documents/ROS2/C3_4/install/status_interfaces/local/lib/python3.10/dist-packages/status_interfaces/msg'...
[0.562s] -- Up-to-date: /home/admin/Documents/ROS2/C3_4/install/status_interfaces/local/lib/python3.10/dist-packages/status_interfaces/status_interfaces_s__rosidl_typesupport_fastrtps_c.cpython-310-x86_64-linux-gnu.so
[0.562s] -- Up-to-date: /home/admin/Documents/ROS2/C3_4/install/status_interfaces/local/lib/python3.10/dist-packages/status_interfaces/status_interfaces_s__rosidl_typesupport_introspection_c.cpython-310-x86_64-linux-gnu.so
[0.563s] -- Up-to-date: /home/admin/Documents/ROS2/C3_4/install/status_interfaces/local/lib/python3.10/dist-packages/status_interfaces/status_interfaces_s__rosidl_typesupport_c.cpython-310-x86_64-linux-gnu.so
[0.563s] -- Up-to-date: /home/admin/Documents/ROS2/C3_4/install/status_interfaces/lib/libstatus_interfaces__rosidl_generator_py.so
[0.563s] -- Up-to-date: /home/admin/Documents/ROS2/C3_4/install/status_interfaces/share/status_interfaces/msg/SystemStatus.idl
[0.564s] -- Up-to-date: /home/admin/Documents/ROS2/C3_4/install/status_interfaces/share/status_interfaces/msg/SystemStatus.msg
[0.564s] -- Up-to-date: /home/admin/Documents/ROS2/C3_4/install/status_interfaces/share/ament_index/resource_index/package_run_dependencies/status_interfaces
[0.564s] -- Up-to-date: /home/admin/Documents/ROS2/C3_4/install/status_interfaces/share/ament_index/resource_index/parent_prefix_path/status_interfaces
[0.564s] -- Up-to-date: /home/admin/Documents/ROS2/C3_4/install/status_interfaces/share/status_interfaces/environment/ament_prefix_path.sh
[0.564s] -- Up-to-date: /home/admin/Documents/ROS2/C3_4/install/status_interfaces/share/status_interfaces/environment/ament_prefix_path.dsv
[0.564s] -- Up-to-date: /home/admin/Documents/ROS2/C3_4/install/status_interfaces/share/status_interfaces/environment/path.sh
[0.565s] -- Up-to-date: /home/admin/Documents/ROS2/C3_4/install/status_interfaces/share/status_interfaces/environment/path.dsv
[0.565s] -- Up-to-date: /home/admin/Documents/ROS2/C3_4/install/status_interfaces/share/status_interfaces/local_setup.bash
[0.565s] -- Up-to-date: /home/admin/Documents/ROS2/C3_4/install/status_interfaces/share/status_interfaces/local_setup.sh
[0.565s] -- Up-to-date: /home/admin/Documents/ROS2/C3_4/install/status_interfaces/share/status_interfaces/local_setup.zsh
[0.565s] -- Up-to-date: /home/admin/Documents/ROS2/C3_4/install/status_interfaces/share/status_interfaces/local_setup.dsv
[0.566s] -- Installing: /home/admin/Documents/ROS2/C3_4/install/status_interfaces/share/status_interfaces/package.dsv
[0.566s] -- Up-to-date: /home/admin/Documents/ROS2/C3_4/install/status_interfaces/share/ament_index/resource_index/packages/status_interfaces
[0.566s] -- Up-to-date: /home/admin/Documents/ROS2/C3_4/install/status_interfaces/share/status_interfaces/cmake/export_status_interfaces__rosidl_generator_cExport.cmake
[0.566s] -- Up-to-date: /home/admin/Documents/ROS2/C3_4/install/status_interfaces/share/status_interfaces/cmake/export_status_interfaces__rosidl_generator_cExport-noconfig.cmake
[0.566s] -- Up-to-date: /home/admin/Documents/ROS2/C3_4/install/status_interfaces/share/status_interfaces/cmake/export_status_interfaces__rosidl_typesupport_fastrtps_cExport.cmake
[0.566s] -- Up-to-date: /home/admin/Documents/ROS2/C3_4/install/status_interfaces/share/status_interfaces/cmake/export_status_interfaces__rosidl_typesupport_fastrtps_cExport-noconfig.cmake
[0.566s] -- Up-to-date: /home/admin/Documents/ROS2/C3_4/install/status_interfaces/share/status_interfaces/cmake/export_status_interfaces__rosidl_generator_cppExport.cmake
[0.566s] -- Up-to-date: /home/admin/Documents/ROS2/C3_4/install/status_interfaces/share/status_interfaces/cmake/export_status_interfaces__rosidl_typesupport_fastrtps_cppExport.cmake
[0.566s] -- Up-to-date: /home/admin/Documents/ROS2/C3_4/install/status_interfaces/share/status_interfaces/cmake/export_status_interfaces__rosidl_typesupport_fastrtps_cppExport-noconfig.cmake
[0.567s] -- Up-to-date: /home/admin/Documents/ROS2/C3_4/install/status_interfaces/share/status_interfaces/cmake/status_interfaces__rosidl_typesupport_introspection_cExport.cmake
[0.567s] -- Up-to-date: /home/admin/Documents/ROS2/C3_4/install/status_interfaces/share/status_interfaces/cmake/status_interfaces__rosidl_typesupport_introspection_cExport-noconfig.cmake
[0.567s] -- Up-to-date: /home/admin/Documents/ROS2/C3_4/install/status_interfaces/share/status_interfaces/cmake/status_interfaces__rosidl_typesupport_cExport.cmake
[0.567s] -- Up-to-date: /home/admin/Documents/ROS2/C3_4/install/status_interfaces/share/status_interfaces/cmake/status_interfaces__rosidl_typesupport_cExport-noconfig.cmake
[0.567s] -- Up-to-date: /home/admin/Documents/ROS2/C3_4/install/status_interfaces/share/status_interfaces/cmake/status_interfaces__rosidl_typesupport_introspection_cppExport.cmake
[0.568s] -- Up-to-date: /home/admin/Documents/ROS2/C3_4/install/status_interfaces/share/status_interfaces/cmake/status_interfaces__rosidl_typesupport_introspection_cppExport-noconfig.cmake
[0.568s] -- Up-to-date: /home/admin/Documents/ROS2/C3_4/install/status_interfaces/share/status_interfaces/cmake/status_interfaces__rosidl_typesupport_cppExport.cmake
[0.569s] -- Up-to-date: /home/admin/Documents/ROS2/C3_4/install/status_interfaces/share/status_interfaces/cmake/status_interfaces__rosidl_typesupport_cppExport-noconfig.cmake
[0.569s] -- Up-to-date: /home/admin/Documents/ROS2/C3_4/install/status_interfaces/share/status_interfaces/cmake/export_status_interfaces__rosidl_generator_pyExport.cmake
[0.569s] -- Up-to-date: /home/admin/Documents/ROS2/C3_4/install/status_interfaces/share/status_interfaces/cmake/export_status_interfaces__rosidl_generator_pyExport-noconfig.cmake
[0.569s] -- Up-to-date: /home/admin/Documents/ROS2/C3_4/install/status_interfaces/share/status_interfaces/cmake/rosidl_cmake-extras.cmake
[0.570s] -- Up-to-date: /home/admin/Documents/ROS2/C3_4/install/status_interfaces/share/status_interfaces/cmake/ament_cmake_export_dependencies-extras.cmake
[0.570s] -- Up-to-date: /home/admin/Documents/ROS2/C3_4/install/status_interfaces/share/status_interfaces/cmake/ament_cmake_export_include_directories-extras.cmake
[0.570s] -- Up-to-date: /home/admin/Documents/ROS2/C3_4/install/status_interfaces/share/status_interfaces/cmake/ament_cmake_export_libraries-extras.cmake
[0.571s] -- Up-to-date: /home/admin/Documents/ROS2/C3_4/install/status_interfaces/share/status_interfaces/cmake/ament_cmake_export_targets-extras.cmake
[0.571s] -- Up-to-date: /home/admin/Documents/ROS2/C3_4/install/status_interfaces/share/status_interfaces/cmake/rosidl_cmake_export_typesupport_targets-extras.cmake
[0.571s] -- Up-to-date: /home/admin/Documents/ROS2/C3_4/install/status_interfaces/share/status_interfaces/cmake/rosidl_cmake_export_typesupport_libraries-extras.cmake
[0.571s] -- Up-to-date: /home/admin/Documents/ROS2/C3_4/install/status_interfaces/share/status_interfaces/cmake/status_interfacesConfig.cmake
[0.572s] -- Up-to-date: /home/admin/Documents/ROS2/C3_4/install/status_interfaces/share/status_interfaces/cmake/status_interfacesConfig-version.cmake
[0.572s] -- Up-to-date: /home/admin/Documents/ROS2/C3_4/install/status_interfaces/share/status_interfaces/package.xml
[0.572s] Invoked command in '/home/admin/Documents/ROS2/C3_4/build/status_interfaces' returned '0': CMAKE_PREFIX_PATH=${CMAKE_PREFIX_PATH}:/home/admin/Documents/ROS2/C3_4/install/status_publisher:/opt/ros/humble /usr/bin/cmake --install /home/admin/Documents/ROS2/C3_4/build/status_interfaces
