[35m[1mConsolidate compiler generated dependencies of target hello_qt[0m
[ 50%] [32mBuilding CXX object CMakeFiles/hello_qt.dir/src/hello_qt.cpp.o[0m
[100%] [32m[1mLinking CXX executable hello_qt[0m
[100%] Built target hello_qt
-- Install configuration: ""
-- Installing: /home/admin/Documents/ROS2/C3_4/install/status_display/lib/status_display/hello_qt
-- Set runtime path of "/home/admin/Documents/ROS2/C3_4/install/status_display/lib/status_display/hello_qt" to ""
-- Up-to-date: /home/admin/Documents/ROS2/C3_4/install/status_display/share/ament_index/resource_index/package_run_dependencies/status_display
-- Up-to-date: /home/admin/Documents/ROS2/C3_4/install/status_display/share/ament_index/resource_index/parent_prefix_path/status_display
-- Up-to-date: /home/admin/Documents/ROS2/C3_4/install/status_display/share/status_display/environment/ament_prefix_path.sh
-- Up-to-date: /home/admin/Documents/ROS2/C3_4/install/status_display/share/status_display/environment/ament_prefix_path.dsv
-- Up-to-date: /home/admin/Documents/ROS2/C3_4/install/status_display/share/status_display/environment/path.sh
-- Up-to-date: /home/admin/Documents/ROS2/C3_4/install/status_display/share/status_display/environment/path.dsv
-- Up-to-date: /home/admin/Documents/ROS2/C3_4/install/status_display/share/status_display/local_setup.bash
-- Up-to-date: /home/admin/Documents/ROS2/C3_4/install/status_display/share/status_display/local_setup.sh
-- Up-to-date: /home/admin/Documents/ROS2/C3_4/install/status_display/share/status_display/local_setup.zsh
-- Up-to-date: /home/admin/Documents/ROS2/C3_4/install/status_display/share/status_display/local_setup.dsv
-- Installing: /home/admin/Documents/ROS2/C3_4/install/status_display/share/status_display/package.dsv
-- Up-to-date: /home/admin/Documents/ROS2/C3_4/install/status_display/share/ament_index/resource_index/packages/status_display
-- Up-to-date: /home/admin/Documents/ROS2/C3_4/install/status_display/share/status_display/cmake/status_displayConfig.cmake
-- Up-to-date: /home/admin/Documents/ROS2/C3_4/install/status_display/share/status_display/cmake/status_displayConfig-version.cmake
-- Up-to-date: /home/admin/Documents/ROS2/C3_4/install/status_display/share/status_display/package.xml
