[0.737s] Invoking command in '/home/admin/Documents/ROS2/C4.1/src/demo_python_service': PYTHONPATH=/home/admin/Documents/ROS2/C4.1/build/demo_python_service/prefix_override:/usr/lib/python3/dist-packages/colcon_core/task/python/colcon_distutils_commands:/home/admin/Documents/ROS2/C4.1/install/demo_python_service/lib/python3.10/site-packages:${PYTHONPATH} /usr/bin/python3 -W ignore:setup.py install is deprecated -W ignore:easy_install command is deprecated setup.py egg_info --egg-base ../../build/demo_python_service build --build-base /home/admin/Documents/ROS2/C4.1/build/demo_python_service/build install --record /home/admin/Documents/ROS2/C4.1/build/demo_python_service/install.log --single-version-externally-managed install_data
[1.025s] running egg_info
[1.026s] writing ../../build/demo_python_service/demo_python_service.egg-info/PKG-INFO
[1.026s] writing dependency_links to ../../build/demo_python_service/demo_python_service.egg-info/dependency_links.txt
[1.026s] writing entry points to ../../build/demo_python_service/demo_python_service.egg-info/entry_points.txt
[1.026s] writing requirements to ../../build/demo_python_service/demo_python_service.egg-info/requires.txt
[1.026s] writing top-level names to ../../build/demo_python_service/demo_python_service.egg-info/top_level.txt
[1.028s] reading manifest file '../../build/demo_python_service/demo_python_service.egg-info/SOURCES.txt'
[1.029s] adding license file 'LICENSE'
[1.029s] writing manifest file '../../build/demo_python_service/demo_python_service.egg-info/SOURCES.txt'
[1.029s] running build
[1.030s] running build_py
[1.030s] copying demo_python_service/face_detect_node.py -> /home/admin/Documents/ROS2/C4.1/build/demo_python_service/build/lib/demo_python_service
[1.030s] running install
[1.030s] running install_lib
[1.031s] copying /home/admin/Documents/ROS2/C4.1/build/demo_python_service/build/lib/demo_python_service/face_detect_node.py -> /home/admin/Documents/ROS2/C4.1/install/demo_python_service/lib/python3.10/site-packages/demo_python_service
[1.032s] byte-compiling /home/admin/Documents/ROS2/C4.1/install/demo_python_service/lib/python3.10/site-packages/demo_python_service/face_detect_node.py to face_detect_node.cpython-310.pyc
[1.033s] running install_data
[1.033s] running install_egg_info
[1.035s] removing '/home/admin/Documents/ROS2/C4.1/install/demo_python_service/lib/python3.10/site-packages/demo_python_service-0.0.0-py3.10.egg-info' (and everything under it)
[1.035s] Copying ../../build/demo_python_service/demo_python_service.egg-info to /home/admin/Documents/ROS2/C4.1/install/demo_python_service/lib/python3.10/site-packages/demo_python_service-0.0.0-py3.10.egg-info
[1.036s] running install_scripts
[1.060s] Installing face_detect_node script to /home/admin/Documents/ROS2/C4.1/install/demo_python_service/lib/demo_python_service
[1.061s] Installing learn_face_detect script to /home/admin/Documents/ROS2/C4.1/install/demo_python_service/lib/demo_python_service
[1.061s] writing list of installed files to '/home/admin/Documents/ROS2/C4.1/build/demo_python_service/install.log'
[1.095s] Invoked command in '/home/admin/Documents/ROS2/C4.1/src/demo_python_service' returned '0': PYTHONPATH=/home/admin/Documents/ROS2/C4.1/build/demo_python_service/prefix_override:/usr/lib/python3/dist-packages/colcon_core/task/python/colcon_distutils_commands:/home/admin/Documents/ROS2/C4.1/install/demo_python_service/lib/python3.10/site-packages:${PYTHONPATH} /usr/bin/python3 -W ignore:setup.py install is deprecated -W ignore:easy_install command is deprecated setup.py egg_info --egg-base ../../build/demo_python_service build --build-base /home/admin/Documents/ROS2/C4.1/build/demo_python_service/build install --record /home/admin/Documents/ROS2/C4.1/build/demo_python_service/install.log --single-version-externally-managed install_data
