[0.776s] Invoking command in '/home/admin/Documents/ROS2/C2_2/demo_python_pkg': PYTHONPATH=/home/admin/Documents/ROS2/C2_2/build/demo_python_pkg/prefix_override:/usr/lib/python3/dist-packages/colcon_core/task/python/colcon_distutils_commands:/home/admin/Documents/ROS2/C2_2/install/demo_python_pkg/lib/python3.10/site-packages:${PYTHONPATH} /usr/bin/python3 -W ignore:setup.py install is deprecated -W ignore:easy_install command is deprecated setup.py egg_info --egg-base ../build/demo_python_pkg build --build-base /home/admin/Documents/ROS2/C2_2/build/demo_python_pkg/build install --record /home/admin/Documents/ROS2/C2_2/build/demo_python_pkg/install.log --single-version-externally-managed install_data
[1.065s] running egg_info
[1.066s] writing ../build/demo_python_pkg/demo_python_pkg.egg-info/PKG-INFO
[1.066s] writing dependency_links to ../build/demo_python_pkg/demo_python_pkg.egg-info/dependency_links.txt
[1.066s] writing entry points to ../build/demo_python_pkg/demo_python_pkg.egg-info/entry_points.txt
[1.066s] writing requirements to ../build/demo_python_pkg/demo_python_pkg.egg-info/requires.txt
[1.067s] writing top-level names to ../build/demo_python_pkg/demo_python_pkg.egg-info/top_level.txt
[1.068s] reading manifest file '../build/demo_python_pkg/demo_python_pkg.egg-info/SOURCES.txt'
[1.072s] adding license file 'LICENSE'
[1.072s] writing manifest file '../build/demo_python_pkg/demo_python_pkg.egg-info/SOURCES.txt'
[1.073s] running build
[1.073s] running build_py
[1.073s] running install
[1.073s] running install_lib
[1.075s] running install_data
[1.075s] running install_egg_info
[1.076s] removing '/home/admin/Documents/ROS2/C2_2/install/demo_python_pkg/lib/python3.10/site-packages/demo_python_pkg-0.0.0-py3.10.egg-info' (and everything under it)
[1.077s] Copying ../build/demo_python_pkg/demo_python_pkg.egg-info to /home/admin/Documents/ROS2/C2_2/install/demo_python_pkg/lib/python3.10/site-packages/demo_python_pkg-0.0.0-py3.10.egg-info
[1.077s] running install_scripts
[1.101s] Installing python_node script to /home/admin/Documents/ROS2/C2_2/install/demo_python_pkg/lib/demo_python_pkg
[1.101s] writing list of installed files to '/home/admin/Documents/ROS2/C2_2/build/demo_python_pkg/install.log'
[1.134s] Invoked command in '/home/admin/Documents/ROS2/C2_2/demo_python_pkg' returned '0': PYTHONPATH=/home/admin/Documents/ROS2/C2_2/build/demo_python_pkg/prefix_override:/usr/lib/python3/dist-packages/colcon_core/task/python/colcon_distutils_commands:/home/admin/Documents/ROS2/C2_2/install/demo_python_pkg/lib/python3.10/site-packages:${PYTHONPATH} /usr/bin/python3 -W ignore:setup.py install is deprecated -W ignore:easy_install command is deprecated setup.py egg_info --egg-base ../build/demo_python_pkg build --build-base /home/admin/Documents/ROS2/C2_2/build/demo_python_pkg/build install --record /home/admin/Documents/ROS2/C2_2/build/demo_python_pkg/install.log --single-version-externally-managed install_data
