[0.809s] Invoking command in '/home/admin/Documents/ROS2/C4.1/src/demo_python_service': PYTHONPATH=/home/admin/Documents/ROS2/C4.1/build/demo_python_service/prefix_override:/usr/lib/python3/dist-packages/colcon_core/task/python/colcon_distutils_commands:/home/admin/Documents/ROS2/C4.1/install/demo_python_service/lib/python3.10/site-packages:${PYTHONPATH} /usr/bin/python3 -W ignore:setup.py install is deprecated -W ignore:easy_install command is deprecated setup.py egg_info --egg-base ../../build/demo_python_service build --build-base /home/admin/Documents/ROS2/C4.1/build/demo_python_service/build install --record /home/admin/Documents/ROS2/C4.1/build/demo_python_service/install.log --single-version-externally-managed install_data
[1.096s] running egg_info
[1.096s] writing ../../build/demo_python_service/demo_python_service.egg-info/PKG-INFO
[1.097s] writing dependency_links to ../../build/demo_python_service/demo_python_service.egg-info/dependency_links.txt
[1.097s] writing entry points to ../../build/demo_python_service/demo_python_service.egg-info/entry_points.txt
[1.097s] writing requirements to ../../build/demo_python_service/demo_python_service.egg-info/requires.txt
[1.097s] writing top-level names to ../../build/demo_python_service/demo_python_service.egg-info/top_level.txt
[1.099s] reading manifest file '../../build/demo_python_service/demo_python_service.egg-info/SOURCES.txt'
[1.100s] adding license file 'LICENSE'
[1.100s] writing manifest file '../../build/demo_python_service/demo_python_service.egg-info/SOURCES.txt'
[1.101s] running build
[1.101s] running build_py
[1.101s] running install
[1.101s] running install_lib
[1.103s] running install_data
[1.103s] running install_egg_info
[1.105s] removing '/home/admin/Documents/ROS2/C4.1/install/demo_python_service/lib/python3.10/site-packages/demo_python_service-0.0.0-py3.10.egg-info' (and everything under it)
[1.105s] Copying ../../build/demo_python_service/demo_python_service.egg-info to /home/admin/Documents/ROS2/C4.1/install/demo_python_service/lib/python3.10/site-packages/demo_python_service-0.0.0-py3.10.egg-info
[1.106s] running install_scripts
[1.128s] Installing face_detect_client_node script to /home/admin/Documents/ROS2/C4.1/install/demo_python_service/lib/demo_python_service
[1.129s] Installing face_detect_node script to /home/admin/Documents/ROS2/C4.1/install/demo_python_service/lib/demo_python_service
[1.129s] Installing learn_face_detect script to /home/admin/Documents/ROS2/C4.1/install/demo_python_service/lib/demo_python_service
[1.129s] writing list of installed files to '/home/admin/Documents/ROS2/C4.1/build/demo_python_service/install.log'
[1.160s] Invoked command in '/home/admin/Documents/ROS2/C4.1/src/demo_python_service' returned '0': PYTHONPATH=/home/admin/Documents/ROS2/C4.1/build/demo_python_service/prefix_override:/usr/lib/python3/dist-packages/colcon_core/task/python/colcon_distutils_commands:/home/admin/Documents/ROS2/C4.1/install/demo_python_service/lib/python3.10/site-packages:${PYTHONPATH} /usr/bin/python3 -W ignore:setup.py install is deprecated -W ignore:easy_install command is deprecated setup.py egg_info --egg-base ../../build/demo_python_service build --build-base /home/admin/Documents/ROS2/C4.1/build/demo_python_service/build install --record /home/admin/Documents/ROS2/C4.1/build/demo_python_service/install.log --single-version-externally-managed install_data
