[0.825s] Invoking command in '/home/admin/Documents/ROS2/C2_2/demo_python_pkg': PYTHONPATH=/home/admin/Documents/ROS2/C2_2/build/demo_python_pkg/prefix_override:/usr/lib/python3/dist-packages/colcon_core/task/python/colcon_distutils_commands:/home/admin/Documents/ROS2/C2_2/install/demo_python_pkg/lib/python3.10/site-packages:${PYTHONPATH} /usr/bin/python3 -W ignore:setup.py install is deprecated -W ignore:easy_install command is deprecated setup.py egg_info --egg-base ../build/demo_python_pkg build --build-base /home/admin/Documents/ROS2/C2_2/build/demo_python_pkg/build install --record /home/admin/Documents/ROS2/C2_2/build/demo_python_pkg/install.log --single-version-externally-managed install_data
[1.075s] running egg_info
[1.076s] creating ../build/demo_python_pkg/demo_python_pkg.egg-info
[1.076s] writing ../build/demo_python_pkg/demo_python_pkg.egg-info/PKG-INFO
[1.076s] writing dependency_links to ../build/demo_python_pkg/demo_python_pkg.egg-info/dependency_links.txt
[1.076s] writing entry points to ../build/demo_python_pkg/demo_python_pkg.egg-info/entry_points.txt
[1.076s] writing requirements to ../build/demo_python_pkg/demo_python_pkg.egg-info/requires.txt
[1.076s] writing top-level names to ../build/demo_python_pkg/demo_python_pkg.egg-info/top_level.txt
[1.076s] writing manifest file '../build/demo_python_pkg/demo_python_pkg.egg-info/SOURCES.txt'
[1.078s] reading manifest file '../build/demo_python_pkg/demo_python_pkg.egg-info/SOURCES.txt'
[1.078s] adding license file 'LICENSE'
[1.079s] writing manifest file '../build/demo_python_pkg/demo_python_pkg.egg-info/SOURCES.txt'
[1.079s] running build
[1.079s] running build_py
[1.079s] creating /home/admin/Documents/ROS2/C2_2/build/demo_python_pkg/build
[1.079s] creating /home/admin/Documents/ROS2/C2_2/build/demo_python_pkg/build/lib
[1.079s] creating /home/admin/Documents/ROS2/C2_2/build/demo_python_pkg/build/lib/demo_python_pkg
[1.079s] copying demo_python_pkg/python_node.py -> /home/admin/Documents/ROS2/C2_2/build/demo_python_pkg/build/lib/demo_python_pkg
[1.079s] copying demo_python_pkg/__init__.py -> /home/admin/Documents/ROS2/C2_2/build/demo_python_pkg/build/lib/demo_python_pkg
[1.079s] running install
[1.080s] running install_lib
[1.080s] creating /home/admin/Documents/ROS2/C2_2/install/demo_python_pkg/lib/python3.10/site-packages/demo_python_pkg
[1.080s] copying /home/admin/Documents/ROS2/C2_2/build/demo_python_pkg/build/lib/demo_python_pkg/python_node.py -> /home/admin/Documents/ROS2/C2_2/install/demo_python_pkg/lib/python3.10/site-packages/demo_python_pkg
[1.080s] copying /home/admin/Documents/ROS2/C2_2/build/demo_python_pkg/build/lib/demo_python_pkg/__init__.py -> /home/admin/Documents/ROS2/C2_2/install/demo_python_pkg/lib/python3.10/site-packages/demo_python_pkg
[1.081s] byte-compiling /home/admin/Documents/ROS2/C2_2/install/demo_python_pkg/lib/python3.10/site-packages/demo_python_pkg/python_node.py to python_node.cpython-310.pyc
[1.081s] byte-compiling /home/admin/Documents/ROS2/C2_2/install/demo_python_pkg/lib/python3.10/site-packages/demo_python_pkg/__init__.py to __init__.cpython-310.pyc
[1.081s] running install_data
[1.081s] creating /home/admin/Documents/ROS2/C2_2/install/demo_python_pkg/share/ament_index
[1.082s] creating /home/admin/Documents/ROS2/C2_2/install/demo_python_pkg/share/ament_index/resource_index
[1.082s] creating /home/admin/Documents/ROS2/C2_2/install/demo_python_pkg/share/ament_index/resource_index/packages
[1.082s] copying resource/demo_python_pkg -> /home/admin/Documents/ROS2/C2_2/install/demo_python_pkg/share/ament_index/resource_index/packages
[1.082s] copying package.xml -> /home/admin/Documents/ROS2/C2_2/install/demo_python_pkg/share/demo_python_pkg
[1.082s] running install_egg_info
[1.083s] Copying ../build/demo_python_pkg/demo_python_pkg.egg-info to /home/admin/Documents/ROS2/C2_2/install/demo_python_pkg/lib/python3.10/site-packages/demo_python_pkg-0.0.0-py3.10.egg-info
[1.084s] running install_scripts
[1.106s] Installing python_node script to /home/admin/Documents/ROS2/C2_2/install/demo_python_pkg/lib/demo_python_pkg
[1.106s] writing list of installed files to '/home/admin/Documents/ROS2/C2_2/build/demo_python_pkg/install.log'
[1.138s] Invoked command in '/home/admin/Documents/ROS2/C2_2/demo_python_pkg' returned '0': PYTHONPATH=/home/admin/Documents/ROS2/C2_2/build/demo_python_pkg/prefix_override:/usr/lib/python3/dist-packages/colcon_core/task/python/colcon_distutils_commands:/home/admin/Documents/ROS2/C2_2/install/demo_python_pkg/lib/python3.10/site-packages:${PYTHONPATH} /usr/bin/python3 -W ignore:setup.py install is deprecated -W ignore:easy_install command is deprecated setup.py egg_info --egg-base ../build/demo_python_pkg build --build-base /home/admin/Documents/ROS2/C2_2/build/demo_python_pkg/build install --record /home/admin/Documents/ROS2/C2_2/build/demo_python_pkg/install.log --single-version-externally-managed install_data
