[0.016s] Invoking command in '/home/admin/Documents/ROS2/C5_1/build/demo_cpp_tf': CMAKE_PREFIX_PATH=/home/admin/Documents/ROS2/C5_1/install/demo_python_tf:/opt/ros/humble /usr/bin/cmake /home/admin/Documents/ROS2/C5_1/src/demo_cpp_tf -DCMAKE_INSTALL_PREFIX=/home/admin/Documents/ROS2/C5_1/install/demo_cpp_tf
[0.085s] -- The C compiler identification is GNU 11.4.0
[0.175s] -- The CXX compiler identification is GNU 11.4.0
[0.183s] -- Detecting C compiler ABI info
[0.268s] -- Detecting C compiler ABI info - done
[0.278s] -- Check for working C compiler: /usr/bin/cc - skipped
[0.278s] -- Detecting C compile features
[0.279s] -- Detecting C compile features - done
[0.282s] -- Detecting CXX compiler ABI info
[0.387s] -- Detecting CXX compiler ABI info - done
[0.395s] -- Check for working CXX compiler: /usr/bin/c++ - skipped
[0.395s] -- Detecting CXX compile features
[0.396s] -- Detecting CXX compile features - done
[0.399s] -- Found ament_cmake: 1.3.11 (/opt/ros/humble/share/ament_cmake/cmake)
[0.579s] -- Found Python3: /usr/bin/python3 (found version "3.10.12") found components: Interpreter 
[0.680s] -- Found rclcpp: 16.0.11 (/opt/ros/humble/share/rclcpp/cmake)
[0.729s] -- Found rosidl_generator_c: 3.1.6 (/opt/ros/humble/share/rosidl_generator_c/cmake)
[0.735s] -- Found rosidl_adapter: 3.1.6 (/opt/ros/humble/share/rosidl_adapter/cmake)
[0.744s] -- Found rosidl_generator_cpp: 3.1.6 (/opt/ros/humble/share/rosidl_generator_cpp/cmake)
[0.757s] -- Using all available rosidl_typesupport_c: rosidl_typesupport_fastrtps_c;rosidl_typesupport_introspection_c
[0.774s] -- Using all available rosidl_typesupport_cpp: rosidl_typesupport_fastrtps_cpp;rosidl_typesupport_introspection_cpp
[0.824s] -- Found rmw_implementation_cmake: 6.1.2 (/opt/ros/humble/share/rmw_implementation_cmake/cmake)
[0.827s] -- Found rmw_fastrtps_cpp: 6.2.7 (/opt/ros/humble/share/rmw_fastrtps_cpp/cmake)
[0.932s] -- Found OpenSSL: /usr/lib/x86_64-linux-gnu/libcrypto.so (found version "3.0.2")  
[0.965s] -- Found FastRTPS: /opt/ros/humble/include  
[1.009s] -- Using RMW implementation 'rmw_fastrtps_cpp' as default
[1.019s] -- Looking for pthread.h
[1.101s] -- Looking for pthread.h - found
[1.101s] -- Performing Test CMAKE_HAVE_LIBC_PTHREAD
[1.188s] -- Performing Test CMAKE_HAVE_LIBC_PTHREAD - Success
[1.189s] -- Found Threads: TRUE  
[1.263s] -- Found tf2_ros: 0.25.12 (/opt/ros/humble/share/tf2_ros/cmake)
[1.441s] [31mCMake Error at CMakeLists.txt:12 (find_package):
[1.441s]   By not providing "Findgeomertry_msgs.cmake" in CMAKE_MODULE_PATH this
[1.441s]   project has asked CMake to find a package configuration file provided by
[1.441s]   "geomertry_msgs", but CMake did not find one.
[1.442s] 
[1.442s]   Could not find a package configuration file provided by "geomertry_msgs"
[1.442s]   with any of the following names:
[1.442s] 
[1.442s]     geomertry_msgsConfig.cmake
[1.442s]     geomertry_msgs-config.cmake
[1.442s] 
[1.442s]   Add the installation prefix of "geomertry_msgs" to CMAKE_PREFIX_PATH or set
[1.442s]   "geomertry_msgs_DIR" to a directory containing one of the above files.  If
[1.442s]   "geomertry_msgs" provides a separate development package or SDK, be sure it
[1.442s]   has been installed.
[1.442s] 
[1.442s] [0m
[1.442s] -- Configuring incomplete, errors occurred!
[1.442s] See also "/home/admin/Documents/ROS2/C5_1/build/demo_cpp_tf/CMakeFiles/CMakeOutput.log".
[1.454s] Invoked command in '/home/admin/Documents/ROS2/C5_1/build/demo_cpp_tf' returned '1': CMAKE_PREFIX_PATH=/home/admin/Documents/ROS2/C5_1/install/demo_python_tf:/opt/ros/humble /usr/bin/cmake /home/admin/Documents/ROS2/C5_1/src/demo_cpp_tf -DCMAKE_INSTALL_PREFIX=/home/admin/Documents/ROS2/C5_1/install/demo_cpp_tf
