[0.017s] Invoking command in '/home/admin/Documents/ROS2/C3_1/build/demo_cpp_topic': CMAKE_PREFIX_PATH=/home/admin/Documents/ROS2/C3_1/install/demo_python_topic:/opt/ros/humble /usr/bin/cmake /home/admin/Documents/ROS2/C3_1/learn_top/src/demo_cpp_topic -DCMAKE_INSTALL_PREFIX=/home/admin/Documents/ROS2/C3_1/install/demo_cpp_topic
[0.099s] -- The C compiler identification is GNU 11.4.0
[0.185s] -- The CXX compiler identification is GNU 11.4.0
[0.193s] -- Detecting C compiler ABI info
[0.277s] -- Detecting C compiler ABI info - done
[0.285s] -- Check for working C compiler: /usr/bin/cc - skipped
[0.285s] -- Detecting C compile features
[0.286s] -- Detecting C compile features - done
[0.289s] -- Detecting CXX compiler ABI info
[0.383s] -- Detecting CXX compiler ABI info - done
[0.394s] -- Check for working CXX compiler: /usr/bin/c++ - skipped
[0.394s] -- Detecting CXX compile features
[0.395s] -- Detecting CXX compile features - done
[0.398s] -- Found ament_cmake: 1.3.11 (/opt/ros/humble/share/ament_cmake/cmake)
[0.588s] -- Found Python3: /usr/bin/python3 (found version "3.10.12") found components: Interpreter 
[0.695s] -- Found rclcpp: 16.0.11 (/opt/ros/humble/share/rclcpp/cmake)
[0.759s] -- Found rosidl_generator_c: 3.1.6 (/opt/ros/humble/share/rosidl_generator_c/cmake)
[0.767s] -- Found rosidl_adapter: 3.1.6 (/opt/ros/humble/share/rosidl_adapter/cmake)
[0.776s] -- Found rosidl_generator_cpp: 3.1.6 (/opt/ros/humble/share/rosidl_generator_cpp/cmake)
[0.788s] -- Using all available rosidl_typesupport_c: rosidl_typesupport_fastrtps_c;rosidl_typesupport_introspection_c
[0.804s] -- Using all available rosidl_typesupport_cpp: rosidl_typesupport_fastrtps_cpp;rosidl_typesupport_introspection_cpp
[0.859s] -- Found rmw_implementation_cmake: 6.1.2 (/opt/ros/humble/share/rmw_implementation_cmake/cmake)
[0.861s] -- Found rmw_fastrtps_cpp: 6.2.7 (/opt/ros/humble/share/rmw_fastrtps_cpp/cmake)
[0.953s] -- Found OpenSSL: /usr/lib/x86_64-linux-gnu/libcrypto.so (found version "3.0.2")  
[0.981s] -- Found FastRTPS: /opt/ros/humble/include  
[1.024s] -- Using RMW implementation 'rmw_fastrtps_cpp' as default
[1.036s] -- Looking for pthread.h
[1.122s] -- Looking for pthread.h - found
[1.123s] -- Performing Test CMAKE_HAVE_LIBC_PTHREAD
[1.210s] -- Performing Test CMAKE_HAVE_LIBC_PTHREAD - Success
[1.211s] -- Found Threads: TRUE  
[1.282s] -- Found geometry_msgs: 4.2.4 (/opt/ros/humble/share/geometry_msgs/cmake)
[1.301s] -- Found turtlesim: 1.4.2 (/opt/ros/humble/share/turtlesim/cmake)
[1.374s] -- Found ament_lint_auto: 0.12.11 (/opt/ros/humble/share/ament_lint_auto/cmake)
[1.465s] -- Added test 'lint_cmake' to check CMake code style
[1.467s] -- Added test 'xmllint' to check XML markup files
[1.469s] -- Configuring done
[1.475s] -- Generating done
[1.478s] -- Build files have been written to: /home/admin/Documents/ROS2/C3_1/build/demo_cpp_topic
[1.489s] Invoked command in '/home/admin/Documents/ROS2/C3_1/build/demo_cpp_topic' returned '0': CMAKE_PREFIX_PATH=/home/admin/Documents/ROS2/C3_1/install/demo_python_topic:/opt/ros/humble /usr/bin/cmake /home/admin/Documents/ROS2/C3_1/learn_top/src/demo_cpp_topic -DCMAKE_INSTALL_PREFIX=/home/admin/Documents/ROS2/C3_1/install/demo_cpp_topic
[1.492s] Invoking command in '/home/admin/Documents/ROS2/C3_1/build/demo_cpp_topic': CMAKE_PREFIX_PATH=/home/admin/Documents/ROS2/C3_1/install/demo_python_topic:/opt/ros/humble /usr/bin/cmake --build /home/admin/Documents/ROS2/C3_1/build/demo_cpp_topic -- -j8 -l8
[1.541s] Invoked command in '/home/admin/Documents/ROS2/C3_1/build/demo_cpp_topic' returned '0': CMAKE_PREFIX_PATH=/home/admin/Documents/ROS2/C3_1/install/demo_python_topic:/opt/ros/humble /usr/bin/cmake --build /home/admin/Documents/ROS2/C3_1/build/demo_cpp_topic -- -j8 -l8
[1.550s] Invoking command in '/home/admin/Documents/ROS2/C3_1/build/demo_cpp_topic': CMAKE_PREFIX_PATH=/home/admin/Documents/ROS2/C3_1/install/demo_python_topic:/opt/ros/humble /usr/bin/cmake --install /home/admin/Documents/ROS2/C3_1/build/demo_cpp_topic
[1.557s] -- Install configuration: ""
[1.557s] -- Installing: /home/admin/Documents/ROS2/C3_1/install/demo_cpp_topic/share/ament_index/resource_index/package_run_dependencies/demo_cpp_topic
[1.558s] -- Installing: /home/admin/Documents/ROS2/C3_1/install/demo_cpp_topic/share/ament_index/resource_index/parent_prefix_path/demo_cpp_topic
[1.558s] -- Installing: /home/admin/Documents/ROS2/C3_1/install/demo_cpp_topic/share/demo_cpp_topic/environment/ament_prefix_path.sh
[1.558s] -- Installing: /home/admin/Documents/ROS2/C3_1/install/demo_cpp_topic/share/demo_cpp_topic/environment/ament_prefix_path.dsv
[1.558s] -- Installing: /home/admin/Documents/ROS2/C3_1/install/demo_cpp_topic/share/demo_cpp_topic/environment/path.sh
[1.558s] -- Installing: /home/admin/Documents/ROS2/C3_1/install/demo_cpp_topic/share/demo_cpp_topic/environment/path.dsv
[1.559s] -- Installing: /home/admin/Documents/ROS2/C3_1/install/demo_cpp_topic/share/demo_cpp_topic/local_setup.bash
[1.559s] -- Installing: /home/admin/Documents/ROS2/C3_1/install/demo_cpp_topic/share/demo_cpp_topic/local_setup.sh
[1.559s] -- Installing: /home/admin/Documents/ROS2/C3_1/install/demo_cpp_topic/share/demo_cpp_topic/local_setup.zsh
[1.559s] -- Installing: /home/admin/Documents/ROS2/C3_1/install/demo_cpp_topic/share/demo_cpp_topic/local_setup.dsv
[1.559s] -- Installing: /home/admin/Documents/ROS2/C3_1/install/demo_cpp_topic/share/demo_cpp_topic/package.dsv
[1.560s] -- Installing: /home/admin/Documents/ROS2/C3_1/install/demo_cpp_topic/share/ament_index/resource_index/packages/demo_cpp_topic
[1.560s] -- Installing: /home/admin/Documents/ROS2/C3_1/install/demo_cpp_topic/share/demo_cpp_topic/cmake/demo_cpp_topicConfig.cmake
[1.560s] -- Installing: /home/admin/Documents/ROS2/C3_1/install/demo_cpp_topic/share/demo_cpp_topic/cmake/demo_cpp_topicConfig-version.cmake
[1.560s] -- Installing: /home/admin/Documents/ROS2/C3_1/install/demo_cpp_topic/share/demo_cpp_topic/package.xml
[1.563s] Invoked command in '/home/admin/Documents/ROS2/C3_1/build/demo_cpp_topic' returned '0': CMAKE_PREFIX_PATH=/home/admin/Documents/ROS2/C3_1/install/demo_python_topic:/opt/ros/humble /usr/bin/cmake --install /home/admin/Documents/ROS2/C3_1/build/demo_cpp_topic
