[0.013s] Invoking command in '/home/admin/Documents/ROS2/C3_4/build/status_display': CMAKE_PREFIX_PATH=/home/admin/Documents/ROS2/C3_4/install/status_interfaces:/home/admin/Documents/ROS2/C3_4/install/status_display:/home/admin/Documents/ROS2/C3_4/install/status_publisher:/opt/ros/humble /usr/bin/cmake --build /home/admin/Documents/ROS2/C3_4/build/status_display -- -j8 -l8
[0.047s] -- Found ament_cmake: 1.3.11 (/opt/ros/humble/share/ament_cmake/cmake)
[0.212s] -- Found rclcpp: 16.0.11 (/opt/ros/humble/share/rclcpp/cmake)
[0.252s] -- Found rosidl_generator_c: 3.1.6 (/opt/ros/humble/share/rosidl_generator_c/cmake)
[0.255s] -- Found rosidl_adapter: 3.1.6 (/opt/ros/humble/share/rosidl_adapter/cmake)
[0.262s] -- Found rosidl_generator_cpp: 3.1.6 (/opt/ros/humble/share/rosidl_generator_cpp/cmake)
[0.273s] -- Using all available rosidl_typesupport_c: rosidl_typesupport_fastrtps_c;rosidl_typesupport_introspection_c
[0.290s] -- Using all available rosidl_typesupport_cpp: rosidl_typesupport_fastrtps_cpp;rosidl_typesupport_introspection_cpp
[0.335s] -- Found rmw_implementation_cmake: 6.1.2 (/opt/ros/humble/share/rmw_implementation_cmake/cmake)
[0.336s] -- Found rmw_fastrtps_cpp: 6.2.7 (/opt/ros/humble/share/rmw_fastrtps_cpp/cmake)
[0.463s] -- Using RMW implementation 'rmw_fastrtps_cpp' as default
[0.532s] -- Found status_interfaces: 0.0.0 (/home/admin/Documents/ROS2/C3_4/install/status_interfaces/share/status_interfaces/cmake)
[0.554s] -- Found ament_lint_auto: 0.12.11 (/opt/ros/humble/share/ament_lint_auto/cmake)
[0.642s] -- Added test 'cppcheck' to perform static code analysis on C / C++ code
[0.642s] -- Configured cppcheck include dirs: 
[0.642s] -- Configured cppcheck exclude dirs and/or files: 
[0.642s] -- Added test 'lint_cmake' to check CMake code style
[0.643s] -- Added test 'uncrustify' to check C / C++ code style
[0.643s] -- Configured uncrustify additional arguments: 
[0.643s] -- Added test 'xmllint' to check XML markup files
[0.644s] -- Configuring done
[0.664s] -- Generating done
[0.669s] -- Build files have been written to: /home/admin/Documents/ROS2/C3_4/build/status_display
[0.712s] [35m[1mConsolidate compiler generated dependencies of target hello_qt[0m
[0.723s] [ 25%] [32mBuilding CXX object CMakeFiles/sys_status_display.dir/src/sys_status_display.cpp.o[0m
[0.733s] [ 50%] [32mBuilding CXX object CMakeFiles/hello_qt.dir/src/hello_qt.cpp.o[0m
[2.113s] [ 75%] [32m[1mLinking CXX executable hello_qt[0m
[2.677s] [ 75%] Built target hello_qt
[11.682s] [100%] [32m[1mLinking CXX executable sys_status_display[0m
[12.634s] [100%] Built target sys_status_display
[12.645s] Invoked command in '/home/admin/Documents/ROS2/C3_4/build/status_display' returned '0': CMAKE_PREFIX_PATH=/home/admin/Documents/ROS2/C3_4/install/status_interfaces:/home/admin/Documents/ROS2/C3_4/install/status_display:/home/admin/Documents/ROS2/C3_4/install/status_publisher:/opt/ros/humble /usr/bin/cmake --build /home/admin/Documents/ROS2/C3_4/build/status_display -- -j8 -l8
[12.647s] Invoking command in '/home/admin/Documents/ROS2/C3_4/build/status_display': CMAKE_PREFIX_PATH=/home/admin/Documents/ROS2/C3_4/install/status_interfaces:/home/admin/Documents/ROS2/C3_4/install/status_display:/home/admin/Documents/ROS2/C3_4/install/status_publisher:/opt/ros/humble /usr/bin/cmake --install /home/admin/Documents/ROS2/C3_4/build/status_display
[12.654s] -- Install configuration: ""
[12.655s] -- Installing: /home/admin/Documents/ROS2/C3_4/install/status_display/lib/status_display/hello_qt
[12.655s] -- Set runtime path of "/home/admin/Documents/ROS2/C3_4/install/status_display/lib/status_display/hello_qt" to ""
[12.655s] -- Installing: /home/admin/Documents/ROS2/C3_4/install/status_display/lib/status_display/sys_status_display
[12.660s] -- Set runtime path of "/home/admin/Documents/ROS2/C3_4/install/status_display/lib/status_display/sys_status_display" to ""
[12.660s] -- Up-to-date: /home/admin/Documents/ROS2/C3_4/install/status_display/share/ament_index/resource_index/package_run_dependencies/status_display
[12.660s] -- Installing: /home/admin/Documents/ROS2/C3_4/install/status_display/share/ament_index/resource_index/parent_prefix_path/status_display
[12.660s] -- Up-to-date: /home/admin/Documents/ROS2/C3_4/install/status_display/share/status_display/environment/ament_prefix_path.sh
[12.660s] -- Installing: /home/admin/Documents/ROS2/C3_4/install/status_display/share/status_display/environment/ament_prefix_path.dsv
[12.660s] -- Up-to-date: /home/admin/Documents/ROS2/C3_4/install/status_display/share/status_display/environment/path.sh
[12.660s] -- Installing: /home/admin/Documents/ROS2/C3_4/install/status_display/share/status_display/environment/path.dsv
[12.661s] -- Up-to-date: /home/admin/Documents/ROS2/C3_4/install/status_display/share/status_display/local_setup.bash
[12.661s] -- Up-to-date: /home/admin/Documents/ROS2/C3_4/install/status_display/share/status_display/local_setup.sh
[12.661s] -- Up-to-date: /home/admin/Documents/ROS2/C3_4/install/status_display/share/status_display/local_setup.zsh
[12.661s] -- Installing: /home/admin/Documents/ROS2/C3_4/install/status_display/share/status_display/local_setup.dsv
[12.661s] -- Installing: /home/admin/Documents/ROS2/C3_4/install/status_display/share/status_display/package.dsv
[12.661s] -- Up-to-date: /home/admin/Documents/ROS2/C3_4/install/status_display/share/ament_index/resource_index/packages/status_display
[12.661s] -- Up-to-date: /home/admin/Documents/ROS2/C3_4/install/status_display/share/status_display/cmake/status_displayConfig.cmake
[12.661s] -- Up-to-date: /home/admin/Documents/ROS2/C3_4/install/status_display/share/status_display/cmake/status_displayConfig-version.cmake
[12.661s] -- Up-to-date: /home/admin/Documents/ROS2/C3_4/install/status_display/share/status_display/package.xml
[12.663s] Invoked command in '/home/admin/Documents/ROS2/C3_4/build/status_display' returned '0': CMAKE_PREFIX_PATH=/home/admin/Documents/ROS2/C3_4/install/status_interfaces:/home/admin/Documents/ROS2/C3_4/install/status_display:/home/admin/Documents/ROS2/C3_4/install/status_publisher:/opt/ros/humble /usr/bin/cmake --install /home/admin/Documents/ROS2/C3_4/build/status_display
