/home/admin/Documents/ROS2/C5_1/install/demo_python_tf/lib/python3.10/site-packages/demo_python_tf/dynamic_tf_boardcaster.py
/home/admin/Documents/ROS2/C5_1/install/demo_python_tf/lib/python3.10/site-packages/demo_python_tf/__init__.py
/home/admin/Documents/ROS2/C5_1/install/demo_python_tf/lib/python3.10/site-packages/demo_python_tf/static_tf_boardcaster.py
/home/admin/Documents/ROS2/C5_1/install/demo_python_tf/lib/python3.10/site-packages/demo_python_tf/tf_listerner.py
/home/admin/Documents/ROS2/C5_1/install/demo_python_tf/lib/python3.10/site-packages/demo_python_tf/__pycache__/dynamic_tf_boardcaster.cpython-310.pyc
/home/admin/Documents/ROS2/C5_1/install/demo_python_tf/lib/python3.10/site-packages/demo_python_tf/__pycache__/__init__.cpython-310.pyc
/home/admin/Documents/ROS2/C5_1/install/demo_python_tf/lib/python3.10/site-packages/demo_python_tf/__pycache__/static_tf_boardcaster.cpython-310.pyc
/home/admin/Documents/ROS2/C5_1/install/demo_python_tf/lib/python3.10/site-packages/demo_python_tf/__pycache__/tf_listerner.cpython-310.pyc
/home/admin/Documents/ROS2/C5_1/install/demo_python_tf/share/ament_index/resource_index/packages/demo_python_tf
/home/admin/Documents/ROS2/C5_1/install/demo_python_tf/share/demo_python_tf/package.xml
/home/admin/Documents/ROS2/C5_1/install/demo_python_tf/lib/python3.10/site-packages/demo_python_tf-0.0.0-py3.10.egg-info/entry_points.txt
/home/admin/Documents/ROS2/C5_1/install/demo_python_tf/lib/python3.10/site-packages/demo_python_tf-0.0.0-py3.10.egg-info/zip-safe
/home/admin/Documents/ROS2/C5_1/install/demo_python_tf/lib/python3.10/site-packages/demo_python_tf-0.0.0-py3.10.egg-info/dependency_links.txt
/home/admin/Documents/ROS2/C5_1/install/demo_python_tf/lib/python3.10/site-packages/demo_python_tf-0.0.0-py3.10.egg-info/SOURCES.txt
/home/admin/Documents/ROS2/C5_1/install/demo_python_tf/lib/python3.10/site-packages/demo_python_tf-0.0.0-py3.10.egg-info/requires.txt
/home/admin/Documents/ROS2/C5_1/install/demo_python_tf/lib/python3.10/site-packages/demo_python_tf-0.0.0-py3.10.egg-info/top_level.txt
/home/admin/Documents/ROS2/C5_1/install/demo_python_tf/lib/python3.10/site-packages/demo_python_tf-0.0.0-py3.10.egg-info/PKG-INFO
/home/admin/Documents/ROS2/C5_1/install/demo_python_tf/lib/demo_python_tf/dynamic_tf_broadcaster
/home/admin/Documents/ROS2/C5_1/install/demo_python_tf/lib/demo_python_tf/static_tf_broadcaster
/home/admin/Documents/ROS2/C5_1/install/demo_python_tf/lib/demo_python_tf/tf_listerner
