[0.766s] Invoking command in '/home/admin/Documents/ROS2/C3_1/learn_top/src/demo_python_topic': PYTHONPATH=/home/admin/Documents/ROS2/C3_1/build/demo_python_topic/prefix_override:/usr/lib/python3/dist-packages/colcon_core/task/python/colcon_distutils_commands:/home/admin/Documents/ROS2/C3_1/install/demo_python_topic/lib/python3.10/site-packages:${PYTHONPATH} /usr/bin/python3 -W ignore:setup.py install is deprecated -W ignore:easy_install command is deprecated setup.py egg_info --egg-base ../../../build/demo_python_topic build --build-base /home/admin/Documents/ROS2/C3_1/build/demo_python_topic/build install --record /home/admin/Documents/ROS2/C3_1/build/demo_python_topic/install.log --single-version-externally-managed install_data
[1.049s] running egg_info
[1.050s] writing ../../../build/demo_python_topic/demo_python_topic.egg-info/PKG-INFO
[1.050s] writing dependency_links to ../../../build/demo_python_topic/demo_python_topic.egg-info/dependency_links.txt
[1.050s] writing entry points to ../../../build/demo_python_topic/demo_python_topic.egg-info/entry_points.txt
[1.050s] writing requirements to ../../../build/demo_python_topic/demo_python_topic.egg-info/requires.txt
[1.050s] writing top-level names to ../../../build/demo_python_topic/demo_python_topic.egg-info/top_level.txt
[1.052s] reading manifest file '../../../build/demo_python_topic/demo_python_topic.egg-info/SOURCES.txt'
[1.053s] adding license file 'LICENSE'
[1.053s] writing manifest file '../../../build/demo_python_topic/demo_python_topic.egg-info/SOURCES.txt'
[1.054s] running build
[1.054s] running build_py
[1.054s] copying demo_python_topic/novel_pub_node.py -> /home/admin/Documents/ROS2/C3_1/build/demo_python_topic/build/lib/demo_python_topic
[1.054s] running install
[1.055s] running install_lib
[1.055s] copying /home/admin/Documents/ROS2/C3_1/build/demo_python_topic/build/lib/demo_python_topic/novel_pub_node.py -> /home/admin/Documents/ROS2/C3_1/install/demo_python_topic/lib/python3.10/site-packages/demo_python_topic
[1.057s] byte-compiling /home/admin/Documents/ROS2/C3_1/install/demo_python_topic/lib/python3.10/site-packages/demo_python_topic/novel_pub_node.py to novel_pub_node.cpython-310.pyc
[1.057s] running install_data
[1.057s] running install_egg_info
[1.059s] removing '/home/admin/Documents/ROS2/C3_1/install/demo_python_topic/lib/python3.10/site-packages/demo_python_topic-0.0.0-py3.10.egg-info' (and everything under it)
[1.059s] Copying ../../../build/demo_python_topic/demo_python_topic.egg-info to /home/admin/Documents/ROS2/C3_1/install/demo_python_topic/lib/python3.10/site-packages/demo_python_topic-0.0.0-py3.10.egg-info
[1.060s] running install_scripts
[1.081s] Installing novel_pub_node script to /home/admin/Documents/ROS2/C3_1/install/demo_python_topic/lib/demo_python_topic
[1.082s] writing list of installed files to '/home/admin/Documents/ROS2/C3_1/build/demo_python_topic/install.log'
[1.106s] Invoked command in '/home/admin/Documents/ROS2/C3_1/learn_top/src/demo_python_topic' returned '0': PYTHONPATH=/home/admin/Documents/ROS2/C3_1/build/demo_python_topic/prefix_override:/usr/lib/python3/dist-packages/colcon_core/task/python/colcon_distutils_commands:/home/admin/Documents/ROS2/C3_1/install/demo_python_topic/lib/python3.10/site-packages:${PYTHONPATH} /usr/bin/python3 -W ignore:setup.py install is deprecated -W ignore:easy_install command is deprecated setup.py egg_info --egg-base ../../../build/demo_python_topic build --build-base /home/admin/Documents/ROS2/C3_1/build/demo_python_topic/build install --record /home/admin/Documents/ROS2/C3_1/build/demo_python_topic/install.log --single-version-externally-managed install_data
