[0.014s] Invoking command in '/home/admin/Documents/ROS2/C2_3/build/demo_cpp': CMAKE_PREFIX_PATH=${CMAKE_PREFIX_PATH}:/home/admin/Documents/ROS2/C2_3/install/demo_python_pkg:/opt/ros/humble /usr/bin/cmake --build /home/admin/Documents/ROS2/C2_3/build/demo_cpp -- -j8 -l8
[0.048s] -- Found ament_cmake: 1.3.11 (/opt/ros/humble/share/ament_cmake/cmake)
[0.203s] -- Found rclcpp: 16.0.11 (/opt/ros/humble/share/rclcpp/cmake)
[0.236s] -- Found rosidl_generator_c: 3.1.6 (/opt/ros/humble/share/rosidl_generator_c/cmake)
[0.239s] -- Found rosidl_adapter: 3.1.6 (/opt/ros/humble/share/rosidl_adapter/cmake)
[0.249s] -- Found rosidl_generator_cpp: 3.1.6 (/opt/ros/humble/share/rosidl_generator_cpp/cmake)
[0.261s] -- Using all available rosidl_typesupport_c: rosidl_typesupport_fastrtps_c;rosidl_typesupport_introspection_c
[0.276s] -- Using all available rosidl_typesupport_cpp: rosidl_typesupport_fastrtps_cpp;rosidl_typesupport_introspection_cpp
[0.311s] -- Found rmw_implementation_cmake: 6.1.2 (/opt/ros/humble/share/rmw_implementation_cmake/cmake)
[0.313s] -- Found rmw_fastrtps_cpp: 6.2.7 (/opt/ros/humble/share/rmw_fastrtps_cpp/cmake)
[0.483s] -- Using RMW implementation 'rmw_fastrtps_cpp' as default
[0.544s] -- Found ament_lint_auto: 0.12.11 (/opt/ros/humble/share/ament_lint_auto/cmake)
[0.637s] -- Added test 'cppcheck' to perform static code analysis on C / C++ code
[0.638s] -- Configured cppcheck include dirs: 
[0.638s] -- Configured cppcheck exclude dirs and/or files: 
[0.640s] -- Added test 'lint_cmake' to check CMake code style
[0.647s] -- Added test 'uncrustify' to check C / C++ code style
[0.647s] -- Configured uncrustify additional arguments: 
[0.648s] -- Added test 'xmllint' to check XML markup files
[0.648s] -- Configuring done
[0.664s] -- Generating done
[0.671s] -- Build files have been written to: /home/admin/Documents/ROS2/C2_3/build/demo_cpp
[0.699s] [35m[1mConsolidate compiler generated dependencies of target cpp_node[0m
[0.701s] [35m[1mConsolidate compiler generated dependencies of target learn_auto[0m
[0.702s] [35m[1mConsolidate compiler generated dependencies of target learn_shared_ptr[0m
[0.702s] [35m[1mConsolidate compiler generated dependencies of target person_node[0m
[0.719s] [ 10%] [32mBuilding CXX object CMakeFiles/learn_lamda.dir/src/learn_lamda.cpp.o[0m
[0.753s] [ 30%] Built target learn_shared_ptr
[0.756s] [ 50%] Built target cpp_node
[0.756s] [ 70%] Built target learn_auto
[0.762s] [ 90%] Built target person_node
[1.206s] [100%] [32m[1mLinking CXX executable learn_lamda[0m
[1.301s] [100%] Built target learn_lamda
[1.315s] Invoked command in '/home/admin/Documents/ROS2/C2_3/build/demo_cpp' returned '0': CMAKE_PREFIX_PATH=${CMAKE_PREFIX_PATH}:/home/admin/Documents/ROS2/C2_3/install/demo_python_pkg:/opt/ros/humble /usr/bin/cmake --build /home/admin/Documents/ROS2/C2_3/build/demo_cpp -- -j8 -l8
[1.328s] Invoking command in '/home/admin/Documents/ROS2/C2_3/build/demo_cpp': CMAKE_PREFIX_PATH=${CMAKE_PREFIX_PATH}:/home/admin/Documents/ROS2/C2_3/install/demo_python_pkg:/opt/ros/humble /usr/bin/cmake --install /home/admin/Documents/ROS2/C2_3/build/demo_cpp
[1.335s] -- Install configuration: ""
[1.337s] -- Up-to-date: /home/admin/Documents/ROS2/C2_3/install/demo_cpp/lib/demo_cpp/cpp_node
[1.338s] -- Up-to-date: /home/admin/Documents/ROS2/C2_3/install/demo_cpp/lib/demo_cpp/person_node
[1.338s] -- Up-to-date: /home/admin/Documents/ROS2/C2_3/install/demo_cpp/lib/demo_cpp/learn_auto
[1.338s] -- Up-to-date: /home/admin/Documents/ROS2/C2_3/install/demo_cpp/lib/demo_cpp/learn_shared_ptr
[1.338s] -- Installing: /home/admin/Documents/ROS2/C2_3/install/demo_cpp/lib/demo_cpp/learn_lamda
[1.338s] -- Up-to-date: /home/admin/Documents/ROS2/C2_3/install/demo_cpp/share/ament_index/resource_index/package_run_dependencies/demo_cpp
[1.338s] -- Up-to-date: /home/admin/Documents/ROS2/C2_3/install/demo_cpp/share/ament_index/resource_index/parent_prefix_path/demo_cpp
[1.338s] -- Up-to-date: /home/admin/Documents/ROS2/C2_3/install/demo_cpp/share/demo_cpp/environment/ament_prefix_path.sh
[1.338s] -- Installing: /home/admin/Documents/ROS2/C2_3/install/demo_cpp/share/demo_cpp/environment/ament_prefix_path.dsv
[1.339s] -- Up-to-date: /home/admin/Documents/ROS2/C2_3/install/demo_cpp/share/demo_cpp/environment/path.sh
[1.339s] -- Installing: /home/admin/Documents/ROS2/C2_3/install/demo_cpp/share/demo_cpp/environment/path.dsv
[1.341s] -- Up-to-date: /home/admin/Documents/ROS2/C2_3/install/demo_cpp/share/demo_cpp/local_setup.bash
[1.341s] -- Up-to-date: /home/admin/Documents/ROS2/C2_3/install/demo_cpp/share/demo_cpp/local_setup.sh
[1.341s] -- Up-to-date: /home/admin/Documents/ROS2/C2_3/install/demo_cpp/share/demo_cpp/local_setup.zsh
[1.341s] -- Installing: /home/admin/Documents/ROS2/C2_3/install/demo_cpp/share/demo_cpp/local_setup.dsv
[1.342s] -- Installing: /home/admin/Documents/ROS2/C2_3/install/demo_cpp/share/demo_cpp/package.dsv
[1.342s] -- Up-to-date: /home/admin/Documents/ROS2/C2_3/install/demo_cpp/share/ament_index/resource_index/packages/demo_cpp
[1.342s] -- Up-to-date: /home/admin/Documents/ROS2/C2_3/install/demo_cpp/share/demo_cpp/cmake/demo_cppConfig.cmake
[1.342s] -- Up-to-date: /home/admin/Documents/ROS2/C2_3/install/demo_cpp/share/demo_cpp/cmake/demo_cppConfig-version.cmake
[1.342s] -- Up-to-date: /home/admin/Documents/ROS2/C2_3/install/demo_cpp/share/demo_cpp/package.xml
[1.344s] Invoked command in '/home/admin/Documents/ROS2/C2_3/build/demo_cpp' returned '0': CMAKE_PREFIX_PATH=${CMAKE_PREFIX_PATH}:/home/admin/Documents/ROS2/C2_3/install/demo_python_pkg:/opt/ros/humble /usr/bin/cmake --install /home/admin/Documents/ROS2/C2_3/build/demo_cpp
