[0.728s] Invoking command in '/home/admin/Documents/ROS2/C3_4/src/status_publisher': AMENT_PREFIX_PATH=/home/admin/Documents/ROS2/C3_4/install/status_interfaces:${AMENT_PREFIX_PATH} CMAKE_PREFIX_PATH=/home/admin/Documents/ROS2/C3_4/install/status_interfaces LD_LIBRARY_PATH=/home/admin/Documents/ROS2/C3_4/install/status_interfaces/lib:${LD_LIBRARY_PATH} PYTHONPATH=/home/admin/Documents/ROS2/C3_4/build/status_publisher/prefix_override:/usr/lib/python3/dist-packages/colcon_core/task/python/colcon_distutils_commands:/home/admin/Documents/ROS2/C3_4/install/status_publisher/lib/python3.10/site-packages:/home/admin/Documents/ROS2/C3_4/install/status_interfaces/local/lib/python3.10/dist-packages:${PYTHONPATH} /usr/bin/python3 -W ignore:setup.py install is deprecated -W ignore:easy_install command is deprecated setup.py egg_info --egg-base ../../build/status_publisher build --build-base /home/admin/Documents/ROS2/C3_4/build/status_publisher/build install --record /home/admin/Documents/ROS2/C3_4/build/status_publisher/install.log --single-version-externally-managed install_data
[0.994s] running egg_info
[0.994s] creating ../../build/status_publisher/status_publisher.egg-info
[0.994s] writing ../../build/status_publisher/status_publisher.egg-info/PKG-INFO
[0.995s] writing dependency_links to ../../build/status_publisher/status_publisher.egg-info/dependency_links.txt
[0.995s] writing entry points to ../../build/status_publisher/status_publisher.egg-info/entry_points.txt
[0.995s] writing requirements to ../../build/status_publisher/status_publisher.egg-info/requires.txt
[0.995s] writing top-level names to ../../build/status_publisher/status_publisher.egg-info/top_level.txt
[0.995s] writing manifest file '../../build/status_publisher/status_publisher.egg-info/SOURCES.txt'
[0.997s] reading manifest file '../../build/status_publisher/status_publisher.egg-info/SOURCES.txt'
[0.997s] adding license file 'LICENSE'
[0.998s] writing manifest file '../../build/status_publisher/status_publisher.egg-info/SOURCES.txt'
[0.998s] running build
[0.998s] running build_py
[0.998s] creating /home/admin/Documents/ROS2/C3_4/build/status_publisher/build
[0.998s] creating /home/admin/Documents/ROS2/C3_4/build/status_publisher/build/lib
[0.998s] creating /home/admin/Documents/ROS2/C3_4/build/status_publisher/build/lib/status_publisher
[0.998s] copying status_publisher/__init__.py -> /home/admin/Documents/ROS2/C3_4/build/status_publisher/build/lib/status_publisher
[0.998s] copying status_publisher/sys_status_pub.py -> /home/admin/Documents/ROS2/C3_4/build/status_publisher/build/lib/status_publisher
[0.998s] running install
[0.999s] running install_lib
[0.999s] creating /home/admin/Documents/ROS2/C3_4/install/status_publisher/lib/python3.10/site-packages/status_publisher
[0.999s] copying /home/admin/Documents/ROS2/C3_4/build/status_publisher/build/lib/status_publisher/__init__.py -> /home/admin/Documents/ROS2/C3_4/install/status_publisher/lib/python3.10/site-packages/status_publisher
[1.000s] copying /home/admin/Documents/ROS2/C3_4/build/status_publisher/build/lib/status_publisher/sys_status_pub.py -> /home/admin/Documents/ROS2/C3_4/install/status_publisher/lib/python3.10/site-packages/status_publisher
[1.000s] byte-compiling /home/admin/Documents/ROS2/C3_4/install/status_publisher/lib/python3.10/site-packages/status_publisher/__init__.py to __init__.cpython-310.pyc
[1.000s] byte-compiling /home/admin/Documents/ROS2/C3_4/install/status_publisher/lib/python3.10/site-packages/status_publisher/sys_status_pub.py to sys_status_pub.cpython-310.pyc
[1.001s] running install_data
[1.001s] creating /home/admin/Documents/ROS2/C3_4/install/status_publisher/share/ament_index
[1.001s] creating /home/admin/Documents/ROS2/C3_4/install/status_publisher/share/ament_index/resource_index
[1.001s] creating /home/admin/Documents/ROS2/C3_4/install/status_publisher/share/ament_index/resource_index/packages
[1.001s] copying resource/status_publisher -> /home/admin/Documents/ROS2/C3_4/install/status_publisher/share/ament_index/resource_index/packages
[1.001s] copying package.xml -> /home/admin/Documents/ROS2/C3_4/install/status_publisher/share/status_publisher
[1.001s] running install_egg_info
[1.003s] Copying ../../build/status_publisher/status_publisher.egg-info to /home/admin/Documents/ROS2/C3_4/install/status_publisher/lib/python3.10/site-packages/status_publisher-0.0.0-py3.10.egg-info
[1.004s] running install_scripts
[1.025s] Installing sys_status_pub script to /home/admin/Documents/ROS2/C3_4/install/status_publisher/lib/status_publisher
[1.026s] writing list of installed files to '/home/admin/Documents/ROS2/C3_4/build/status_publisher/install.log'
[1.049s] Invoked command in '/home/admin/Documents/ROS2/C3_4/src/status_publisher' returned '0': AMENT_PREFIX_PATH=/home/admin/Documents/ROS2/C3_4/install/status_interfaces:${AMENT_PREFIX_PATH} CMAKE_PREFIX_PATH=/home/admin/Documents/ROS2/C3_4/install/status_interfaces LD_LIBRARY_PATH=/home/admin/Documents/ROS2/C3_4/install/status_interfaces/lib:${LD_LIBRARY_PATH} PYTHONPATH=/home/admin/Documents/ROS2/C3_4/build/status_publisher/prefix_override:/usr/lib/python3/dist-packages/colcon_core/task/python/colcon_distutils_commands:/home/admin/Documents/ROS2/C3_4/install/status_publisher/lib/python3.10/site-packages:/home/admin/Documents/ROS2/C3_4/install/status_interfaces/local/lib/python3.10/dist-packages:${PYTHONPATH} /usr/bin/python3 -W ignore:setup.py install is deprecated -W ignore:easy_install command is deprecated setup.py egg_info --egg-base ../../build/status_publisher build --build-base /home/admin/Documents/ROS2/C3_4/build/status_publisher/build install --record /home/admin/Documents/ROS2/C3_4/build/status_publisher/install.log --single-version-externally-managed install_data
