[0.017s] Invoking command in '/home/admin/Documents/ROS2/C3_4/build/status_display': CMAKE_PREFIX_PATH=${CMAKE_PREFIX_PATH}:/home/admin/Documents/ROS2/C3_4/install/status_publisher:/opt/ros/humble /usr/bin/cmake /home/admin/Documents/ROS2/C3_4/src/status_display -DCMAKE_INSTALL_PREFIX=/home/admin/Documents/ROS2/C3_4/install/status_display
[0.092s] -- The C compiler identification is GNU 11.4.0
[0.201s] -- The CXX compiler identification is GNU 11.4.0
[0.221s] -- Detecting C compiler ABI info
[0.377s] -- Detecting C compiler ABI info - done
[0.390s] -- Check for working C compiler: /usr/bin/cc - skipped
[0.391s] -- Detecting C compile features
[0.391s] -- Detecting C compile features - done
[0.394s] -- Detecting CXX compiler ABI info
[0.508s] -- Detecting CXX compiler ABI info - done
[0.517s] -- Check for working CXX compiler: /usr/bin/c++ - skipped
[0.517s] -- Detecting CXX compile features
[0.518s] -- Detecting CXX compile features - done
[0.526s] -- Found ament_cmake: 1.3.11 (/opt/ros/humble/share/ament_cmake/cmake)
[0.730s] -- Found Python3: /usr/bin/python3 (found version "3.10.12") found components: Interpreter 
[0.835s] -- Found rclcpp: 16.0.11 (/opt/ros/humble/share/rclcpp/cmake)
[0.886s] -- Found rosidl_generator_c: 3.1.6 (/opt/ros/humble/share/rosidl_generator_c/cmake)
[0.895s] -- Found rosidl_adapter: 3.1.6 (/opt/ros/humble/share/rosidl_adapter/cmake)
[0.903s] -- Found rosidl_generator_cpp: 3.1.6 (/opt/ros/humble/share/rosidl_generator_cpp/cmake)
[0.916s] -- Using all available rosidl_typesupport_c: rosidl_typesupport_fastrtps_c;rosidl_typesupport_introspection_c
[0.944s] -- Using all available rosidl_typesupport_cpp: rosidl_typesupport_fastrtps_cpp;rosidl_typesupport_introspection_cpp
[1.004s] -- Found rmw_implementation_cmake: 6.1.2 (/opt/ros/humble/share/rmw_implementation_cmake/cmake)
[1.007s] -- Found rmw_fastrtps_cpp: 6.2.7 (/opt/ros/humble/share/rmw_fastrtps_cpp/cmake)
[1.107s] -- Found OpenSSL: /usr/lib/x86_64-linux-gnu/libcrypto.so (found version "3.0.2")  
[1.143s] -- Found FastRTPS: /opt/ros/humble/include  
[1.196s] -- Using RMW implementation 'rmw_fastrtps_cpp' as default
[1.204s] -- Looking for pthread.h
[1.303s] -- Looking for pthread.h - found
[1.303s] -- Performing Test CMAKE_HAVE_LIBC_PTHREAD
[1.407s] -- Performing Test CMAKE_HAVE_LIBC_PTHREAD - Success
[1.408s] -- Found Threads: TRUE  
[1.480s] -- Found status_interfaces: 0.0.0 (/home/admin/Documents/ROS2/C3_4/install/status_interfaces/share/status_interfaces/cmake)
[1.519s] -- Found ament_lint_auto: 0.12.11 (/opt/ros/humble/share/ament_lint_auto/cmake)
[1.630s] -- Added test 'cppcheck' to perform static code analysis on C / C++ code
[1.630s] -- Configured cppcheck include dirs: 
[1.630s] -- Configured cppcheck exclude dirs and/or files: 
[1.631s] -- Added test 'lint_cmake' to check CMake code style
[1.633s] -- Added test 'uncrustify' to check C / C++ code style
[1.633s] -- Configured uncrustify additional arguments: 
[1.634s] -- Added test 'xmllint' to check XML markup files
[1.638s] -- Configuring done
[1.645s] [31mCMake Error at CMakeLists.txt:14 (add_executable):
[1.646s]   Target "hello_qt" links to target "status_interfaces::status_interfaces"
[1.646s]   but the target was not found.  Perhaps a find_package() call is missing for
[1.646s]   an IMPORTED target, or an ALIAS target is missing?
[1.646s] 
[1.646s] [0m
[1.654s] -- Generating done
[1.656s] [0mCMake Generate step failed.  Build files cannot be regenerated correctly.[0m
[1.670s] Invoked command in '/home/admin/Documents/ROS2/C3_4/build/status_display' returned '1': CMAKE_PREFIX_PATH=${CMAKE_PREFIX_PATH}:/home/admin/Documents/ROS2/C3_4/install/status_publisher:/opt/ros/humble /usr/bin/cmake /home/admin/Documents/ROS2/C3_4/src/status_display -DCMAKE_INSTALL_PREFIX=/home/admin/Documents/ROS2/C3_4/install/status_display
