[0.663s] Invoking command in '/home/admin/Documents/ROS2/C3_1/learn_top/src/demo_python_topic': PYTHONPATH=/home/admin/Documents/ROS2/C3_1/build/demo_python_topic/prefix_override:/usr/lib/python3/dist-packages/colcon_core/task/python/colcon_distutils_commands:/home/admin/Documents/ROS2/C3_1/install/demo_python_topic/lib/python3.10/site-packages:${PYTHONPATH} /usr/bin/python3 -W ignore:setup.py install is deprecated -W ignore:easy_install command is deprecated setup.py egg_info --egg-base ../../../build/demo_python_topic build --build-base /home/admin/Documents/ROS2/C3_1/build/demo_python_topic/build install --record /home/admin/Documents/ROS2/C3_1/build/demo_python_topic/install.log --single-version-externally-managed install_data
[0.958s] running egg_info
[0.958s] writing ../../../build/demo_python_topic/demo_python_topic.egg-info/PKG-INFO
[0.959s] writing dependency_links to ../../../build/demo_python_topic/demo_python_topic.egg-info/dependency_links.txt
[0.959s] writing entry points to ../../../build/demo_python_topic/demo_python_topic.egg-info/entry_points.txt
[0.959s] writing requirements to ../../../build/demo_python_topic/demo_python_topic.egg-info/requires.txt
[0.959s] writing top-level names to ../../../build/demo_python_topic/demo_python_topic.egg-info/top_level.txt
[0.961s] reading manifest file '../../../build/demo_python_topic/demo_python_topic.egg-info/SOURCES.txt'
[0.961s] adding license file 'LICENSE'
[0.962s] writing manifest file '../../../build/demo_python_topic/demo_python_topic.egg-info/SOURCES.txt'
[0.962s] running build
[0.962s] running build_py
[0.962s] copying demo_python_topic/novel_pub_node.py -> /home/admin/Documents/ROS2/C3_1/build/demo_python_topic/build/lib/demo_python_topic
[0.962s] running install
[0.963s] running install_lib
[0.963s] copying /home/admin/Documents/ROS2/C3_1/build/demo_python_topic/build/lib/demo_python_topic/novel_pub_node.py -> /home/admin/Documents/ROS2/C3_1/install/demo_python_topic/lib/python3.10/site-packages/demo_python_topic
[0.964s] byte-compiling /home/admin/Documents/ROS2/C3_1/install/demo_python_topic/lib/python3.10/site-packages/demo_python_topic/novel_pub_node.py to novel_pub_node.cpython-310.pyc
[0.964s] running install_data
[0.964s] running install_egg_info
[0.966s] removing '/home/admin/Documents/ROS2/C3_1/install/demo_python_topic/lib/python3.10/site-packages/demo_python_topic-0.0.0-py3.10.egg-info' (and everything under it)
[0.966s] Copying ../../../build/demo_python_topic/demo_python_topic.egg-info to /home/admin/Documents/ROS2/C3_1/install/demo_python_topic/lib/python3.10/site-packages/demo_python_topic-0.0.0-py3.10.egg-info
[0.967s] running install_scripts
[0.989s] Installing novel_pub_node script to /home/admin/Documents/ROS2/C3_1/install/demo_python_topic/lib/demo_python_topic
[0.989s] writing list of installed files to '/home/admin/Documents/ROS2/C3_1/build/demo_python_topic/install.log'
[1.016s] Invoked command in '/home/admin/Documents/ROS2/C3_1/learn_top/src/demo_python_topic' returned '0': PYTHONPATH=/home/admin/Documents/ROS2/C3_1/build/demo_python_topic/prefix_override:/usr/lib/python3/dist-packages/colcon_core/task/python/colcon_distutils_commands:/home/admin/Documents/ROS2/C3_1/install/demo_python_topic/lib/python3.10/site-packages:${PYTHONPATH} /usr/bin/python3 -W ignore:setup.py install is deprecated -W ignore:easy_install command is deprecated setup.py egg_info --egg-base ../../../build/demo_python_topic build --build-base /home/admin/Documents/ROS2/C3_1/build/demo_python_topic/build install --record /home/admin/Documents/ROS2/C3_1/build/demo_python_topic/install.log --single-version-externally-managed install_data
