[0.021s] Invoking command in '/home/admin/Documents/ROS2/C2_2/build/demo_cpp': CMAKE_PREFIX_PATH=${CMAKE_PREFIX_PATH}:/home/admin/Documents/ROS2/C2_2/install/demo_python_pkg:/opt/ros/humble /usr/bin/cmake --build /home/admin/Documents/ROS2/C2_2/build/demo_cpp -- -j8 -l8
[0.055s] -- Found ament_cmake: 1.3.11 (/opt/ros/humble/share/ament_cmake/cmake)
[0.196s] -- Found rclcpp: 16.0.11 (/opt/ros/humble/share/rclcpp/cmake)
[0.232s] -- Found rosidl_generator_c: 3.1.6 (/opt/ros/humble/share/rosidl_generator_c/cmake)
[0.235s] -- Found rosidl_adapter: 3.1.6 (/opt/ros/humble/share/rosidl_adapter/cmake)
[0.241s] -- Found rosidl_generator_cpp: 3.1.6 (/opt/ros/humble/share/rosidl_generator_cpp/cmake)
[0.251s] -- Using all available rosidl_typesupport_c: rosidl_typesupport_fastrtps_c;rosidl_typesupport_introspection_c
[0.266s] -- Using all available rosidl_typesupport_cpp: rosidl_typesupport_fastrtps_cpp;rosidl_typesupport_introspection_cpp
[0.299s] -- Found rmw_implementation_cmake: 6.1.2 (/opt/ros/humble/share/rmw_implementation_cmake/cmake)
[0.301s] -- Found rmw_fastrtps_cpp: 6.2.7 (/opt/ros/humble/share/rmw_fastrtps_cpp/cmake)
[0.418s] -- Using RMW implementation 'rmw_fastrtps_cpp' as default
[0.479s] -- Found ament_lint_auto: 0.12.11 (/opt/ros/humble/share/ament_lint_auto/cmake)
[0.569s] -- Added test 'cppcheck' to perform static code analysis on C / C++ code
[0.569s] -- Configured cppcheck include dirs: 
[0.569s] -- Configured cppcheck exclude dirs and/or files: 
[0.572s] -- Added test 'lint_cmake' to check CMake code style
[0.578s] -- Added test 'uncrustify' to check C / C++ code style
[0.579s] -- Configured uncrustify additional arguments: 
[0.579s] -- Added test 'xmllint' to check XML markup files
[0.580s] -- Configuring done
[0.594s] -- Generating done
[0.598s] -- Build files have been written to: /home/admin/Documents/ROS2/C2_2/build/demo_cpp
[0.633s] [35m[1mConsolidate compiler generated dependencies of target cpp_node[0m
[0.653s] [ 50%] [32m[1mLinking CXX executable cpp_node[0m
[0.773s] [100%] Built target cpp_node
[0.784s] Invoked command in '/home/admin/Documents/ROS2/C2_2/build/demo_cpp' returned '0': CMAKE_PREFIX_PATH=${CMAKE_PREFIX_PATH}:/home/admin/Documents/ROS2/C2_2/install/demo_python_pkg:/opt/ros/humble /usr/bin/cmake --build /home/admin/Documents/ROS2/C2_2/build/demo_cpp -- -j8 -l8
[0.793s] Invoking command in '/home/admin/Documents/ROS2/C2_2/build/demo_cpp': CMAKE_PREFIX_PATH=${CMAKE_PREFIX_PATH}:/home/admin/Documents/ROS2/C2_2/install/demo_python_pkg:/opt/ros/humble /usr/bin/cmake --install /home/admin/Documents/ROS2/C2_2/build/demo_cpp
[0.800s] -- Install configuration: ""
[0.800s] -- Installing: /home/admin/Documents/ROS2/C2_2/install/demo_cpp/lib/demo_cpp/cpp_node
[0.800s] -- Set runtime path of "/home/admin/Documents/ROS2/C2_2/install/demo_cpp/lib/demo_cpp/cpp_node" to ""
[0.801s] -- Up-to-date: /home/admin/Documents/ROS2/C2_2/install/demo_cpp/share/ament_index/resource_index/package_run_dependencies/demo_cpp
[0.801s] -- Installing: /home/admin/Documents/ROS2/C2_2/install/demo_cpp/share/ament_index/resource_index/parent_prefix_path/demo_cpp
[0.801s] -- Up-to-date: /home/admin/Documents/ROS2/C2_2/install/demo_cpp/share/demo_cpp/environment/ament_prefix_path.sh
[0.801s] -- Installing: /home/admin/Documents/ROS2/C2_2/install/demo_cpp/share/demo_cpp/environment/ament_prefix_path.dsv
[0.801s] -- Up-to-date: /home/admin/Documents/ROS2/C2_2/install/demo_cpp/share/demo_cpp/environment/path.sh
[0.801s] -- Installing: /home/admin/Documents/ROS2/C2_2/install/demo_cpp/share/demo_cpp/environment/path.dsv
[0.802s] -- Up-to-date: /home/admin/Documents/ROS2/C2_2/install/demo_cpp/share/demo_cpp/local_setup.bash
[0.802s] -- Up-to-date: /home/admin/Documents/ROS2/C2_2/install/demo_cpp/share/demo_cpp/local_setup.sh
[0.802s] -- Up-to-date: /home/admin/Documents/ROS2/C2_2/install/demo_cpp/share/demo_cpp/local_setup.zsh
[0.802s] -- Installing: /home/admin/Documents/ROS2/C2_2/install/demo_cpp/share/demo_cpp/local_setup.dsv
[0.803s] -- Installing: /home/admin/Documents/ROS2/C2_2/install/demo_cpp/share/demo_cpp/package.dsv
[0.803s] -- Up-to-date: /home/admin/Documents/ROS2/C2_2/install/demo_cpp/share/ament_index/resource_index/packages/demo_cpp
[0.803s] -- Up-to-date: /home/admin/Documents/ROS2/C2_2/install/demo_cpp/share/demo_cpp/cmake/demo_cppConfig.cmake
[0.803s] -- Up-to-date: /home/admin/Documents/ROS2/C2_2/install/demo_cpp/share/demo_cpp/cmake/demo_cppConfig-version.cmake
[0.803s] -- Up-to-date: /home/admin/Documents/ROS2/C2_2/install/demo_cpp/share/demo_cpp/package.xml
[0.805s] Invoked command in '/home/admin/Documents/ROS2/C2_2/build/demo_cpp' returned '0': CMAKE_PREFIX_PATH=${CMAKE_PREFIX_PATH}:/home/admin/Documents/ROS2/C2_2/install/demo_python_pkg:/opt/ros/humble /usr/bin/cmake --install /home/admin/Documents/ROS2/C2_2/build/demo_cpp
