[0.715s] Invoking command in '/home/admin/Documents/ROS2/C4.1/src/demo_python_service': AMENT_PREFIX_PATH=/home/admin/Documents/ROS2/C4.1/install/chapt4_interfaces:${AMENT_PREFIX_PATH} CMAKE_PREFIX_PATH=/home/admin/Documents/ROS2/C4.1/install/chapt4_interfaces LD_LIBRARY_PATH=/home/admin/Documents/ROS2/C4.1/install/chapt4_interfaces/lib:${LD_LIBRARY_PATH} PYTHONPATH=/home/admin/Documents/ROS2/C4.1/build/demo_python_service/prefix_override:/usr/lib/python3/dist-packages/colcon_core/task/python/colcon_distutils_commands:/home/admin/Documents/ROS2/C4.1/install/demo_python_service/lib/python3.10/site-packages:/home/admin/Documents/ROS2/C4.1/install/chapt4_interfaces/local/lib/python3.10/dist-packages:${PYTHONPATH} /usr/bin/python3 -W ignore:setup.py install is deprecated -W ignore:easy_install command is deprecated setup.py egg_info --egg-base ../../build/demo_python_service build --build-base /home/admin/Documents/ROS2/C4.1/build/demo_python_service/build install --record /home/admin/Documents/ROS2/C4.1/build/demo_python_service/install.log --single-version-externally-managed install_data
[0.970s] running egg_info
[0.971s] writing ../../build/demo_python_service/demo_python_service.egg-info/PKG-INFO
[0.971s] writing dependency_links to ../../build/demo_python_service/demo_python_service.egg-info/dependency_links.txt
[0.971s] writing entry points to ../../build/demo_python_service/demo_python_service.egg-info/entry_points.txt
[0.971s] writing requirements to ../../build/demo_python_service/demo_python_service.egg-info/requires.txt
[0.971s] writing top-level names to ../../build/demo_python_service/demo_python_service.egg-info/top_level.txt
[0.974s] reading manifest file '../../build/demo_python_service/demo_python_service.egg-info/SOURCES.txt'
[0.974s] adding license file 'LICENSE'
[0.975s] writing manifest file '../../build/demo_python_service/demo_python_service.egg-info/SOURCES.txt'
[0.975s] running build
[0.975s] running build_py
[0.975s] running install
[0.976s] running install_lib
[0.977s] running install_data
[0.977s] creating /home/admin/Documents/ROS2/C4.1/install/demo_python_service/share/demo_python_serviceresource
[0.978s] copying resource/img1.png -> /home/admin/Documents/ROS2/C4.1/install/demo_python_service/share/demo_python_serviceresource
[0.979s] running install_egg_info
[0.982s] removing '/home/admin/Documents/ROS2/C4.1/install/demo_python_service/lib/python3.10/site-packages/demo_python_service-0.0.0-py3.10.egg-info' (and everything under it)
[0.983s] Copying ../../build/demo_python_service/demo_python_service.egg-info to /home/admin/Documents/ROS2/C4.1/install/demo_python_service/lib/python3.10/site-packages/demo_python_service-0.0.0-py3.10.egg-info
[0.984s] running install_scripts
[1.010s] writing list of installed files to '/home/admin/Documents/ROS2/C4.1/build/demo_python_service/install.log'
[1.034s] Invoked command in '/home/admin/Documents/ROS2/C4.1/src/demo_python_service' returned '0': AMENT_PREFIX_PATH=/home/admin/Documents/ROS2/C4.1/install/chapt4_interfaces:${AMENT_PREFIX_PATH} CMAKE_PREFIX_PATH=/home/admin/Documents/ROS2/C4.1/install/chapt4_interfaces LD_LIBRARY_PATH=/home/admin/Documents/ROS2/C4.1/install/chapt4_interfaces/lib:${LD_LIBRARY_PATH} PYTHONPATH=/home/admin/Documents/ROS2/C4.1/build/demo_python_service/prefix_override:/usr/lib/python3/dist-packages/colcon_core/task/python/colcon_distutils_commands:/home/admin/Documents/ROS2/C4.1/install/demo_python_service/lib/python3.10/site-packages:/home/admin/Documents/ROS2/C4.1/install/chapt4_interfaces/local/lib/python3.10/dist-packages:${PYTHONPATH} /usr/bin/python3 -W ignore:setup.py install is deprecated -W ignore:easy_install command is deprecated setup.py egg_info --egg-base ../../build/demo_python_service build --build-base /home/admin/Documents/ROS2/C4.1/build/demo_python_service/build install --record /home/admin/Documents/ROS2/C4.1/build/demo_python_service/install.log --single-version-externally-managed install_data
