[0.021s] Invoking command in '/home/admin/Documents/ROS2/C3_1/build/demo_cpp_topic': CMAKE_PREFIX_PATH=${CMAKE_PREFIX_PATH}:/home/admin/Documents/ROS2/C3_1/install/demo_python_topic:/opt/ros/humble /usr/bin/cmake --build /home/admin/Documents/ROS2/C3_1/build/demo_cpp_topic -- -j8 -l8
[0.074s] [35m[1mConsolidate compiler generated dependencies of target turtle_circle[0m
[0.101s] [100%] Built target turtle_circle
[0.340s] Invoked command in '/home/admin/Documents/ROS2/C3_1/build/demo_cpp_topic' returned '0': CMAKE_PREFIX_PATH=${CMAKE_PREFIX_PATH}:/home/admin/Documents/ROS2/C3_1/install/demo_python_topic:/opt/ros/humble /usr/bin/cmake --build /home/admin/Documents/ROS2/C3_1/build/demo_cpp_topic -- -j8 -l8
[0.351s] Invoking command in '/home/admin/Documents/ROS2/C3_1/build/demo_cpp_topic': CMAKE_PREFIX_PATH=${CMAKE_PREFIX_PATH}:/home/admin/Documents/ROS2/C3_1/install/demo_python_topic:/opt/ros/humble /usr/bin/cmake --install /home/admin/Documents/ROS2/C3_1/build/demo_cpp_topic
[0.358s] -- Install configuration: ""
[0.359s] -- Up-to-date: /home/admin/Documents/ROS2/C3_1/install/demo_cpp_topic/lib/demo_cpp_topic/turtle_circle
[0.359s] -- Up-to-date: /home/admin/Documents/ROS2/C3_1/install/demo_cpp_topic/share/ament_index/resource_index/package_run_dependencies/demo_cpp_topic
[0.359s] -- Up-to-date: /home/admin/Documents/ROS2/C3_1/install/demo_cpp_topic/share/ament_index/resource_index/parent_prefix_path/demo_cpp_topic
[0.359s] -- Up-to-date: /home/admin/Documents/ROS2/C3_1/install/demo_cpp_topic/share/demo_cpp_topic/environment/ament_prefix_path.sh
[0.360s] -- Up-to-date: /home/admin/Documents/ROS2/C3_1/install/demo_cpp_topic/share/demo_cpp_topic/environment/ament_prefix_path.dsv
[0.360s] -- Up-to-date: /home/admin/Documents/ROS2/C3_1/install/demo_cpp_topic/share/demo_cpp_topic/environment/path.sh
[0.360s] -- Up-to-date: /home/admin/Documents/ROS2/C3_1/install/demo_cpp_topic/share/demo_cpp_topic/environment/path.dsv
[0.360s] -- Up-to-date: /home/admin/Documents/ROS2/C3_1/install/demo_cpp_topic/share/demo_cpp_topic/local_setup.bash
[0.360s] -- Up-to-date: /home/admin/Documents/ROS2/C3_1/install/demo_cpp_topic/share/demo_cpp_topic/local_setup.sh
[0.360s] -- Up-to-date: /home/admin/Documents/ROS2/C3_1/install/demo_cpp_topic/share/demo_cpp_topic/local_setup.zsh
[0.360s] -- Up-to-date: /home/admin/Documents/ROS2/C3_1/install/demo_cpp_topic/share/demo_cpp_topic/local_setup.dsv
[0.361s] -- Installing: /home/admin/Documents/ROS2/C3_1/install/demo_cpp_topic/share/demo_cpp_topic/package.dsv
[0.362s] -- Up-to-date: /home/admin/Documents/ROS2/C3_1/install/demo_cpp_topic/share/ament_index/resource_index/packages/demo_cpp_topic
[0.362s] -- Up-to-date: /home/admin/Documents/ROS2/C3_1/install/demo_cpp_topic/share/demo_cpp_topic/cmake/demo_cpp_topicConfig.cmake
[0.362s] -- Up-to-date: /home/admin/Documents/ROS2/C3_1/install/demo_cpp_topic/share/demo_cpp_topic/cmake/demo_cpp_topicConfig-version.cmake
[0.363s] -- Up-to-date: /home/admin/Documents/ROS2/C3_1/install/demo_cpp_topic/share/demo_cpp_topic/package.xml
[0.363s] Invoked command in '/home/admin/Documents/ROS2/C3_1/build/demo_cpp_topic' returned '0': CMAKE_PREFIX_PATH=${CMAKE_PREFIX_PATH}:/home/admin/Documents/ROS2/C3_1/install/demo_python_topic:/opt/ros/humble /usr/bin/cmake --install /home/admin/Documents/ROS2/C3_1/build/demo_cpp_topic
