[0.011s] Invoking command in '/home/admin/Documents/ROS2/C4.1/build/chapt4_interfaces': CMAKE_PREFIX_PATH=${CMAKE_PREFIX_PATH}:/home/admin/Documents/ROS2/C4.1/install/demo_python_service:/opt/ros/humble /usr/bin/cmake --build /home/admin/Documents/ROS2/C4.1/build/chapt4_interfaces -- -j8 -l8
[0.075s] [  2%] Built target chapt4_interfaces__cpp
[0.075s] [ 12%] Built target chapt4_interfaces__rosidl_generator_c
[0.085s] [ 12%] Built target ament_cmake_python_copy_chapt4_interfaces
[0.109s] [ 23%] Built target chapt4_interfaces__rosidl_typesupport_fastrtps_c
[0.109s] [ 33%] Built target chapt4_interfaces__rosidl_typesupport_c
[0.110s] [ 46%] Built target chapt4_interfaces__rosidl_typesupport_introspection_c
[0.110s] [ 53%] Built target chapt4_interfaces__rosidl_typesupport_cpp
[0.110s] [ 64%] Built target chapt4_interfaces__rosidl_typesupport_fastrtps_cpp
[0.110s] [ 74%] Built target chapt4_interfaces__rosidl_typesupport_introspection_cpp
[0.138s] [ 74%] Built target chapt4_interfaces
[0.160s] [ 76%] Built target chapt4_interfaces__py
[0.183s] [ 84%] Built target chapt4_interfaces__rosidl_generator_py
[0.207s] [ 89%] Built target chapt4_interfaces__rosidl_typesupport_fastrtps_c__pyext
[0.207s] [ 94%] Built target chapt4_interfaces__rosidl_typesupport_c__pyext
[0.210s] [100%] Built target chapt4_interfaces__rosidl_typesupport_introspection_c__pyext
[0.398s] running egg_info
[0.399s] writing chapt4_interfaces.egg-info/PKG-INFO
[0.399s] writing dependency_links to chapt4_interfaces.egg-info/dependency_links.txt
[0.399s] writing top-level names to chapt4_interfaces.egg-info/top_level.txt
[0.402s] reading manifest file 'chapt4_interfaces.egg-info/SOURCES.txt'
[0.402s] writing manifest file 'chapt4_interfaces.egg-info/SOURCES.txt'
[0.436s] [100%] Built target ament_cmake_python_build_chapt4_interfaces_egg
[0.449s] Invoked command in '/home/admin/Documents/ROS2/C4.1/build/chapt4_interfaces' returned '0': CMAKE_PREFIX_PATH=${CMAKE_PREFIX_PATH}:/home/admin/Documents/ROS2/C4.1/install/demo_python_service:/opt/ros/humble /usr/bin/cmake --build /home/admin/Documents/ROS2/C4.1/build/chapt4_interfaces -- -j8 -l8
[0.459s] Invoking command in '/home/admin/Documents/ROS2/C4.1/build/chapt4_interfaces': CMAKE_PREFIX_PATH=${CMAKE_PREFIX_PATH}:/home/admin/Documents/ROS2/C4.1/install/demo_python_service:/opt/ros/humble /usr/bin/cmake --install /home/admin/Documents/ROS2/C4.1/build/chapt4_interfaces
[0.467s] -- Install configuration: ""
[0.467s] -- Up-to-date: /home/admin/Documents/ROS2/C4.1/install/chapt4_interfaces/share/ament_index/resource_index/rosidl_interfaces/chapt4_interfaces
[0.467s] -- Up-to-date: /home/admin/Documents/ROS2/C4.1/install/chapt4_interfaces/include/chapt4_interfaces/chapt4_interfaces
[0.467s] -- Up-to-date: /home/admin/Documents/ROS2/C4.1/install/chapt4_interfaces/include/chapt4_interfaces/chapt4_interfaces/srv
[0.467s] -- Up-to-date: /home/admin/Documents/ROS2/C4.1/install/chapt4_interfaces/include/chapt4_interfaces/chapt4_interfaces/srv/face_detector.h
[0.468s] -- Up-to-date: /home/admin/Documents/ROS2/C4.1/install/chapt4_interfaces/include/chapt4_interfaces/chapt4_interfaces/srv/detail
[0.468s] -- Up-to-date: /home/admin/Documents/ROS2/C4.1/install/chapt4_interfaces/include/chapt4_interfaces/chapt4_interfaces/srv/detail/partol__functions.c
[0.468s] -- Up-to-date: /home/admin/Documents/ROS2/C4.1/install/chapt4_interfaces/include/chapt4_interfaces/chapt4_interfaces/srv/detail/face_detector__type_support.h
[0.468s] -- Up-to-date: /home/admin/Documents/ROS2/C4.1/install/chapt4_interfaces/include/chapt4_interfaces/chapt4_interfaces/srv/detail/partol__type_support.h
[0.468s] -- Up-to-date: /home/admin/Documents/ROS2/C4.1/install/chapt4_interfaces/include/chapt4_interfaces/chapt4_interfaces/srv/detail/partol__functions.h
[0.468s] -- Up-to-date: /home/admin/Documents/ROS2/C4.1/install/chapt4_interfaces/include/chapt4_interfaces/chapt4_interfaces/srv/detail/face_detector__struct.h
[0.468s] -- Up-to-date: /home/admin/Documents/ROS2/C4.1/install/chapt4_interfaces/include/chapt4_interfaces/chapt4_interfaces/srv/detail/face_detector__functions.h
[0.468s] -- Up-to-date: /home/admin/Documents/ROS2/C4.1/install/chapt4_interfaces/include/chapt4_interfaces/chapt4_interfaces/srv/detail/face_detector__functions.c
[0.469s] -- Up-to-date: /home/admin/Documents/ROS2/C4.1/install/chapt4_interfaces/include/chapt4_interfaces/chapt4_interfaces/srv/detail/partol__struct.h
[0.469s] -- Up-to-date: /home/admin/Documents/ROS2/C4.1/install/chapt4_interfaces/include/chapt4_interfaces/chapt4_interfaces/srv/partol.h
[0.469s] -- Up-to-date: /home/admin/Documents/ROS2/C4.1/install/chapt4_interfaces/include/chapt4_interfaces/chapt4_interfaces/msg
[0.469s] -- Up-to-date: /home/admin/Documents/ROS2/C4.1/install/chapt4_interfaces/include/chapt4_interfaces/chapt4_interfaces/msg/rosidl_generator_c__visibility_control.h
[0.469s] -- Up-to-date: /home/admin/Documents/ROS2/C4.1/install/chapt4_interfaces/share/chapt4_interfaces/environment/library_path.sh
[0.469s] -- Up-to-date: /home/admin/Documents/ROS2/C4.1/install/chapt4_interfaces/share/chapt4_interfaces/environment/library_path.dsv
[0.469s] -- Up-to-date: /home/admin/Documents/ROS2/C4.1/install/chapt4_interfaces/lib/libchapt4_interfaces__rosidl_generator_c.so
[0.469s] -- Up-to-date: /home/admin/Documents/ROS2/C4.1/install/chapt4_interfaces/include/chapt4_interfaces/chapt4_interfaces
[0.470s] -- Up-to-date: /home/admin/Documents/ROS2/C4.1/install/chapt4_interfaces/include/chapt4_interfaces/chapt4_interfaces/srv
[0.470s] -- Up-to-date: /home/admin/Documents/ROS2/C4.1/install/chapt4_interfaces/include/chapt4_interfaces/chapt4_interfaces/srv/detail
[0.470s] -- Up-to-date: /home/admin/Documents/ROS2/C4.1/install/chapt4_interfaces/include/chapt4_interfaces/chapt4_interfaces/srv/detail/partol__rosidl_typesupport_fastrtps_c.h
[0.470s] -- Up-to-date: /home/admin/Documents/ROS2/C4.1/install/chapt4_interfaces/include/chapt4_interfaces/chapt4_interfaces/srv/detail/face_detector__rosidl_typesupport_fastrtps_c.h
[0.470s] -- Up-to-date: /home/admin/Documents/ROS2/C4.1/install/chapt4_interfaces/include/chapt4_interfaces/chapt4_interfaces/msg
[0.470s] -- Up-to-date: /home/admin/Documents/ROS2/C4.1/install/chapt4_interfaces/include/chapt4_interfaces/chapt4_interfaces/msg/rosidl_typesupport_fastrtps_c__visibility_control.h
[0.470s] -- Up-to-date: /home/admin/Documents/ROS2/C4.1/install/chapt4_interfaces/lib/libchapt4_interfaces__rosidl_typesupport_fastrtps_c.so
[0.470s] -- Up-to-date: /home/admin/Documents/ROS2/C4.1/install/chapt4_interfaces/include/chapt4_interfaces/chapt4_interfaces
[0.471s] -- Up-to-date: /home/admin/Documents/ROS2/C4.1/install/chapt4_interfaces/include/chapt4_interfaces/chapt4_interfaces/srv
[0.471s] -- Up-to-date: /home/admin/Documents/ROS2/C4.1/install/chapt4_interfaces/include/chapt4_interfaces/chapt4_interfaces/srv/face_detector.hpp
[0.471s] -- Up-to-date: /home/admin/Documents/ROS2/C4.1/install/chapt4_interfaces/include/chapt4_interfaces/chapt4_interfaces/srv/detail
[0.471s] -- Up-to-date: /home/admin/Documents/ROS2/C4.1/install/chapt4_interfaces/include/chapt4_interfaces/chapt4_interfaces/srv/detail/face_detector__struct.hpp
[0.471s] -- Up-to-date: /home/admin/Documents/ROS2/C4.1/install/chapt4_interfaces/include/chapt4_interfaces/chapt4_interfaces/srv/detail/face_detector__type_support.hpp
[0.471s] -- Up-to-date: /home/admin/Documents/ROS2/C4.1/install/chapt4_interfaces/include/chapt4_interfaces/chapt4_interfaces/srv/detail/partol__type_support.hpp
[0.471s] -- Up-to-date: /home/admin/Documents/ROS2/C4.1/install/chapt4_interfaces/include/chapt4_interfaces/chapt4_interfaces/srv/detail/face_detector__builder.hpp
[0.471s] -- Up-to-date: /home/admin/Documents/ROS2/C4.1/install/chapt4_interfaces/include/chapt4_interfaces/chapt4_interfaces/srv/detail/partol__struct.hpp
[0.471s] -- Up-to-date: /home/admin/Documents/ROS2/C4.1/install/chapt4_interfaces/include/chapt4_interfaces/chapt4_interfaces/srv/detail/partol__builder.hpp
[0.471s] -- Up-to-date: /home/admin/Documents/ROS2/C4.1/install/chapt4_interfaces/include/chapt4_interfaces/chapt4_interfaces/srv/detail/partol__traits.hpp
[0.471s] -- Up-to-date: /home/admin/Documents/ROS2/C4.1/install/chapt4_interfaces/include/chapt4_interfaces/chapt4_interfaces/srv/detail/face_detector__traits.hpp
[0.471s] -- Up-to-date: /home/admin/Documents/ROS2/C4.1/install/chapt4_interfaces/include/chapt4_interfaces/chapt4_interfaces/srv/partol.hpp
[0.472s] -- Up-to-date: /home/admin/Documents/ROS2/C4.1/install/chapt4_interfaces/include/chapt4_interfaces/chapt4_interfaces/msg
[0.472s] -- Up-to-date: /home/admin/Documents/ROS2/C4.1/install/chapt4_interfaces/include/chapt4_interfaces/chapt4_interfaces/msg/rosidl_generator_cpp__visibility_control.hpp
[0.472s] -- Up-to-date: /home/admin/Documents/ROS2/C4.1/install/chapt4_interfaces/include/chapt4_interfaces/chapt4_interfaces
[0.472s] -- Up-to-date: /home/admin/Documents/ROS2/C4.1/install/chapt4_interfaces/include/chapt4_interfaces/chapt4_interfaces/srv
[0.472s] -- Up-to-date: /home/admin/Documents/ROS2/C4.1/install/chapt4_interfaces/include/chapt4_interfaces/chapt4_interfaces/srv/detail
[0.472s] -- Up-to-date: /home/admin/Documents/ROS2/C4.1/install/chapt4_interfaces/include/chapt4_interfaces/chapt4_interfaces/srv/detail/face_detector__rosidl_typesupport_fastrtps_cpp.hpp
[0.472s] -- Up-to-date: /home/admin/Documents/ROS2/C4.1/install/chapt4_interfaces/include/chapt4_interfaces/chapt4_interfaces/srv/detail/dds_fastrtps
[0.472s] -- Up-to-date: /home/admin/Documents/ROS2/C4.1/install/chapt4_interfaces/include/chapt4_interfaces/chapt4_interfaces/srv/detail/partol__rosidl_typesupport_fastrtps_cpp.hpp
[0.472s] -- Up-to-date: /home/admin/Documents/ROS2/C4.1/install/chapt4_interfaces/include/chapt4_interfaces/chapt4_interfaces/msg
[0.472s] -- Up-to-date: /home/admin/Documents/ROS2/C4.1/install/chapt4_interfaces/include/chapt4_interfaces/chapt4_interfaces/msg/rosidl_typesupport_fastrtps_cpp__visibility_control.h
[0.472s] -- Up-to-date: /home/admin/Documents/ROS2/C4.1/install/chapt4_interfaces/lib/libchapt4_interfaces__rosidl_typesupport_fastrtps_cpp.so
[0.472s] -- Up-to-date: /home/admin/Documents/ROS2/C4.1/install/chapt4_interfaces/include/chapt4_interfaces/chapt4_interfaces
[0.473s] -- Up-to-date: /home/admin/Documents/ROS2/C4.1/install/chapt4_interfaces/include/chapt4_interfaces/chapt4_interfaces/srv
[0.473s] -- Up-to-date: /home/admin/Documents/ROS2/C4.1/install/chapt4_interfaces/include/chapt4_interfaces/chapt4_interfaces/srv/detail
[0.473s] -- Up-to-date: /home/admin/Documents/ROS2/C4.1/install/chapt4_interfaces/include/chapt4_interfaces/chapt4_interfaces/srv/detail/partol__rosidl_typesupport_introspection_c.h
[0.473s] -- Up-to-date: /home/admin/Documents/ROS2/C4.1/install/chapt4_interfaces/include/chapt4_interfaces/chapt4_interfaces/srv/detail/partol__type_support.c
[0.473s] -- Up-to-date: /home/admin/Documents/ROS2/C4.1/install/chapt4_interfaces/include/chapt4_interfaces/chapt4_interfaces/srv/detail/face_detector__rosidl_typesupport_introspection_c.h
[0.473s] -- Up-to-date: /home/admin/Documents/ROS2/C4.1/install/chapt4_interfaces/include/chapt4_interfaces/chapt4_interfaces/srv/detail/face_detector__type_support.c
[0.473s] -- Up-to-date: /home/admin/Documents/ROS2/C4.1/install/chapt4_interfaces/include/chapt4_interfaces/chapt4_interfaces/msg
[0.473s] -- Up-to-date: /home/admin/Documents/ROS2/C4.1/install/chapt4_interfaces/include/chapt4_interfaces/chapt4_interfaces/msg/rosidl_typesupport_introspection_c__visibility_control.h
[0.473s] -- Up-to-date: /home/admin/Documents/ROS2/C4.1/install/chapt4_interfaces/lib/libchapt4_interfaces__rosidl_typesupport_introspection_c.so
[0.473s] -- Up-to-date: /home/admin/Documents/ROS2/C4.1/install/chapt4_interfaces/lib/libchapt4_interfaces__rosidl_typesupport_c.so
[0.474s] -- Up-to-date: /home/admin/Documents/ROS2/C4.1/install/chapt4_interfaces/include/chapt4_interfaces/chapt4_interfaces
[0.474s] -- Up-to-date: /home/admin/Documents/ROS2/C4.1/install/chapt4_interfaces/include/chapt4_interfaces/chapt4_interfaces/srv
[0.474s] -- Up-to-date: /home/admin/Documents/ROS2/C4.1/install/chapt4_interfaces/include/chapt4_interfaces/chapt4_interfaces/srv/detail
[0.474s] -- Up-to-date: /home/admin/Documents/ROS2/C4.1/install/chapt4_interfaces/include/chapt4_interfaces/chapt4_interfaces/srv/detail/partol__rosidl_typesupport_introspection_cpp.hpp
[0.474s] -- Up-to-date: /home/admin/Documents/ROS2/C4.1/install/chapt4_interfaces/include/chapt4_interfaces/chapt4_interfaces/srv/detail/face_detector__rosidl_typesupport_introspection_cpp.hpp
[0.474s] -- Up-to-date: /home/admin/Documents/ROS2/C4.1/install/chapt4_interfaces/include/chapt4_interfaces/chapt4_interfaces/srv/detail/face_detector__type_support.cpp
[0.474s] -- Up-to-date: /home/admin/Documents/ROS2/C4.1/install/chapt4_interfaces/include/chapt4_interfaces/chapt4_interfaces/srv/detail/partol__type_support.cpp
[0.474s] -- Up-to-date: /home/admin/Documents/ROS2/C4.1/install/chapt4_interfaces/lib/libchapt4_interfaces__rosidl_typesupport_introspection_cpp.so
[0.474s] -- Up-to-date: /home/admin/Documents/ROS2/C4.1/install/chapt4_interfaces/lib/libchapt4_interfaces__rosidl_typesupport_cpp.so
[0.474s] -- Up-to-date: /home/admin/Documents/ROS2/C4.1/install/chapt4_interfaces/share/chapt4_interfaces/environment/pythonpath.sh
[0.474s] -- Up-to-date: /home/admin/Documents/ROS2/C4.1/install/chapt4_interfaces/share/chapt4_interfaces/environment/pythonpath.dsv
[0.474s] -- Up-to-date: /home/admin/Documents/ROS2/C4.1/install/chapt4_interfaces/local/lib/python3.10/dist-packages/chapt4_interfaces-0.0.0-py3.10.egg-info
[0.474s] -- Installing: /home/admin/Documents/ROS2/C4.1/install/chapt4_interfaces/local/lib/python3.10/dist-packages/chapt4_interfaces-0.0.0-py3.10.egg-info/dependency_links.txt
[0.475s] -- Installing: /home/admin/Documents/ROS2/C4.1/install/chapt4_interfaces/local/lib/python3.10/dist-packages/chapt4_interfaces-0.0.0-py3.10.egg-info/SOURCES.txt
[0.475s] -- Installing: /home/admin/Documents/ROS2/C4.1/install/chapt4_interfaces/local/lib/python3.10/dist-packages/chapt4_interfaces-0.0.0-py3.10.egg-info/top_level.txt
[0.475s] -- Installing: /home/admin/Documents/ROS2/C4.1/install/chapt4_interfaces/local/lib/python3.10/dist-packages/chapt4_interfaces-0.0.0-py3.10.egg-info/PKG-INFO
[0.475s] -- Up-to-date: /home/admin/Documents/ROS2/C4.1/install/chapt4_interfaces/local/lib/python3.10/dist-packages/chapt4_interfaces
[0.475s] -- Up-to-date: /home/admin/Documents/ROS2/C4.1/install/chapt4_interfaces/local/lib/python3.10/dist-packages/chapt4_interfaces/_chapt4_interfaces_s.ep.rosidl_typesupport_c.c
[0.475s] -- Up-to-date: /home/admin/Documents/ROS2/C4.1/install/chapt4_interfaces/local/lib/python3.10/dist-packages/chapt4_interfaces/_chapt4_interfaces_s.ep.rosidl_typesupport_fastrtps_c.c
[0.475s] -- Up-to-date: /home/admin/Documents/ROS2/C4.1/install/chapt4_interfaces/local/lib/python3.10/dist-packages/chapt4_interfaces/libchapt4_interfaces__rosidl_generator_py.so
[0.475s] -- Up-to-date: /home/admin/Documents/ROS2/C4.1/install/chapt4_interfaces/local/lib/python3.10/dist-packages/chapt4_interfaces/chapt4_interfaces_s__rosidl_typesupport_introspection_c.cpython-310-x86_64-linux-gnu.so
[0.475s] -- Up-to-date: /home/admin/Documents/ROS2/C4.1/install/chapt4_interfaces/local/lib/python3.10/dist-packages/chapt4_interfaces/_chapt4_interfaces_s.ep.rosidl_typesupport_introspection_c.c
[0.475s] -- Up-to-date: /home/admin/Documents/ROS2/C4.1/install/chapt4_interfaces/local/lib/python3.10/dist-packages/chapt4_interfaces/chapt4_interfaces_s__rosidl_typesupport_fastrtps_c.cpython-310-x86_64-linux-gnu.so
[0.475s] -- Up-to-date: /home/admin/Documents/ROS2/C4.1/install/chapt4_interfaces/local/lib/python3.10/dist-packages/chapt4_interfaces/__init__.py
[0.475s] -- Up-to-date: /home/admin/Documents/ROS2/C4.1/install/chapt4_interfaces/local/lib/python3.10/dist-packages/chapt4_interfaces/srv
[0.475s] -- Up-to-date: /home/admin/Documents/ROS2/C4.1/install/chapt4_interfaces/local/lib/python3.10/dist-packages/chapt4_interfaces/srv/_partol.py
[0.475s] -- Up-to-date: /home/admin/Documents/ROS2/C4.1/install/chapt4_interfaces/local/lib/python3.10/dist-packages/chapt4_interfaces/srv/_partol_s.c
[0.476s] -- Up-to-date: /home/admin/Documents/ROS2/C4.1/install/chapt4_interfaces/local/lib/python3.10/dist-packages/chapt4_interfaces/srv/__init__.py
[0.476s] -- Up-to-date: /home/admin/Documents/ROS2/C4.1/install/chapt4_interfaces/local/lib/python3.10/dist-packages/chapt4_interfaces/srv/_face_detector.py
[0.476s] -- Up-to-date: /home/admin/Documents/ROS2/C4.1/install/chapt4_interfaces/local/lib/python3.10/dist-packages/chapt4_interfaces/srv/_face_detector_s.c
[0.476s] -- Up-to-date: /home/admin/Documents/ROS2/C4.1/install/chapt4_interfaces/local/lib/python3.10/dist-packages/chapt4_interfaces/chapt4_interfaces_s__rosidl_typesupport_c.cpython-310-x86_64-linux-gnu.so
[0.508s] Listing '/home/admin/Documents/ROS2/C4.1/install/chapt4_interfaces/local/lib/python3.10/dist-packages/chapt4_interfaces'...
[0.508s] Listing '/home/admin/Documents/ROS2/C4.1/install/chapt4_interfaces/local/lib/python3.10/dist-packages/chapt4_interfaces/srv'...
[0.512s] -- Up-to-date: /home/admin/Documents/ROS2/C4.1/install/chapt4_interfaces/local/lib/python3.10/dist-packages/chapt4_interfaces/chapt4_interfaces_s__rosidl_typesupport_fastrtps_c.cpython-310-x86_64-linux-gnu.so
[0.513s] -- Up-to-date: /home/admin/Documents/ROS2/C4.1/install/chapt4_interfaces/local/lib/python3.10/dist-packages/chapt4_interfaces/chapt4_interfaces_s__rosidl_typesupport_introspection_c.cpython-310-x86_64-linux-gnu.so
[0.513s] -- Up-to-date: /home/admin/Documents/ROS2/C4.1/install/chapt4_interfaces/local/lib/python3.10/dist-packages/chapt4_interfaces/chapt4_interfaces_s__rosidl_typesupport_c.cpython-310-x86_64-linux-gnu.so
[0.513s] -- Up-to-date: /home/admin/Documents/ROS2/C4.1/install/chapt4_interfaces/lib/libchapt4_interfaces__rosidl_generator_py.so
[0.513s] -- Up-to-date: /home/admin/Documents/ROS2/C4.1/install/chapt4_interfaces/share/chapt4_interfaces/srv/FaceDetector.idl
[0.514s] -- Up-to-date: /home/admin/Documents/ROS2/C4.1/install/chapt4_interfaces/share/chapt4_interfaces/srv/Partol.idl
[0.514s] -- Up-to-date: /home/admin/Documents/ROS2/C4.1/install/chapt4_interfaces/share/chapt4_interfaces/srv/FaceDetector.srv
[0.514s] -- Up-to-date: /home/admin/Documents/ROS2/C4.1/install/chapt4_interfaces/share/chapt4_interfaces/srv/FaceDetector_Request.msg
[0.514s] -- Up-to-date: /home/admin/Documents/ROS2/C4.1/install/chapt4_interfaces/share/chapt4_interfaces/srv/FaceDetector_Response.msg
[0.514s] -- Up-to-date: /home/admin/Documents/ROS2/C4.1/install/chapt4_interfaces/share/chapt4_interfaces/srv/Partol.srv
[0.514s] -- Up-to-date: /home/admin/Documents/ROS2/C4.1/install/chapt4_interfaces/share/chapt4_interfaces/srv/Partol_Request.msg
[0.514s] -- Up-to-date: /home/admin/Documents/ROS2/C4.1/install/chapt4_interfaces/share/chapt4_interfaces/srv/Partol_Response.msg
[0.514s] -- Up-to-date: /home/admin/Documents/ROS2/C4.1/install/chapt4_interfaces/share/ament_index/resource_index/package_run_dependencies/chapt4_interfaces
[0.514s] -- Up-to-date: /home/admin/Documents/ROS2/C4.1/install/chapt4_interfaces/share/ament_index/resource_index/parent_prefix_path/chapt4_interfaces
[0.515s] -- Up-to-date: /home/admin/Documents/ROS2/C4.1/install/chapt4_interfaces/share/chapt4_interfaces/environment/ament_prefix_path.sh
[0.515s] -- Up-to-date: /home/admin/Documents/ROS2/C4.1/install/chapt4_interfaces/share/chapt4_interfaces/environment/ament_prefix_path.dsv
[0.515s] -- Up-to-date: /home/admin/Documents/ROS2/C4.1/install/chapt4_interfaces/share/chapt4_interfaces/environment/path.sh
[0.515s] -- Up-to-date: /home/admin/Documents/ROS2/C4.1/install/chapt4_interfaces/share/chapt4_interfaces/environment/path.dsv
[0.515s] -- Up-to-date: /home/admin/Documents/ROS2/C4.1/install/chapt4_interfaces/share/chapt4_interfaces/local_setup.bash
[0.515s] -- Up-to-date: /home/admin/Documents/ROS2/C4.1/install/chapt4_interfaces/share/chapt4_interfaces/local_setup.sh
[0.515s] -- Up-to-date: /home/admin/Documents/ROS2/C4.1/install/chapt4_interfaces/share/chapt4_interfaces/local_setup.zsh
[0.515s] -- Up-to-date: /home/admin/Documents/ROS2/C4.1/install/chapt4_interfaces/share/chapt4_interfaces/local_setup.dsv
[0.515s] -- Installing: /home/admin/Documents/ROS2/C4.1/install/chapt4_interfaces/share/chapt4_interfaces/package.dsv
[0.515s] -- Up-to-date: /home/admin/Documents/ROS2/C4.1/install/chapt4_interfaces/share/ament_index/resource_index/packages/chapt4_interfaces
[0.516s] -- Up-to-date: /home/admin/Documents/ROS2/C4.1/install/chapt4_interfaces/share/chapt4_interfaces/cmake/export_chapt4_interfaces__rosidl_generator_cExport.cmake
[0.516s] -- Up-to-date: /home/admin/Documents/ROS2/C4.1/install/chapt4_interfaces/share/chapt4_interfaces/cmake/export_chapt4_interfaces__rosidl_generator_cExport-noconfig.cmake
[0.516s] -- Up-to-date: /home/admin/Documents/ROS2/C4.1/install/chapt4_interfaces/share/chapt4_interfaces/cmake/export_chapt4_interfaces__rosidl_typesupport_fastrtps_cExport.cmake
[0.516s] -- Up-to-date: /home/admin/Documents/ROS2/C4.1/install/chapt4_interfaces/share/chapt4_interfaces/cmake/export_chapt4_interfaces__rosidl_typesupport_fastrtps_cExport-noconfig.cmake
[0.516s] -- Up-to-date: /home/admin/Documents/ROS2/C4.1/install/chapt4_interfaces/share/chapt4_interfaces/cmake/export_chapt4_interfaces__rosidl_generator_cppExport.cmake
[0.516s] -- Up-to-date: /home/admin/Documents/ROS2/C4.1/install/chapt4_interfaces/share/chapt4_interfaces/cmake/export_chapt4_interfaces__rosidl_typesupport_fastrtps_cppExport.cmake
[0.517s] -- Up-to-date: /home/admin/Documents/ROS2/C4.1/install/chapt4_interfaces/share/chapt4_interfaces/cmake/export_chapt4_interfaces__rosidl_typesupport_fastrtps_cppExport-noconfig.cmake
[0.517s] -- Up-to-date: /home/admin/Documents/ROS2/C4.1/install/chapt4_interfaces/share/chapt4_interfaces/cmake/chapt4_interfaces__rosidl_typesupport_introspection_cExport.cmake
[0.517s] -- Up-to-date: /home/admin/Documents/ROS2/C4.1/install/chapt4_interfaces/share/chapt4_interfaces/cmake/chapt4_interfaces__rosidl_typesupport_introspection_cExport-noconfig.cmake
[0.517s] -- Up-to-date: /home/admin/Documents/ROS2/C4.1/install/chapt4_interfaces/share/chapt4_interfaces/cmake/chapt4_interfaces__rosidl_typesupport_cExport.cmake
[0.517s] -- Up-to-date: /home/admin/Documents/ROS2/C4.1/install/chapt4_interfaces/share/chapt4_interfaces/cmake/chapt4_interfaces__rosidl_typesupport_cExport-noconfig.cmake
[0.517s] -- Up-to-date: /home/admin/Documents/ROS2/C4.1/install/chapt4_interfaces/share/chapt4_interfaces/cmake/chapt4_interfaces__rosidl_typesupport_introspection_cppExport.cmake
[0.517s] -- Up-to-date: /home/admin/Documents/ROS2/C4.1/install/chapt4_interfaces/share/chapt4_interfaces/cmake/chapt4_interfaces__rosidl_typesupport_introspection_cppExport-noconfig.cmake
[0.518s] -- Up-to-date: /home/admin/Documents/ROS2/C4.1/install/chapt4_interfaces/share/chapt4_interfaces/cmake/chapt4_interfaces__rosidl_typesupport_cppExport.cmake
[0.518s] -- Up-to-date: /home/admin/Documents/ROS2/C4.1/install/chapt4_interfaces/share/chapt4_interfaces/cmake/chapt4_interfaces__rosidl_typesupport_cppExport-noconfig.cmake
[0.518s] -- Up-to-date: /home/admin/Documents/ROS2/C4.1/install/chapt4_interfaces/share/chapt4_interfaces/cmake/export_chapt4_interfaces__rosidl_generator_pyExport.cmake
[0.519s] -- Up-to-date: /home/admin/Documents/ROS2/C4.1/install/chapt4_interfaces/share/chapt4_interfaces/cmake/export_chapt4_interfaces__rosidl_generator_pyExport-noconfig.cmake
[0.519s] -- Up-to-date: /home/admin/Documents/ROS2/C4.1/install/chapt4_interfaces/share/chapt4_interfaces/cmake/rosidl_cmake-extras.cmake
[0.520s] -- Up-to-date: /home/admin/Documents/ROS2/C4.1/install/chapt4_interfaces/share/chapt4_interfaces/cmake/ament_cmake_export_dependencies-extras.cmake
[0.520s] -- Up-to-date: /home/admin/Documents/ROS2/C4.1/install/chapt4_interfaces/share/chapt4_interfaces/cmake/ament_cmake_export_include_directories-extras.cmake
[0.520s] -- Up-to-date: /home/admin/Documents/ROS2/C4.1/install/chapt4_interfaces/share/chapt4_interfaces/cmake/ament_cmake_export_libraries-extras.cmake
[0.520s] -- Up-to-date: /home/admin/Documents/ROS2/C4.1/install/chapt4_interfaces/share/chapt4_interfaces/cmake/ament_cmake_export_targets-extras.cmake
[0.520s] -- Up-to-date: /home/admin/Documents/ROS2/C4.1/install/chapt4_interfaces/share/chapt4_interfaces/cmake/rosidl_cmake_export_typesupport_targets-extras.cmake
[0.521s] -- Up-to-date: /home/admin/Documents/ROS2/C4.1/install/chapt4_interfaces/share/chapt4_interfaces/cmake/rosidl_cmake_export_typesupport_libraries-extras.cmake
[0.521s] -- Up-to-date: /home/admin/Documents/ROS2/C4.1/install/chapt4_interfaces/share/chapt4_interfaces/cmake/chapt4_interfacesConfig.cmake
[0.521s] -- Up-to-date: /home/admin/Documents/ROS2/C4.1/install/chapt4_interfaces/share/chapt4_interfaces/cmake/chapt4_interfacesConfig-version.cmake
[0.521s] -- Up-to-date: /home/admin/Documents/ROS2/C4.1/install/chapt4_interfaces/share/chapt4_interfaces/package.xml
[0.522s] Invoked command in '/home/admin/Documents/ROS2/C4.1/build/chapt4_interfaces' returned '0': CMAKE_PREFIX_PATH=${CMAKE_PREFIX_PATH}:/home/admin/Documents/ROS2/C4.1/install/demo_python_service:/opt/ros/humble /usr/bin/cmake --install /home/admin/Documents/ROS2/C4.1/build/chapt4_interfaces
