[0.698s] Invoking command in '/home/admin/Documents/ROS2/C3_1/learn_top/src/demo_python_topic': PYTHONPATH=/home/admin/Documents/ROS2/C3_1/build/demo_python_topic/prefix_override:/usr/lib/python3/dist-packages/colcon_core/task/python/colcon_distutils_commands:/home/admin/Documents/ROS2/C3_1/install/demo_python_topic/lib/python3.10/site-packages:${PYTHONPATH} /usr/bin/python3 -W ignore:setup.py install is deprecated -W ignore:easy_install command is deprecated setup.py egg_info --egg-base ../../../build/demo_python_topic build --build-base /home/admin/Documents/ROS2/C3_1/build/demo_python_topic/build install --record /home/admin/Documents/ROS2/C3_1/build/demo_python_topic/install.log --single-version-externally-managed install_data
[0.952s] running egg_info
[0.953s] creating ../../../build/demo_python_topic/demo_python_topic.egg-info
[0.953s] writing ../../../build/demo_python_topic/demo_python_topic.egg-info/PKG-INFO
[0.953s] writing dependency_links to ../../../build/demo_python_topic/demo_python_topic.egg-info/dependency_links.txt
[0.953s] writing entry points to ../../../build/demo_python_topic/demo_python_topic.egg-info/entry_points.txt
[0.954s] writing requirements to ../../../build/demo_python_topic/demo_python_topic.egg-info/requires.txt
[0.954s] writing top-level names to ../../../build/demo_python_topic/demo_python_topic.egg-info/top_level.txt
[0.954s] writing manifest file '../../../build/demo_python_topic/demo_python_topic.egg-info/SOURCES.txt'
[0.956s] reading manifest file '../../../build/demo_python_topic/demo_python_topic.egg-info/SOURCES.txt'
[0.956s] adding license file 'LICENSE'
[0.956s] writing manifest file '../../../build/demo_python_topic/demo_python_topic.egg-info/SOURCES.txt'
[0.957s] running build
[0.957s] running build_py
[0.957s] creating /home/admin/Documents/ROS2/C3_1/build/demo_python_topic/build
[0.957s] creating /home/admin/Documents/ROS2/C3_1/build/demo_python_topic/build/lib
[0.957s] creating /home/admin/Documents/ROS2/C3_1/build/demo_python_topic/build/lib/demo_python_topic
[0.958s] copying demo_python_topic/__init__.py -> /home/admin/Documents/ROS2/C3_1/build/demo_python_topic/build/lib/demo_python_topic
[0.958s] copying demo_python_topic/novel_pub_node.py -> /home/admin/Documents/ROS2/C3_1/build/demo_python_topic/build/lib/demo_python_topic
[0.958s] running install
[0.958s] running install_lib
[0.959s] creating /home/admin/Documents/ROS2/C3_1/install/demo_python_topic/lib/python3.10/site-packages/demo_python_topic
[0.959s] copying /home/admin/Documents/ROS2/C3_1/build/demo_python_topic/build/lib/demo_python_topic/__init__.py -> /home/admin/Documents/ROS2/C3_1/install/demo_python_topic/lib/python3.10/site-packages/demo_python_topic
[0.959s] copying /home/admin/Documents/ROS2/C3_1/build/demo_python_topic/build/lib/demo_python_topic/novel_pub_node.py -> /home/admin/Documents/ROS2/C3_1/install/demo_python_topic/lib/python3.10/site-packages/demo_python_topic
[0.959s] byte-compiling /home/admin/Documents/ROS2/C3_1/install/demo_python_topic/lib/python3.10/site-packages/demo_python_topic/__init__.py to __init__.cpython-310.pyc
[0.959s] byte-compiling /home/admin/Documents/ROS2/C3_1/install/demo_python_topic/lib/python3.10/site-packages/demo_python_topic/novel_pub_node.py to novel_pub_node.cpython-310.pyc
[0.960s] running install_data
[0.960s] creating /home/admin/Documents/ROS2/C3_1/install/demo_python_topic/share/ament_index
[0.960s] creating /home/admin/Documents/ROS2/C3_1/install/demo_python_topic/share/ament_index/resource_index
[0.960s] creating /home/admin/Documents/ROS2/C3_1/install/demo_python_topic/share/ament_index/resource_index/packages
[0.960s] copying resource/demo_python_topic -> /home/admin/Documents/ROS2/C3_1/install/demo_python_topic/share/ament_index/resource_index/packages
[0.960s] copying package.xml -> /home/admin/Documents/ROS2/C3_1/install/demo_python_topic/share/demo_python_topic
[0.960s] running install_egg_info
[0.962s] Copying ../../../build/demo_python_topic/demo_python_topic.egg-info to /home/admin/Documents/ROS2/C3_1/install/demo_python_topic/lib/python3.10/site-packages/demo_python_topic-0.0.0-py3.10.egg-info
[0.963s] running install_scripts
[0.984s] Installing novel_pub_node script to /home/admin/Documents/ROS2/C3_1/install/demo_python_topic/lib/demo_python_topic
[0.984s] writing list of installed files to '/home/admin/Documents/ROS2/C3_1/build/demo_python_topic/install.log'
[1.008s] Invoked command in '/home/admin/Documents/ROS2/C3_1/learn_top/src/demo_python_topic' returned '0': PYTHONPATH=/home/admin/Documents/ROS2/C3_1/build/demo_python_topic/prefix_override:/usr/lib/python3/dist-packages/colcon_core/task/python/colcon_distutils_commands:/home/admin/Documents/ROS2/C3_1/install/demo_python_topic/lib/python3.10/site-packages:${PYTHONPATH} /usr/bin/python3 -W ignore:setup.py install is deprecated -W ignore:easy_install command is deprecated setup.py egg_info --egg-base ../../../build/demo_python_topic build --build-base /home/admin/Documents/ROS2/C3_1/build/demo_python_topic/build install --record /home/admin/Documents/ROS2/C3_1/build/demo_python_topic/install.log --single-version-externally-managed install_data
