[0.017s] Invoking command in '/home/admin/Documents/ROS2/C3_1/build/demo_cpp_topic': CMAKE_PREFIX_PATH=/home/admin/Documents/ROS2/C3_1/install/demo_python_topic:/opt/ros/humble /usr/bin/cmake --build /home/admin/Documents/ROS2/C3_1/build/demo_cpp_topic -- -j8 -l8
[0.051s] -- Found ament_cmake: 1.3.11 (/opt/ros/humble/share/ament_cmake/cmake)
[0.212s] -- Found rclcpp: 16.0.11 (/opt/ros/humble/share/rclcpp/cmake)
[0.256s] -- Found rosidl_generator_c: 3.1.6 (/opt/ros/humble/share/rosidl_generator_c/cmake)
[0.256s] -- Found rosidl_adapter: 3.1.6 (/opt/ros/humble/share/rosidl_adapter/cmake)
[0.263s] -- Found rosidl_generator_cpp: 3.1.6 (/opt/ros/humble/share/rosidl_generator_cpp/cmake)
[0.276s] -- Using all available rosidl_typesupport_c: rosidl_typesupport_fastrtps_c;rosidl_typesupport_introspection_c
[0.289s] -- Using all available rosidl_typesupport_cpp: rosidl_typesupport_fastrtps_cpp;rosidl_typesupport_introspection_cpp
[0.326s] -- Found rmw_implementation_cmake: 6.1.2 (/opt/ros/humble/share/rmw_implementation_cmake/cmake)
[0.328s] -- Found rmw_fastrtps_cpp: 6.2.7 (/opt/ros/humble/share/rmw_fastrtps_cpp/cmake)
[0.465s] -- Using RMW implementation 'rmw_fastrtps_cpp' as default
[0.527s] -- Found geometry_msgs: 4.2.4 (/opt/ros/humble/share/geometry_msgs/cmake)
[0.548s] -- Found turtlesim: 1.4.2 (/opt/ros/humble/share/turtlesim/cmake)
[0.601s] -- Found ament_lint_auto: 0.12.11 (/opt/ros/humble/share/ament_lint_auto/cmake)
[0.690s] -- Added test 'cppcheck' to perform static code analysis on C / C++ code
[0.690s] -- Configured cppcheck include dirs: 
[0.690s] -- Configured cppcheck exclude dirs and/or files: 
[0.691s] -- Added test 'lint_cmake' to check CMake code style
[0.692s] -- Added test 'uncrustify' to check C / C++ code style
[0.692s] -- Configured uncrustify additional arguments: 
[0.693s] -- Added test 'xmllint' to check XML markup files
[0.694s] -- Configuring done
[0.699s] [31mCMake Error at CMakeLists.txt:14 (add_executable):
[0.699s]   Cannot find source file:
[0.699s] 
[0.699s]     src/turtle_circle.cpp
[0.699s] 
[0.699s]   Tried extensions .c .C .c++ .cc .cpp .cxx .cu .mpp .m .M .mm .ixx .cppm .h
[0.699s]   .hh .h++ .hm .hpp .hxx .in .txx .f .F .for .f77 .f90 .f95 .f03 .hip .ispc
[0.700s] 
[0.700s] [0m
[0.701s] [31mCMake Error at CMakeLists.txt:14 (add_executable):
[0.701s]   No SOURCES given to target: tutle_circle
[0.702s] 
[0.702s] [0m
[0.702s] [0mCMake Generate step failed.  Build files cannot be regenerated correctly.[0m
[0.711s] gmake: *** [Makefile:226: cmake_check_build_system] Error 1
[0.714s] Invoked command in '/home/admin/Documents/ROS2/C3_1/build/demo_cpp_topic' returned '2': CMAKE_PREFIX_PATH=/home/admin/Documents/ROS2/C3_1/install/demo_python_topic:/opt/ros/humble /usr/bin/cmake --build /home/admin/Documents/ROS2/C3_1/build/demo_cpp_topic -- -j8 -l8
