[0.022s] Invoking command in '/home/admin/Documents/ROS2/C5_1/build/demo_cpp_tf': CMAKE_PREFIX_PATH=/home/admin/Documents/ROS2/C5_1/install/demo_python_tf:/opt/ros/humble /usr/bin/cmake /home/admin/Documents/ROS2/C5_1/src/demo_cpp_tf -DCMAKE_INSTALL_PREFIX=/home/admin/Documents/ROS2/C5_1/install/demo_cpp_tf
[0.046s] -- Found ament_cmake: 1.3.11 (/opt/ros/humble/share/ament_cmake/cmake)
[0.213s] -- Found rclcpp: 16.0.11 (/opt/ros/humble/share/rclcpp/cmake)
[0.268s] -- Found rosidl_generator_c: 3.1.6 (/opt/ros/humble/share/rosidl_generator_c/cmake)
[0.271s] -- Found rosidl_adapter: 3.1.6 (/opt/ros/humble/share/rosidl_adapter/cmake)
[0.277s] -- Found rosidl_generator_cpp: 3.1.6 (/opt/ros/humble/share/rosidl_generator_cpp/cmake)
[0.287s] -- Using all available rosidl_typesupport_c: rosidl_typesupport_fastrtps_c;rosidl_typesupport_introspection_c
[0.300s] -- Using all available rosidl_typesupport_cpp: rosidl_typesupport_fastrtps_cpp;rosidl_typesupport_introspection_cpp
[0.337s] -- Found rmw_implementation_cmake: 6.1.2 (/opt/ros/humble/share/rmw_implementation_cmake/cmake)
[0.340s] -- Found rmw_fastrtps_cpp: 6.2.7 (/opt/ros/humble/share/rmw_fastrtps_cpp/cmake)
[0.468s] -- Using RMW implementation 'rmw_fastrtps_cpp' as default
[0.529s] -- Found tf2_ros: 0.25.12 (/opt/ros/humble/share/tf2_ros/cmake)
[0.647s] -- Found tf2_geometry_msgs: 0.25.12 (/opt/ros/humble/share/tf2_geometry_msgs/cmake)
[0.667s] -- Found eigen3_cmake_module: 0.1.1 (/opt/ros/humble/share/eigen3_cmake_module/cmake)
[0.670s] -- Found Eigen3: TRUE (found version "3.4.0") 
[0.670s] -- Ensuring Eigen3 include directory is part of orocos-kdl CMake target
[0.673s] -- Found ament_lint_auto: 0.12.11 (/opt/ros/humble/share/ament_lint_auto/cmake)
[0.763s] -- Added test 'cppcheck' to perform static code analysis on C / C++ code
[0.763s] -- Configured cppcheck include dirs: 
[0.763s] -- Configured cppcheck exclude dirs and/or files: 
[0.764s] -- Added test 'lint_cmake' to check CMake code style
[0.765s] -- Added test 'uncrustify' to check C / C++ code style
[0.765s] -- Configured uncrustify additional arguments: 
[0.766s] -- Added test 'xmllint' to check XML markup files
[0.767s] -- Configuring done
[0.772s] [31mCMake Error at CMakeLists.txt:15 (add_executable):
[0.772s]   Cannot find source file:
[0.772s] 
[0.772s]     src/static_tf2_broadcaster.cpp
[0.773s] 
[0.773s]   Tried extensions .c .C .c++ .cc .cpp .cxx .cu .mpp .m .M .mm .ixx .cppm .h
[0.773s]   .hh .h++ .hm .hpp .hxx .in .txx .f .F .for .f77 .f90 .f95 .f03 .hip .ispc
[0.773s] 
[0.773s] [0m
[0.774s] [31mCMake Error at CMakeLists.txt:15 (add_executable):
[0.774s]   No SOURCES given to target: static_tf2_broadcaster
[0.774s] 
[0.774s] [0m
[0.774s] [0mCMake Generate step failed.  Build files cannot be regenerated correctly.[0m
[0.785s] Invoked command in '/home/admin/Documents/ROS2/C5_1/build/demo_cpp_tf' returned '1': CMAKE_PREFIX_PATH=/home/admin/Documents/ROS2/C5_1/install/demo_python_tf:/opt/ros/humble /usr/bin/cmake /home/admin/Documents/ROS2/C5_1/src/demo_cpp_tf -DCMAKE_INSTALL_PREFIX=/home/admin/Documents/ROS2/C5_1/install/demo_cpp_tf
