[0.011s] Invoking command in '/home/admin/Documents/ROS2/C3_4/build/status_display': CMAKE_PREFIX_PATH=${CMAKE_PREFIX_PATH}:/home/admin/Documents/ROS2/C3_4/install/status_publisher:/opt/ros/humble /usr/bin/cmake /home/admin/Documents/ROS2/C3_4/src/status_display -DCMAKE_INSTALL_PREFIX=/home/admin/Documents/ROS2/C3_4/install/status_display
[0.029s] -- Found ament_cmake: 1.3.11 (/opt/ros/humble/share/ament_cmake/cmake)
[0.257s] -- Found rclcpp: 16.0.11 (/opt/ros/humble/share/rclcpp/cmake)
[0.293s] -- Found rosidl_generator_c: 3.1.6 (/opt/ros/humble/share/rosidl_generator_c/cmake)
[0.296s] -- Found rosidl_adapter: 3.1.6 (/opt/ros/humble/share/rosidl_adapter/cmake)
[0.303s] -- Found rosidl_generator_cpp: 3.1.6 (/opt/ros/humble/share/rosidl_generator_cpp/cmake)
[0.314s] -- Using all available rosidl_typesupport_c: rosidl_typesupport_fastrtps_c;rosidl_typesupport_introspection_c
[0.332s] -- Using all available rosidl_typesupport_cpp: rosidl_typesupport_fastrtps_cpp;rosidl_typesupport_introspection_cpp
[0.380s] -- Found rmw_implementation_cmake: 6.1.2 (/opt/ros/humble/share/rmw_implementation_cmake/cmake)
[0.382s] -- Found rmw_fastrtps_cpp: 6.2.7 (/opt/ros/humble/share/rmw_fastrtps_cpp/cmake)
[0.505s] -- Using RMW implementation 'rmw_fastrtps_cpp' as default
[0.573s] -- Found status_interfaces: 0.0.0 (/home/admin/Documents/ROS2/C3_4/install/status_interfaces/share/status_interfaces/cmake)
[0.595s] -- Found ament_lint_auto: 0.12.11 (/opt/ros/humble/share/ament_lint_auto/cmake)
[0.689s] -- Added test 'cppcheck' to perform static code analysis on C / C++ code
[0.689s] -- Configured cppcheck include dirs: 
[0.689s] -- Configured cppcheck exclude dirs and/or files: 
[0.690s] -- Added test 'lint_cmake' to check CMake code style
[0.691s] -- Added test 'uncrustify' to check C / C++ code style
[0.691s] -- Configured uncrustify additional arguments: 
[0.691s] -- Added test 'xmllint' to check XML markup files
[0.692s] -- Configuring done
[0.697s] [31mCMake Error at CMakeLists.txt:14 (add_executable):
[0.697s]   Target "hello_qt" links to target "status_interfaces::status_interfaces"
[0.697s]   but the target was not found.  Perhaps a find_package() call is missing for
[0.697s]   an IMPORTED target, or an ALIAS target is missing?
[0.697s] 
[0.697s] [0m
[0.705s] -- Generating done
[0.708s] [0mCMake Generate step failed.  Build files cannot be regenerated correctly.[0m
[0.720s] Invoked command in '/home/admin/Documents/ROS2/C3_4/build/status_display' returned '1': CMAKE_PREFIX_PATH=${CMAKE_PREFIX_PATH}:/home/admin/Documents/ROS2/C3_4/install/status_publisher:/opt/ros/humble /usr/bin/cmake /home/admin/Documents/ROS2/C3_4/src/status_display -DCMAKE_INSTALL_PREFIX=/home/admin/Documents/ROS2/C3_4/install/status_display
