[0.811s] Invoking command in '/home/admin/Documents/ROS2/C3_4/src/status_publisher': CMAKE_PREFIX_PATH=/home/admin/Documents/ROS2/C3_4/install/status_interfaces:/home/admin/Documents/ROS2/C3_4/install/status_display PYTHONPATH=/home/admin/Documents/ROS2/C3_4/build/status_publisher/prefix_override:/usr/lib/python3/dist-packages/colcon_core/task/python/colcon_distutils_commands:/home/admin/Documents/ROS2/C3_4/install/status_publisher/lib/python3.10/site-packages:${PYTHONPATH} /usr/bin/python3 -W ignore:setup.py install is deprecated -W ignore:easy_install command is deprecated setup.py egg_info --egg-base ../../build/status_publisher build --build-base /home/admin/Documents/ROS2/C3_4/build/status_publisher/build install --record /home/admin/Documents/ROS2/C3_4/build/status_publisher/install.log --single-version-externally-managed install_data
[1.141s] running egg_info
[1.142s] writing ../../build/status_publisher/status_publisher.egg-info/PKG-INFO
[1.143s] writing dependency_links to ../../build/status_publisher/status_publisher.egg-info/dependency_links.txt
[1.144s] writing entry points to ../../build/status_publisher/status_publisher.egg-info/entry_points.txt
[1.144s] writing requirements to ../../build/status_publisher/status_publisher.egg-info/requires.txt
[1.144s] writing top-level names to ../../build/status_publisher/status_publisher.egg-info/top_level.txt
[1.146s] reading manifest file '../../build/status_publisher/status_publisher.egg-info/SOURCES.txt'
[1.147s] adding license file 'LICENSE'
[1.148s] writing manifest file '../../build/status_publisher/status_publisher.egg-info/SOURCES.txt'
[1.148s] running build
[1.148s] running build_py
[1.149s] running install
[1.149s] running install_lib
[1.151s] running install_data
[1.151s] running install_egg_info
[1.154s] removing '/home/admin/Documents/ROS2/C3_4/install/status_publisher/lib/python3.10/site-packages/status_publisher-0.0.0-py3.10.egg-info' (and everything under it)
[1.154s] Copying ../../build/status_publisher/status_publisher.egg-info to /home/admin/Documents/ROS2/C3_4/install/status_publisher/lib/python3.10/site-packages/status_publisher-0.0.0-py3.10.egg-info
[1.155s] running install_scripts
[1.179s] Installing sys_status_pub script to /home/admin/Documents/ROS2/C3_4/install/status_publisher/lib/status_publisher
[1.179s] writing list of installed files to '/home/admin/Documents/ROS2/C3_4/build/status_publisher/install.log'
[1.222s] Invoked command in '/home/admin/Documents/ROS2/C3_4/src/status_publisher' returned '0': CMAKE_PREFIX_PATH=/home/admin/Documents/ROS2/C3_4/install/status_interfaces:/home/admin/Documents/ROS2/C3_4/install/status_display PYTHONPATH=/home/admin/Documents/ROS2/C3_4/build/status_publisher/prefix_override:/usr/lib/python3/dist-packages/colcon_core/task/python/colcon_distutils_commands:/home/admin/Documents/ROS2/C3_4/install/status_publisher/lib/python3.10/site-packages:${PYTHONPATH} /usr/bin/python3 -W ignore:setup.py install is deprecated -W ignore:easy_install command is deprecated setup.py egg_info --egg-base ../../build/status_publisher build --build-base /home/admin/Documents/ROS2/C3_4/build/status_publisher/build install --record /home/admin/Documents/ROS2/C3_4/build/status_publisher/install.log --single-version-externally-managed install_data
