[0.816s] Invoking command in '/home/admin/Documents/ROS2/C2_3/src/python_src/demo_python_pkg': PYTHONPATH=/home/admin/Documents/ROS2/C2_3/build/demo_python_pkg/prefix_override:/usr/lib/python3/dist-packages/colcon_core/task/python/colcon_distutils_commands:/home/admin/Documents/ROS2/C2_3/install/demo_python_pkg/lib/python3.10/site-packages:${PYTHONPATH} /usr/bin/python3 -W ignore:setup.py install is deprecated -W ignore:easy_install command is deprecated setup.py egg_info --egg-base ../../../build/demo_python_pkg build --build-base /home/admin/Documents/ROS2/C2_3/build/demo_python_pkg/build install --record /home/admin/Documents/ROS2/C2_3/build/demo_python_pkg/install.log --single-version-externally-managed install_data
[1.100s] running egg_info
[1.101s] writing ../../../build/demo_python_pkg/demo_python_pkg.egg-info/PKG-INFO
[1.101s] writing dependency_links to ../../../build/demo_python_pkg/demo_python_pkg.egg-info/dependency_links.txt
[1.101s] writing entry points to ../../../build/demo_python_pkg/demo_python_pkg.egg-info/entry_points.txt
[1.101s] writing requirements to ../../../build/demo_python_pkg/demo_python_pkg.egg-info/requires.txt
[1.101s] writing top-level names to ../../../build/demo_python_pkg/demo_python_pkg.egg-info/top_level.txt
[1.103s] reading manifest file '../../../build/demo_python_pkg/demo_python_pkg.egg-info/SOURCES.txt'
[1.104s] adding license file 'LICENSE'
[1.105s] writing manifest file '../../../build/demo_python_pkg/demo_python_pkg.egg-info/SOURCES.txt'
[1.106s] running build
[1.106s] running build_py
[1.107s] running install
[1.107s] running install_lib
[1.110s] running install_data
[1.110s] running install_egg_info
[1.112s] removing '/home/admin/Documents/ROS2/C2_3/install/demo_python_pkg/lib/python3.10/site-packages/demo_python_pkg-0.0.0-py3.10.egg-info' (and everything under it)
[1.113s] Copying ../../../build/demo_python_pkg/demo_python_pkg.egg-info to /home/admin/Documents/ROS2/C2_3/install/demo_python_pkg/lib/python3.10/site-packages/demo_python_pkg-0.0.0-py3.10.egg-info
[1.114s] running install_scripts
[1.141s] Installing person_node script to /home/admin/Documents/ROS2/C2_3/install/demo_python_pkg/lib/demo_python_pkg
[1.141s] Installing python_node script to /home/admin/Documents/ROS2/C2_3/install/demo_python_pkg/lib/demo_python_pkg
[1.141s] Installing writer_node script to /home/admin/Documents/ROS2/C2_3/install/demo_python_pkg/lib/demo_python_pkg
[1.141s] writing list of installed files to '/home/admin/Documents/ROS2/C2_3/build/demo_python_pkg/install.log'
[1.166s] Invoked command in '/home/admin/Documents/ROS2/C2_3/src/python_src/demo_python_pkg' returned '0': PYTHONPATH=/home/admin/Documents/ROS2/C2_3/build/demo_python_pkg/prefix_override:/usr/lib/python3/dist-packages/colcon_core/task/python/colcon_distutils_commands:/home/admin/Documents/ROS2/C2_3/install/demo_python_pkg/lib/python3.10/site-packages:${PYTHONPATH} /usr/bin/python3 -W ignore:setup.py install is deprecated -W ignore:easy_install command is deprecated setup.py egg_info --egg-base ../../../build/demo_python_pkg build --build-base /home/admin/Documents/ROS2/C2_3/build/demo_python_pkg/build install --record /home/admin/Documents/ROS2/C2_3/build/demo_python_pkg/install.log --single-version-externally-managed install_data
