[0.014s] Invoking command in '/home/admin/Documents/ROS2/C4.1/build/demo_cpp_service': CMAKE_PREFIX_PATH=${CMAKE_PREFIX_PATH}:/home/admin/Documents/ROS2/C4.1/install/demo_python_service:/opt/ros/humble /usr/bin/cmake --build /home/admin/Documents/ROS2/C4.1/build/demo_cpp_service -- -j8 -l8
[0.040s] -- Found ament_cmake: 1.3.11 (/opt/ros/humble/share/ament_cmake/cmake)
[0.209s] -- Found chapt4_interfaces: 0.0.0 (/home/admin/Documents/ROS2/C4.1/install/chapt4_interfaces/share/chapt4_interfaces/cmake)
[0.235s] -- Found rosidl_generator_c: 3.1.6 (/opt/ros/humble/share/rosidl_generator_c/cmake)
[0.238s] -- Found rosidl_adapter: 3.1.6 (/opt/ros/humble/share/rosidl_adapter/cmake)
[0.244s] -- Found rosidl_generator_cpp: 3.1.6 (/opt/ros/humble/share/rosidl_generator_cpp/cmake)
[0.254s] -- Using all available rosidl_typesupport_c: rosidl_typesupport_fastrtps_c;rosidl_typesupport_introspection_c
[0.276s] -- Using all available rosidl_typesupport_cpp: rosidl_typesupport_fastrtps_cpp;rosidl_typesupport_introspection_cpp
[0.358s] -- Found rclcpp: 16.0.11 (/opt/ros/humble/share/rclcpp/cmake)
[0.394s] -- Found rmw_implementation_cmake: 6.1.2 (/opt/ros/humble/share/rmw_implementation_cmake/cmake)
[0.396s] -- Found rmw_fastrtps_cpp: 6.2.7 (/opt/ros/humble/share/rmw_fastrtps_cpp/cmake)
[0.512s] -- Using RMW implementation 'rmw_fastrtps_cpp' as default
[0.553s] -- Found turtlesim: 1.4.2 (/opt/ros/humble/share/turtlesim/cmake)
[0.611s] -- Found ament_lint_auto: 0.12.11 (/opt/ros/humble/share/ament_lint_auto/cmake)
[0.716s] -- Added test 'cppcheck' to perform static code analysis on C / C++ code
[0.717s] -- Configured cppcheck include dirs: 
[0.717s] -- Configured cppcheck exclude dirs and/or files: 
[0.719s] -- Added test 'lint_cmake' to check CMake code style
[0.720s] -- Added test 'uncrustify' to check C / C++ code style
[0.720s] -- Configured uncrustify additional arguments: 
[0.720s] -- Added test 'xmllint' to check XML markup files
[0.721s] -- Configuring done
[0.735s] -- Generating done
[0.739s] -- Build files have been written to: /home/admin/Documents/ROS2/C4.1/build/demo_cpp_service
[0.790s] [ 50%] [32mBuilding CXX object CMakeFiles/turtle_control.dir/src/turtle_control.cpp.o[0m
[11.099s] [100%] [32m[1mLinking CXX executable turtle_control[0m
[11.659s] [100%] Built target turtle_control
[11.670s] Invoked command in '/home/admin/Documents/ROS2/C4.1/build/demo_cpp_service' returned '0': CMAKE_PREFIX_PATH=${CMAKE_PREFIX_PATH}:/home/admin/Documents/ROS2/C4.1/install/demo_python_service:/opt/ros/humble /usr/bin/cmake --build /home/admin/Documents/ROS2/C4.1/build/demo_cpp_service -- -j8 -l8
[11.672s] Invoking command in '/home/admin/Documents/ROS2/C4.1/build/demo_cpp_service': CMAKE_PREFIX_PATH=${CMAKE_PREFIX_PATH}:/home/admin/Documents/ROS2/C4.1/install/demo_python_service:/opt/ros/humble /usr/bin/cmake --install /home/admin/Documents/ROS2/C4.1/build/demo_cpp_service
[11.679s] -- Install configuration: ""
[11.679s] -- Installing: /home/admin/Documents/ROS2/C4.1/install/demo_cpp_service/lib/demo_cpp_service/turtle_control
[11.684s] -- Set runtime path of "/home/admin/Documents/ROS2/C4.1/install/demo_cpp_service/lib/demo_cpp_service/turtle_control" to ""
[11.684s] -- Up-to-date: /home/admin/Documents/ROS2/C4.1/install/demo_cpp_service/share/ament_index/resource_index/package_run_dependencies/demo_cpp_service
[11.684s] -- Up-to-date: /home/admin/Documents/ROS2/C4.1/install/demo_cpp_service/share/ament_index/resource_index/parent_prefix_path/demo_cpp_service
[11.684s] -- Up-to-date: /home/admin/Documents/ROS2/C4.1/install/demo_cpp_service/share/demo_cpp_service/environment/ament_prefix_path.sh
[11.684s] -- Installing: /home/admin/Documents/ROS2/C4.1/install/demo_cpp_service/share/demo_cpp_service/environment/ament_prefix_path.dsv
[11.684s] -- Up-to-date: /home/admin/Documents/ROS2/C4.1/install/demo_cpp_service/share/demo_cpp_service/environment/path.sh
[11.684s] -- Installing: /home/admin/Documents/ROS2/C4.1/install/demo_cpp_service/share/demo_cpp_service/environment/path.dsv
[11.685s] -- Up-to-date: /home/admin/Documents/ROS2/C4.1/install/demo_cpp_service/share/demo_cpp_service/local_setup.bash
[11.685s] -- Up-to-date: /home/admin/Documents/ROS2/C4.1/install/demo_cpp_service/share/demo_cpp_service/local_setup.sh
[11.685s] -- Up-to-date: /home/admin/Documents/ROS2/C4.1/install/demo_cpp_service/share/demo_cpp_service/local_setup.zsh
[11.685s] -- Installing: /home/admin/Documents/ROS2/C4.1/install/demo_cpp_service/share/demo_cpp_service/local_setup.dsv
[11.685s] -- Installing: /home/admin/Documents/ROS2/C4.1/install/demo_cpp_service/share/demo_cpp_service/package.dsv
[11.685s] -- Up-to-date: /home/admin/Documents/ROS2/C4.1/install/demo_cpp_service/share/ament_index/resource_index/packages/demo_cpp_service
[11.685s] -- Up-to-date: /home/admin/Documents/ROS2/C4.1/install/demo_cpp_service/share/demo_cpp_service/cmake/demo_cpp_serviceConfig.cmake
[11.686s] -- Up-to-date: /home/admin/Documents/ROS2/C4.1/install/demo_cpp_service/share/demo_cpp_service/cmake/demo_cpp_serviceConfig-version.cmake
[11.686s] -- Up-to-date: /home/admin/Documents/ROS2/C4.1/install/demo_cpp_service/share/demo_cpp_service/package.xml
[11.688s] Invoked command in '/home/admin/Documents/ROS2/C4.1/build/demo_cpp_service' returned '0': CMAKE_PREFIX_PATH=${CMAKE_PREFIX_PATH}:/home/admin/Documents/ROS2/C4.1/install/demo_python_service:/opt/ros/humble /usr/bin/cmake --install /home/admin/Documents/ROS2/C4.1/build/demo_cpp_service
