[0.712s] Invoking command in '/home/admin/Documents/ROS2/C3_4/src/status_publisher': PYTHONPATH=/home/admin/Documents/ROS2/C3_4/build/status_publisher/prefix_override:/usr/lib/python3/dist-packages/colcon_core/task/python/colcon_distutils_commands:/home/admin/Documents/ROS2/C3_4/install/status_publisher/lib/python3.10/site-packages:${PYTHONPATH} /usr/bin/python3 -W ignore:setup.py install is deprecated -W ignore:easy_install command is deprecated setup.py egg_info --egg-base ../../build/status_publisher build --build-base /home/admin/Documents/ROS2/C3_4/build/status_publisher/build install --record /home/admin/Documents/ROS2/C3_4/build/status_publisher/install.log --single-version-externally-managed install_data
[0.970s] running egg_info
[0.971s] writing ../../build/status_publisher/status_publisher.egg-info/PKG-INFO
[0.971s] writing dependency_links to ../../build/status_publisher/status_publisher.egg-info/dependency_links.txt
[0.971s] writing entry points to ../../build/status_publisher/status_publisher.egg-info/entry_points.txt
[0.971s] writing requirements to ../../build/status_publisher/status_publisher.egg-info/requires.txt
[0.971s] writing top-level names to ../../build/status_publisher/status_publisher.egg-info/top_level.txt
[0.973s] reading manifest file '../../build/status_publisher/status_publisher.egg-info/SOURCES.txt'
[0.973s] adding license file 'LICENSE'
[0.974s] writing manifest file '../../build/status_publisher/status_publisher.egg-info/SOURCES.txt'
[0.974s] running build
[0.974s] running build_py
[0.975s] copying status_publisher/sys_status_pub.py -> /home/admin/Documents/ROS2/C3_4/build/status_publisher/build/lib/status_publisher
[0.975s] running install
[0.975s] running install_lib
[0.976s] copying /home/admin/Documents/ROS2/C3_4/build/status_publisher/build/lib/status_publisher/sys_status_pub.py -> /home/admin/Documents/ROS2/C3_4/install/status_publisher/lib/python3.10/site-packages/status_publisher
[0.976s] byte-compiling /home/admin/Documents/ROS2/C3_4/install/status_publisher/lib/python3.10/site-packages/status_publisher/sys_status_pub.py to sys_status_pub.cpython-310.pyc
[0.977s] running install_data
[0.977s] running install_egg_info
[0.979s] removing '/home/admin/Documents/ROS2/C3_4/install/status_publisher/lib/python3.10/site-packages/status_publisher-0.0.0-py3.10.egg-info' (and everything under it)
[0.979s] Copying ../../build/status_publisher/status_publisher.egg-info to /home/admin/Documents/ROS2/C3_4/install/status_publisher/lib/python3.10/site-packages/status_publisher-0.0.0-py3.10.egg-info
[0.983s] running install_scripts
[1.007s] Installing sys_status_pub script to /home/admin/Documents/ROS2/C3_4/install/status_publisher/lib/status_publisher
[1.008s] writing list of installed files to '/home/admin/Documents/ROS2/C3_4/build/status_publisher/install.log'
[1.033s] Invoked command in '/home/admin/Documents/ROS2/C3_4/src/status_publisher' returned '0': PYTHONPATH=/home/admin/Documents/ROS2/C3_4/build/status_publisher/prefix_override:/usr/lib/python3/dist-packages/colcon_core/task/python/colcon_distutils_commands:/home/admin/Documents/ROS2/C3_4/install/status_publisher/lib/python3.10/site-packages:${PYTHONPATH} /usr/bin/python3 -W ignore:setup.py install is deprecated -W ignore:easy_install command is deprecated setup.py egg_info --egg-base ../../build/status_publisher build --build-base /home/admin/Documents/ROS2/C3_4/build/status_publisher/build install --record /home/admin/Documents/ROS2/C3_4/build/status_publisher/install.log --single-version-externally-managed install_data
