[0.021s] Invoking command in '/home/admin/Documents/ROS2/C3_1/build/demo_cpp_topic': CMAKE_PREFIX_PATH=${CMAKE_PREFIX_PATH}:/home/admin/Documents/ROS2/C3_1/install/demo_python_topic:/opt/ros/humble /usr/bin/cmake --build /home/admin/Documents/ROS2/C3_1/build/demo_cpp_topic -- -j8 -l8
[0.048s] -- Found ament_cmake: 1.3.11 (/opt/ros/humble/share/ament_cmake/cmake)
[0.204s] -- Found rclcpp: 16.0.11 (/opt/ros/humble/share/rclcpp/cmake)
[0.243s] -- Found rosidl_generator_c: 3.1.6 (/opt/ros/humble/share/rosidl_generator_c/cmake)
[0.246s] -- Found rosidl_adapter: 3.1.6 (/opt/ros/humble/share/rosidl_adapter/cmake)
[0.253s] -- Found rosidl_generator_cpp: 3.1.6 (/opt/ros/humble/share/rosidl_generator_cpp/cmake)
[0.265s] -- Using all available rosidl_typesupport_c: rosidl_typesupport_fastrtps_c;rosidl_typesupport_introspection_c
[0.278s] -- Using all available rosidl_typesupport_cpp: rosidl_typesupport_fastrtps_cpp;rosidl_typesupport_introspection_cpp
[0.314s] -- Found rmw_implementation_cmake: 6.1.2 (/opt/ros/humble/share/rmw_implementation_cmake/cmake)
[0.315s] -- Found rmw_fastrtps_cpp: 6.2.7 (/opt/ros/humble/share/rmw_fastrtps_cpp/cmake)
[0.446s] -- Using RMW implementation 'rmw_fastrtps_cpp' as default
[0.506s] -- Found geometry_msgs: 4.2.4 (/opt/ros/humble/share/geometry_msgs/cmake)
[0.519s] -- Found turtlesim: 1.4.2 (/opt/ros/humble/share/turtlesim/cmake)
[0.573s] -- Found ament_lint_auto: 0.12.11 (/opt/ros/humble/share/ament_lint_auto/cmake)
[0.658s] -- Added test 'cppcheck' to perform static code analysis on C / C++ code
[0.658s] -- Configured cppcheck include dirs: 
[0.658s] -- Configured cppcheck exclude dirs and/or files: 
[0.659s] -- Added test 'lint_cmake' to check CMake code style
[0.660s] -- Added test 'uncrustify' to check C / C++ code style
[0.660s] -- Configured uncrustify additional arguments: 
[0.660s] -- Added test 'xmllint' to check XML markup files
[0.661s] -- Configuring done
[0.678s] -- Generating done
[0.683s] -- Build files have been written to: /home/admin/Documents/ROS2/C3_1/build/demo_cpp_topic
[0.716s] [35m[1mConsolidate compiler generated dependencies of target turtle_circle[0m
[0.727s] [ 25%] [32mBuilding CXX object CMakeFiles/turtle_control.dir/src/turtle_control.cpp.o[0m
[0.744s] [ 75%] Built target turtle_circle
[10.576s] [100%] [32m[1mLinking CXX executable turtle_control[0m
[11.063s] [100%] Built target turtle_control
[11.081s] Invoked command in '/home/admin/Documents/ROS2/C3_1/build/demo_cpp_topic' returned '0': CMAKE_PREFIX_PATH=${CMAKE_PREFIX_PATH}:/home/admin/Documents/ROS2/C3_1/install/demo_python_topic:/opt/ros/humble /usr/bin/cmake --build /home/admin/Documents/ROS2/C3_1/build/demo_cpp_topic -- -j8 -l8
[11.092s] Invoking command in '/home/admin/Documents/ROS2/C3_1/build/demo_cpp_topic': CMAKE_PREFIX_PATH=${CMAKE_PREFIX_PATH}:/home/admin/Documents/ROS2/C3_1/install/demo_python_topic:/opt/ros/humble /usr/bin/cmake --install /home/admin/Documents/ROS2/C3_1/build/demo_cpp_topic
[11.099s] -- Install configuration: ""
[11.099s] -- Installing: /home/admin/Documents/ROS2/C3_1/install/demo_cpp_topic/lib/demo_cpp_topic/turtle_circle
[11.101s] -- Set runtime path of "/home/admin/Documents/ROS2/C3_1/install/demo_cpp_topic/lib/demo_cpp_topic/turtle_circle" to ""
[11.101s] -- Installing: /home/admin/Documents/ROS2/C3_1/install/demo_cpp_topic/lib/demo_cpp_topic/turtle_control
[11.106s] -- Set runtime path of "/home/admin/Documents/ROS2/C3_1/install/demo_cpp_topic/lib/demo_cpp_topic/turtle_control" to ""
[11.106s] -- Up-to-date: /home/admin/Documents/ROS2/C3_1/install/demo_cpp_topic/share/ament_index/resource_index/package_run_dependencies/demo_cpp_topic
[11.106s] -- Installing: /home/admin/Documents/ROS2/C3_1/install/demo_cpp_topic/share/ament_index/resource_index/parent_prefix_path/demo_cpp_topic
[11.106s] -- Up-to-date: /home/admin/Documents/ROS2/C3_1/install/demo_cpp_topic/share/demo_cpp_topic/environment/ament_prefix_path.sh
[11.107s] -- Installing: /home/admin/Documents/ROS2/C3_1/install/demo_cpp_topic/share/demo_cpp_topic/environment/ament_prefix_path.dsv
[11.107s] -- Up-to-date: /home/admin/Documents/ROS2/C3_1/install/demo_cpp_topic/share/demo_cpp_topic/environment/path.sh
[11.107s] -- Installing: /home/admin/Documents/ROS2/C3_1/install/demo_cpp_topic/share/demo_cpp_topic/environment/path.dsv
[11.108s] -- Up-to-date: /home/admin/Documents/ROS2/C3_1/install/demo_cpp_topic/share/demo_cpp_topic/local_setup.bash
[11.108s] -- Up-to-date: /home/admin/Documents/ROS2/C3_1/install/demo_cpp_topic/share/demo_cpp_topic/local_setup.sh
[11.108s] -- Up-to-date: /home/admin/Documents/ROS2/C3_1/install/demo_cpp_topic/share/demo_cpp_topic/local_setup.zsh
[11.108s] -- Installing: /home/admin/Documents/ROS2/C3_1/install/demo_cpp_topic/share/demo_cpp_topic/local_setup.dsv
[11.108s] -- Installing: /home/admin/Documents/ROS2/C3_1/install/demo_cpp_topic/share/demo_cpp_topic/package.dsv
[11.108s] -- Up-to-date: /home/admin/Documents/ROS2/C3_1/install/demo_cpp_topic/share/ament_index/resource_index/packages/demo_cpp_topic
[11.108s] -- Up-to-date: /home/admin/Documents/ROS2/C3_1/install/demo_cpp_topic/share/demo_cpp_topic/cmake/demo_cpp_topicConfig.cmake
[11.109s] -- Up-to-date: /home/admin/Documents/ROS2/C3_1/install/demo_cpp_topic/share/demo_cpp_topic/cmake/demo_cpp_topicConfig-version.cmake
[11.109s] -- Up-to-date: /home/admin/Documents/ROS2/C3_1/install/demo_cpp_topic/share/demo_cpp_topic/package.xml
[11.111s] Invoked command in '/home/admin/Documents/ROS2/C3_1/build/demo_cpp_topic' returned '0': CMAKE_PREFIX_PATH=${CMAKE_PREFIX_PATH}:/home/admin/Documents/ROS2/C3_1/install/demo_python_topic:/opt/ros/humble /usr/bin/cmake --install /home/admin/Documents/ROS2/C3_1/build/demo_cpp_topic
