[0.679s] Invoking command in '/home/admin/Documents/ROS2/C3_1/learn_top/src/demo_python_topic': PYTHONPATH=/home/admin/Documents/ROS2/C3_1/build/demo_python_topic/prefix_override:/usr/lib/python3/dist-packages/colcon_core/task/python/colcon_distutils_commands:/home/admin/Documents/ROS2/C3_1/install/demo_python_topic/lib/python3.10/site-packages:${PYTHONPATH} /usr/bin/python3 -W ignore:setup.py install is deprecated -W ignore:easy_install command is deprecated setup.py egg_info --egg-base ../../../build/demo_python_topic build --build-base /home/admin/Documents/ROS2/C3_1/build/demo_python_topic/build install --record /home/admin/Documents/ROS2/C3_1/build/demo_python_topic/install.log --single-version-externally-managed install_data
[0.934s] running egg_info
[0.935s] writing ../../../build/demo_python_topic/demo_python_topic.egg-info/PKG-INFO
[0.935s] writing dependency_links to ../../../build/demo_python_topic/demo_python_topic.egg-info/dependency_links.txt
[0.935s] writing entry points to ../../../build/demo_python_topic/demo_python_topic.egg-info/entry_points.txt
[0.936s] writing requirements to ../../../build/demo_python_topic/demo_python_topic.egg-info/requires.txt
[0.936s] writing top-level names to ../../../build/demo_python_topic/demo_python_topic.egg-info/top_level.txt
[0.938s] reading manifest file '../../../build/demo_python_topic/demo_python_topic.egg-info/SOURCES.txt'
[0.938s] adding license file 'LICENSE'
[0.939s] writing manifest file '../../../build/demo_python_topic/demo_python_topic.egg-info/SOURCES.txt'
[0.939s] running build
[0.939s] running build_py
[0.939s] copying demo_python_topic/novel_sub_novel.py -> /home/admin/Documents/ROS2/C3_1/build/demo_python_topic/build/lib/demo_python_topic
[0.940s] running install
[0.940s] running install_lib
[0.941s] copying /home/admin/Documents/ROS2/C3_1/build/demo_python_topic/build/lib/demo_python_topic/novel_sub_novel.py -> /home/admin/Documents/ROS2/C3_1/install/demo_python_topic/lib/python3.10/site-packages/demo_python_topic
[0.942s] byte-compiling /home/admin/Documents/ROS2/C3_1/install/demo_python_topic/lib/python3.10/site-packages/demo_python_topic/novel_sub_novel.py to novel_sub_novel.cpython-310.pyc
[0.942s] running install_data
[0.942s] running install_egg_info
[0.944s] removing '/home/admin/Documents/ROS2/C3_1/install/demo_python_topic/lib/python3.10/site-packages/demo_python_topic-0.0.0-py3.10.egg-info' (and everything under it)
[0.945s] Copying ../../../build/demo_python_topic/demo_python_topic.egg-info to /home/admin/Documents/ROS2/C3_1/install/demo_python_topic/lib/python3.10/site-packages/demo_python_topic-0.0.0-py3.10.egg-info
[0.945s] running install_scripts
[0.967s] Installing novel_pub_node script to /home/admin/Documents/ROS2/C3_1/install/demo_python_topic/lib/demo_python_topic
[0.967s] Installing novel_sub_node script to /home/admin/Documents/ROS2/C3_1/install/demo_python_topic/lib/demo_python_topic
[0.967s] writing list of installed files to '/home/admin/Documents/ROS2/C3_1/build/demo_python_topic/install.log'
[0.991s] Invoked command in '/home/admin/Documents/ROS2/C3_1/learn_top/src/demo_python_topic' returned '0': PYTHONPATH=/home/admin/Documents/ROS2/C3_1/build/demo_python_topic/prefix_override:/usr/lib/python3/dist-packages/colcon_core/task/python/colcon_distutils_commands:/home/admin/Documents/ROS2/C3_1/install/demo_python_topic/lib/python3.10/site-packages:${PYTHONPATH} /usr/bin/python3 -W ignore:setup.py install is deprecated -W ignore:easy_install command is deprecated setup.py egg_info --egg-base ../../../build/demo_python_topic build --build-base /home/admin/Documents/ROS2/C3_1/build/demo_python_topic/build install --record /home/admin/Documents/ROS2/C3_1/build/demo_python_topic/install.log --single-version-externally-managed install_data
