[0.680s] Invoking command in '/home/admin/Documents/ROS2/C5_1/src/demo_python_tf': PYTHONPATH=/home/admin/Documents/ROS2/C5_1/build/demo_python_tf/prefix_override:/usr/lib/python3/dist-packages/colcon_core/task/python/colcon_distutils_commands:/home/admin/Documents/ROS2/C5_1/install/demo_python_tf/lib/python3.10/site-packages:${PYTHONPATH} /usr/bin/python3 -W ignore:setup.py install is deprecated -W ignore:easy_install command is deprecated setup.py egg_info --egg-base ../../build/demo_python_tf build --build-base /home/admin/Documents/ROS2/C5_1/build/demo_python_tf/build install --record /home/admin/Documents/ROS2/C5_1/build/demo_python_tf/install.log --single-version-externally-managed install_data
[0.940s] running egg_info
[0.941s] creating ../../build/demo_python_tf/demo_python_tf.egg-info
[0.941s] writing ../../build/demo_python_tf/demo_python_tf.egg-info/PKG-INFO
[0.941s] writing dependency_links to ../../build/demo_python_tf/demo_python_tf.egg-info/dependency_links.txt
[0.941s] writing entry points to ../../build/demo_python_tf/demo_python_tf.egg-info/entry_points.txt
[0.942s] writing requirements to ../../build/demo_python_tf/demo_python_tf.egg-info/requires.txt
[0.942s] writing top-level names to ../../build/demo_python_tf/demo_python_tf.egg-info/top_level.txt
[0.942s] writing manifest file '../../build/demo_python_tf/demo_python_tf.egg-info/SOURCES.txt'
[0.943s] reading manifest file '../../build/demo_python_tf/demo_python_tf.egg-info/SOURCES.txt'
[0.943s] adding license file 'LICENSE'
[0.944s] writing manifest file '../../build/demo_python_tf/demo_python_tf.egg-info/SOURCES.txt'
[0.944s] running build
[0.944s] running build_py
[0.944s] creating /home/admin/Documents/ROS2/C5_1/build/demo_python_tf/build
[0.944s] creating /home/admin/Documents/ROS2/C5_1/build/demo_python_tf/build/lib
[0.945s] creating /home/admin/Documents/ROS2/C5_1/build/demo_python_tf/build/lib/demo_python_tf
[0.945s] copying demo_python_tf/__init__.py -> /home/admin/Documents/ROS2/C5_1/build/demo_python_tf/build/lib/demo_python_tf
[0.945s] copying demo_python_tf/static_tf_boardcaster.py -> /home/admin/Documents/ROS2/C5_1/build/demo_python_tf/build/lib/demo_python_tf
[0.945s] running install
[0.945s] running install_lib
[0.946s] creating /home/admin/Documents/ROS2/C5_1/install/demo_python_tf/lib/python3.10/site-packages/demo_python_tf
[0.946s] copying /home/admin/Documents/ROS2/C5_1/build/demo_python_tf/build/lib/demo_python_tf/__init__.py -> /home/admin/Documents/ROS2/C5_1/install/demo_python_tf/lib/python3.10/site-packages/demo_python_tf
[0.946s] copying /home/admin/Documents/ROS2/C5_1/build/demo_python_tf/build/lib/demo_python_tf/static_tf_boardcaster.py -> /home/admin/Documents/ROS2/C5_1/install/demo_python_tf/lib/python3.10/site-packages/demo_python_tf
[0.946s] byte-compiling /home/admin/Documents/ROS2/C5_1/install/demo_python_tf/lib/python3.10/site-packages/demo_python_tf/__init__.py to __init__.cpython-310.pyc
[0.947s] byte-compiling /home/admin/Documents/ROS2/C5_1/install/demo_python_tf/lib/python3.10/site-packages/demo_python_tf/static_tf_boardcaster.py to static_tf_boardcaster.cpython-310.pyc
[0.947s] running install_data
[0.947s] creating /home/admin/Documents/ROS2/C5_1/install/demo_python_tf/share/ament_index
[0.947s] creating /home/admin/Documents/ROS2/C5_1/install/demo_python_tf/share/ament_index/resource_index
[0.947s] creating /home/admin/Documents/ROS2/C5_1/install/demo_python_tf/share/ament_index/resource_index/packages
[0.947s] copying resource/demo_python_tf -> /home/admin/Documents/ROS2/C5_1/install/demo_python_tf/share/ament_index/resource_index/packages
[0.948s] copying package.xml -> /home/admin/Documents/ROS2/C5_1/install/demo_python_tf/share/demo_python_tf
[0.948s] running install_egg_info
[0.949s] Copying ../../build/demo_python_tf/demo_python_tf.egg-info to /home/admin/Documents/ROS2/C5_1/install/demo_python_tf/lib/python3.10/site-packages/demo_python_tf-0.0.0-py3.10.egg-info
[0.950s] running install_scripts
[0.972s] Installing static_tf_broadcaster script to /home/admin/Documents/ROS2/C5_1/install/demo_python_tf/lib/demo_python_tf
[0.972s] writing list of installed files to '/home/admin/Documents/ROS2/C5_1/build/demo_python_tf/install.log'
[0.995s] Invoked command in '/home/admin/Documents/ROS2/C5_1/src/demo_python_tf' returned '0': PYTHONPATH=/home/admin/Documents/ROS2/C5_1/build/demo_python_tf/prefix_override:/usr/lib/python3/dist-packages/colcon_core/task/python/colcon_distutils_commands:/home/admin/Documents/ROS2/C5_1/install/demo_python_tf/lib/python3.10/site-packages:${PYTHONPATH} /usr/bin/python3 -W ignore:setup.py install is deprecated -W ignore:easy_install command is deprecated setup.py egg_info --egg-base ../../build/demo_python_tf build --build-base /home/admin/Documents/ROS2/C5_1/build/demo_python_tf/build install --record /home/admin/Documents/ROS2/C5_1/build/demo_python_tf/install.log --single-version-externally-managed install_data
