[0.018s] Invoking command in '/home/admin/Documents/ROS2/C2_3/build/demo_cpp': CMAKE_PREFIX_PATH=/opt/ros/humble /usr/bin/cmake --build /home/admin/Documents/ROS2/C2_3/build/demo_cpp -- -j8 -l8
[0.081s] [100%] Built target cpp_node
[0.300s] Invoked command in '/home/admin/Documents/ROS2/C2_3/build/demo_cpp' returned '0': CMAKE_PREFIX_PATH=/opt/ros/humble /usr/bin/cmake --build /home/admin/Documents/ROS2/C2_3/build/demo_cpp -- -j8 -l8
[0.311s] Invoking command in '/home/admin/Documents/ROS2/C2_3/build/demo_cpp': CMAKE_PREFIX_PATH=/opt/ros/humble /usr/bin/cmake --install /home/admin/Documents/ROS2/C2_3/build/demo_cpp
[0.322s] -- Install configuration: ""
[0.322s] -- Up-to-date: /home/admin/Documents/ROS2/C2_3/install/demo_cpp/lib/demo_cpp/cpp_node
[0.322s] -- Up-to-date: /home/admin/Documents/ROS2/C2_3/install/demo_cpp/share/ament_index/resource_index/package_run_dependencies/demo_cpp
[0.322s] -- Up-to-date: /home/admin/Documents/ROS2/C2_3/install/demo_cpp/share/ament_index/resource_index/parent_prefix_path/demo_cpp
[0.322s] -- Up-to-date: /home/admin/Documents/ROS2/C2_3/install/demo_cpp/share/demo_cpp/environment/ament_prefix_path.sh
[0.322s] -- Up-to-date: /home/admin/Documents/ROS2/C2_3/install/demo_cpp/share/demo_cpp/environment/ament_prefix_path.dsv
[0.322s] -- Up-to-date: /home/admin/Documents/ROS2/C2_3/install/demo_cpp/share/demo_cpp/environment/path.sh
[0.323s] -- Up-to-date: /home/admin/Documents/ROS2/C2_3/install/demo_cpp/share/demo_cpp/environment/path.dsv
[0.323s] -- Up-to-date: /home/admin/Documents/ROS2/C2_3/install/demo_cpp/share/demo_cpp/local_setup.bash
[0.323s] -- Up-to-date: /home/admin/Documents/ROS2/C2_3/install/demo_cpp/share/demo_cpp/local_setup.sh
[0.323s] -- Up-to-date: /home/admin/Documents/ROS2/C2_3/install/demo_cpp/share/demo_cpp/local_setup.zsh
[0.323s] -- Up-to-date: /home/admin/Documents/ROS2/C2_3/install/demo_cpp/share/demo_cpp/local_setup.dsv
[0.323s] -- Installing: /home/admin/Documents/ROS2/C2_3/install/demo_cpp/share/demo_cpp/package.dsv
[0.324s] -- Up-to-date: /home/admin/Documents/ROS2/C2_3/install/demo_cpp/share/ament_index/resource_index/packages/demo_cpp
[0.325s] -- Up-to-date: /home/admin/Documents/ROS2/C2_3/install/demo_cpp/share/demo_cpp/cmake/demo_cppConfig.cmake
[0.326s] -- Up-to-date: /home/admin/Documents/ROS2/C2_3/install/demo_cpp/share/demo_cpp/cmake/demo_cppConfig-version.cmake
[0.327s] -- Up-to-date: /home/admin/Documents/ROS2/C2_3/install/demo_cpp/share/demo_cpp/package.xml
[0.327s] Invoked command in '/home/admin/Documents/ROS2/C2_3/build/demo_cpp' returned '0': CMAKE_PREFIX_PATH=/opt/ros/humble /usr/bin/cmake --install /home/admin/Documents/ROS2/C2_3/build/demo_cpp
