[0.017s] Invoking command in '/home/admin/Documents/ROS2/C3_4/build/status_display': CMAKE_PREFIX_PATH=/home/admin/Documents/ROS2/C3_4/install/status_interfaces:/home/admin/Documents/ROS2/C3_4/install/status_display:/home/admin/Documents/ROS2/C3_4/install/status_publisher:/opt/ros/humble /usr/bin/cmake --build /home/admin/Documents/ROS2/C3_4/build/status_display -- -j8 -l8
[0.045s] -- Found ament_cmake: 1.3.11 (/opt/ros/humble/share/ament_cmake/cmake)
[0.207s] -- Found rclcpp: 16.0.11 (/opt/ros/humble/share/rclcpp/cmake)
[0.243s] -- Found rosidl_generator_c: 3.1.6 (/opt/ros/humble/share/rosidl_generator_c/cmake)
[0.248s] -- Found rosidl_adapter: 3.1.6 (/opt/ros/humble/share/rosidl_adapter/cmake)
[0.256s] -- Found rosidl_generator_cpp: 3.1.6 (/opt/ros/humble/share/rosidl_generator_cpp/cmake)
[0.266s] -- Using all available rosidl_typesupport_c: rosidl_typesupport_fastrtps_c;rosidl_typesupport_introspection_c
[0.280s] -- Using all available rosidl_typesupport_cpp: rosidl_typesupport_fastrtps_cpp;rosidl_typesupport_introspection_cpp
[0.319s] -- Found rmw_implementation_cmake: 6.1.2 (/opt/ros/humble/share/rmw_implementation_cmake/cmake)
[0.320s] -- Found rmw_fastrtps_cpp: 6.2.7 (/opt/ros/humble/share/rmw_fastrtps_cpp/cmake)
[0.433s] -- Using RMW implementation 'rmw_fastrtps_cpp' as default
[0.486s] -- Found status_interfaces: 0.0.0 (/home/admin/Documents/ROS2/C3_4/install/status_interfaces/share/status_interfaces/cmake)
[0.510s] [31mCMake Error at /opt/ros/humble/share/ament_cmake_target_dependencies/cmake/ament_target_dependencies.cmake:77 (message):
[0.510s]   ament_target_dependencies() the passed package name 'Qt5::Core' was not
[0.511s]   found before
[0.511s] Call Stack (most recent call first):
[0.511s]   CMakeLists.txt:23 (ament_target_dependencies)
[0.511s] 
[0.511s] -- Configuring incomplete, errors occurred!
[0.511s] See also "/home/admin/Documents/ROS2/C3_4/build/status_display/CMakeFiles/CMakeOutput.log".
[0.511s] [0m
[0.519s] gmake: *** [Makefile:308: cmake_check_build_system] Error 1
[0.521s] Invoked command in '/home/admin/Documents/ROS2/C3_4/build/status_display' returned '2': CMAKE_PREFIX_PATH=/home/admin/Documents/ROS2/C3_4/install/status_interfaces:/home/admin/Documents/ROS2/C3_4/install/status_display:/home/admin/Documents/ROS2/C3_4/install/status_publisher:/opt/ros/humble /usr/bin/cmake --build /home/admin/Documents/ROS2/C3_4/build/status_display -- -j8 -l8
