[0.012s] Invoking command in '/home/admin/Documents/ROS2/C4.1/build/chapt4_interfaces': CMAKE_PREFIX_PATH=/opt/ros/humble /usr/bin/cmake --build /home/admin/Documents/ROS2/C4.1/build/chapt4_interfaces -- -j8 -l8
[0.074s] [35m[1mConsolidate compiler generated dependencies of target chapt4_interfaces__rosidl_generator_c[0m
[0.082s] [  3%] Built target chapt4_interfaces__cpp
[0.088s] [ 12%] Built target chapt4_interfaces__rosidl_generator_c
[0.092s] [ 12%] Built target ament_cmake_python_copy_chapt4_interfaces
[0.096s] [35m[1mConsolidate compiler generated dependencies of target chapt4_interfaces__rosidl_typesupport_cpp[0m
[0.097s] [35m[1mConsolidate compiler generated dependencies of target chapt4_interfaces__rosidl_typesupport_fastrtps_cpp[0m
[0.097s] [35m[1mConsolidate compiler generated dependencies of target chapt4_interfaces__rosidl_typesupport_introspection_cpp[0m
[0.101s] [35m[1mConsolidate compiler generated dependencies of target chapt4_interfaces__rosidl_typesupport_fastrtps_c[0m
[0.103s] [35m[1mConsolidate compiler generated dependencies of target chapt4_interfaces__rosidl_typesupport_introspection_c[0m
[0.105s] [35m[1mConsolidate compiler generated dependencies of target chapt4_interfaces__rosidl_typesupport_c[0m
[0.125s] [ 22%] Built target chapt4_interfaces__rosidl_typesupport_cpp
[0.126s] [ 32%] Built target chapt4_interfaces__rosidl_typesupport_introspection_cpp
[0.136s] [ 41%] Built target chapt4_interfaces__rosidl_typesupport_fastrtps_cpp
[0.137s] [ 51%] Built target chapt4_interfaces__rosidl_typesupport_fastrtps_c
[0.150s] [ 61%] Built target chapt4_interfaces__rosidl_typesupport_c
[0.151s] [ 70%] Built target chapt4_interfaces__rosidl_typesupport_introspection_c
[0.175s] [ 70%] Built target chapt4_interfaces
[0.199s] [ 74%] Built target chapt4_interfaces__py
[0.211s] [35m[1mConsolidate compiler generated dependencies of target chapt4_interfaces__rosidl_generator_py[0m
[0.227s] [ 80%] Built target chapt4_interfaces__rosidl_generator_py
[0.242s] [35m[1mConsolidate compiler generated dependencies of target chapt4_interfaces__rosidl_typesupport_c__pyext[0m
[0.251s] [35m[1mConsolidate compiler generated dependencies of target chapt4_interfaces__rosidl_typesupport_fastrtps_c__pyext[0m
[0.265s] [ 87%] Built target chapt4_interfaces__rosidl_typesupport_c__pyext
[0.269s] [35m[1mConsolidate compiler generated dependencies of target chapt4_interfaces__rosidl_typesupport_introspection_c__pyext[0m
[0.282s] [ 93%] Built target chapt4_interfaces__rosidl_typesupport_fastrtps_c__pyext
[0.288s] [100%] Built target chapt4_interfaces__rosidl_typesupport_introspection_c__pyext
[0.474s] running egg_info
[0.475s] writing chapt4_interfaces.egg-info/PKG-INFO
[0.475s] writing dependency_links to chapt4_interfaces.egg-info/dependency_links.txt
[0.475s] writing top-level names to chapt4_interfaces.egg-info/top_level.txt
[0.478s] reading manifest file 'chapt4_interfaces.egg-info/SOURCES.txt'
[0.479s] writing manifest file 'chapt4_interfaces.egg-info/SOURCES.txt'
[0.520s] [100%] Built target ament_cmake_python_build_chapt4_interfaces_egg
[0.533s] Invoked command in '/home/admin/Documents/ROS2/C4.1/build/chapt4_interfaces' returned '0': CMAKE_PREFIX_PATH=/opt/ros/humble /usr/bin/cmake --build /home/admin/Documents/ROS2/C4.1/build/chapt4_interfaces -- -j8 -l8
[0.545s] Invoking command in '/home/admin/Documents/ROS2/C4.1/build/chapt4_interfaces': CMAKE_PREFIX_PATH=/opt/ros/humble /usr/bin/cmake --install /home/admin/Documents/ROS2/C4.1/build/chapt4_interfaces
[0.558s] -- Install configuration: ""
[0.558s] -- Up-to-date: /home/admin/Documents/ROS2/C4.1/install/chapt4_interfaces/share/ament_index/resource_index/rosidl_interfaces/chapt4_interfaces
[0.558s] -- Up-to-date: /home/admin/Documents/ROS2/C4.1/install/chapt4_interfaces/include/chapt4_interfaces/chapt4_interfaces
[0.559s] -- Up-to-date: /home/admin/Documents/ROS2/C4.1/install/chapt4_interfaces/include/chapt4_interfaces/chapt4_interfaces/srv
[0.559s] -- Up-to-date: /home/admin/Documents/ROS2/C4.1/install/chapt4_interfaces/include/chapt4_interfaces/chapt4_interfaces/srv/face_detector.h
[0.559s] -- Up-to-date: /home/admin/Documents/ROS2/C4.1/install/chapt4_interfaces/include/chapt4_interfaces/chapt4_interfaces/srv/detail
[0.559s] -- Up-to-date: /home/admin/Documents/ROS2/C4.1/install/chapt4_interfaces/include/chapt4_interfaces/chapt4_interfaces/srv/detail/face_detector__type_support.h
[0.559s] -- Up-to-date: /home/admin/Documents/ROS2/C4.1/install/chapt4_interfaces/include/chapt4_interfaces/chapt4_interfaces/srv/detail/face_detector__struct.h
[0.559s] -- Up-to-date: /home/admin/Documents/ROS2/C4.1/install/chapt4_interfaces/include/chapt4_interfaces/chapt4_interfaces/srv/detail/face_detector__functions.h
[0.559s] -- Up-to-date: /home/admin/Documents/ROS2/C4.1/install/chapt4_interfaces/include/chapt4_interfaces/chapt4_interfaces/srv/detail/face_detector__functions.c
[0.559s] -- Up-to-date: /home/admin/Documents/ROS2/C4.1/install/chapt4_interfaces/include/chapt4_interfaces/chapt4_interfaces/msg
[0.560s] -- Up-to-date: /home/admin/Documents/ROS2/C4.1/install/chapt4_interfaces/include/chapt4_interfaces/chapt4_interfaces/msg/rosidl_generator_c__visibility_control.h
[0.560s] -- Up-to-date: /home/admin/Documents/ROS2/C4.1/install/chapt4_interfaces/share/chapt4_interfaces/environment/library_path.sh
[0.560s] -- Up-to-date: /home/admin/Documents/ROS2/C4.1/install/chapt4_interfaces/share/chapt4_interfaces/environment/library_path.dsv
[0.560s] -- Up-to-date: /home/admin/Documents/ROS2/C4.1/install/chapt4_interfaces/lib/libchapt4_interfaces__rosidl_generator_c.so
[0.560s] -- Up-to-date: /home/admin/Documents/ROS2/C4.1/install/chapt4_interfaces/include/chapt4_interfaces/chapt4_interfaces
[0.560s] -- Up-to-date: /home/admin/Documents/ROS2/C4.1/install/chapt4_interfaces/include/chapt4_interfaces/chapt4_interfaces/srv
[0.561s] -- Up-to-date: /home/admin/Documents/ROS2/C4.1/install/chapt4_interfaces/include/chapt4_interfaces/chapt4_interfaces/srv/detail
[0.561s] -- Up-to-date: /home/admin/Documents/ROS2/C4.1/install/chapt4_interfaces/include/chapt4_interfaces/chapt4_interfaces/srv/detail/face_detector__rosidl_typesupport_fastrtps_c.h
[0.561s] -- Up-to-date: /home/admin/Documents/ROS2/C4.1/install/chapt4_interfaces/include/chapt4_interfaces/chapt4_interfaces/msg
[0.561s] -- Up-to-date: /home/admin/Documents/ROS2/C4.1/install/chapt4_interfaces/include/chapt4_interfaces/chapt4_interfaces/msg/rosidl_typesupport_fastrtps_c__visibility_control.h
[0.561s] -- Up-to-date: /home/admin/Documents/ROS2/C4.1/install/chapt4_interfaces/lib/libchapt4_interfaces__rosidl_typesupport_fastrtps_c.so
[0.561s] -- Up-to-date: /home/admin/Documents/ROS2/C4.1/install/chapt4_interfaces/include/chapt4_interfaces/chapt4_interfaces
[0.561s] -- Up-to-date: /home/admin/Documents/ROS2/C4.1/install/chapt4_interfaces/include/chapt4_interfaces/chapt4_interfaces/srv
[0.562s] -- Up-to-date: /home/admin/Documents/ROS2/C4.1/install/chapt4_interfaces/include/chapt4_interfaces/chapt4_interfaces/srv/face_detector.hpp
[0.562s] -- Up-to-date: /home/admin/Documents/ROS2/C4.1/install/chapt4_interfaces/include/chapt4_interfaces/chapt4_interfaces/srv/detail
[0.562s] -- Up-to-date: /home/admin/Documents/ROS2/C4.1/install/chapt4_interfaces/include/chapt4_interfaces/chapt4_interfaces/srv/detail/face_detector__struct.hpp
[0.562s] -- Up-to-date: /home/admin/Documents/ROS2/C4.1/install/chapt4_interfaces/include/chapt4_interfaces/chapt4_interfaces/srv/detail/face_detector__type_support.hpp
[0.562s] -- Up-to-date: /home/admin/Documents/ROS2/C4.1/install/chapt4_interfaces/include/chapt4_interfaces/chapt4_interfaces/srv/detail/face_detector__builder.hpp
[0.562s] -- Up-to-date: /home/admin/Documents/ROS2/C4.1/install/chapt4_interfaces/include/chapt4_interfaces/chapt4_interfaces/srv/detail/face_detector__traits.hpp
[0.562s] -- Up-to-date: /home/admin/Documents/ROS2/C4.1/install/chapt4_interfaces/include/chapt4_interfaces/chapt4_interfaces/msg
[0.563s] -- Up-to-date: /home/admin/Documents/ROS2/C4.1/install/chapt4_interfaces/include/chapt4_interfaces/chapt4_interfaces/msg/rosidl_generator_cpp__visibility_control.hpp
[0.563s] -- Up-to-date: /home/admin/Documents/ROS2/C4.1/install/chapt4_interfaces/include/chapt4_interfaces/chapt4_interfaces
[0.563s] -- Up-to-date: /home/admin/Documents/ROS2/C4.1/install/chapt4_interfaces/include/chapt4_interfaces/chapt4_interfaces/srv
[0.563s] -- Up-to-date: /home/admin/Documents/ROS2/C4.1/install/chapt4_interfaces/include/chapt4_interfaces/chapt4_interfaces/srv/detail
[0.563s] -- Up-to-date: /home/admin/Documents/ROS2/C4.1/install/chapt4_interfaces/include/chapt4_interfaces/chapt4_interfaces/srv/detail/face_detector__rosidl_typesupport_fastrtps_cpp.hpp
[0.563s] -- Up-to-date: /home/admin/Documents/ROS2/C4.1/install/chapt4_interfaces/include/chapt4_interfaces/chapt4_interfaces/srv/detail/dds_fastrtps
[0.563s] -- Up-to-date: /home/admin/Documents/ROS2/C4.1/install/chapt4_interfaces/include/chapt4_interfaces/chapt4_interfaces/msg
[0.564s] -- Up-to-date: /home/admin/Documents/ROS2/C4.1/install/chapt4_interfaces/include/chapt4_interfaces/chapt4_interfaces/msg/rosidl_typesupport_fastrtps_cpp__visibility_control.h
[0.564s] -- Up-to-date: /home/admin/Documents/ROS2/C4.1/install/chapt4_interfaces/lib/libchapt4_interfaces__rosidl_typesupport_fastrtps_cpp.so
[0.564s] -- Up-to-date: /home/admin/Documents/ROS2/C4.1/install/chapt4_interfaces/include/chapt4_interfaces/chapt4_interfaces
[0.564s] -- Up-to-date: /home/admin/Documents/ROS2/C4.1/install/chapt4_interfaces/include/chapt4_interfaces/chapt4_interfaces/srv
[0.565s] -- Up-to-date: /home/admin/Documents/ROS2/C4.1/install/chapt4_interfaces/include/chapt4_interfaces/chapt4_interfaces/srv/detail
[0.565s] -- Up-to-date: /home/admin/Documents/ROS2/C4.1/install/chapt4_interfaces/include/chapt4_interfaces/chapt4_interfaces/srv/detail/face_detector__rosidl_typesupport_introspection_c.h
[0.565s] -- Up-to-date: /home/admin/Documents/ROS2/C4.1/install/chapt4_interfaces/include/chapt4_interfaces/chapt4_interfaces/srv/detail/face_detector__type_support.c
[0.565s] -- Up-to-date: /home/admin/Documents/ROS2/C4.1/install/chapt4_interfaces/include/chapt4_interfaces/chapt4_interfaces/msg
[0.566s] -- Up-to-date: /home/admin/Documents/ROS2/C4.1/install/chapt4_interfaces/include/chapt4_interfaces/chapt4_interfaces/msg/rosidl_typesupport_introspection_c__visibility_control.h
[0.566s] -- Up-to-date: /home/admin/Documents/ROS2/C4.1/install/chapt4_interfaces/lib/libchapt4_interfaces__rosidl_typesupport_introspection_c.so
[0.566s] -- Up-to-date: /home/admin/Documents/ROS2/C4.1/install/chapt4_interfaces/lib/libchapt4_interfaces__rosidl_typesupport_c.so
[0.566s] -- Up-to-date: /home/admin/Documents/ROS2/C4.1/install/chapt4_interfaces/include/chapt4_interfaces/chapt4_interfaces
[0.566s] -- Up-to-date: /home/admin/Documents/ROS2/C4.1/install/chapt4_interfaces/include/chapt4_interfaces/chapt4_interfaces/srv
[0.566s] -- Up-to-date: /home/admin/Documents/ROS2/C4.1/install/chapt4_interfaces/include/chapt4_interfaces/chapt4_interfaces/srv/detail
[0.566s] -- Up-to-date: /home/admin/Documents/ROS2/C4.1/install/chapt4_interfaces/include/chapt4_interfaces/chapt4_interfaces/srv/detail/face_detector__rosidl_typesupport_introspection_cpp.hpp
[0.566s] -- Up-to-date: /home/admin/Documents/ROS2/C4.1/install/chapt4_interfaces/include/chapt4_interfaces/chapt4_interfaces/srv/detail/face_detector__type_support.cpp
[0.566s] -- Up-to-date: /home/admin/Documents/ROS2/C4.1/install/chapt4_interfaces/lib/libchapt4_interfaces__rosidl_typesupport_introspection_cpp.so
[0.566s] -- Up-to-date: /home/admin/Documents/ROS2/C4.1/install/chapt4_interfaces/lib/libchapt4_interfaces__rosidl_typesupport_cpp.so
[0.567s] -- Up-to-date: /home/admin/Documents/ROS2/C4.1/install/chapt4_interfaces/share/chapt4_interfaces/environment/pythonpath.sh
[0.567s] -- Up-to-date: /home/admin/Documents/ROS2/C4.1/install/chapt4_interfaces/share/chapt4_interfaces/environment/pythonpath.dsv
[0.567s] -- Up-to-date: /home/admin/Documents/ROS2/C4.1/install/chapt4_interfaces/local/lib/python3.10/dist-packages/chapt4_interfaces-0.0.0-py3.10.egg-info
[0.567s] -- Installing: /home/admin/Documents/ROS2/C4.1/install/chapt4_interfaces/local/lib/python3.10/dist-packages/chapt4_interfaces-0.0.0-py3.10.egg-info/dependency_links.txt
[0.567s] -- Installing: /home/admin/Documents/ROS2/C4.1/install/chapt4_interfaces/local/lib/python3.10/dist-packages/chapt4_interfaces-0.0.0-py3.10.egg-info/SOURCES.txt
[0.567s] -- Installing: /home/admin/Documents/ROS2/C4.1/install/chapt4_interfaces/local/lib/python3.10/dist-packages/chapt4_interfaces-0.0.0-py3.10.egg-info/top_level.txt
[0.567s] -- Installing: /home/admin/Documents/ROS2/C4.1/install/chapt4_interfaces/local/lib/python3.10/dist-packages/chapt4_interfaces-0.0.0-py3.10.egg-info/PKG-INFO
[0.567s] -- Up-to-date: /home/admin/Documents/ROS2/C4.1/install/chapt4_interfaces/local/lib/python3.10/dist-packages/chapt4_interfaces
[0.567s] -- Up-to-date: /home/admin/Documents/ROS2/C4.1/install/chapt4_interfaces/local/lib/python3.10/dist-packages/chapt4_interfaces/_chapt4_interfaces_s.ep.rosidl_typesupport_c.c
[0.568s] -- Up-to-date: /home/admin/Documents/ROS2/C4.1/install/chapt4_interfaces/local/lib/python3.10/dist-packages/chapt4_interfaces/_chapt4_interfaces_s.ep.rosidl_typesupport_fastrtps_c.c
[0.568s] -- Up-to-date: /home/admin/Documents/ROS2/C4.1/install/chapt4_interfaces/local/lib/python3.10/dist-packages/chapt4_interfaces/libchapt4_interfaces__rosidl_generator_py.so
[0.568s] -- Up-to-date: /home/admin/Documents/ROS2/C4.1/install/chapt4_interfaces/local/lib/python3.10/dist-packages/chapt4_interfaces/chapt4_interfaces_s__rosidl_typesupport_introspection_c.cpython-310-x86_64-linux-gnu.so
[0.568s] -- Up-to-date: /home/admin/Documents/ROS2/C4.1/install/chapt4_interfaces/local/lib/python3.10/dist-packages/chapt4_interfaces/_chapt4_interfaces_s.ep.rosidl_typesupport_introspection_c.c
[0.568s] -- Up-to-date: /home/admin/Documents/ROS2/C4.1/install/chapt4_interfaces/local/lib/python3.10/dist-packages/chapt4_interfaces/chapt4_interfaces_s__rosidl_typesupport_fastrtps_c.cpython-310-x86_64-linux-gnu.so
[0.568s] -- Up-to-date: /home/admin/Documents/ROS2/C4.1/install/chapt4_interfaces/local/lib/python3.10/dist-packages/chapt4_interfaces/__init__.py
[0.568s] -- Up-to-date: /home/admin/Documents/ROS2/C4.1/install/chapt4_interfaces/local/lib/python3.10/dist-packages/chapt4_interfaces/srv
[0.568s] -- Up-to-date: /home/admin/Documents/ROS2/C4.1/install/chapt4_interfaces/local/lib/python3.10/dist-packages/chapt4_interfaces/srv/__init__.py
[0.568s] -- Up-to-date: /home/admin/Documents/ROS2/C4.1/install/chapt4_interfaces/local/lib/python3.10/dist-packages/chapt4_interfaces/srv/_face_detector.py
[0.569s] -- Up-to-date: /home/admin/Documents/ROS2/C4.1/install/chapt4_interfaces/local/lib/python3.10/dist-packages/chapt4_interfaces/srv/_face_detector_s.c
[0.569s] -- Up-to-date: /home/admin/Documents/ROS2/C4.1/install/chapt4_interfaces/local/lib/python3.10/dist-packages/chapt4_interfaces/chapt4_interfaces_s__rosidl_typesupport_c.cpython-310-x86_64-linux-gnu.so
[0.605s] Listing '/home/admin/Documents/ROS2/C4.1/install/chapt4_interfaces/local/lib/python3.10/dist-packages/chapt4_interfaces'...
[0.605s] Listing '/home/admin/Documents/ROS2/C4.1/install/chapt4_interfaces/local/lib/python3.10/dist-packages/chapt4_interfaces/srv'...
[0.611s] -- Up-to-date: /home/admin/Documents/ROS2/C4.1/install/chapt4_interfaces/local/lib/python3.10/dist-packages/chapt4_interfaces/chapt4_interfaces_s__rosidl_typesupport_fastrtps_c.cpython-310-x86_64-linux-gnu.so
[0.611s] -- Up-to-date: /home/admin/Documents/ROS2/C4.1/install/chapt4_interfaces/local/lib/python3.10/dist-packages/chapt4_interfaces/chapt4_interfaces_s__rosidl_typesupport_introspection_c.cpython-310-x86_64-linux-gnu.so
[0.612s] -- Up-to-date: /home/admin/Documents/ROS2/C4.1/install/chapt4_interfaces/local/lib/python3.10/dist-packages/chapt4_interfaces/chapt4_interfaces_s__rosidl_typesupport_c.cpython-310-x86_64-linux-gnu.so
[0.612s] -- Up-to-date: /home/admin/Documents/ROS2/C4.1/install/chapt4_interfaces/lib/libchapt4_interfaces__rosidl_generator_py.so
[0.613s] -- Up-to-date: /home/admin/Documents/ROS2/C4.1/install/chapt4_interfaces/share/chapt4_interfaces/srv/FaceDetector.idl
[0.613s] -- Up-to-date: /home/admin/Documents/ROS2/C4.1/install/chapt4_interfaces/share/chapt4_interfaces/srv/FaceDetector.srv
[0.613s] -- Up-to-date: /home/admin/Documents/ROS2/C4.1/install/chapt4_interfaces/share/chapt4_interfaces/srv/FaceDetector_Request.msg
[0.613s] -- Up-to-date: /home/admin/Documents/ROS2/C4.1/install/chapt4_interfaces/share/chapt4_interfaces/srv/FaceDetector_Response.msg
[0.613s] -- Up-to-date: /home/admin/Documents/ROS2/C4.1/install/chapt4_interfaces/share/ament_index/resource_index/package_run_dependencies/chapt4_interfaces
[0.613s] -- Up-to-date: /home/admin/Documents/ROS2/C4.1/install/chapt4_interfaces/share/ament_index/resource_index/parent_prefix_path/chapt4_interfaces
[0.613s] -- Up-to-date: /home/admin/Documents/ROS2/C4.1/install/chapt4_interfaces/share/chapt4_interfaces/environment/ament_prefix_path.sh
[0.614s] -- Up-to-date: /home/admin/Documents/ROS2/C4.1/install/chapt4_interfaces/share/chapt4_interfaces/environment/ament_prefix_path.dsv
[0.614s] -- Up-to-date: /home/admin/Documents/ROS2/C4.1/install/chapt4_interfaces/share/chapt4_interfaces/environment/path.sh
[0.614s] -- Up-to-date: /home/admin/Documents/ROS2/C4.1/install/chapt4_interfaces/share/chapt4_interfaces/environment/path.dsv
[0.614s] -- Up-to-date: /home/admin/Documents/ROS2/C4.1/install/chapt4_interfaces/share/chapt4_interfaces/local_setup.bash
[0.614s] -- Up-to-date: /home/admin/Documents/ROS2/C4.1/install/chapt4_interfaces/share/chapt4_interfaces/local_setup.sh
[0.615s] -- Up-to-date: /home/admin/Documents/ROS2/C4.1/install/chapt4_interfaces/share/chapt4_interfaces/local_setup.zsh
[0.615s] -- Up-to-date: /home/admin/Documents/ROS2/C4.1/install/chapt4_interfaces/share/chapt4_interfaces/local_setup.dsv
[0.615s] -- Installing: /home/admin/Documents/ROS2/C4.1/install/chapt4_interfaces/share/chapt4_interfaces/package.dsv
[0.615s] -- Up-to-date: /home/admin/Documents/ROS2/C4.1/install/chapt4_interfaces/share/ament_index/resource_index/packages/chapt4_interfaces
[0.615s] -- Up-to-date: /home/admin/Documents/ROS2/C4.1/install/chapt4_interfaces/share/chapt4_interfaces/cmake/export_chapt4_interfaces__rosidl_generator_cExport.cmake
[0.615s] -- Up-to-date: /home/admin/Documents/ROS2/C4.1/install/chapt4_interfaces/share/chapt4_interfaces/cmake/export_chapt4_interfaces__rosidl_generator_cExport-noconfig.cmake
[0.615s] -- Up-to-date: /home/admin/Documents/ROS2/C4.1/install/chapt4_interfaces/share/chapt4_interfaces/cmake/export_chapt4_interfaces__rosidl_typesupport_fastrtps_cExport.cmake
[0.615s] -- Up-to-date: /home/admin/Documents/ROS2/C4.1/install/chapt4_interfaces/share/chapt4_interfaces/cmake/export_chapt4_interfaces__rosidl_typesupport_fastrtps_cExport-noconfig.cmake
[0.616s] -- Up-to-date: /home/admin/Documents/ROS2/C4.1/install/chapt4_interfaces/share/chapt4_interfaces/cmake/export_chapt4_interfaces__rosidl_generator_cppExport.cmake
[0.616s] -- Up-to-date: /home/admin/Documents/ROS2/C4.1/install/chapt4_interfaces/share/chapt4_interfaces/cmake/export_chapt4_interfaces__rosidl_typesupport_fastrtps_cppExport.cmake
[0.616s] -- Up-to-date: /home/admin/Documents/ROS2/C4.1/install/chapt4_interfaces/share/chapt4_interfaces/cmake/export_chapt4_interfaces__rosidl_typesupport_fastrtps_cppExport-noconfig.cmake
[0.616s] -- Up-to-date: /home/admin/Documents/ROS2/C4.1/install/chapt4_interfaces/share/chapt4_interfaces/cmake/chapt4_interfaces__rosidl_typesupport_introspection_cExport.cmake
[0.616s] -- Up-to-date: /home/admin/Documents/ROS2/C4.1/install/chapt4_interfaces/share/chapt4_interfaces/cmake/chapt4_interfaces__rosidl_typesupport_introspection_cExport-noconfig.cmake
[0.616s] -- Up-to-date: /home/admin/Documents/ROS2/C4.1/install/chapt4_interfaces/share/chapt4_interfaces/cmake/chapt4_interfaces__rosidl_typesupport_cExport.cmake
[0.616s] -- Up-to-date: /home/admin/Documents/ROS2/C4.1/install/chapt4_interfaces/share/chapt4_interfaces/cmake/chapt4_interfaces__rosidl_typesupport_cExport-noconfig.cmake
[0.616s] -- Up-to-date: /home/admin/Documents/ROS2/C4.1/install/chapt4_interfaces/share/chapt4_interfaces/cmake/chapt4_interfaces__rosidl_typesupport_introspection_cppExport.cmake
[0.617s] -- Up-to-date: /home/admin/Documents/ROS2/C4.1/install/chapt4_interfaces/share/chapt4_interfaces/cmake/chapt4_interfaces__rosidl_typesupport_introspection_cppExport-noconfig.cmake
[0.617s] -- Up-to-date: /home/admin/Documents/ROS2/C4.1/install/chapt4_interfaces/share/chapt4_interfaces/cmake/chapt4_interfaces__rosidl_typesupport_cppExport.cmake
[0.617s] -- Up-to-date: /home/admin/Documents/ROS2/C4.1/install/chapt4_interfaces/share/chapt4_interfaces/cmake/chapt4_interfaces__rosidl_typesupport_cppExport-noconfig.cmake
[0.617s] -- Up-to-date: /home/admin/Documents/ROS2/C4.1/install/chapt4_interfaces/share/chapt4_interfaces/cmake/export_chapt4_interfaces__rosidl_generator_pyExport.cmake
[0.617s] -- Up-to-date: /home/admin/Documents/ROS2/C4.1/install/chapt4_interfaces/share/chapt4_interfaces/cmake/export_chapt4_interfaces__rosidl_generator_pyExport-noconfig.cmake
[0.617s] -- Up-to-date: /home/admin/Documents/ROS2/C4.1/install/chapt4_interfaces/share/chapt4_interfaces/cmake/rosidl_cmake-extras.cmake
[0.617s] -- Up-to-date: /home/admin/Documents/ROS2/C4.1/install/chapt4_interfaces/share/chapt4_interfaces/cmake/ament_cmake_export_dependencies-extras.cmake
[0.617s] -- Up-to-date: /home/admin/Documents/ROS2/C4.1/install/chapt4_interfaces/share/chapt4_interfaces/cmake/ament_cmake_export_include_directories-extras.cmake
[0.617s] -- Up-to-date: /home/admin/Documents/ROS2/C4.1/install/chapt4_interfaces/share/chapt4_interfaces/cmake/ament_cmake_export_libraries-extras.cmake
[0.618s] -- Up-to-date: /home/admin/Documents/ROS2/C4.1/install/chapt4_interfaces/share/chapt4_interfaces/cmake/ament_cmake_export_targets-extras.cmake
[0.618s] -- Up-to-date: /home/admin/Documents/ROS2/C4.1/install/chapt4_interfaces/share/chapt4_interfaces/cmake/rosidl_cmake_export_typesupport_targets-extras.cmake
[0.618s] -- Up-to-date: /home/admin/Documents/ROS2/C4.1/install/chapt4_interfaces/share/chapt4_interfaces/cmake/rosidl_cmake_export_typesupport_libraries-extras.cmake
[0.618s] -- Up-to-date: /home/admin/Documents/ROS2/C4.1/install/chapt4_interfaces/share/chapt4_interfaces/cmake/chapt4_interfacesConfig.cmake
[0.618s] -- Up-to-date: /home/admin/Documents/ROS2/C4.1/install/chapt4_interfaces/share/chapt4_interfaces/cmake/chapt4_interfacesConfig-version.cmake
[0.618s] -- Up-to-date: /home/admin/Documents/ROS2/C4.1/install/chapt4_interfaces/share/chapt4_interfaces/package.xml
[0.619s] Invoked command in '/home/admin/Documents/ROS2/C4.1/build/chapt4_interfaces' returned '0': CMAKE_PREFIX_PATH=/opt/ros/humble /usr/bin/cmake --install /home/admin/Documents/ROS2/C4.1/build/chapt4_interfaces
