[0.020s] Invoking command in '/home/admin/Documents/ROS2/C5_1/build/demo_cpp_tf': CMAKE_PREFIX_PATH=/home/admin/Documents/ROS2/C5_1/install/demo_python_tf:/opt/ros/humble /usr/bin/cmake /home/admin/Documents/ROS2/C5_1/src/demo_cpp_tf -DCMAKE_INSTALL_PREFIX=/home/admin/Documents/ROS2/C5_1/install/demo_cpp_tf
[0.035s] -- Found ament_cmake: 1.3.11 (/opt/ros/humble/share/ament_cmake/cmake)
[0.234s] -- Found rclcpp: 16.0.11 (/opt/ros/humble/share/rclcpp/cmake)
[0.289s] -- Found rosidl_generator_c: 3.1.6 (/opt/ros/humble/share/rosidl_generator_c/cmake)
[0.291s] -- Found rosidl_adapter: 3.1.6 (/opt/ros/humble/share/rosidl_adapter/cmake)
[0.298s] -- Found rosidl_generator_cpp: 3.1.6 (/opt/ros/humble/share/rosidl_generator_cpp/cmake)
[0.311s] -- Using all available rosidl_typesupport_c: rosidl_typesupport_fastrtps_c;rosidl_typesupport_introspection_c
[0.326s] -- Using all available rosidl_typesupport_cpp: rosidl_typesupport_fastrtps_cpp;rosidl_typesupport_introspection_cpp
[0.373s] -- Found rmw_implementation_cmake: 6.1.2 (/opt/ros/humble/share/rmw_implementation_cmake/cmake)
[0.375s] -- Found rmw_fastrtps_cpp: 6.2.7 (/opt/ros/humble/share/rmw_fastrtps_cpp/cmake)
[0.493s] -- Using RMW implementation 'rmw_fastrtps_cpp' as default
[0.554s] -- Found tf2_ros: 0.25.12 (/opt/ros/humble/share/tf2_ros/cmake)
[0.665s] -- Found tf2_geometry_msgs: 0.25.12 (/opt/ros/humble/share/tf2_geometry_msgs/cmake)
[0.669s] -- Found eigen3_cmake_module: 0.1.1 (/opt/ros/humble/share/eigen3_cmake_module/cmake)
[0.671s] -- Ensuring Eigen3 include directory is part of orocos-kdl CMake target
[0.673s] -- Found ament_lint_auto: 0.12.11 (/opt/ros/humble/share/ament_lint_auto/cmake)
[0.755s] [31mCMake Error at CMakeLists.txt:30 (install):
[0.755s]   install TARGETS given target "static_tf2_broadcaster" which does not exist.
[0.755s] 
[0.755s] [0m
[0.758s] -- Added test 'cppcheck' to perform static code analysis on C / C++ code
[0.758s] -- Configured cppcheck include dirs: 
[0.758s] -- Configured cppcheck exclude dirs and/or files: 
[0.759s] -- Added test 'lint_cmake' to check CMake code style
[0.760s] -- Added test 'uncrustify' to check C / C++ code style
[0.760s] -- Configured uncrustify additional arguments: 
[0.760s] -- Added test 'xmllint' to check XML markup files
[0.761s] -- Configuring incomplete, errors occurred!
[0.761s] See also "/home/admin/Documents/ROS2/C5_1/build/demo_cpp_tf/CMakeFiles/CMakeOutput.log".
[0.772s] Invoked command in '/home/admin/Documents/ROS2/C5_1/build/demo_cpp_tf' returned '1': CMAKE_PREFIX_PATH=/home/admin/Documents/ROS2/C5_1/install/demo_python_tf:/opt/ros/humble /usr/bin/cmake /home/admin/Documents/ROS2/C5_1/src/demo_cpp_tf -DCMAKE_INSTALL_PREFIX=/home/admin/Documents/ROS2/C5_1/install/demo_cpp_tf
