[0.016s] Invoking command in '/home/admin/Documents/ROS2/C3_4/build/status_display': CMAKE_PREFIX_PATH=${CMAKE_PREFIX_PATH}:/home/admin/Documents/ROS2/C3_4/install/status_publisher:/opt/ros/humble /usr/bin/cmake /home/admin/Documents/ROS2/C3_4/src/status_display -DCMAKE_INSTALL_PREFIX=/home/admin/Documents/ROS2/C3_4/install/status_display
[0.031s] -- Found ament_cmake: 1.3.11 (/opt/ros/humble/share/ament_cmake/cmake)
[0.180s] -- Found rclcpp: 16.0.11 (/opt/ros/humble/share/rclcpp/cmake)
[0.220s] -- Found rosidl_generator_c: 3.1.6 (/opt/ros/humble/share/rosidl_generator_c/cmake)
[0.224s] -- Found rosidl_adapter: 3.1.6 (/opt/ros/humble/share/rosidl_adapter/cmake)
[0.231s] -- Found rosidl_generator_cpp: 3.1.6 (/opt/ros/humble/share/rosidl_generator_cpp/cmake)
[0.242s] -- Using all available rosidl_typesupport_c: rosidl_typesupport_fastrtps_c;rosidl_typesupport_introspection_c
[0.255s] -- Using all available rosidl_typesupport_cpp: rosidl_typesupport_fastrtps_cpp;rosidl_typesupport_introspection_cpp
[0.289s] -- Found rmw_implementation_cmake: 6.1.2 (/opt/ros/humble/share/rmw_implementation_cmake/cmake)
[0.291s] -- Found rmw_fastrtps_cpp: 6.2.7 (/opt/ros/humble/share/rmw_fastrtps_cpp/cmake)
[0.411s] -- Using RMW implementation 'rmw_fastrtps_cpp' as default
[0.465s] -- Found status_interfaces: 0.0.0 (/home/admin/Documents/ROS2/C3_4/install/status_interfaces/share/status_interfaces/cmake)
[0.485s] -- Found ament_lint_auto: 0.12.11 (/opt/ros/humble/share/ament_lint_auto/cmake)
[0.565s] -- Added test 'cppcheck' to perform static code analysis on C / C++ code
[0.565s] -- Configured cppcheck include dirs: 
[0.565s] -- Configured cppcheck exclude dirs and/or files: 
[0.566s] -- Added test 'lint_cmake' to check CMake code style
[0.567s] -- Added test 'uncrustify' to check C / C++ code style
[0.567s] -- Configured uncrustify additional arguments: 
[0.567s] -- Added test 'xmllint' to check XML markup files
[0.568s] -- Configuring done
[0.579s] -- Generating done
[0.583s] -- Build files have been written to: /home/admin/Documents/ROS2/C3_4/build/status_display
[0.601s] Invoked command in '/home/admin/Documents/ROS2/C3_4/build/status_display' returned '0': CMAKE_PREFIX_PATH=${CMAKE_PREFIX_PATH}:/home/admin/Documents/ROS2/C3_4/install/status_publisher:/opt/ros/humble /usr/bin/cmake /home/admin/Documents/ROS2/C3_4/src/status_display -DCMAKE_INSTALL_PREFIX=/home/admin/Documents/ROS2/C3_4/install/status_display
[0.602s] Invoking command in '/home/admin/Documents/ROS2/C3_4/build/status_display': CMAKE_PREFIX_PATH=${CMAKE_PREFIX_PATH}:/home/admin/Documents/ROS2/C3_4/install/status_publisher:/opt/ros/humble /usr/bin/cmake --build /home/admin/Documents/ROS2/C3_4/build/status_display -- -j8 -l8
[0.654s] [ 50%] [32mBuilding CXX object CMakeFiles/hello_qt.dir/src/hello_qt.cpp.o[0m
[1.858s] [100%] [32m[1mLinking CXX executable hello_qt[0m
[2.343s] [100%] Built target hello_qt
[2.354s] Invoked command in '/home/admin/Documents/ROS2/C3_4/build/status_display' returned '0': CMAKE_PREFIX_PATH=${CMAKE_PREFIX_PATH}:/home/admin/Documents/ROS2/C3_4/install/status_publisher:/opt/ros/humble /usr/bin/cmake --build /home/admin/Documents/ROS2/C3_4/build/status_display -- -j8 -l8
[2.356s] Invoking command in '/home/admin/Documents/ROS2/C3_4/build/status_display': CMAKE_PREFIX_PATH=${CMAKE_PREFIX_PATH}:/home/admin/Documents/ROS2/C3_4/install/status_publisher:/opt/ros/humble /usr/bin/cmake --install /home/admin/Documents/ROS2/C3_4/build/status_display
[2.363s] -- Install configuration: ""
[2.363s] -- Installing: /home/admin/Documents/ROS2/C3_4/install/status_display/lib/status_display/hello_qt
[2.364s] -- Set runtime path of "/home/admin/Documents/ROS2/C3_4/install/status_display/lib/status_display/hello_qt" to ""
[2.364s] -- Installing: /home/admin/Documents/ROS2/C3_4/install/status_display/share/ament_index/resource_index/package_run_dependencies/status_display
[2.364s] -- Installing: /home/admin/Documents/ROS2/C3_4/install/status_display/share/ament_index/resource_index/parent_prefix_path/status_display
[2.364s] -- Installing: /home/admin/Documents/ROS2/C3_4/install/status_display/share/status_display/environment/ament_prefix_path.sh
[2.364s] -- Installing: /home/admin/Documents/ROS2/C3_4/install/status_display/share/status_display/environment/ament_prefix_path.dsv
[2.364s] -- Installing: /home/admin/Documents/ROS2/C3_4/install/status_display/share/status_display/environment/path.sh
[2.365s] -- Installing: /home/admin/Documents/ROS2/C3_4/install/status_display/share/status_display/environment/path.dsv
[2.365s] -- Installing: /home/admin/Documents/ROS2/C3_4/install/status_display/share/status_display/local_setup.bash
[2.365s] -- Installing: /home/admin/Documents/ROS2/C3_4/install/status_display/share/status_display/local_setup.sh
[2.365s] -- Installing: /home/admin/Documents/ROS2/C3_4/install/status_display/share/status_display/local_setup.zsh
[2.365s] -- Installing: /home/admin/Documents/ROS2/C3_4/install/status_display/share/status_display/local_setup.dsv
[2.365s] -- Installing: /home/admin/Documents/ROS2/C3_4/install/status_display/share/status_display/package.dsv
[2.366s] -- Installing: /home/admin/Documents/ROS2/C3_4/install/status_display/share/ament_index/resource_index/packages/status_display
[2.366s] -- Installing: /home/admin/Documents/ROS2/C3_4/install/status_display/share/status_display/cmake/status_displayConfig.cmake
[2.366s] -- Installing: /home/admin/Documents/ROS2/C3_4/install/status_display/share/status_display/cmake/status_displayConfig-version.cmake
[2.366s] -- Installing: /home/admin/Documents/ROS2/C3_4/install/status_display/share/status_display/package.xml
[2.368s] Invoked command in '/home/admin/Documents/ROS2/C3_4/build/status_display' returned '0': CMAKE_PREFIX_PATH=${CMAKE_PREFIX_PATH}:/home/admin/Documents/ROS2/C3_4/install/status_publisher:/opt/ros/humble /usr/bin/cmake --install /home/admin/Documents/ROS2/C3_4/build/status_display
