[0.110s] DEBUG:colcon:Command line arguments: ['/usr/bin/colcon', 'build']
[0.110s] DEBUG:colcon:Parsed command line arguments: Namespace(log_base=None, log_level=None, verb_name='build', build_base='build', install_base='install', merge_install=False, symlink_install=False, test_result_base=None, continue_on_error=False, executor='parallel', parallel_workers=8, event_handlers=None, ignore_user_meta=False, metas=['./colcon.meta'], base_paths=['.'], packages_ignore=None, packages_ignore_regex=None, paths=None, packages_up_to=None, packages_up_to_regex=None, packages_above=None, packages_above_and_dependencies=None, packages_above_depth=None, packages_select_by_dep=None, packages_skip_by_dep=None, packages_skip_up_to=None, packages_select_build_failed=False, packages_skip_build_finished=False, packages_select_test_failures=False, packages_skip_test_passed=False, packages_select=None, packages_skip=None, packages_select_regex=None, packages_skip_regex=None, packages_start=None, packages_end=None, allow_overriding=[], cmake_args=None, cmake_target=None, cmake_target_skip_unavailable=False, cmake_clean_cache=False, cmake_clean_first=False, cmake_force_configure=False, ament_cmake_args=None, catkin_cmake_args=None, catkin_skip_building_tests=False, verb_parser=<colcon_defaults.argument_parser.defaults.DefaultArgumentsDecorator object at 0x7f6d9bec44c0>, verb_extension=<colcon_core.verb.build.BuildVerb object at 0x7f6d9bfcd8d0>, main=<bound method BuildVerb.main of <colcon_core.verb.build.BuildVerb object at 0x7f6d9bfcd8d0>>)
[0.286s] Level 1:colcon.colcon_core.package_discovery:discover_packages(colcon_meta) check parameters
[0.286s] Level 1:colcon.colcon_core.package_discovery:discover_packages(recursive) check parameters
[0.286s] Level 1:colcon.colcon_core.package_discovery:discover_packages(ignore) check parameters
[0.286s] Level 1:colcon.colcon_core.package_discovery:discover_packages(path) check parameters
[0.286s] Level 1:colcon.colcon_core.package_discovery:discover_packages(colcon_meta) discover
[0.286s] Level 1:colcon.colcon_core.package_discovery:discover_packages(recursive) discover
[0.286s] INFO:colcon.colcon_core.package_discovery:Crawling recursively for packages in '/home/admin/Documents/ROS2/C3_1'
[0.286s] Level 1:colcon.colcon_core.package_identification:_identify(.) by extensions ['ignore', 'ignore_ament_install']
[0.286s] Level 1:colcon.colcon_core.package_identification:_identify(.) by extension 'ignore'
[0.286s] Level 1:colcon.colcon_core.package_identification:_identify(.) by extension 'ignore_ament_install'
[0.286s] Level 1:colcon.colcon_core.package_identification:_identify(.) by extensions ['colcon_pkg']
[0.286s] Level 1:colcon.colcon_core.package_identification:_identify(.) by extension 'colcon_pkg'
[0.286s] Level 1:colcon.colcon_core.package_identification:_identify(.) by extensions ['colcon_meta']
[0.286s] Level 1:colcon.colcon_core.package_identification:_identify(.) by extension 'colcon_meta'
[0.286s] Level 1:colcon.colcon_core.package_identification:_identify(.) by extensions ['ros']
[0.286s] Level 1:colcon.colcon_core.package_identification:_identify(.) by extension 'ros'
[0.298s] Level 1:colcon.colcon_core.package_identification:_identify(.) by extensions ['cmake', 'python']
[0.298s] Level 1:colcon.colcon_core.package_identification:_identify(.) by extension 'cmake'
[0.298s] Level 1:colcon.colcon_core.package_identification:_identify(.) by extension 'python'
[0.298s] Level 1:colcon.colcon_core.package_identification:_identify(.) by extensions ['python_setup_py']
[0.298s] Level 1:colcon.colcon_core.package_identification:_identify(.) by extension 'python_setup_py'
[0.298s] Level 1:colcon.colcon_core.package_identification:_identify(build) by extensions ['ignore', 'ignore_ament_install']
[0.299s] Level 1:colcon.colcon_core.package_identification:_identify(build) by extension 'ignore'
[0.299s] Level 1:colcon.colcon_core.package_identification:_identify(build) ignored
[0.299s] Level 1:colcon.colcon_core.package_identification:_identify(install) by extensions ['ignore', 'ignore_ament_install']
[0.299s] Level 1:colcon.colcon_core.package_identification:_identify(install) by extension 'ignore'
[0.299s] Level 1:colcon.colcon_core.package_identification:_identify(install) ignored
[0.299s] Level 1:colcon.colcon_core.package_identification:_identify(learn_top) by extensions ['ignore', 'ignore_ament_install']
[0.299s] Level 1:colcon.colcon_core.package_identification:_identify(learn_top) by extension 'ignore'
[0.299s] Level 1:colcon.colcon_core.package_identification:_identify(learn_top) by extension 'ignore_ament_install'
[0.299s] Level 1:colcon.colcon_core.package_identification:_identify(learn_top) by extensions ['colcon_pkg']
[0.299s] Level 1:colcon.colcon_core.package_identification:_identify(learn_top) by extension 'colcon_pkg'
[0.299s] Level 1:colcon.colcon_core.package_identification:_identify(learn_top) by extensions ['colcon_meta']
[0.299s] Level 1:colcon.colcon_core.package_identification:_identify(learn_top) by extension 'colcon_meta'
[0.299s] Level 1:colcon.colcon_core.package_identification:_identify(learn_top) by extensions ['ros']
[0.299s] Level 1:colcon.colcon_core.package_identification:_identify(learn_top) by extension 'ros'
[0.299s] Level 1:colcon.colcon_core.package_identification:_identify(learn_top) by extensions ['cmake', 'python']
[0.299s] Level 1:colcon.colcon_core.package_identification:_identify(learn_top) by extension 'cmake'
[0.299s] Level 1:colcon.colcon_core.package_identification:_identify(learn_top) by extension 'python'
[0.299s] Level 1:colcon.colcon_core.package_identification:_identify(learn_top) by extensions ['python_setup_py']
[0.299s] Level 1:colcon.colcon_core.package_identification:_identify(learn_top) by extension 'python_setup_py'
[0.300s] Level 1:colcon.colcon_core.package_identification:_identify(learn_top/build) by extensions ['ignore', 'ignore_ament_install']
[0.300s] Level 1:colcon.colcon_core.package_identification:_identify(learn_top/build) by extension 'ignore'
[0.300s] Level 1:colcon.colcon_core.package_identification:_identify(learn_top/build) ignored
[0.300s] Level 1:colcon.colcon_core.package_identification:_identify(learn_top/install) by extensions ['ignore', 'ignore_ament_install']
[0.300s] Level 1:colcon.colcon_core.package_identification:_identify(learn_top/install) by extension 'ignore'
[0.300s] Level 1:colcon.colcon_core.package_identification:_identify(learn_top/install) ignored
[0.300s] Level 1:colcon.colcon_core.package_identification:_identify(learn_top/log) by extensions ['ignore', 'ignore_ament_install']
[0.300s] Level 1:colcon.colcon_core.package_identification:_identify(learn_top/log) by extension 'ignore'
[0.300s] Level 1:colcon.colcon_core.package_identification:_identify(learn_top/log) ignored
[0.300s] Level 1:colcon.colcon_core.package_identification:_identify(learn_top/src) by extensions ['ignore', 'ignore_ament_install']
[0.300s] Level 1:colcon.colcon_core.package_identification:_identify(learn_top/src) by extension 'ignore'
[0.300s] Level 1:colcon.colcon_core.package_identification:_identify(learn_top/src) by extension 'ignore_ament_install'
[0.300s] Level 1:colcon.colcon_core.package_identification:_identify(learn_top/src) by extensions ['colcon_pkg']
[0.300s] Level 1:colcon.colcon_core.package_identification:_identify(learn_top/src) by extension 'colcon_pkg'
[0.300s] Level 1:colcon.colcon_core.package_identification:_identify(learn_top/src) by extensions ['colcon_meta']
[0.301s] Level 1:colcon.colcon_core.package_identification:_identify(learn_top/src) by extension 'colcon_meta'
[0.301s] Level 1:colcon.colcon_core.package_identification:_identify(learn_top/src) by extensions ['ros']
[0.301s] Level 1:colcon.colcon_core.package_identification:_identify(learn_top/src) by extension 'ros'
[0.301s] Level 1:colcon.colcon_core.package_identification:_identify(learn_top/src) by extensions ['cmake', 'python']
[0.301s] Level 1:colcon.colcon_core.package_identification:_identify(learn_top/src) by extension 'cmake'
[0.301s] Level 1:colcon.colcon_core.package_identification:_identify(learn_top/src) by extension 'python'
[0.301s] Level 1:colcon.colcon_core.package_identification:_identify(learn_top/src) by extensions ['python_setup_py']
[0.301s] Level 1:colcon.colcon_core.package_identification:_identify(learn_top/src) by extension 'python_setup_py'
[0.301s] Level 1:colcon.colcon_core.package_identification:_identify(learn_top/src/demo_cpp_topic) by extensions ['ignore', 'ignore_ament_install']
[0.301s] Level 1:colcon.colcon_core.package_identification:_identify(learn_top/src/demo_cpp_topic) by extension 'ignore'
[0.301s] Level 1:colcon.colcon_core.package_identification:_identify(learn_top/src/demo_cpp_topic) by extension 'ignore_ament_install'
[0.301s] Level 1:colcon.colcon_core.package_identification:_identify(learn_top/src/demo_cpp_topic) by extensions ['colcon_pkg']
[0.301s] Level 1:colcon.colcon_core.package_identification:_identify(learn_top/src/demo_cpp_topic) by extension 'colcon_pkg'
[0.301s] Level 1:colcon.colcon_core.package_identification:_identify(learn_top/src/demo_cpp_topic) by extensions ['colcon_meta']
[0.301s] Level 1:colcon.colcon_core.package_identification:_identify(learn_top/src/demo_cpp_topic) by extension 'colcon_meta'
[0.301s] Level 1:colcon.colcon_core.package_identification:_identify(learn_top/src/demo_cpp_topic) by extensions ['ros']
[0.301s] Level 1:colcon.colcon_core.package_identification:_identify(learn_top/src/demo_cpp_topic) by extension 'ros'
[0.304s] DEBUG:colcon.colcon_core.package_identification:Package 'learn_top/src/demo_cpp_topic' with type 'ros.ament_cmake' and name 'demo_cpp_topic'
[0.304s] Level 1:colcon.colcon_core.package_identification:_identify(learn_top/src/demo_python_topic) by extensions ['ignore', 'ignore_ament_install']
[0.304s] Level 1:colcon.colcon_core.package_identification:_identify(learn_top/src/demo_python_topic) by extension 'ignore'
[0.304s] Level 1:colcon.colcon_core.package_identification:_identify(learn_top/src/demo_python_topic) by extension 'ignore_ament_install'
[0.304s] Level 1:colcon.colcon_core.package_identification:_identify(learn_top/src/demo_python_topic) by extensions ['colcon_pkg']
[0.304s] Level 1:colcon.colcon_core.package_identification:_identify(learn_top/src/demo_python_topic) by extension 'colcon_pkg'
[0.304s] Level 1:colcon.colcon_core.package_identification:_identify(learn_top/src/demo_python_topic) by extensions ['colcon_meta']
[0.304s] Level 1:colcon.colcon_core.package_identification:_identify(learn_top/src/demo_python_topic) by extension 'colcon_meta'
[0.304s] Level 1:colcon.colcon_core.package_identification:_identify(learn_top/src/demo_python_topic) by extensions ['ros']
[0.304s] Level 1:colcon.colcon_core.package_identification:_identify(learn_top/src/demo_python_topic) by extension 'ros'
[0.305s] DEBUG:colcon.colcon_core.package_identification:Package 'learn_top/src/demo_python_topic' with type 'ros.ament_python' and name 'demo_python_topic'
[0.305s] Level 1:colcon.colcon_core.package_identification:_identify(log) by extensions ['ignore', 'ignore_ament_install']
[0.305s] Level 1:colcon.colcon_core.package_identification:_identify(log) by extension 'ignore'
[0.305s] Level 1:colcon.colcon_core.package_identification:_identify(log) ignored
[0.305s] Level 1:colcon.colcon_core.package_discovery:discover_packages(recursive) using defaults
[0.305s] Level 1:colcon.colcon_core.package_discovery:discover_packages(ignore) discover
[0.305s] Level 1:colcon.colcon_core.package_discovery:discover_packages(ignore) using defaults
[0.306s] Level 1:colcon.colcon_core.package_discovery:discover_packages(path) discover
[0.306s] Level 1:colcon.colcon_core.package_discovery:discover_packages(path) using defaults
[0.327s] Level 1:colcon.colcon_core.package_discovery:discover_packages(prefix_path) check parameters
[0.327s] Level 1:colcon.colcon_core.package_discovery:discover_packages(prefix_path) discover
[0.328s] DEBUG:colcon.colcon_installed_package_information.package_discovery:Found 1 installed packages in /home/admin/Documents/ROS2/C3_1/install
[0.330s] DEBUG:colcon.colcon_installed_package_information.package_discovery:Found 271 installed packages in /opt/ros/humble
[0.340s] Level 1:colcon.colcon_core.package_discovery:discover_packages(prefix_path) using defaults
[0.377s] Level 5:colcon.colcon_core.verb:set package 'demo_cpp_topic' build argument 'cmake_args' from command line to 'None'
[0.377s] Level 5:colcon.colcon_core.verb:set package 'demo_cpp_topic' build argument 'cmake_target' from command line to 'None'
[0.377s] Level 5:colcon.colcon_core.verb:set package 'demo_cpp_topic' build argument 'cmake_target_skip_unavailable' from command line to 'False'
[0.377s] Level 5:colcon.colcon_core.verb:set package 'demo_cpp_topic' build argument 'cmake_clean_cache' from command line to 'False'
[0.377s] Level 5:colcon.colcon_core.verb:set package 'demo_cpp_topic' build argument 'cmake_clean_first' from command line to 'False'
[0.377s] Level 5:colcon.colcon_core.verb:set package 'demo_cpp_topic' build argument 'cmake_force_configure' from command line to 'False'
[0.377s] Level 5:colcon.colcon_core.verb:set package 'demo_cpp_topic' build argument 'ament_cmake_args' from command line to 'None'
[0.377s] Level 5:colcon.colcon_core.verb:set package 'demo_cpp_topic' build argument 'catkin_cmake_args' from command line to 'None'
[0.377s] Level 5:colcon.colcon_core.verb:set package 'demo_cpp_topic' build argument 'catkin_skip_building_tests' from command line to 'False'
[0.377s] DEBUG:colcon.colcon_core.verb:Building package 'demo_cpp_topic' with the following arguments: {'ament_cmake_args': None, 'build_base': '/home/admin/Documents/ROS2/C3_1/build/demo_cpp_topic', 'catkin_cmake_args': None, 'catkin_skip_building_tests': False, 'cmake_args': None, 'cmake_clean_cache': False, 'cmake_clean_first': False, 'cmake_force_configure': False, 'cmake_target': None, 'cmake_target_skip_unavailable': False, 'install_base': '/home/admin/Documents/ROS2/C3_1/install/demo_cpp_topic', 'merge_install': False, 'path': '/home/admin/Documents/ROS2/C3_1/learn_top/src/demo_cpp_topic', 'symlink_install': False, 'test_result_base': None}
[0.378s] Level 5:colcon.colcon_core.verb:set package 'demo_python_topic' build argument 'cmake_args' from command line to 'None'
[0.378s] Level 5:colcon.colcon_core.verb:set package 'demo_python_topic' build argument 'cmake_target' from command line to 'None'
[0.378s] Level 5:colcon.colcon_core.verb:set package 'demo_python_topic' build argument 'cmake_target_skip_unavailable' from command line to 'False'
[0.378s] Level 5:colcon.colcon_core.verb:set package 'demo_python_topic' build argument 'cmake_clean_cache' from command line to 'False'
[0.378s] Level 5:colcon.colcon_core.verb:set package 'demo_python_topic' build argument 'cmake_clean_first' from command line to 'False'
[0.378s] Level 5:colcon.colcon_core.verb:set package 'demo_python_topic' build argument 'cmake_force_configure' from command line to 'False'
[0.378s] Level 5:colcon.colcon_core.verb:set package 'demo_python_topic' build argument 'ament_cmake_args' from command line to 'None'
[0.378s] Level 5:colcon.colcon_core.verb:set package 'demo_python_topic' build argument 'catkin_cmake_args' from command line to 'None'
[0.378s] Level 5:colcon.colcon_core.verb:set package 'demo_python_topic' build argument 'catkin_skip_building_tests' from command line to 'False'
[0.378s] DEBUG:colcon.colcon_core.verb:Building package 'demo_python_topic' with the following arguments: {'ament_cmake_args': None, 'build_base': '/home/admin/Documents/ROS2/C3_1/build/demo_python_topic', 'catkin_cmake_args': None, 'catkin_skip_building_tests': False, 'cmake_args': None, 'cmake_clean_cache': False, 'cmake_clean_first': False, 'cmake_force_configure': False, 'cmake_target': None, 'cmake_target_skip_unavailable': False, 'install_base': '/home/admin/Documents/ROS2/C3_1/install/demo_python_topic', 'merge_install': False, 'path': '/home/admin/Documents/ROS2/C3_1/learn_top/src/demo_python_topic', 'symlink_install': False, 'test_result_base': None}
[0.378s] INFO:colcon.colcon_core.executor:Executing jobs using 'parallel' executor
[0.379s] DEBUG:colcon.colcon_parallel_executor.executor.parallel:run_until_complete
[0.379s] INFO:colcon.colcon_ros.task.ament_cmake.build:Building ROS package in '/home/admin/Documents/ROS2/C3_1/learn_top/src/demo_cpp_topic' with build type 'ament_cmake'
[0.379s] INFO:colcon.colcon_cmake.task.cmake.build:Building CMake package in '/home/admin/Documents/ROS2/C3_1/learn_top/src/demo_cpp_topic'
[0.381s] INFO:colcon.colcon_core.plugin_system:Skipping extension 'colcon_core.shell.bat': Not used on non-Windows systems
[0.381s] INFO:colcon.colcon_core.shell:Skip shell extension 'powershell' for command environment: Not usable outside of PowerShell
[0.381s] DEBUG:colcon.colcon_core.shell:Skip shell extension 'dsv' for command environment
[0.385s] INFO:colcon.colcon_ros.task.ament_python.build:Building ROS package in '/home/admin/Documents/ROS2/C3_1/learn_top/src/demo_python_topic' with build type 'ament_python'
[0.385s] Level 1:colcon.colcon_core.shell:create_environment_hook('demo_python_topic', 'ament_prefix_path')
[0.385s] INFO:colcon.colcon_core.shell:Creating environment hook '/home/admin/Documents/ROS2/C3_1/install/demo_python_topic/share/demo_python_topic/hook/ament_prefix_path.ps1'
[0.386s] INFO:colcon.colcon_core.shell:Creating environment descriptor '/home/admin/Documents/ROS2/C3_1/install/demo_python_topic/share/demo_python_topic/hook/ament_prefix_path.dsv'
[0.386s] INFO:colcon.colcon_core.shell:Creating environment hook '/home/admin/Documents/ROS2/C3_1/install/demo_python_topic/share/demo_python_topic/hook/ament_prefix_path.sh'
[0.388s] INFO:colcon.colcon_core.shell:Skip shell extension 'powershell' for command environment: Not usable outside of PowerShell
[0.388s] DEBUG:colcon.colcon_core.shell:Skip shell extension 'dsv' for command environment
[0.396s] DEBUG:colcon.colcon_core.event_handler.log_command:Invoking command in '/home/admin/Documents/ROS2/C3_1/build/demo_cpp_topic': CMAKE_PREFIX_PATH=/home/admin/Documents/ROS2/C3_1/install/demo_python_topic:/opt/ros/humble /usr/bin/cmake /home/admin/Documents/ROS2/C3_1/learn_top/src/demo_cpp_topic -DCMAKE_INSTALL_PREFIX=/home/admin/Documents/ROS2/C3_1/install/demo_cpp_topic
[0.741s] INFO:colcon.colcon_core.task.python.build:Building Python package in '/home/admin/Documents/ROS2/C3_1/learn_top/src/demo_python_topic'
[0.742s] INFO:colcon.colcon_core.shell:Skip shell extension 'powershell' for command environment: Not usable outside of PowerShell
[0.742s] DEBUG:colcon.colcon_core.shell:Skip shell extension 'dsv' for command environment
[1.199s] DEBUG:colcon.colcon_core.event_handler.log_command:Invoking command in '/home/admin/Documents/ROS2/C3_1/learn_top/src/demo_python_topic': PYTHONPATH=/home/admin/Documents/ROS2/C3_1/build/demo_python_topic/prefix_override:/usr/lib/python3/dist-packages/colcon_core/task/python/colcon_distutils_commands:/home/admin/Documents/ROS2/C3_1/install/demo_python_topic/lib/python3.10/site-packages:${PYTHONPATH} /usr/bin/python3 -W ignore:setup.py install is deprecated -W ignore:easy_install command is deprecated setup.py egg_info --egg-base ../../../build/demo_python_topic build --build-base /home/admin/Documents/ROS2/C3_1/build/demo_python_topic/build install --record /home/admin/Documents/ROS2/C3_1/build/demo_python_topic/install.log --single-version-externally-managed install_data
[1.549s] DEBUG:colcon.colcon_core.event_handler.log_command:Invoked command in '/home/admin/Documents/ROS2/C3_1/learn_top/src/demo_python_topic' returned '0': PYTHONPATH=/home/admin/Documents/ROS2/C3_1/build/demo_python_topic/prefix_override:/usr/lib/python3/dist-packages/colcon_core/task/python/colcon_distutils_commands:/home/admin/Documents/ROS2/C3_1/install/demo_python_topic/lib/python3.10/site-packages:${PYTHONPATH} /usr/bin/python3 -W ignore:setup.py install is deprecated -W ignore:easy_install command is deprecated setup.py egg_info --egg-base ../../../build/demo_python_topic build --build-base /home/admin/Documents/ROS2/C3_1/build/demo_python_topic/build install --record /home/admin/Documents/ROS2/C3_1/build/demo_python_topic/install.log --single-version-externally-managed install_data
[1.551s] Level 1:colcon.colcon_core.environment:checking '/home/admin/Documents/ROS2/C3_1/install/demo_python_topic' for CMake module files
[1.552s] Level 1:colcon.colcon_core.environment:checking '/home/admin/Documents/ROS2/C3_1/install/demo_python_topic' for CMake config files
[1.553s] Level 1:colcon.colcon_core.environment:checking '/home/admin/Documents/ROS2/C3_1/install/demo_python_topic/lib'
[1.553s] Level 1:colcon.colcon_core.environment:checking '/home/admin/Documents/ROS2/C3_1/install/demo_python_topic/bin'
[1.553s] Level 1:colcon.colcon_core.environment:checking '/home/admin/Documents/ROS2/C3_1/install/demo_python_topic/lib/pkgconfig/demo_python_topic.pc'
[1.553s] Level 1:colcon.colcon_core.environment:checking '/home/admin/Documents/ROS2/C3_1/install/demo_python_topic/lib/python3.10/site-packages'
[1.553s] Level 1:colcon.colcon_core.shell:create_environment_hook('demo_python_topic', 'pythonpath')
[1.554s] INFO:colcon.colcon_core.shell:Creating environment hook '/home/admin/Documents/ROS2/C3_1/install/demo_python_topic/share/demo_python_topic/hook/pythonpath.ps1'
[1.555s] INFO:colcon.colcon_core.shell:Creating environment descriptor '/home/admin/Documents/ROS2/C3_1/install/demo_python_topic/share/demo_python_topic/hook/pythonpath.dsv'
[1.555s] INFO:colcon.colcon_core.shell:Creating environment hook '/home/admin/Documents/ROS2/C3_1/install/demo_python_topic/share/demo_python_topic/hook/pythonpath.sh'
[1.556s] Level 1:colcon.colcon_core.environment:checking '/home/admin/Documents/ROS2/C3_1/install/demo_python_topic/bin'
[1.556s] Level 1:colcon.colcon_core.environment:create_environment_scripts_only(demo_python_topic)
[1.556s] INFO:colcon.colcon_core.shell:Creating package script '/home/admin/Documents/ROS2/C3_1/install/demo_python_topic/share/demo_python_topic/package.ps1'
[1.557s] INFO:colcon.colcon_core.shell:Creating package descriptor '/home/admin/Documents/ROS2/C3_1/install/demo_python_topic/share/demo_python_topic/package.dsv'
[1.558s] INFO:colcon.colcon_core.shell:Creating package script '/home/admin/Documents/ROS2/C3_1/install/demo_python_topic/share/demo_python_topic/package.sh'
[1.559s] INFO:colcon.colcon_core.shell:Creating package script '/home/admin/Documents/ROS2/C3_1/install/demo_python_topic/share/demo_python_topic/package.bash'
[1.559s] INFO:colcon.colcon_core.shell:Creating package script '/home/admin/Documents/ROS2/C3_1/install/demo_python_topic/share/demo_python_topic/package.zsh'
[1.560s] Level 1:colcon.colcon_core.environment:create_file_with_runtime_dependencies(/home/admin/Documents/ROS2/C3_1/install/demo_python_topic/share/colcon-core/packages/demo_python_topic)
[1.869s] DEBUG:colcon.colcon_core.event_handler.log_command:Invoked command in '/home/admin/Documents/ROS2/C3_1/build/demo_cpp_topic' returned '0': CMAKE_PREFIX_PATH=/home/admin/Documents/ROS2/C3_1/install/demo_python_topic:/opt/ros/humble /usr/bin/cmake /home/admin/Documents/ROS2/C3_1/learn_top/src/demo_cpp_topic -DCMAKE_INSTALL_PREFIX=/home/admin/Documents/ROS2/C3_1/install/demo_cpp_topic
[1.872s] DEBUG:colcon.colcon_core.event_handler.log_command:Invoking command in '/home/admin/Documents/ROS2/C3_1/build/demo_cpp_topic': CMAKE_PREFIX_PATH=/home/admin/Documents/ROS2/C3_1/install/demo_python_topic:/opt/ros/humble /usr/bin/cmake --build /home/admin/Documents/ROS2/C3_1/build/demo_cpp_topic -- -j8 -l8
[1.921s] DEBUG:colcon.colcon_core.event_handler.log_command:Invoked command in '/home/admin/Documents/ROS2/C3_1/build/demo_cpp_topic' returned '0': CMAKE_PREFIX_PATH=/home/admin/Documents/ROS2/C3_1/install/demo_python_topic:/opt/ros/humble /usr/bin/cmake --build /home/admin/Documents/ROS2/C3_1/build/demo_cpp_topic -- -j8 -l8
[1.930s] DEBUG:colcon.colcon_core.event_handler.log_command:Invoking command in '/home/admin/Documents/ROS2/C3_1/build/demo_cpp_topic': CMAKE_PREFIX_PATH=/home/admin/Documents/ROS2/C3_1/install/demo_python_topic:/opt/ros/humble /usr/bin/cmake --install /home/admin/Documents/ROS2/C3_1/build/demo_cpp_topic
[1.941s] Level 1:colcon.colcon_core.environment:create_environment_scripts_only(demo_cpp_topic)
[1.942s] Level 1:colcon.colcon_core.environment:checking '/home/admin/Documents/ROS2/C3_1/install/demo_cpp_topic' for CMake module files
[1.943s] DEBUG:colcon.colcon_core.event_handler.log_command:Invoked command in '/home/admin/Documents/ROS2/C3_1/build/demo_cpp_topic' returned '0': CMAKE_PREFIX_PATH=/home/admin/Documents/ROS2/C3_1/install/demo_python_topic:/opt/ros/humble /usr/bin/cmake --install /home/admin/Documents/ROS2/C3_1/build/demo_cpp_topic
[1.943s] Level 1:colcon.colcon_core.environment:checking '/home/admin/Documents/ROS2/C3_1/install/demo_cpp_topic' for CMake config files
[1.943s] Level 1:colcon.colcon_core.shell:create_environment_hook('demo_cpp_topic', 'cmake_prefix_path')
[1.943s] INFO:colcon.colcon_core.shell:Creating environment hook '/home/admin/Documents/ROS2/C3_1/install/demo_cpp_topic/share/demo_cpp_topic/hook/cmake_prefix_path.ps1'
[1.944s] INFO:colcon.colcon_core.shell:Creating environment descriptor '/home/admin/Documents/ROS2/C3_1/install/demo_cpp_topic/share/demo_cpp_topic/hook/cmake_prefix_path.dsv'
[1.944s] INFO:colcon.colcon_core.shell:Creating environment hook '/home/admin/Documents/ROS2/C3_1/install/demo_cpp_topic/share/demo_cpp_topic/hook/cmake_prefix_path.sh'
[1.945s] Level 1:colcon.colcon_core.environment:checking '/home/admin/Documents/ROS2/C3_1/install/demo_cpp_topic/bin'
[1.945s] Level 1:colcon.colcon_core.environment:checking '/home/admin/Documents/ROS2/C3_1/install/demo_cpp_topic/lib/pkgconfig/demo_cpp_topic.pc'
[1.946s] Level 1:colcon.colcon_core.environment:checking '/home/admin/Documents/ROS2/C3_1/install/demo_cpp_topic/lib/python3.10/site-packages'
[1.946s] Level 1:colcon.colcon_core.environment:checking '/home/admin/Documents/ROS2/C3_1/install/demo_cpp_topic/bin'
[1.946s] INFO:colcon.colcon_core.shell:Creating package script '/home/admin/Documents/ROS2/C3_1/install/demo_cpp_topic/share/demo_cpp_topic/package.ps1'
[1.947s] INFO:colcon.colcon_core.shell:Creating package descriptor '/home/admin/Documents/ROS2/C3_1/install/demo_cpp_topic/share/demo_cpp_topic/package.dsv'
[1.947s] INFO:colcon.colcon_core.shell:Creating package script '/home/admin/Documents/ROS2/C3_1/install/demo_cpp_topic/share/demo_cpp_topic/package.sh'
[1.948s] INFO:colcon.colcon_core.shell:Creating package script '/home/admin/Documents/ROS2/C3_1/install/demo_cpp_topic/share/demo_cpp_topic/package.bash'
[1.948s] INFO:colcon.colcon_core.shell:Creating package script '/home/admin/Documents/ROS2/C3_1/install/demo_cpp_topic/share/demo_cpp_topic/package.zsh'
[1.949s] Level 1:colcon.colcon_core.environment:create_file_with_runtime_dependencies(/home/admin/Documents/ROS2/C3_1/install/demo_cpp_topic/share/colcon-core/packages/demo_cpp_topic)
[1.949s] Level 1:colcon.colcon_core.environment:create_environment_scripts_only(demo_cpp_topic)
[1.950s] Level 1:colcon.colcon_core.environment:checking '/home/admin/Documents/ROS2/C3_1/install/demo_cpp_topic' for CMake module files
[1.950s] Level 1:colcon.colcon_core.environment:checking '/home/admin/Documents/ROS2/C3_1/install/demo_cpp_topic' for CMake config files
[1.950s] Level 1:colcon.colcon_core.shell:create_environment_hook('demo_cpp_topic', 'cmake_prefix_path')
[1.950s] INFO:colcon.colcon_core.shell:Creating environment hook '/home/admin/Documents/ROS2/C3_1/install/demo_cpp_topic/share/demo_cpp_topic/hook/cmake_prefix_path.ps1'
[1.951s] INFO:colcon.colcon_core.shell:Creating environment descriptor '/home/admin/Documents/ROS2/C3_1/install/demo_cpp_topic/share/demo_cpp_topic/hook/cmake_prefix_path.dsv'
[1.951s] INFO:colcon.colcon_core.shell:Creating environment hook '/home/admin/Documents/ROS2/C3_1/install/demo_cpp_topic/share/demo_cpp_topic/hook/cmake_prefix_path.sh'
[1.952s] Level 1:colcon.colcon_core.environment:checking '/home/admin/Documents/ROS2/C3_1/install/demo_cpp_topic/bin'
[1.952s] Level 1:colcon.colcon_core.environment:checking '/home/admin/Documents/ROS2/C3_1/install/demo_cpp_topic/lib/pkgconfig/demo_cpp_topic.pc'
[1.952s] Level 1:colcon.colcon_core.environment:checking '/home/admin/Documents/ROS2/C3_1/install/demo_cpp_topic/lib/python3.10/site-packages'
[1.952s] Level 1:colcon.colcon_core.environment:checking '/home/admin/Documents/ROS2/C3_1/install/demo_cpp_topic/bin'
[1.953s] INFO:colcon.colcon_core.shell:Creating package script '/home/admin/Documents/ROS2/C3_1/install/demo_cpp_topic/share/demo_cpp_topic/package.ps1'
[1.953s] INFO:colcon.colcon_core.shell:Creating package descriptor '/home/admin/Documents/ROS2/C3_1/install/demo_cpp_topic/share/demo_cpp_topic/package.dsv'
[1.954s] INFO:colcon.colcon_core.shell:Creating package script '/home/admin/Documents/ROS2/C3_1/install/demo_cpp_topic/share/demo_cpp_topic/package.sh'
[1.954s] INFO:colcon.colcon_core.shell:Creating package script '/home/admin/Documents/ROS2/C3_1/install/demo_cpp_topic/share/demo_cpp_topic/package.bash'
[1.955s] INFO:colcon.colcon_core.shell:Creating package script '/home/admin/Documents/ROS2/C3_1/install/demo_cpp_topic/share/demo_cpp_topic/package.zsh'
[1.955s] Level 1:colcon.colcon_core.environment:create_file_with_runtime_dependencies(/home/admin/Documents/ROS2/C3_1/install/demo_cpp_topic/share/colcon-core/packages/demo_cpp_topic)
[1.956s] DEBUG:colcon.colcon_parallel_executor.executor.parallel:closing loop
[1.956s] DEBUG:colcon.colcon_parallel_executor.executor.parallel:loop closed
[1.956s] DEBUG:colcon.colcon_parallel_executor.executor.parallel:run_until_complete finished with '0'
[1.956s] DEBUG:colcon.colcon_core.event_reactor:joining thread
[1.961s] INFO:colcon.colcon_core.plugin_system:Skipping extension 'colcon_notification.desktop_notification.terminal_notifier': Not used on non-Darwin systems
[1.962s] INFO:colcon.colcon_core.plugin_system:Skipping extension 'colcon_notification.desktop_notification.win32': Not used on non-Windows systems
[1.962s] INFO:colcon.colcon_notification.desktop_notification:Sending desktop notification using 'notify2'
[1.975s] DEBUG:colcon.colcon_core.event_reactor:joined thread
[1.975s] INFO:colcon.colcon_core.shell:Creating prefix script '/home/admin/Documents/ROS2/C3_1/install/local_setup.ps1'
[1.977s] INFO:colcon.colcon_core.shell:Creating prefix util module '/home/admin/Documents/ROS2/C3_1/install/_local_setup_util_ps1.py'
[1.979s] INFO:colcon.colcon_core.shell:Creating prefix chain script '/home/admin/Documents/ROS2/C3_1/install/setup.ps1'
[1.981s] INFO:colcon.colcon_core.shell:Creating prefix script '/home/admin/Documents/ROS2/C3_1/install/local_setup.sh'
[1.982s] INFO:colcon.colcon_core.shell:Creating prefix util module '/home/admin/Documents/ROS2/C3_1/install/_local_setup_util_sh.py'
[1.983s] INFO:colcon.colcon_core.shell:Creating prefix chain script '/home/admin/Documents/ROS2/C3_1/install/setup.sh'
[1.985s] INFO:colcon.colcon_core.shell:Creating prefix script '/home/admin/Documents/ROS2/C3_1/install/local_setup.bash'
[1.985s] INFO:colcon.colcon_core.shell:Creating prefix chain script '/home/admin/Documents/ROS2/C3_1/install/setup.bash'
[1.987s] INFO:colcon.colcon_core.shell:Creating prefix script '/home/admin/Documents/ROS2/C3_1/install/local_setup.zsh'
[1.988s] INFO:colcon.colcon_core.shell:Creating prefix chain script '/home/admin/Documents/ROS2/C3_1/install/setup.zsh'
